 *******************************************************************************
 **                                                                           **
 **                              MOPAC v23.1.2                                **
 **                                                                           **
 *******************************************************************************
 **          Digital Object Identifier (DOI): 10.5281/zenodo.6511958          **
 **    Visit the DOI location for information on how to cite this program.    **
 *******************************************************************************

                              PM3 CALCULATION RESULTS

 *******************************************************************************
 *  CALCULATION DONE: (MAX THREADS = 1)              Tue Jun  3 16:34:43 2025  *
 *  PM3        - The PM3 Hamiltonian to be used
 *  PRECISE    - TIGHTER CRITERIA TO BE USED
 *  NOSYM      - POINT-GROUP SYMMETRY SET TO C1
 *  THREADS=1  - MULTI-THREADING NOT USED
 *  T=         - A TIME OF 172800.0 SECONDS REQUESTED
 *  DUMP=N     - RESTART FILE WRITTEN EVERY 7200.0 SECONDS REQUESTED
 *******************************************************************************
pm3  precise nosym THREADS=1
 InChI=1S/C3H5O3.Li/c4-3-5-1-2-6-3;/h3H,1-2H2;/q-1;+1

   ATOM   CHEMICAL          X               Y               Z
  NUMBER   SYMBOL      (ANGSTROMS)     (ANGSTROMS)     (ANGSTROMS)

     1       O          0.58400000  *   0.74790000  *   0.41060000  *
     2       O         -0.10860000  *  -1.04550000  *  -0.89080000  *
     3       O          2.07320000  *  -0.37560000  *  -0.90750000  *
     4       C         -0.78490000  *   0.88630000  *   0.18840000  *
     5       C         -1.25320000  *  -0.38610000  *  -0.45710000  *
     6       C          0.93370000  *  -0.50980000  *  -0.11500000  *
     7      Li          3.37330000  *   0.27370000  *   0.25250000  *
     8       H         -0.95820000  *   1.75220000  *  -0.48670000  *
     9       H         -1.30970000  *   1.06030000  *   1.15220000  *
    10       H         -1.91820000  *  -0.17380000  *  -1.32140000  *
    11       H         -1.79310000  *  -1.02500000  *   0.27620000  *
    12       H          1.16170000  *  -1.20460000  *   0.72230000  *



          CARTESIAN COORDINATES 

    NO.       ATOM           X           Y           Z

     1         O          0.5840      0.7479      0.4106
     2         O         -0.1086     -1.0455     -0.8908
     3         O          2.0732     -0.3756     -0.9075
     4         C         -0.7849      0.8863      0.1884
     5         C         -1.2532     -0.3861     -0.4571
     6         C          0.9337     -0.5098     -0.1150
     7        Li          3.3733      0.2737      0.2525
     8         H         -0.9582      1.7522     -0.4867
     9         H         -1.3097      1.0603      1.1522
    10         H         -1.9182     -0.1738     -1.3214
    11         H         -1.7931     -1.0250      0.2762
    12         H          1.1617     -1.2046      0.7223

  H: (PM3): J. J. P. STEWART, J. COMP. CHEM. 10, 209 (1989).
 Li: (PM3): E. ANDERS, R. KOCH, P. FREUNSCHT, J. COMP. CHEM 14 1301-1312  1993
  C: (PM3): J. J. P. STEWART, J. COMP. CHEM. 10, 209 (1989).
  O: (PM3): J. J. P. STEWART, J. COMP. CHEM. 10, 209 (1989).

           Empirical Formula: C3 H5 O3 Li  =    12 atoms



      MOLECULAR POINT GROUP   :   C1  


      RHF CALCULATION, NO. OF DOUBLY OCCUPIED LEVELS = 18


          Geometry optimization using EF

          DIAGONAL MATRIX USED AS START HESSIAN

 CYCLE:     1 TIME:   0.004 TIME LEFT:  2.00D  GRAD.:   158.915 HEAT: -108.5950
 CYCLE:     2 TIME:   0.008 TIME LEFT:  2.00D  GRAD.:    64.631 HEAT: -115.0331
 CYCLE:     3 TIME:   0.008 TIME LEFT:  2.00D  GRAD.:    50.882 HEAT: -116.6794
 CYCLE:     4 TIME:   0.004 TIME LEFT:  2.00D  GRAD.:    63.987 HEAT: -117.1984
 CYCLE:     5 TIME:   0.004 TIME LEFT:  2.00D  GRAD.:    62.231 HEAT: -117.9200
 CYCLE:     6 TIME:   0.004 TIME LEFT:  2.00D  GRAD.:    68.006 HEAT: -118.2881
 CYCLE:     7 TIME:   0.008 TIME LEFT:  2.00D  GRAD.:    35.664 HEAT: -119.4114
 CYCLE:     8 TIME:   0.008 TIME LEFT:  2.00D  GRAD.:    23.271 HEAT: -119.8241
 CYCLE:     9 TIME:   0.004 TIME LEFT:  2.00D  GRAD.:    35.358 HEAT: -120.0060
 CYCLE:    10 TIME:   0.004 TIME LEFT:  2.00D  GRAD.:    21.698 HEAT: -120.6358
 CYCLE:    11 TIME:   0.004 TIME LEFT:  2.00D  GRAD.:    24.245 HEAT: -121.1772
 CYCLE:    12 TIME:   0.004 TIME LEFT:  2.00D  GRAD.:    20.452 HEAT: -122.4182
 CYCLE:    13 TIME:   0.004 TIME LEFT:  2.00D  GRAD.:    24.319 HEAT: -123.8219
 CYCLE:    14 TIME:   0.004 TIME LEFT:  2.00D  GRAD.:    49.218 HEAT: -124.0724
 CYCLE:    15 TIME:   0.008 TIME LEFT:  2.00D  GRAD.:    26.466 HEAT: -125.6908
 CYCLE:    16 TIME:   0.004 TIME LEFT:  2.00D  GRAD.:    18.905 HEAT: -126.3912
 CYCLE:    17 TIME:   0.008 TIME LEFT:  2.00D  GRAD.:    20.133 HEAT: -127.5689
 CYCLE:    18 TIME:   0.004 TIME LEFT:  2.00D  GRAD.:    25.404 HEAT: -128.0095
 CYCLE:    19 TIME:   0.004 TIME LEFT:  2.00D  GRAD.:    22.920 HEAT: -128.5585
 CYCLE:    20 TIME:   0.004 TIME LEFT:  2.00D  GRAD.:    20.077 HEAT: -129.0880
 CYCLE:    21 TIME:   0.008 TIME LEFT:  2.00D  GRAD.:    17.921 HEAT: -129.5652
 CYCLE:    22 TIME:   0.004 TIME LEFT:  2.00D  GRAD.:    18.084 HEAT: -130.1151
 CYCLE:    23 TIME:   0.004 TIME LEFT:  2.00D  GRAD.:    16.643 HEAT: -130.3485
 CYCLE:    24 TIME:   0.008 TIME LEFT:  2.00D  GRAD.:    11.125 HEAT: -130.6403
 CYCLE:    25 TIME:   0.004 TIME LEFT:  2.00D  GRAD.:     8.621 HEAT: -130.9047
 CYCLE:    26 TIME:   0.008 TIME LEFT:  2.00D  GRAD.:     8.658 HEAT: -131.1063
 CYCLE:    27 TIME:   0.004 TIME LEFT:  2.00D  GRAD.:     8.007 HEAT: -131.2275
 CYCLE:    28 TIME:   0.004 TIME LEFT:  2.00D  GRAD.:     6.164 HEAT: -131.3204
 CYCLE:    29 TIME:   0.004 TIME LEFT:  2.00D  GRAD.:     5.744 HEAT: -131.4096
 CYCLE:    30 TIME:   0.004 TIME LEFT:  2.00D  GRAD.:     5.127 HEAT: -131.4678
 CYCLE:    31 TIME:   0.004 TIME LEFT:  2.00D  GRAD.:     5.112 HEAT: -131.5372
 CYCLE:    32 TIME:   0.004 TIME LEFT:  2.00D  GRAD.:     6.097 HEAT: -131.6126
 CYCLE:    33 TIME:   0.004 TIME LEFT:  2.00D  GRAD.:     6.090 HEAT: -131.6994
 CYCLE:    34 TIME:   0.008 TIME LEFT:  2.00D  GRAD.:     8.125 HEAT: -131.7641
 CYCLE:    35 TIME:   0.004 TIME LEFT:  2.00D  GRAD.:     4.579 HEAT: -131.8297
 CYCLE:    36 TIME:   0.004 TIME LEFT:  2.00D  GRAD.:     3.736 HEAT: -131.8822
 CYCLE:    37 TIME:   0.004 TIME LEFT:  2.00D  GRAD.:     3.821 HEAT: -131.9236
 CYCLE:    38 TIME:   0.004 TIME LEFT:  2.00D  GRAD.:     3.582 HEAT: -131.9644
 CYCLE:    39 TIME:   0.004 TIME LEFT:  2.00D  GRAD.:     3.817 HEAT: -131.9986
 CYCLE:    40 TIME:   0.004 TIME LEFT:  2.00D  GRAD.:     4.577 HEAT: -132.0379
 CYCLE:    41 TIME:   0.004 TIME LEFT:  2.00D  GRAD.:     5.703 HEAT: -132.0940
 CYCLE:    42 TIME:   0.008 TIME LEFT:  2.00D  GRAD.:     9.029 HEAT: -132.1498
 CYCLE:    43 TIME:   0.004 TIME LEFT:  2.00D  GRAD.:     6.585 HEAT: -132.1923
 CYCLE:    44 TIME:   0.004 TIME LEFT:  2.00D  GRAD.:     2.904 HEAT: -132.2312
 CYCLE:    45 TIME:   0.008 TIME LEFT:  2.00D  GRAD.:     2.427 HEAT: -132.2429
 CYCLE:    46 TIME:   0.004 TIME LEFT:  2.00D  GRAD.:     1.928 HEAT: -132.2482
 CYCLE:    47 TIME:   0.004 TIME LEFT:  2.00D  GRAD.:     1.342 HEAT: -132.2532
 CYCLE:    48 TIME:   0.004 TIME LEFT:  2.00D  GRAD.:     1.052 HEAT: -132.2570
 CYCLE:    49 TIME:   0.004 TIME LEFT:  2.00D  GRAD.:     0.868 HEAT: -132.2584
 CYCLE:    50 TIME:   0.008 TIME LEFT:  2.00D  GRAD.:     0.987 HEAT: -132.2602
 CYCLE:    51 TIME:   0.004 TIME LEFT:  2.00D  GRAD.:     1.233 HEAT: -132.2627
 CYCLE:    52 TIME:   0.004 TIME LEFT:  2.00D  GRAD.:     1.661 HEAT: -132.2673
 CYCLE:    53 TIME:   0.004 TIME LEFT:  2.00D  GRAD.:     2.121 HEAT: -132.2749
 CYCLE:    54 TIME:   0.008 TIME LEFT:  2.00D  GRAD.:     1.923 HEAT: -132.2805
 CYCLE:    55 TIME:   0.004 TIME LEFT:  2.00D  GRAD.:     2.231 HEAT: -132.2914
 CYCLE:    56 TIME:   0.004 TIME LEFT:  2.00D  GRAD.:     2.083 HEAT: -132.2966
 CYCLE:    57 TIME:   0.004 TIME LEFT:  2.00D  GRAD.:     1.785 HEAT: -132.3082
 CYCLE:    58 TIME:   0.004 TIME LEFT:  2.00D  GRAD.:     1.292 HEAT: -132.3134
 CYCLE:    59 TIME:   0.004 TIME LEFT:  2.00D  GRAD.:     1.128 HEAT: -132.3159
 CYCLE:    60 TIME:   0.004 TIME LEFT:  2.00D  GRAD.:     0.706 HEAT: -132.3178
 CYCLE:    61 TIME:   0.008 TIME LEFT:  2.00D  GRAD.:     0.353 HEAT: -132.3185
 CYCLE:    62 TIME:   0.004 TIME LEFT:  2.00D  GRAD.:     0.230 HEAT: -132.3187
 CYCLE:    63 TIME:   0.004 TIME LEFT:  2.00D  GRAD.:     0.147 HEAT: -132.3188
 CYCLE:    64 TIME:   0.004 TIME LEFT:  2.00D  GRAD.:     0.070 HEAT: -132.3188
 CYCLE:    65 TIME:   0.004 TIME LEFT:  2.00D  GRAD.:     0.032 HEAT: -132.3188

     GRADIENT =  0.03208 IS LESS THAN CUTOFF =  0.05000



 -------------------------------------------------------------------------------
 pm3  precise nosym THREADS=1
 InChI=1S/C3H5O3.Li/c4-3-5-1-2-6-3;/h3H,1-2H2;/q-1;+1



     GEOMETRY OPTIMISED USING EIGENVECTOR FOLLOWING (EF).     
     SCF FIELD WAS ACHIEVED                                   


                              PM3 CALCULATION
                                                       MOPAC v23.1.2 MacOS
                                                       Tue Jun  3 16:34:43 2025




          FINAL HEAT OF FORMATION =       -132.31881 KCAL/MOL =    -553.62190 KJ/MOL


          COSMO AREA              =        139.43 SQUARE ANGSTROMS
          COSMO VOLUME            =        129.06 CUBIC ANGSTROMS

          GRADIENT NORM           =          0.03208          =       0.00926 PER ATOM
          IONIZATION POTENTIAL    =          9.563247 EV
          HOMO LUMO ENERGIES (EV) =         -9.563 -1.010
          NO. OF FILLED LEVELS    =         18
          MOLECULAR WEIGHT        =         96.0107         POINT GROUP:  C1  

          MOLECULAR DIMENSIONS (Angstroms)

            Atom       Atom       Distance
            H     9   Li     7     5.46798
            H    12    H    10     3.84107
            H    11    H     8     2.92521


          SCF CALCULATIONS        =         72

          WALL-CLOCK TIME         =      0.328 SECONDS
          COMPUTATION TIME        =      0.161 SECONDS




   ATOM   CHEMICAL          X               Y               Z
  NUMBER   SYMBOL      (ANGSTROMS)     (ANGSTROMS)     (ANGSTROMS)

     1       O          0.33875800  *   0.52649824  *   0.89339039  *
     2       O         -0.00675820  *  -1.15064892  *  -0.63328186  *
     3       O          1.98520680  *  -0.18410673  *  -0.42216185  *
     4       C         -0.84360461  *   0.88476127  *   0.19521365  *
     5       C         -1.07428815  *  -0.23552257  *  -0.82483650  *
     6       C          0.94243742  *  -0.61524044  *   0.28739219  *
     7      Li          3.32311692  *   0.27661015  *  -1.23129772  *
     8       H         -0.69304644  *   1.87605100  *  -0.26398477  *
     9       H         -1.64199524  *   0.97685260  *   0.94956801  *
    10       H         -1.05636287  *   0.11002122  *  -1.87195281  *
    11       H         -2.00811104  *  -0.79993188  *  -0.66870498  *
    12       H          1.19049271  *  -1.37393582  *   1.06482471  *

                             CARTESIAN COORDINATES

   1    O        0.338758002     0.526498239     0.893390394
   2    O       -0.006758205    -1.150648916    -0.633281859
   3    O        1.985206798    -0.184106725    -0.422161849
   4    C       -0.843604614     0.884761272     0.195213655
   5    C       -1.074288146    -0.235522566    -0.824836502
   6    C        0.942437424    -0.615240442     0.287392195
   7   Li        3.323116920     0.276610149    -1.231297723
   8    H       -0.693046443     1.876050999    -0.263984774
   9    H       -1.641995240     0.976852601     0.949568007
  10    H       -1.056362874     0.110021216    -1.871952806
  11    H       -2.008111041    -0.799931881    -0.668704977
  12    H        1.190492706    -1.373935820     1.064824705


           Empirical Formula: C3 H5 O3 Li  =    12 atoms



      MOLECULAR POINT GROUP   :   C1  


                  EIGENVALUES  
 -40.48760 -34.34204 -33.67144 -28.54160 -22.30507 -22.18738 -17.55473 -16.89943
 -15.72099 -15.24612 -14.37914 -13.68634 -12.82598 -12.63313 -10.34294 -10.27093
  -9.77257  -9.56325  -1.01044   1.43630   1.46917   2.83376   3.66980   3.86928
   3.88525   4.20527   4.42791   5.13147   5.16473   5.26824   5.79915   7.06989
   7.46576


              NET ATOMIC CHARGES AND DIPOLE CONTRIBUTIONS

  ATOM NO.   TYPE          CHARGE      No. of ELECS.   s-Pop       p-Pop       
    1          O          -0.329226        6.3292     1.86007     4.46915
    2          O          -0.329220        6.3292     1.86008     4.46914
    3          O          -0.553574        6.5536     1.75823     4.79534
    4          C           0.050411        3.9496     1.16351     2.78608
    5          C           0.050417        3.9496     1.16350     2.78608
    6          C           0.423983        3.5760     1.14539     2.43063
    7         Li           0.485523        0.5145     0.07966     0.43482
    8          H           0.036024        0.9640     0.96398
    9          H           0.038669        0.9613     0.96133
   10          H           0.036012        0.9640     0.96399
   11          H           0.038677        0.9613     0.96132
   12          H           0.052305        0.9477     0.94769
 DIPOLE           X         Y         Z       TOTAL
 POINT-CHG.     2.719     1.057    -1.777     3.416
 HYBRID         0.739     0.462    -0.675     1.103
 SUM            3.458     1.519    -2.453     4.504


          ATOMIC ORBITAL ELECTRON POPULATIONS

     Atom    s        px        py        pz   
    1  O   1.86007   1.38815   1.51667   1.56433
    2  O   1.86008   1.34797   1.44472   1.67646
    3  O   1.75823   1.42764   1.73843   1.62927
    4  C   1.16351   0.88877   0.96248   0.93483
    5  C   1.16350   0.91031   0.90473   0.97105
    6  C   1.14539   0.79909   0.80973   0.82180
    7 Li   0.07966   0.15350   0.13834   0.14298
    8  H   0.96398
    9  H   0.96133
   10  H   0.96399
   11  H   0.96132
   12  H   0.94769
 *******************************************************************************
 **                                                                           **
 **                              MOPAC v23.1.2                                **
 **                                                                           **
 *******************************************************************************
 **          Digital Object Identifier (DOI): 10.5281/zenodo.6511958          **
 **    Visit the DOI location for information on how to cite this program.    **
 *******************************************************************************

                              PM3 CALCULATION RESULTS

 *******************************************************************************
 *  CALCULATION DONE: (MAX THREADS = 1)              Tue Jun  3 16:34:43 2025  *
 *  PM3        - The PM3 Hamiltonian to be used
 *  OLDGEO     - PREVIOUS GEOMETRY TO BE USED
 *  PRECISE    - TIGHTER CRITERIA TO BE USED
 *  NOSYM      - POINT-GROUP SYMMETRY SET TO C1
 *  THREADS=1  - MULTI-THREADING NOT USED
 *  T=         - A TIME OF 172800.0 SECONDS REQUESTED
 *  DUMP=N     - RESTART FILE WRITTEN EVERY 7200.0 SECONDS REQUESTED
 *  THERMO     - THERMODYNAMIC QUANTITIES TO BE CALCULATED
 *******************************************************************************
oldgeo thermo nosym precise THREADS=1  pm3
 InChI=1S/C3H5O3.Li/c4-3-5-1-2-6-3;/h3H,1-2H2;/q-1;+1

   ATOM   CHEMICAL          X               Y               Z
  NUMBER   SYMBOL      (ANGSTROMS)     (ANGSTROMS)     (ANGSTROMS)

     1       O          0.33875800  *   0.52649824  *   0.89339039  *
     2       O         -0.00675820  *  -1.15064892  *  -0.63328186  *
     3       O          1.98520680  *  -0.18410673  *  -0.42216185  *
     4       C         -0.84360461  *   0.88476127  *   0.19521365  *
     5       C         -1.07428815  *  -0.23552257  *  -0.82483650  *
     6       C          0.94243742  *  -0.61524044  *   0.28739219  *
     7      Li          3.32311692  *   0.27661015  *  -1.23129772  *
     8       H         -0.69304644  *   1.87605100  *  -0.26398477  *
     9       H         -1.64199524  *   0.97685260  *   0.94956801  *
    10       H         -1.05636287  *   0.11002122  *  -1.87195281  *
    11       H         -2.00811104  *  -0.79993188  *  -0.66870498  *
    12       H          1.19049271  *  -1.37393582  *   1.06482471  *



          CARTESIAN COORDINATES 

    NO.       ATOM           X           Y           Z

     1         O          0.3388      0.5265      0.8934
     2         O         -0.0068     -1.1506     -0.6333
     3         O          1.9852     -0.1841     -0.4222
     4         C         -0.8436      0.8848      0.1952
     5         C         -1.0743     -0.2355     -0.8248
     6         C          0.9424     -0.6152      0.2874
     7        Li          3.3231      0.2766     -1.2313
     8         H         -0.6930      1.8761     -0.2640
     9         H         -1.6420      0.9769      0.9496
    10         H         -1.0564      0.1100     -1.8720
    11         H         -2.0081     -0.7999     -0.6687
    12         H          1.1905     -1.3739      1.0648

  H: (PM3): J. J. P. STEWART, J. COMP. CHEM. 10, 209 (1989).
 Li: (PM3): E. ANDERS, R. KOCH, P. FREUNSCHT, J. COMP. CHEM 14 1301-1312  1993
  C: (PM3): J. J. P. STEWART, J. COMP. CHEM. 10, 209 (1989).
  O: (PM3): J. J. P. STEWART, J. COMP. CHEM. 10, 209 (1989).

           Empirical Formula: C3 H5 O3 Li  =    12 atoms



      MOLECULAR POINT GROUP   :   C1  


      RHF CALCULATION, NO. OF DOUBLY OCCUPIED LEVELS = 18



          HEAT OF FORMATION =    -132.318811 KCALS/MOLE


          CARTESIAN COORDINATE DERIVATIVES

   NUMBER  ATOM         X            Y            Z

     1       O      0.002473     0.004136     0.005974
     2       O      0.001595    -0.001585    -0.007064
     3       O     -0.007578    -0.010463    -0.007113
     4       C      0.003876     0.001028     0.004438
     5       C      0.000447     0.004733     0.009160
     6       C      0.004499     0.007447    -0.005602
     7      Li      0.001688     0.002574     0.002096
     8       H     -0.003092     0.000619    -0.001990
     9       H      0.007157     0.002350     0.003946
    10       H      0.004787     0.000511     0.006876
    11       H     -0.009657    -0.002442    -0.007471
    12       H     -0.006195    -0.008906    -0.003250



          GRADIENT NORM =   0.03216

          MOLECULAR WEIGHT =   96.01



          ROTATIONAL CONSTANTS IN CM(-1)

          A =    0.18646930   B =    0.08647164   C =    0.07367872



           PRINCIPAL MOMENTS OF INERTIA IN UNITS OF 10**(-40)*GRAM-CM**2

          A =      150.1199   B =      323.7218   C =      379.9299


          ORIENTATION OF MOLECULE IN FORCE CALCULATION

    NO.       ATOM         X         Y         Z

     1          O      -1.1471   -0.3810    0.2715
     2          O       1.1471   -0.3810    0.2715
     3          O      -0.0001    1.5244    0.2715
     4          C      -0.7663   -1.2835   -0.7554
     5          C       0.7663   -1.2833   -0.7555
     6          C      -0.0000    0.2943    0.7848
     7         Li       0.0001    3.0672   -0.2547
     8          H      -1.2081   -0.9401   -1.7057
     9          H      -1.2154   -2.2582   -0.5038
    10          H       1.2078   -0.9395   -1.7058
    11          H       1.2157   -2.2580   -0.5045
    12          H      -0.0001    0.2549    1.8983


    FIRST DERIVATIVES WILL BE USED IN THE CALCULATION OF SECOND DERIVATIVES

          ESTIMATED TIME TO COMPLETE CALCULATION =        0.56 SECONDS

    FOR POINT-GROUP C1   THERE ARE   1 UNIQUE SYMMETRY FUNCTIONS.

 STEP:   1 TIME =     0.01 SECS, INTEGRAL =      0.01 TIME LEFT: 172799.98
 STEP:   2 TIME =     0.01 SECS, INTEGRAL =      0.02 TIME LEFT: 172799.97
 STEP:   3 TIME =     0.01 SECS, INTEGRAL =      0.04 TIME LEFT: 172799.96
 STEP:   4 TIME =     0.01 SECS, INTEGRAL =      0.05 TIME LEFT: 172799.95
 STEP:   5 TIME =     0.01 SECS, INTEGRAL =      0.06 TIME LEFT: 172799.94
 STEP:   6 TIME =     0.01 SECS, INTEGRAL =      0.07 TIME LEFT: 172799.93
 STEP:   7 TIME =     0.01 SECS, INTEGRAL =      0.08 TIME LEFT: 172799.91
 STEP:   8 TIME =     0.01 SECS, INTEGRAL =      0.09 TIME LEFT: 172799.90
 STEP:   9 TIME =     0.01 SECS, INTEGRAL =      0.11 TIME LEFT: 172799.89
 STEP:  10 TIME =     0.01 SECS, INTEGRAL =      0.11 TIME LEFT: 172799.88
 STEP:  11 TIME =     0.01 SECS, INTEGRAL =      0.12 TIME LEFT: 172799.88
 STEP:  12 TIME =     0.01 SECS, INTEGRAL =      0.13 TIME LEFT: 172799.86
 STEP:  13 TIME =     0.01 SECS, INTEGRAL =      0.14 TIME LEFT: 172799.86
 STEP:  14 TIME =     0.01 SECS, INTEGRAL =      0.15 TIME LEFT: 172799.84
 STEP:  15 TIME =     0.01 SECS, INTEGRAL =      0.16 TIME LEFT: 172799.84
 STEP:  16 TIME =     0.01 SECS, INTEGRAL =      0.17 TIME LEFT: 172799.83
 STEP:  17 TIME =     0.01 SECS, INTEGRAL =      0.18 TIME LEFT: 172799.82
 STEP:  18 TIME =     0.01 SECS, INTEGRAL =      0.19 TIME LEFT: 172799.81
 STEP:  19 TIME =     0.01 SECS, INTEGRAL =      0.20 TIME LEFT: 172799.80
 STEP:  20 TIME =     0.01 SECS, INTEGRAL =      0.21 TIME LEFT: 172799.79
 STEP:  21 TIME =     0.01 SECS, INTEGRAL =      0.22 TIME LEFT: 172799.77
 STEP:  22 TIME =     0.01 SECS, INTEGRAL =      0.23 TIME LEFT: 172799.77
 STEP:  23 TIME =     0.01 SECS, INTEGRAL =      0.24 TIME LEFT: 172799.76
 STEP:  24 TIME =     0.01 SECS, INTEGRAL =      0.25 TIME LEFT: 172799.75
 STEP:  25 TIME =     0.01 SECS, INTEGRAL =      0.26 TIME LEFT: 172799.74
 STEP:  26 TIME =     0.01 SECS, INTEGRAL =      0.27 TIME LEFT: 172799.73
 STEP:  27 TIME =     0.01 SECS, INTEGRAL =      0.27 TIME LEFT: 172799.72
 STEP:  28 TIME =     0.01 SECS, INTEGRAL =      0.28 TIME LEFT: 172799.71
 STEP:  29 TIME =     0.01 SECS, INTEGRAL =      0.29 TIME LEFT: 172799.70
 STEP:  30 TIME =     0.01 SECS, INTEGRAL =      0.30 TIME LEFT: 172799.69
 STEP:  31 TIME =     0.01 SECS, INTEGRAL =      0.32 TIME LEFT: 172799.68
 STEP:  32 TIME =     0.01 SECS, INTEGRAL =      0.32 TIME LEFT: 172799.67
 STEP:  33 TIME =     0.01 SECS, INTEGRAL =      0.33 TIME LEFT: 172799.66
 STEP:  34 TIME =     0.01 SECS, INTEGRAL =      0.34 TIME LEFT: 172799.65
 STEP:  35 TIME =     0.01 SECS, INTEGRAL =      0.35 TIME LEFT: 172799.64
 STEP:  36 TIME =     0.01 SECS, INTEGRAL =      0.36 TIME LEFT: 172799.63

(To convert to Hartree/Bohr^2, multiply by (10^(-21) x N x a0^2)/(4.184 x 627.51) =  0.0642)


           FORCE MATRIX IN MILLIDYNES/ANGSTROM


                  O  1       O  2       O  3       C  4       C  5       C  6
 ------------------------------------------------------------------------------
     O    1   8.949476
     O    2   0.544208   8.949090
     O    3   0.850731   0.850597   9.887831
     C    4   4.860101   1.005602   0.180649  14.868736
     C    5   1.005570   4.860287   0.180639   3.749210  14.868855
     C    6   4.065224   4.064675   7.041072   1.419138   1.419175  15.958160
    Li    7   0.065823   0.065838   1.855042   0.043749   0.043749   0.685689
     H    8   0.382172   0.035746   0.015050   4.549383   0.430229   0.076144
     H    9   0.403840   0.036718   0.036214   4.570438   0.426561   0.080895
     H   10   0.035713   0.382237   0.015044   0.430250   4.549476   0.076120
     H   11   0.036745   0.403745   0.036215   0.426537   4.570451   0.080907
     H   12   0.297685   0.297678   0.442221   0.084199   0.084197   4.047625


                 Li  7       H  8       H  9       H 10       H 11       H 12
 ------------------------------------------------------------------------------
    Li    7   2.471222
     H    8   0.004939   5.043697
     H    9   0.005841   0.521251   5.081701
     H   10   0.004940   0.029267   0.030889   5.043893
     H   11   0.005842   0.030871   0.028207   0.521342   5.081692
     H   12   0.017735   0.015546   0.005535   0.015540   0.005542   4.316411


          HEAT OF FORMATION =    -132.318811 KCALS/MOLE

          ZERO POINT ENERGY      52.391 KCAL/MOL


           NORMAL COORDINATE ANALYSIS (Total motion = 1 Angstrom)


   Root No.       1         2         3         4         5         6         7         8

                 1 A       2 A       3 A       4 A       5 A       6 A       7 A       8 A   

                  86.2     116.7     143.1     187.5     379.8     422.1     707.0     735.0
  
           1   -0.0059   -0.0131   -0.0047   -0.0105   -0.0524    0.0392   -0.1438   -0.0600
           2    0.0332    0.0025   -0.0784    0.0502   -0.0892   -0.0880   -0.0197    0.0365
           3   -0.0542   -0.0173    0.0528   -0.0544    0.0223    0.0227    0.0117    0.0417
           4    0.0059   -0.0131   -0.0047    0.0105   -0.0524   -0.0392    0.1438   -0.0600
           5    0.0332   -0.0025    0.0784    0.0502    0.0892   -0.0880   -0.0197   -0.0365
           6   -0.0542    0.0173   -0.0528   -0.0544   -0.0223    0.0227    0.0117   -0.0417
           7    0.0000   -0.0047   -0.0697   -0.0000    0.1982    0.0000   -0.0000    0.0067
           8    0.0224   -0.0000    0.0000    0.0051   -0.0000    0.1494    0.0153    0.0000
           9    0.0234    0.0000   -0.0000    0.1751    0.0000    0.0939    0.0176    0.0000
          10    0.0005    0.0045    0.0063    0.0005   -0.0070    0.0065   -0.0291    0.0785
          11   -0.0588   -0.0521    0.0104    0.0008   -0.0324   -0.0489    0.0220    0.0398
          12    0.0312    0.0370   -0.0215   -0.0044   -0.0154   -0.0299    0.0344    0.0461
          13   -0.0005    0.0045    0.0063   -0.0005   -0.0070   -0.0065    0.0290    0.0785
          14   -0.0588    0.0522   -0.0105    0.0007    0.0323   -0.0489    0.0220   -0.0398
          15    0.0311   -0.0370    0.0215   -0.0043    0.0154   -0.0299    0.0344   -0.0461
          16   -0.0000   -0.0185   -0.0295   -0.0000   -0.0673   -0.0000   -0.0000   -0.0460
          17    0.0038   -0.0000    0.0000   -0.0412   -0.0000    0.0622   -0.0347   -0.0000
          18   -0.0261    0.0000   -0.0000    0.0502    0.0000   -0.0629   -0.0915   -0.0000
          19    0.0000    0.0868    0.2059    0.0000   -0.0576    0.0000    0.0000   -0.0021
          20    0.0497   -0.0000    0.0000   -0.1408    0.0000    0.1320    0.0489   -0.0000
          21    0.1037   -0.0001    0.0001   -0.2356   -0.0000   -0.0788   -0.0220   -0.0000
          22   -0.0013   -0.0699    0.0434   -0.0022   -0.0002    0.0025    0.0524    0.0998
          23   -0.1412   -0.1533    0.0982   -0.0413   -0.0160   -0.0104    0.0446    0.0715
          24    0.0026    0.0360   -0.0080   -0.0180   -0.0132   -0.0154    0.0032    0.0517
          25    0.0040    0.0889   -0.0203    0.0064    0.0273   -0.0113    0.0021    0.0960
          26   -0.0400   -0.0680   -0.0005    0.0065   -0.0599   -0.0470   -0.0176    0.0342
          27    0.1129    0.1298   -0.1157    0.0322   -0.0619   -0.0568   -0.0688    0.0385
          28    0.0012   -0.0700    0.0434    0.0023   -0.0002   -0.0025   -0.0524    0.1001
          29   -0.1411    0.1534   -0.0983   -0.0414    0.0160   -0.0103    0.0447   -0.0717
          30    0.0025   -0.0359    0.0079   -0.0180    0.0132   -0.0154    0.0033   -0.0517
          31   -0.0039    0.0888   -0.0203   -0.0065    0.0273    0.0113   -0.0022    0.0957
          32   -0.0399    0.0681    0.0005    0.0065    0.0598   -0.0470   -0.0176   -0.0342
          33    0.1127   -0.1299    0.1157    0.0324    0.0619   -0.0568   -0.0689   -0.0383
          34   -0.0000   -0.0306   -0.0057    0.0000   -0.1700   -0.0000   -0.0000    0.0988
          35   -0.0350   -0.0000    0.0000   -0.1632   -0.0000    0.0525   -0.1192   -0.0000
          36   -0.0263    0.0000   -0.0000    0.0463   -0.0000   -0.0621   -0.0970   -0.0000


   Root No.       9        10        11        12        13        14        15        16

                 9 A      10 A      11 A      12 A      13 A      14 A      15 A      16 A   

                 826.5     860.8     876.2     967.8     979.6    1010.4    1057.8    1065.5
  
           1    0.0066    0.0023   -0.0310    0.0028   -0.0325   -0.0102    0.0039   -0.0034
           2    0.0094    0.0035   -0.0040    0.0099   -0.0047   -0.0104   -0.0290   -0.0022
           3   -0.0088   -0.0168   -0.0106   -0.0117   -0.0150    0.0047   -0.0337   -0.0066
           4   -0.0067   -0.0023   -0.0310    0.0028    0.0325    0.0102    0.0039    0.0034
           5    0.0094    0.0035    0.0040   -0.0099   -0.0048   -0.0105    0.0290   -0.0021
           6   -0.0089   -0.0168    0.0106    0.0117   -0.0150    0.0046    0.0337   -0.0066
           7    0.0000   -0.0000    0.0034   -0.0006    0.0000   -0.0000    0.0047    0.0000
           8    0.0004   -0.0843    0.0000   -0.0000    0.0013   -0.0033    0.0000   -0.0118
           9   -0.0010   -0.0095    0.0000   -0.0000    0.0032    0.0020   -0.0000    0.0112
          10    0.0024    0.0083   -0.0076   -0.0010    0.0202    0.0025    0.0098   -0.0484
          11   -0.0265   -0.0056   -0.0238   -0.0199   -0.0154    0.0114    0.0140   -0.0070
          12    0.0213   -0.0009   -0.0196    0.0210   -0.0088   -0.0139    0.0197   -0.0081
          13   -0.0023   -0.0083   -0.0076   -0.0009   -0.0202   -0.0025    0.0098    0.0484
          14   -0.0265   -0.0056    0.0238    0.0200   -0.0153    0.0114   -0.0140   -0.0070
          15    0.0213   -0.0009    0.0196   -0.0210   -0.0089   -0.0139   -0.0197   -0.0080
          16   -0.0000   -0.0000    0.0412    0.0026   -0.0000    0.0000   -0.0193   -0.0000
          17    0.0034   -0.0638   -0.0000   -0.0000    0.0334    0.0068    0.0000   -0.0097
          18    0.0038    0.1209   -0.0000   -0.0001    0.0648    0.0167   -0.0000    0.0013
          19   -0.0000    0.0000    0.0024    0.0001   -0.0000    0.0000   -0.0003    0.0000
          20   -0.0064    0.3466   -0.0000    0.0000   -0.0047    0.0034   -0.0000    0.0162
          21    0.0025   -0.1167    0.0000   -0.0000    0.0041   -0.0006    0.0000   -0.0053
          22    0.1658    0.0101    0.0244   -0.0743    0.0151    0.1398   -0.0773   -0.1365
          23    0.1421    0.0036   -0.0258    0.1674   -0.0186   -0.1317    0.1051    0.0524
          24    0.0004    0.0015   -0.0373    0.1255   -0.0094   -0.1369    0.0977    0.0581
          25   -0.1692    0.0121    0.0359    0.0610    0.1173   -0.1059   -0.0984   -0.1340
          26    0.0172   -0.0164   -0.0648   -0.0980   -0.0934    0.0962    0.0923    0.0529
          27   -0.1390   -0.0279   -0.0932   -0.1650   -0.1135    0.1051    0.1149    0.0597
          28   -0.1658   -0.0101    0.0244   -0.0743   -0.0153   -0.1397   -0.0776    0.1361
          29    0.1420    0.0035    0.0258   -0.1673   -0.0192   -0.1316   -0.1054    0.0524
          30    0.0005    0.0015    0.0373   -0.1255   -0.0098   -0.1368   -0.0980    0.0580
          31    0.1692   -0.0121    0.0359    0.0613   -0.1172    0.1060   -0.0984    0.1342
          32    0.0173   -0.0164    0.0649    0.0982   -0.0931    0.0963   -0.0922    0.0528
          33   -0.1390   -0.0279    0.0933    0.1653   -0.1129    0.1052   -0.1148    0.0594
          34    0.0001    0.0001    0.4821   -0.0605    0.0000   -0.0001    0.1533    0.0001
          35    0.0131   -0.2388   -0.0000   -0.0003    0.3545    0.0785   -0.0001    0.2159
          36    0.0046    0.1201   -0.0000   -0.0001    0.0810    0.0201    0.0000    0.0096


   Root No.      17        18        19        20        21        22        23        24

                17 A      18 A      19 A      20 A      21 A      22 A      23 A      24 A   

                1075.6    1112.5    1156.6    1227.4    1288.5    1348.4    1378.7    1405.3
  
           1   -0.0000   -0.0093   -0.0238   -0.0451    0.0269   -0.0272   -0.0065    0.0023
           2    0.0037    0.0388   -0.0308   -0.0373   -0.0208    0.0076    0.0080    0.0024
           3   -0.0011    0.0428   -0.0269   -0.0309   -0.0247    0.0128    0.0096    0.0011
           4   -0.0000    0.0093    0.0238   -0.0451   -0.0269   -0.0272   -0.0065   -0.0023
           5   -0.0037    0.0388   -0.0308    0.0373   -0.0208   -0.0077   -0.0080    0.0024
           6    0.0010    0.0428   -0.0269    0.0309   -0.0247   -0.0128   -0.0096    0.0011
           7   -0.0004   -0.0000    0.0000   -0.0106    0.0000   -0.0047   -0.0016    0.0000
           8   -0.0000    0.0132    0.0418    0.0000   -0.0123   -0.0000    0.0000    0.0163
           9    0.0000   -0.0101   -0.0326   -0.0000    0.0044    0.0000   -0.0000   -0.0072
          10   -0.0010   -0.0415   -0.0122   -0.0130   -0.0778    0.0414   -0.0102   -0.0431
          11   -0.0458   -0.0405   -0.0029    0.0413    0.0418   -0.0259   -0.0359   -0.0135
          12    0.0397   -0.0434   -0.0016    0.0403    0.0485   -0.0310   -0.0395   -0.0146
          13   -0.0009    0.0415    0.0122   -0.0129    0.0778    0.0414   -0.0101    0.0432
          14    0.0458   -0.0405   -0.0029   -0.0413    0.0417    0.0259    0.0359   -0.0136
          15   -0.0397   -0.0435   -0.0015   -0.0403    0.0485    0.0310    0.0395   -0.0146
          16    0.0033    0.0000   -0.0000    0.1441   -0.0000    0.0549    0.0159   -0.0000
          17   -0.0000    0.0044    0.0651    0.0000    0.0245    0.0000    0.0000   -0.0174
          18   -0.0000    0.0173    0.0878    0.0000    0.0010    0.0000    0.0000    0.0142
          19    0.0002   -0.0000   -0.0000    0.0022   -0.0000    0.0008    0.0003   -0.0000
          20    0.0000   -0.0075   -0.0386   -0.0000   -0.0011   -0.0000   -0.0000   -0.0028
          21   -0.0000    0.0030    0.0146    0.0000    0.0006    0.0000    0.0000    0.0010
          22    0.2083   -0.0378   -0.0761    0.0945    0.0468   -0.1550    0.0792    0.1457
          23    0.0320   -0.1118    0.0386    0.0128   -0.1294   -0.0325    0.1874    0.1475
          24   -0.0331   -0.0780    0.0447   -0.0184   -0.0814    0.0544    0.0178   -0.0289
          25   -0.2033   -0.0388   -0.0751    0.0927    0.0526   -0.1533    0.0763    0.1429
          26    0.0286   -0.0692    0.0385   -0.0068   -0.0782    0.0632    0.0006   -0.0436
          27   -0.0438   -0.1254    0.0439    0.0351   -0.1464   -0.0209    0.1900    0.1453
          28    0.2086    0.0379    0.0760    0.0945   -0.0469   -0.1550    0.0791   -0.1459
          29   -0.0318   -0.1118    0.0387   -0.0128   -0.1293    0.0325   -0.1872    0.1476
          30    0.0332   -0.0781    0.0447    0.0184   -0.0814   -0.0543   -0.0180   -0.0288
          31   -0.2030    0.0387    0.0751    0.0928   -0.0526   -0.1533    0.0761   -0.1430
          32   -0.0286   -0.0692    0.0385    0.0069   -0.0781   -0.0632   -0.0006   -0.0437
          33    0.0440   -0.1254    0.0439   -0.0350   -0.1463    0.0209   -0.1898    0.1455
          34   -0.0207   -0.0000    0.0001   -0.1994    0.0000   -0.0927   -0.0279    0.0000
          35    0.0002   -0.1145   -0.2812   -0.0001   -0.0078   -0.0000   -0.0000    0.0064
          36    0.0000    0.0160    0.0849    0.0000   -0.0003   -0.0000    0.0000    0.0177


   Root No.      25        26        27        28        29        30

                25 A      26 A      27 A      28 A      29 A      30 A   

                1447.7    2781.6    2963.9    2980.0    3028.5    3030.9
  
           1   -0.0081    0.0006   -0.0000   -0.0000    0.0004   -0.0000
           2    0.0020    0.0004   -0.0002   -0.0001   -0.0001    0.0001
           3    0.0106    0.0007    0.0002    0.0002   -0.0001    0.0001
           4    0.0081   -0.0006   -0.0000    0.0000    0.0004   -0.0000
           5    0.0020    0.0004    0.0002   -0.0001    0.0001    0.0001
           6    0.0106    0.0007   -0.0002    0.0002    0.0002    0.0001
           7    0.0000   -0.0000   -0.0000    0.0000   -0.0000    0.0000
           8   -0.1387   -0.0020   -0.0000   -0.0001    0.0000    0.0000
           9    0.0563    0.0011    0.0000    0.0001   -0.0000   -0.0000
          10   -0.0070    0.0005   -0.0013   -0.0015   -0.0159   -0.0150
          11   -0.0234    0.0004    0.0224    0.0221   -0.0125   -0.0129
          12   -0.0246    0.0007   -0.0223   -0.0224   -0.0096   -0.0092
          13    0.0070   -0.0005   -0.0013    0.0015   -0.0157    0.0153
          14   -0.0234    0.0004   -0.0224    0.0221    0.0123   -0.0131
          15   -0.0246    0.0007    0.0223   -0.0224    0.0095   -0.0094
          16   -0.0000    0.0000    0.0001   -0.0000    0.0001   -0.0000
          17    0.2102    0.0026    0.0000    0.0003    0.0000    0.0005
          18   -0.0575   -0.0798    0.0000   -0.0005    0.0000    0.0008
          19    0.0000    0.0000   -0.0000    0.0000    0.0000   -0.0000
          20    0.0204   -0.0002   -0.0000   -0.0001   -0.0000   -0.0000
          21   -0.0066   -0.0002   -0.0000   -0.0000    0.0000    0.0000
          22    0.0375   -0.0006    0.1048    0.1102    0.0821    0.0791
          23    0.0918    0.0002   -0.0817   -0.0824   -0.0824   -0.0797
          24    0.0027   -0.0003    0.2184    0.2197    0.1863    0.1784
          25    0.0452    0.0026   -0.0898   -0.0914    0.1011    0.1023
          26   -0.0125    0.0061   -0.1867   -0.1800    0.2300    0.2287
          27    0.0788   -0.0014    0.0474    0.0452   -0.0736   -0.0734
          28   -0.0375    0.0007    0.1046   -0.1102    0.0806   -0.0806
          29    0.0918    0.0002    0.0817   -0.0825    0.0811   -0.0813
          30    0.0027   -0.0003   -0.2181    0.2198   -0.1831    0.1819
          31   -0.0452   -0.0026   -0.0898    0.0916    0.0992   -0.1042
          32   -0.0126    0.0061    0.1867   -0.1803   -0.2256    0.2328
          33    0.0789   -0.0014   -0.0473    0.0452    0.0721   -0.0746
          34    0.0000   -0.0000    0.0002    0.0000    0.0006   -0.0000
          35   -0.1081   -0.0305    0.0000   -0.0001    0.0000    0.0002
          36   -0.0769    0.8983   -0.0000    0.0031   -0.0000   -0.0023


           MASS-WEIGHTED COORDINATE ANALYSIS (NORMAL COORDINATES)


   Root No.       1         2         3         4         5         6         7         8

                 1 A       2 A       3 A       4 A       5 A       6 A       7 A       8 A   

                  86.2     116.7     143.1     187.5     379.8     422.1     707.0     735.0
  
           1   -0.0360   -0.0972   -0.0218   -0.0372   -0.1961    0.1452   -0.5977   -0.3249
           2    0.2040    0.0185   -0.3659    0.1775   -0.3337   -0.3257   -0.0819    0.1977
           3   -0.3328   -0.1282    0.2464   -0.1923    0.0835    0.0840    0.0485    0.2256
           4    0.0360   -0.0972   -0.0218    0.0372   -0.1961   -0.1452    0.5978   -0.3247
           5    0.2039   -0.0187    0.3660    0.1777    0.3338   -0.3257   -0.0819   -0.1978
           6   -0.3326    0.1283   -0.2463   -0.1924   -0.0836    0.0839    0.0485   -0.2254
           7    0.0000   -0.0351   -0.3254   -0.0001    0.7415    0.0000   -0.0000    0.0364
           8    0.1375   -0.0001    0.0000    0.0180   -0.0000    0.5530    0.0637    0.0000
           9    0.1433    0.0000   -0.0001    0.6192    0.0000    0.3475    0.0733    0.0000
          10    0.0029    0.0289    0.0254    0.0016   -0.0226    0.0207   -0.1047    0.3680
          11   -0.3128   -0.3350    0.0422    0.0024   -0.1049   -0.1568    0.0792    0.1869
          12    0.1658    0.2377   -0.0870   -0.0134   -0.0498   -0.0958    0.1237    0.2160
          13   -0.0029    0.0288    0.0254   -0.0016   -0.0227   -0.0207    0.1046    0.3680
          14   -0.3125    0.3353   -0.0423    0.0022    0.1049   -0.1568    0.0792   -0.1866
          15    0.1655   -0.2378    0.0870   -0.0133    0.0498   -0.0958    0.1238   -0.2162
          16   -0.0000   -0.1190   -0.1193   -0.0000   -0.2182   -0.0000   -0.0000   -0.2155
          17    0.0204   -0.0000    0.0000   -0.1262   -0.0000    0.1993   -0.1249   -0.0000
          18   -0.1386    0.0001   -0.0001    0.1539    0.0000   -0.2018   -0.3295   -0.0001
          19    0.0001    0.4240    0.6325    0.0001   -0.1420    0.0000    0.0000   -0.0076
          20    0.2009   -0.0002    0.0001   -0.3279    0.0000    0.3217    0.1337   -0.0000
          21    0.4192   -0.0003    0.0002   -0.5488   -0.0000   -0.1919   -0.0601   -0.0000
          22   -0.0020   -0.1302    0.0508   -0.0019   -0.0002    0.0023    0.0547    0.1356
          23   -0.2176   -0.2854    0.1150   -0.0366   -0.0151   -0.0096    0.0466    0.0971
          24    0.0041    0.0669   -0.0094   -0.0160   -0.0124   -0.0143    0.0034    0.0702
          25    0.0062    0.1655   -0.0238    0.0057    0.0256   -0.0105    0.0022    0.1304
          26   -0.0616   -0.1266   -0.0006    0.0058   -0.0562   -0.0437   -0.0184    0.0465
          27    0.1739    0.2417   -0.1355    0.0286   -0.0581   -0.0528   -0.0717    0.0523
          28    0.0019   -0.1303    0.0508    0.0020   -0.0002   -0.0023   -0.0547    0.1360
          29   -0.2173    0.2856   -0.1151   -0.0368    0.0150   -0.0096    0.0467   -0.0974
          30    0.0039   -0.0669    0.0093   -0.0160    0.0124   -0.0143    0.0035   -0.0703
          31   -0.0060    0.1654   -0.0238   -0.0058    0.0256    0.0105   -0.0023    0.1300
          32   -0.0615    0.1268    0.0005    0.0057    0.0562   -0.0437   -0.0184   -0.0465
          33    0.1736   -0.2419    0.1355    0.0288    0.0581   -0.0528   -0.0718   -0.0520
          34   -0.0000   -0.0570   -0.0067    0.0000   -0.1597   -0.0000   -0.0000    0.1342
          35   -0.0539   -0.0000    0.0000   -0.1449   -0.0000    0.0487   -0.1243   -0.0000
          36   -0.0404    0.0000   -0.0000    0.0411   -0.0000   -0.0577   -0.1012   -0.0000


   Root No.       9        10        11        12        13        14        15        16

                 9 A      10 A      11 A      12 A      13 A      14 A      15 A      16 A   

                 826.5     860.8     876.2     967.8     979.6    1010.4    1057.8    1065.5
  
           1    0.0556    0.0078   -0.2101    0.0243   -0.2264   -0.0906    0.0325   -0.0291
           2    0.0785    0.0121   -0.0271    0.0856   -0.0331   -0.0930   -0.2443   -0.0187
           3   -0.0739   -0.0576   -0.0719   -0.1011   -0.1049    0.0418   -0.2836   -0.0573
           4   -0.0559   -0.0078   -0.2101    0.0239    0.2264    0.0906    0.0325    0.0291
           5    0.0783    0.0121    0.0271   -0.0857   -0.0333   -0.0934    0.2441   -0.0183
           6   -0.0742   -0.0576    0.0719    0.1012   -0.1045    0.0413    0.2838   -0.0571
           7    0.0000   -0.0000    0.0232   -0.0055    0.0000   -0.0000    0.0397    0.0000
           8    0.0031   -0.2898    0.0000   -0.0000    0.0090   -0.0290    0.0000   -0.1020
           9   -0.0084   -0.0327    0.0000   -0.0000    0.0222    0.0177   -0.0000    0.0967
          10    0.0174    0.0247   -0.0446   -0.0074    0.1220    0.0194    0.0718   -0.3622
          11   -0.1918   -0.0168   -0.1399   -0.1496   -0.0928    0.0880    0.1023   -0.0521
          12    0.1544   -0.0028   -0.1153    0.1579   -0.0531   -0.1072    0.1439   -0.0605
          13   -0.0169   -0.0247   -0.0446   -0.0070   -0.1220   -0.0195    0.0714    0.3623
          14   -0.1920   -0.0168    0.1399    0.1499   -0.0924    0.0882   -0.1021   -0.0527
          15    0.1542   -0.0028    0.1153   -0.1576   -0.0535   -0.1069   -0.1440   -0.0602
          16   -0.0001   -0.0000    0.2422    0.0197   -0.0000    0.0001   -0.1412   -0.0001
          17    0.0243   -0.1900   -0.0000   -0.0003    0.2020    0.0522    0.0000   -0.0727
          18    0.0272    0.3602   -0.0001   -0.0005    0.3917    0.1286   -0.0000    0.0101
          19   -0.0000    0.0001    0.0108    0.0003   -0.0000    0.0000   -0.0018    0.0000
          20   -0.0351    0.7845   -0.0000    0.0000   -0.0218    0.0199   -0.0000    0.0922
          21    0.0136   -0.2641    0.0000   -0.0000    0.0190   -0.0038    0.0000   -0.0300
          22    0.3480    0.0087    0.0415   -0.1617    0.0265    0.3124   -0.1633   -0.2961
          23    0.2983    0.0031   -0.0439    0.3641   -0.0326   -0.2944    0.2222    0.1137
          24    0.0009    0.0013   -0.0635    0.2731   -0.0165   -0.3059    0.2065    0.1260
          25   -0.3551    0.0105    0.0610    0.1327    0.2053   -0.2367   -0.2080   -0.2908
          26    0.0361   -0.0142   -0.1104   -0.2133   -0.1634    0.2150    0.1952    0.1148
          27   -0.2916   -0.0241   -0.1586   -0.3590   -0.1986    0.2348    0.2428    0.1295
          28   -0.3480   -0.0087    0.0415   -0.1616   -0.0268   -0.3122   -0.1640    0.2953
          29    0.2981    0.0031    0.0438   -0.3640   -0.0336   -0.2940   -0.2227    0.1137
          30    0.0010    0.0013    0.0635   -0.2731   -0.0172   -0.3056   -0.2071    0.1258
          31    0.3551   -0.0105    0.0611    0.1334   -0.2051    0.2369   -0.2080    0.2912
          32    0.0363   -0.0142    0.1104    0.2137   -0.1629    0.2151   -0.1950    0.1146
          33   -0.2917   -0.0241    0.1588    0.3597   -0.1976    0.2351   -0.2426    0.1289
          34    0.0002    0.0001    0.8205   -0.1316    0.0000   -0.0003    0.3241    0.0002
          35    0.0274   -0.2060   -0.0001   -0.0007    0.6204    0.1753   -0.0002    0.4684
          36    0.0098    0.1036   -0.0000   -0.0002    0.1418    0.0448    0.0000    0.0208


   Root No.      17        18        19        20        21        22        23        24

                17 A      18 A      19 A      20 A      21 A      22 A      23 A      24 A   

                1075.6    1112.5    1156.6    1227.4    1288.5    1348.4    1378.7    1405.3
  
           1   -0.0003   -0.0638   -0.1504   -0.2422    0.1655   -0.2097   -0.0524    0.0183
           2    0.0286    0.2649   -0.1949   -0.2006   -0.1281    0.0590    0.0638    0.0195
           3   -0.0081    0.2926   -0.1701   -0.1660   -0.1520    0.0987    0.0767    0.0091
           4   -0.0003    0.0637    0.1505   -0.2421   -0.1654   -0.2096   -0.0524   -0.0183
           5   -0.0287    0.2648   -0.1949    0.2004   -0.1281   -0.0590   -0.0638    0.0195
           6    0.0078    0.2927   -0.1702    0.1659   -0.1520   -0.0987   -0.0767    0.0092
           7   -0.0031   -0.0000    0.0000   -0.0569    0.0000   -0.0362   -0.0126    0.0000
           8   -0.0001    0.0903    0.2644    0.0001   -0.0758   -0.0000    0.0000    0.1326
           9    0.0001   -0.0689   -0.2064   -0.0000    0.0269    0.0000   -0.0000   -0.0585
          10   -0.0065   -0.2459   -0.0666   -0.0603   -0.4147    0.2766   -0.0705   -0.3038
          11   -0.3055   -0.2399   -0.0158    0.1924    0.2226   -0.1729   -0.2493   -0.0953
          12    0.2649   -0.2572   -0.0086    0.1875    0.2582   -0.2071   -0.2741   -0.1026
          13   -0.0060    0.2459    0.0666   -0.0602    0.4147    0.2765   -0.0701    0.3039
          14    0.3056   -0.2396   -0.0157   -0.1924    0.2225    0.1729    0.2491   -0.0955
          15   -0.2648   -0.2574   -0.0085   -0.1875    0.2582    0.2072    0.2741   -0.1029
          16    0.0217    0.0001   -0.0002    0.6707   -0.0000    0.3670    0.1104   -0.0000
          17   -0.0001    0.0262    0.3570    0.0001    0.1305    0.0001    0.0000   -0.1222
          18   -0.0000    0.1025    0.4813    0.0002    0.0054    0.0000    0.0000    0.0997
          19    0.0008   -0.0000   -0.0000    0.0079   -0.0000    0.0042    0.0013   -0.0000
          20    0.0001   -0.0338   -0.1610   -0.0000   -0.0043   -0.0000   -0.0000   -0.0152
          21   -0.0000    0.0136    0.0608    0.0000    0.0022    0.0000    0.0000    0.0052
          22    0.4025   -0.0648   -0.1208    0.1274    0.0723   -0.2999    0.1591    0.2973
          23    0.0618   -0.1917    0.0614    0.0173   -0.1998   -0.0629    0.3766    0.3008
          24   -0.0640   -0.1338    0.0710   -0.0247   -0.1256    0.1052    0.0359   -0.0589
          25   -0.3928   -0.0665   -0.1193    0.1250    0.0812   -0.2966    0.1534    0.2915
          26    0.0553   -0.1187    0.0611   -0.0092   -0.1207    0.1222    0.0012   -0.0890
          27   -0.0847   -0.2151    0.0698    0.0473   -0.2260   -0.0404    0.3817    0.2964
          28    0.4031    0.0650    0.1208    0.1274   -0.0724   -0.2999    0.1589   -0.2975
          29   -0.0615   -0.1917    0.0614   -0.0172   -0.1997    0.0629   -0.3762    0.3011
          30    0.0642   -0.1339    0.0710    0.0247   -0.1256   -0.1051   -0.0361   -0.0588
          31   -0.3923    0.0663    0.1192    0.1251   -0.0812   -0.2965    0.1530   -0.2916
          32   -0.0552   -0.1186    0.0611    0.0093   -0.1206   -0.1223   -0.0011   -0.0892
          33    0.0851   -0.2150    0.0698   -0.0472   -0.2259    0.0404   -0.3815    0.2969
          34   -0.0400   -0.0001    0.0001   -0.2688    0.0000   -0.1793   -0.0561    0.0000
          35    0.0004   -0.1964   -0.4466   -0.0001   -0.0121   -0.0000   -0.0000    0.0131
          36    0.0000    0.0275    0.1349    0.0000   -0.0004   -0.0000    0.0000    0.0361


   Root No.      25        26        27        28        29        30

                25 A      26 A      27 A      28 A      29 A      30 A   

                1447.7    2781.6    2963.9    2980.0    3028.5    3030.9
  
           1   -0.0320    0.0025   -0.0001   -0.0003    0.0032   -0.0000
           2    0.0079    0.0015   -0.0012   -0.0008   -0.0008    0.0006
           3    0.0420    0.0031    0.0018    0.0017   -0.0012    0.0006
           4    0.0320   -0.0025   -0.0001    0.0003    0.0032   -0.0000
           5    0.0079    0.0015    0.0012   -0.0008    0.0009    0.0006
           6    0.0420    0.0031   -0.0018    0.0017    0.0012    0.0005
           7    0.0000   -0.0000   -0.0001    0.0000   -0.0000    0.0000
           8   -0.5491   -0.0086   -0.0000   -0.0006    0.0000    0.0002
           9    0.2228    0.0046    0.0000    0.0006   -0.0000   -0.0002
          10   -0.0239    0.0017   -0.0089   -0.0106   -0.1121   -0.1057
          11   -0.0802    0.0015    0.1565    0.1542   -0.0881   -0.0904
          12   -0.0843    0.0026   -0.1558   -0.1568   -0.0678   -0.0648
          13    0.0239   -0.0017   -0.0088    0.0104   -0.1101    0.1078
          14   -0.0802    0.0015   -0.1565    0.1544    0.0862   -0.0919
          15   -0.0844    0.0026    0.1555   -0.1569    0.0668   -0.0661
          16   -0.0000    0.0000    0.0004   -0.0000    0.0004   -0.0000
          17    0.7208    0.0095    0.0000    0.0021    0.0000    0.0034
          18   -0.1971   -0.2930    0.0000   -0.0034    0.0001    0.0059
          19    0.0000    0.0000   -0.0001    0.0000    0.0000   -0.0000
          20    0.0533   -0.0006   -0.0000   -0.0003   -0.0000   -0.0001
          21   -0.0172   -0.0006   -0.0000   -0.0001    0.0000    0.0000
          22    0.0373   -0.0007    0.2118    0.2232    0.1671    0.1611
          23    0.0912    0.0002   -0.1651   -0.1668   -0.1679   -0.1624
          24    0.0027   -0.0003    0.4414    0.4449    0.3794    0.3634
          25    0.0449    0.0027   -0.1815   -0.1850    0.2058    0.2084
          26   -0.0125    0.0064   -0.3775   -0.3645    0.4684    0.4659
          27    0.0783   -0.0015    0.0957    0.0916   -0.1499   -0.1495
          28   -0.0373    0.0007    0.2114   -0.2232    0.1642   -0.1642
          29    0.0912    0.0002    0.1651   -0.1670    0.1651   -0.1657
          30    0.0027   -0.0003   -0.4409    0.4450   -0.3729    0.3705
          31   -0.0448   -0.0027   -0.1815    0.1854    0.2019   -0.2122
          32   -0.0125    0.0064    0.3774   -0.3651   -0.4595    0.4743
          33    0.0784   -0.0015   -0.0956    0.0916    0.1468   -0.1519
          34    0.0000   -0.0000    0.0004    0.0000    0.0013   -0.0000
          35   -0.1074   -0.0325    0.0000   -0.0002    0.0000    0.0004
          36   -0.0764    0.9554   -0.0000    0.0063   -0.0000   -0.0047


          DESCRIPTION OF VIBRATIONS


 VIBRATION          1    1A           ATOM PAIR      ENERGY CONTRIBUTION    RADIAL
 FREQUENCY            86.25         C  4 -- C  5         +20.4% (580.8%)     99.6%
 TRANSITION DIPOLE   0.6440         O  1 -- C  4         +14.3% (486.1%)      0.1%
 TRAVEL (Ang.)       0.7239         O  2 -- C  5         +14.3% (485.6%)      0.1%
 REDUCED MASS        1.4920         C  4 -- H  8         +10.2% (410.5%)     82.9%
 EFFECTIVE MASS    266.5447         C  5 -- H 10         +10.2% (410.1%)     82.9%
 FORCE CONSTANT      0.0065

 VIBRATION          2    2A           ATOM PAIR      ENERGY CONTRIBUTION    RADIAL
 FREQUENCY           116.75         C  4 -- C  5         +26.4% (575.4%)      0.0%
 TRANSITION DIPOLE   0.4017         O  2 -- C  5         +12.3% (392.5%)      0.0%
 TRAVEL (Ang.)       0.7666         O  1 -- C  4         +12.2% (392.2%)      0.0%
 REDUCED MASS        0.9828         C  5 -- H 10         +11.3% (376.9%)     90.0%
 EFFECTIVE MASS    214.3902         C  4 -- H  8         +11.3% (376.7%)     90.0%
 FORCE CONSTANT      0.0079         C  5 -- H 11         +11.1% (374.2%)     92.0%
                            C  4 -- H  9         +11.1% (373.9%)     92.0%

 VIBRATION          3    3A           ATOM PAIR      ENERGY CONTRIBUTION    RADIAL
 FREQUENCY           143.10         O  2 -- C  5         +11.7% (135.6%)      0.0%
 TRANSITION DIPOLE   1.0497         O  1 -- C  4         +11.7% (135.6%)      0.0%
 TRAVEL (Ang.)       0.4330         O  1 -- C  6          +8.9% (118.3%)      0.0%
 REDUCED MASS        2.5138         O  2 -- C  6          +8.9% (118.3%)      0.0%
 EFFECTIVE MASS     28.8000
 FORCE CONSTANT      0.0303

 VIBRATION          4    4A           ATOM PAIR      ENERGY CONTRIBUTION    RADIAL
 FREQUENCY           187.49         O  3 -- Li 7         +22.3% (166.3%)      0.2%
 TRANSITION DIPOLE   1.4383         O  2 -- C  6         +16.5% (142.9%)      0.1%
 TRAVEL (Ang.)       0.3121         O  1 -- C  6         +16.5% (142.9%)      0.1%
 REDUCED MASS        3.6917         C  6 -- Li 7         +15.7% (139.6%)      0.6%
 EFFECTIVE MASS     20.6904         C  6 -- H 12         +13.6% (129.7%)     96.1%
 FORCE CONSTANT      0.0765         O  3 -- C  6         +11.4% (118.8%)      0.9%

 VIBRATION          5    5A           ATOM PAIR      ENERGY CONTRIBUTION    RADIAL
 FREQUENCY           379.79         O  3 -- C  6         +21.2% ( 97.4%)      0.0%
 TRANSITION DIPOLE   0.9911         O  1 -- C  4          +9.5% ( 65.3%)      0.0%
 TRAVEL (Ang.)       0.1771         O  2 -- C  5          +9.5% ( 65.3%)      0.0%
 REDUCED MASS        5.6595         O  2 -- C  6          +9.2% ( 64.1%)     10.2%
 EFFECTIVE MASS     16.9807
 FORCE CONSTANT      0.4810

 VIBRATION          6    6A           ATOM PAIR      ENERGY CONTRIBUTION    RADIAL
 FREQUENCY           422.09         C  6 -- Li 7         +14.5% ( 99.8%)     82.0%
 TRANSITION DIPOLE   1.6624         O  3 -- Li 7         +14.3% ( 98.9%)      0.6%
 TRAVEL (Ang.)       0.2070         O  1 -- C  6         +13.2% ( 95.2%)      0.2%
 REDUCED MASS        3.7297         O  2 -- C  6         +13.2% ( 95.2%)      0.2%
 EFFECTIVE MASS     16.3468         O  3 -- C  6         +12.1% ( 91.0%)      3.1%
 FORCE CONSTANT      0.3915

 VIBRATION          7    7A           ATOM PAIR      ENERGY CONTRIBUTION    RADIAL
 FREQUENCY           707.04         O  2 -- C  6         +18.4% ( 82.4%)     20.9%
 TRANSITION DIPOLE   1.0651         O  1 -- C  6         +18.4% ( 82.3%)     20.9%
 TRAVEL (Ang.)       0.1454         O  2 -- C  5         +11.4% ( 64.8%)      0.2%
 REDUCED MASS        4.5113         O  1 -- C  4         +11.4% ( 64.8%)      0.2%
 EFFECTIVE MASS     15.4352
 FORCE CONSTANT      1.3288

 VIBRATION          8    8A           ATOM PAIR      ENERGY CONTRIBUTION    RADIAL
 FREQUENCY           735.04         C  4 -- C  5         +17.7% ( 95.0%)      0.0%
 TRANSITION DIPOLE   0.0393         O  1 -- C  4         +14.4% ( 85.5%)      8.3%
 TRAVEL (Ang.)       0.1962         O  2 -- C  5         +14.4% ( 85.5%)      8.3%
 REDUCED MASS        2.3825         C  5 -- H 10          +9.1% ( 68.3%)     43.8%
 EFFECTIVE MASS     15.3905
 FORCE CONSTANT      0.7584

 VIBRATION          9    9A           ATOM PAIR      ENERGY CONTRIBUTION    RADIAL
 FREQUENCY           826.47         C  4 -- H  9         +20.7% ( 70.8%)      5.9%
 TRANSITION DIPOLE   0.2451         C  5 -- H 11         +20.7% ( 70.8%)      5.9%
 TRAVEL (Ang.)       0.5436         C  4 -- H  8         +20.3% ( 70.1%)      6.2%
 REDUCED MASS        0.2761         C  5 -- H 10         +20.3% ( 70.1%)      6.2%
 EFFECTIVE MASS      3.0636
 FORCE CONSTANT      0.1111

 VIBRATION         10   10A           ATOM PAIR      ENERGY CONTRIBUTION    RADIAL
 FREQUENCY           860.81         C  6 -- Li 7         +32.3% ( 98.3%)     95.6%
 TRANSITION DIPOLE   2.5552         O  3 -- Li 7         +27.7% ( 91.1%)     98.7%
 TRAVEL (Ang.)       0.1454         O  2 -- C  6         +11.2% ( 58.0%)      1.1%
 REDUCED MASS        3.7072         O  1 -- C  6         +11.2% ( 58.0%)      1.1%
 EFFECTIVE MASS      8.8948
 FORCE CONSTANT      1.6185

 VIBRATION         11   11A           ATOM PAIR      ENERGY CONTRIBUTION    RADIAL
 FREQUENCY           876.25         C  6 -- H 12         +36.8% ( 80.8%)      0.0%
 TRANSITION DIPOLE   0.2534         O  2 -- C  6          +9.9% ( 42.0%)     76.9%
 TRAVEL (Ang.)       0.3549         O  1 -- C  6          +9.9% ( 41.9%)     76.9%
 REDUCED MASS        0.6111         C  4 -- C  5          +7.5% ( 36.4%)      0.0%
 EFFECTIVE MASS      4.8569
 FORCE CONSTANT      0.2765

 VIBRATION         12   12A           ATOM PAIR      ENERGY CONTRIBUTION    RADIAL
 FREQUENCY           967.81         C  5 -- H 10         +21.2% ( 56.3%)      5.0%
 TRANSITION DIPOLE   0.0504         C  4 -- H  8         +21.2% ( 56.3%)      5.0%
 TRAVEL (Ang.)       0.5290         C  5 -- H 11         +19.0% ( 53.2%)      4.8%
 REDUCED MASS        0.2490         C  4 -- H  9         +18.9% ( 53.2%)      4.8%
 EFFECTIVE MASS      2.6437
 FORCE CONSTANT      0.1374

 VIBRATION         13   13A           ATOM PAIR      ENERGY CONTRIBUTION    RADIAL
 FREQUENCY           979.57         C  6 -- H 12         +23.1% ( 72.7%)     29.5%
 TRANSITION DIPOLE   0.4642         O  1 -- C  6         +15.6% ( 59.9%)     63.1%
 TRAVEL (Ang.)       0.2958         O  2 -- C  6         +15.6% ( 59.9%)     63.1%
 REDUCED MASS        0.7869         C  6 -- Li 7         +12.1% ( 52.6%)      3.3%
 EFFECTIVE MASS      6.6126         O  3 -- C  6         +11.9% ( 52.2%)      0.7%
 FORCE CONSTANT      0.4449

 VIBRATION         14   14A           ATOM PAIR      ENERGY CONTRIBUTION    RADIAL
 FREQUENCY          1010.37         C  4 -- H  8         +24.0% ( 54.9%)      1.6%
 TRANSITION DIPOLE   0.2128         C  5 -- H 10         +24.0% ( 54.8%)      1.6%
 TRAVEL (Ang.)       0.5374         C  5 -- H 11         +15.1% ( 43.5%)      2.5%
 REDUCED MASS        0.2311         C  4 -- H  9         +15.0% ( 43.5%)      2.5%
 EFFECTIVE MASS      2.1662
 FORCE CONSTANT      0.1390

 VIBRATION         15   15A           ATOM PAIR      ENERGY CONTRIBUTION    RADIAL
 FREQUENCY          1057.83         O  1 -- C  4         +13.5% ( 43.7%)     88.6%
 TRANSITION DIPOLE   0.0884         O  2 -- C  5         +13.5% ( 43.7%)     88.6%
 TRAVEL (Ang.)       0.2909         C  4 -- H  9         +11.1% ( 39.6%)      3.1%
 REDUCED MASS        0.7534         C  5 -- H 11         +11.1% ( 39.5%)      3.0%
 EFFECTIVE MASS      6.0474
 FORCE CONSTANT      0.4967

 VIBRATION         16   16A           ATOM PAIR      ENERGY CONTRIBUTION    RADIAL
 FREQUENCY          1065.53         C  4 -- C  5         +23.0% ( 64.1%)    100.0%
 TRANSITION DIPOLE   0.0684         C  6 -- H 12         +12.4% ( 47.1%)      0.0%
 TRAVEL (Ang.)       0.3347         C  4 -- H  8         +11.1% ( 44.6%)     27.6%
 REDUCED MASS        0.5650         C  5 -- H 10         +11.1% ( 44.6%)     27.4%
 EFFECTIVE MASS      5.1405         C  4 -- H  9         +10.9% ( 44.3%)     25.8%
 FORCE CONSTANT      0.3780         C  5 -- H 11         +10.9% ( 44.3%)     26.1%

 VIBRATION         17   17A           ATOM PAIR      ENERGY CONTRIBUTION    RADIAL
 FREQUENCY          1075.56         C  4 -- C  5         +19.3% ( 61.5%)      0.0%
 TRANSITION DIPOLE   0.0210         C  5 -- H 10         +16.1% ( 56.1%)     13.4%
 TRAVEL (Ang.)       0.2881         C  4 -- H  8         +16.1% ( 56.1%)     13.3%
 REDUCED MASS        0.7554         C  4 -- H  9         +15.6% ( 55.2%)     14.5%
 EFFECTIVE MASS      4.9546         C  5 -- H 11         +15.6% ( 55.2%)     14.5%
 FORCE CONSTANT      0.5149

 VIBRATION         18   18A           ATOM PAIR      ENERGY CONTRIBUTION    RADIAL
 FREQUENCY          1112.52         C  4 -- C  5         +18.8% ( 65.7%)    100.0%
 TRANSITION DIPOLE   0.8775         O  1 -- C  4         +17.3% ( 62.9%)     76.0%
 TRAVEL (Ang.)       0.1914         O  2 -- C  5         +17.3% ( 62.9%)     76.0%
 REDUCED MASS        1.6537         C  4 -- H  9          +8.6% ( 44.5%)     59.9%
 EFFECTIVE MASS     11.0323
 FORCE CONSTANT      1.2059

 VIBRATION         19   19A           ATOM PAIR      ENERGY CONTRIBUTION    RADIAL
 FREQUENCY          1156.58         C  6 -- H 12         +19.5% ( 70.7%)     13.2%
 TRANSITION DIPOLE   0.9067         O  2 -- C  6         +18.5% ( 68.9%)     50.6%
 TRAVEL (Ang.)       0.1680         O  1 -- C  6         +18.5% ( 68.9%)     50.5%
 REDUCED MASS        2.0647         O  3 -- C  6         +16.6% ( 65.1%)      6.7%
 EFFECTIVE MASS      9.8131         C  6 -- Li 7         +14.9% ( 61.8%)     25.6%
 FORCE CONSTANT      1.6272

 VIBRATION         20   20A           ATOM PAIR      ENERGY CONTRIBUTION    RADIAL
 FREQUENCY          1227.40         O  1 -- C  6         +17.7% ( 69.8%)     87.7%
 TRANSITION DIPOLE   1.6602         O  2 -- C  6         +17.6% ( 69.8%)     87.6%
 TRAVEL (Ang.)       0.1334         C  6 -- H 12         +15.5% ( 65.4%)      0.0%
 REDUCED MASS        3.0869         O  3 -- C  6         +11.5% ( 56.4%)      0.0%
 EFFECTIVE MASS     11.2912         C  6 -- Li 7         +11.3% ( 55.9%)      0.0%
 FORCE CONSTANT      2.7400

 VIBRATION         21   21A           ATOM PAIR      ENERGY CONTRIBUTION    RADIAL
 FREQUENCY          1288.49         C  4 -- C  5         +19.7% ( 66.4%)    100.0%
 TRANSITION DIPOLE   1.5242         O  1 -- C  4         +13.1% ( 54.1%)     72.7%
 TRAVEL (Ang.)       0.1557         O  2 -- C  5         +13.1% ( 54.1%)     72.7%
 REDUCED MASS        2.1599         C  4 -- H  9         +12.1% ( 52.1%)      0.0%
 EFFECTIVE MASS      9.2729         C  5 -- H 11         +12.1% ( 52.1%)      0.0%
 FORCE CONSTANT      2.1127         C  4 -- H  8         +11.6% ( 50.9%)      0.0%
                            C  5 -- H 10         +11.6% ( 50.9%)      0.0%

 VIBRATION         22   22A           ATOM PAIR      ENERGY CONTRIBUTION    RADIAL
 FREQUENCY          1348.42         C  4 -- H  8         +10.8% ( 43.0%)      0.0%
 TRANSITION DIPOLE   0.6916         C  5 -- H 10         +10.8% ( 43.0%)      0.0%
 TRAVEL (Ang.)       0.2353         C  5 -- H 11         +10.8% ( 43.0%)      0.0%
 REDUCED MASS        0.9030         C  4 -- H  9         +10.8% ( 43.0%)      0.0%
 EFFECTIVE MASS      6.7777
 FORCE CONSTANT      0.9674

 VIBRATION         23   23A           ATOM PAIR      ENERGY CONTRIBUTION    RADIAL
 FREQUENCY          1378.67         C  4 -- H  9         +15.9% ( 47.7%)      4.9%
 TRANSITION DIPOLE   0.0356         C  4 -- H  8         +15.9% ( 47.7%)      5.0%
 TRAVEL (Ang.)       0.2838         C  5 -- H 11         +15.9% ( 47.6%)      4.9%
 REDUCED MASS        0.6074         C  5 -- H 10         +15.9% ( 47.6%)      5.0%
 EFFECTIVE MASS      4.3831         C  4 -- C  5         +15.3% ( 46.8%)      0.0%
 FORCE CONSTANT      0.6802

 VIBRATION         24   24A           ATOM PAIR      ENERGY CONTRIBUTION    RADIAL
 FREQUENCY          1405.31         C  5 -- H 10         +16.0% ( 45.8%)      4.6%
 TRANSITION DIPOLE   0.6497         C  4 -- H  8         +16.0% ( 45.8%)      4.6%
 TRAVEL (Ang.)       0.3270         C  5 -- H 11         +15.8% ( 45.5%)      4.8%
 REDUCED MASS        0.4488         C  4 -- H  9         +15.8% ( 45.5%)      4.8%
 EFFECTIVE MASS      3.9212         C  4 -- C  5         +14.6% ( 43.7%)    100.0%
 FORCE CONSTANT      0.5222

 VIBRATION         25   25A           ATOM PAIR      ENERGY CONTRIBUTION    RADIAL
 FREQUENCY          1447.71         O  3 -- C  6         +33.0% ( 95.1%)     99.4%
 TRANSITION DIPOLE   6.0646         C  6 -- H 12         +14.5% ( 63.2%)      3.2%
 TRAVEL (Ang.)       0.0902         O  2 -- C  6         +14.1% ( 62.1%)     13.6%
 REDUCED MASS        5.7234         O  1 -- C  6         +14.1% ( 62.1%)     13.6%
 EFFECTIVE MASS     12.8060         C  6 -- Li 7         +13.9% ( 61.7%)     99.1%
 FORCE CONSTANT      7.0675

 VIBRATION         26   26A           ATOM PAIR      ENERGY CONTRIBUTION    RADIAL
 FREQUENCY          2781.63         C  6 -- H 12         +94.0% (100.0%)    100.0%
 TRANSITION DIPOLE   0.2050         O  3 -- C  6          +1.5% ( 12.7%)     19.4%
 TRAVEL (Ang.)       0.1614         O  2 -- C  6          +1.5% ( 12.6%)     12.5%
 REDUCED MASS        0.9303         O  1 -- C  6          +1.5% ( 12.6%)     12.5%
 EFFECTIVE MASS      1.5330
 FORCE CONSTANT      4.2412

 VIBRATION         27   27A           ATOM PAIR      ENERGY CONTRIBUTION    RADIAL
 FREQUENCY          2963.92         C  4 -- H  8         +28.5% ( 55.5%)     97.2%
 TRANSITION DIPOLE   0.0144         C  5 -- H 10         +28.4% ( 55.5%)     97.2%
 TRAVEL (Ang.)       0.2907         C  4 -- H  9         +20.3% ( 46.9%)     95.2%
 REDUCED MASS        0.2692         C  5 -- H 11         +20.3% ( 46.9%)     95.2%
 EFFECTIVE MASS      1.5803
 FORCE CONSTANT      1.3932

 VIBRATION         28   28A           ATOM PAIR      ENERGY CONTRIBUTION    RADIAL
 FREQUENCY          2980.02         C  5 -- H 10         +29.4% ( 56.0%)     97.6%
 TRANSITION DIPOLE   0.1250         C  4 -- H  8         +29.4% ( 56.0%)     97.6%
 TRAVEL (Ang.)       0.2884         C  5 -- H 11         +19.5% ( 45.6%)     95.2%
 REDUCED MASS        0.2720         C  4 -- H  9         +19.4% ( 45.5%)     95.2%
 EFFECTIVE MASS      1.5539
 FORCE CONSTANT      1.4234

 VIBRATION         29   29A           ATOM PAIR      ENERGY CONTRIBUTION    RADIAL
 FREQUENCY          3028.52         C  4 -- H  9         +29.7% ( 53.9%)     98.2%
 TRANSITION DIPOLE   0.0013         C  5 -- H 11         +28.6% ( 52.9%)     98.2%
 TRAVEL (Ang.)       0.2989         C  4 -- H  8         +20.5% ( 44.8%)     95.9%
 REDUCED MASS        0.2492         C  5 -- H 10         +19.8% ( 44.0%)     95.9%
 EFFECTIVE MASS      1.2893
 FORCE CONSTANT      1.3465

 VIBRATION         30   30A           ATOM PAIR      ENERGY CONTRIBUTION    RADIAL
 FREQUENCY          3030.88         C  5 -- H 11         +30.6% ( 54.7%)     98.4%
 TRANSITION DIPOLE   0.0272         C  4 -- H  9         +29.5% ( 53.8%)     98.4%
 TRAVEL (Ang.)       0.2969         C  5 -- H 10         +19.5% ( 43.8%)     95.6%
 REDUCED MASS        0.2523         C  4 -- H  8         +18.8% ( 42.9%)     95.6%
 EFFECTIVE MASS      1.2947
 FORCE CONSTANT      1.3656

      SYMMETRY NUMBER FOR POINT-GROUP C1  =  1


          SYSTEM IS A GROUND STATE



 InChI=1S/C3H5O3.Li/c4-3-5-1-2-6-3;/h3H,1-2H2;/q-1;+1


          MOLECULE IS NOT LINEAR

          THERE ARE 30 GENUINE VIBRATIONS IN THIS SYSTEM
          THIS THERMODYNAMICS CALCULATION IS LIMITED TO
          MOLECULES WHICH HAVE NO INTERNAL ROTATIONS




                    CALCULATED THERMODYNAMIC PROPERTIES
                                          *
   TEMP. (K)   PARTITION FUNCTION   H.O.F.    ENTHALPY  HEAT CAPACITY ENTROPY
                                   KCAL/MOL   CAL/MOLE    CAL/K/MOL  CAL/K/MOL


 298.00  VIB.     0.3732D+02                  2522.3843    17.2542    15.6570
         ROT.     0.1533D+06                   888.2803     2.9808    26.7081
         INT.     0.5720D+07                  3410.6646    20.2350    42.3651
         TRA.     0.9095D+27                  1480.4672     4.9680    39.5944
         TOT.                     -132.319    4891.1318    25.2030    81.9595

 200.00  VIB.     0.9192D+01                  1146.0333    11.0629    10.1385
         ROT.     0.8428D+05                   596.1613     2.9808    25.5194
         INT.     0.7747D+06                  1742.1946    14.0437    35.6579
         TRA.     0.5001D+27                   993.6021     4.9680    37.6133
         TOT.                     -134.474    2735.7967    19.0117    73.2712

 210.00  VIB.     0.1062D+02                  1259.4269    11.6196    10.6916
         ROT.     0.9068D+05                   625.9693     2.9808    25.6649
         INT.     0.9626D+06                  1885.3962    14.6004    36.3565
         TRA.     0.5380D+27                  1043.2822     4.9680    37.8557
         TOT.                     -134.281    2928.6784    19.5684    74.2122

 220.00  VIB.     0.1225D+02                  1378.4978    12.1982    11.2454
         ROT.     0.9723D+05                   655.7774     2.9808    25.8036
         INT.     0.1191D+07                  2034.2753    15.1790    37.0490
         TRA.     0.5769D+27                  1092.9623     4.9680    38.0868
         TOT.                     -134.083    3127.2376    20.1470    75.1358

 230.00  VIB.     0.1414D+02                  1503.4602    12.7976    11.8008
         ROT.     0.1039D+06                   685.5855     2.9808    25.9361
         INT.     0.1470D+07                  2189.0456    15.7784    37.7369
         TRA.     0.6167D+27                  1142.6424     4.9680    38.3076
         TOT.                     -133.878    3331.6881    20.7464    76.0445

 240.00  VIB.     0.1631D+02                  1634.5122    13.4158    12.3585
         ROT.     0.1108D+06                   715.3935     2.9808    26.0629
         INT.     0.1807D+07                  2349.9057    16.3966    38.4214
         TRA.     0.6573D+27                  1192.3226     4.9680    38.5191
         TOT.                     -133.668    3542.2282    21.3646    76.9405

 250.00  VIB.     0.1881D+02                  1771.8322    14.0508    12.9190
         ROT.     0.1178D+06                   745.2016     2.9808    26.1846
         INT.     0.2216D+07                  2517.0338    17.0316    39.1036
         TRA.     0.6989D+27                  1242.0027     4.9680    38.7219
         TOT.                     -133.451    3759.0365    21.9996    77.8254

 260.00  VIB.     0.2170D+02                  1915.5759    14.7001    13.4827
         ROT.     0.1249D+06                   775.0097     2.9808    26.3015
         INT.     0.2711D+07                  2690.5856    17.6809    39.7842
         TRA.     0.7412D+27                  1291.6828     4.9680    38.9167
         TOT.                     -133.228    3982.2683    22.6489    78.7009

 270.00  VIB.     0.2502D+02                  2065.8742    15.3613    14.0498
         ROT.     0.1322D+06                   804.8177     2.9808    26.4140
         INT.     0.3308D+07                  2870.6919    18.3421    40.4638
         TRA.     0.7844D+27                  1341.3629     4.9680    39.1042
         TOT.                     -132.998    4212.0548    23.3101    79.5680

 280.00  VIB.     0.2886D+02                  2222.8329    16.0318    14.6206
         ROT.     0.1396D+06                   834.6258     2.9808    26.5224
         INT.     0.4029D+07                  3057.4587    19.0126    41.1430
         TRA.     0.8284D+27                  1391.0430     4.9680    39.2849
         TOT.                     -132.761    4448.5017    23.9806    80.4278

 290.00  VIB.     0.3329D+02                  2386.5326    16.7091    15.1949
         ROT.     0.1472D+06                   864.4339     2.9808    26.6270
         INT.     0.4898D+07                  3250.9664    19.6899    41.8219
         TRA.     0.8731D+27                  1440.7231     4.9680    39.4592
         TOT.                     -132.518    4691.6895    24.6579    81.2812

 300.00  VIB.     0.3840D+02                  2557.0293    17.3908    15.7729
         ROT.     0.1548D+06                   894.2419     2.9808    26.7281
         INT.     0.5945D+07                  3451.2712    20.3716    42.5009
         TRA.     0.9187D+27                  1490.4032     4.9680    39.6277
         TOT.                     -132.268    4941.6744    25.3396    82.1286

 310.00  VIB.     0.4431D+02                  2734.3560    18.0747    16.3543
         ROT.     0.1626D+06                   924.0500     2.9808    26.8258
         INT.     0.7206D+07                  3658.4059    21.0555    43.1801
         TRA.     0.9650D+27                  1540.0833     4.9680    39.7906
         TOT.                     -132.011    5198.4892    26.0235    82.9706

 320.00  VIB.     0.5113D+02                  2918.5236    18.7587    16.9389
         ROT.     0.1706D+06                   953.8580     2.9808    26.9204
         INT.     0.8722D+07                  3872.3817    21.7395    43.8593
         TRA.     0.1012D+28                  1589.7634     4.9680    39.9483
         TOT.                     -131.748    5462.1451    26.7075    83.8076

 330.00  VIB.     0.5903D+02                  3109.5232    19.4408    17.5266
         ROT.     0.1786D+06                   983.6661     2.9808    27.0122
         INT.     0.1054D+08                  4093.1893    22.4216    44.5388
         TRA.     0.1060D+28                  1639.4435     4.9680    40.1012
         TOT.                     -131.477    5732.6329    27.3896    84.6399

 340.00  VIB.     0.6816D+02                  3307.3276    20.1193    18.1170
         ROT.     0.1868D+06                  1013.4742     2.9808    27.1011
         INT.     0.1273D+08                  4320.8018    23.1002    45.2182
         TRA.     0.1108D+28                  1689.1236     4.9680    40.2495
         TOT.                     -131.200    6009.9254    28.0682    85.4677

 350.00  VIB.     0.7872D+02                  3511.8931    20.7928    18.7100
         ROT.     0.1951D+06                  1043.2822     2.9808    27.1876
         INT.     0.1536D+08                  4555.1753    23.7736    45.8975
         TRA.     0.1158D+28                  1738.8037     4.9680    40.3935
         TOT.                     -130.916    6293.9790    28.7416    86.2910

 360.00  VIB.     0.9095D+02                  3723.1617    21.4598    19.3051
         ROT.     0.2035D+06                  1073.0903     2.9808    27.2715
         INT.     0.1851D+08                  4796.2520    24.4406    46.5766
         TRA.     0.1208D+28                  1788.4838     4.9680    40.5334
         TOT.                     -130.625    6584.7358    29.4086    87.1101

 370.00  VIB.     0.1051D+03                  3941.0627    22.1191    19.9021
         ROT.     0.2121D+06                  1102.8984     2.9808    27.3532
         INT.     0.2229D+08                  5043.9611    25.0999    47.2553
         TRA.     0.1258D+28                  1838.1639     4.9680    40.6696
         TOT.                     -130.328    6882.1250    30.0679    87.9248

 380.00  VIB.     0.1215D+03                  4165.5146    22.7698    20.5006
         ROT.     0.2207D+06                  1132.7064     2.9808    27.4327
         INT.     0.2682D+08                  5298.2210    25.7506    47.9333
         TRA.     0.1310D+28                  1887.8440     4.9680    40.8020
         TOT.                     -130.024    7186.0651    30.7186    88.7354

 390.00  VIB.     0.1405D+03                  4396.4266    23.4110    21.1004
         ROT.     0.2295D+06                  1162.5145     2.9808    27.5101
         INT.     0.3225D+08                  5558.9411    26.3918    48.6105
         TRA.     0.1362D+28                  1937.5242     4.9680    40.9311
         TOT.                     -129.713    7496.4652    31.3598    89.5416

 400.00  VIB.     0.1626D+03                  4633.7001    24.0420    21.7011
         ROT.     0.2384D+06                  1192.3226     2.9808    27.5856
         INT.     0.3875D+08                  5826.0227    27.0228    49.2867
         TRA.     0.1414D+28                  1987.2043     4.9680    41.0569
         TOT.                     -129.397    7813.2270    31.9908    90.3435

   *: NOTE: HEATS OF FORMATION ARE RELATIVE TO THE
            ELEMENTS IN THEIR STANDARD STATE AT 298K
              (=  Standard Enthalpy of Formation).

            Hvib:  Zero-point energy is not included.
                   frequencies of less than zero cm-1 are not included.
            Hrot = (3/2)RT
            Htra = (3/2)RT + pV = (5/2)RT

            Heat capacity is Cp, not Cv

          For more information, see: HTTP://OpenMOPAC.net/Manual/thermochemistry.html


           FORCE CONSTANT IN CARTESIAN COORDINATES (Millidynes/A)

    ATOM   CHEMICAL       X               Y               Z
   NUMBER   SYMBOL  FORCE CONSTANT  FORCE CONSTANT  FORCE CONSTANT

      1       O        5.642313        3.711025        3.937232
      2       O        5.641950        3.709821        3.938332
      3       O        0.863913        8.596658        2.123307
      4       C        8.307011        8.610496        8.657815
      5       C        8.306893        8.610638        8.657955
      6       C        7.407113        9.975267        9.993653
      7      Li        0.056765        2.213459        0.324242
      8       H        1.375111        1.149439        3.759238
      9       H        1.396775        3.989160        0.936410
     10       H        1.374239        1.150571        3.759197
     11       H        1.397692        3.989097        0.935521
     12       H        0.498458        0.616461        4.239117

 **********************
 *                    *
 * JOB ENDED NORMALLY *
 *                    *
 **********************



 TOTAL JOB TIME:             1.09 SECONDS

 == MOPAC DONE ==
