 *******************************************************************************
 **                                                                           **
 **                              MOPAC v23.1.2                                **
 **                                                                           **
 *******************************************************************************
 **          Digital Object Identifier (DOI): 10.5281/zenodo.6511958          **
 **    Visit the DOI location for information on how to cite this program.    **
 *******************************************************************************

                              PM3 CALCULATION RESULTS

 *******************************************************************************
 *  CALCULATION DONE: (MAX THREADS = 1)              Tue Jun  3 16:28:18 2025  *
 *  PM3        - The PM3 Hamiltonian to be used
 *  PRECISE    - TIGHTER CRITERIA TO BE USED
 *  NOSYM      - POINT-GROUP SYMMETRY SET TO C1
 *  THREADS=1  - MULTI-THREADING NOT USED
 *  T=         - A TIME OF 172800.0 SECONDS REQUESTED
 *  DUMP=N     - RESTART FILE WRITTEN EVERY 7200.0 SECONDS REQUESTED
 *******************************************************************************
pm3  precise nosym THREADS=1
 InChI=1S/C7H8/c1-7-5-3-2-4-6-7/h3-6H,1-2H2

   ATOM   CHEMICAL          X               Y               Z
  NUMBER   SYMBOL      (ANGSTROMS)     (ANGSTROMS)     (ANGSTROMS)

     1       C         -1.76980000  *   0.14420000  *   0.40590000  *
     2       C          1.05080000  *  -0.08560000  *  -0.24100000  *
     3       C         -0.88860000  *   1.34390000  *   0.15060000  *
     4       C         -1.06110000  *  -1.18500000  *   0.29660000  *
     5       C          0.40880000  *   1.23730000  *  -0.14690000  *
     6       C          0.23640000  *  -1.28990000  *  -0.00110000  *
     7       C          2.34690000  *  -0.19120000  *  -0.53830000  *
     8       H         -2.60670000  *   0.15920000  *  -0.32320000  *
     9       H         -2.19970000  *   0.23240000  *   1.42550000  *
    10       H         -1.33290000  *   2.32940000  *   0.21280000  *
    11       H         -1.63430000  *  -2.08770000  *   0.46770000  *
    12       H          0.98740000  *   2.13740000  *  -0.31930000  *
    13       H          0.68640000  *  -2.27380000  *  -0.06460000  *
    14       H          2.82500000  *  -1.16060000  *  -0.60900000  *
    15       H          2.95130000  *   0.69000000  *  -0.71580000  *



          CARTESIAN COORDINATES 

    NO.       ATOM           X           Y           Z

     1         C         -1.7698      0.1442      0.4059
     2         C          1.0508     -0.0856     -0.2410
     3         C         -0.8886      1.3439      0.1506
     4         C         -1.0611     -1.1850      0.2966
     5         C          0.4088      1.2373     -0.1469
     6         C          0.2364     -1.2899     -0.0011
     7         C          2.3469     -0.1912     -0.5383
     8         H         -2.6067      0.1592     -0.3232
     9         H         -2.1997      0.2324      1.4255
    10         H         -1.3329      2.3294      0.2128
    11         H         -1.6343     -2.0877      0.4677
    12         H          0.9874      2.1374     -0.3193
    13         H          0.6864     -2.2738     -0.0646
    14         H          2.8250     -1.1606     -0.6090
    15         H          2.9513      0.6900     -0.7158

  H: (PM3): J. J. P. STEWART, J. COMP. CHEM. 10, 209 (1989).
  C: (PM3): J. J. P. STEWART, J. COMP. CHEM. 10, 209 (1989).

           Empirical Formula: C7 H8  =    15 atoms



      MOLECULAR POINT GROUP   :   C1  


      RHF CALCULATION, NO. OF DOUBLY OCCUPIED LEVELS = 18


          Geometry optimization using EF

          DIAGONAL MATRIX USED AS START HESSIAN

 CYCLE:     1 TIME:   0.004 TIME LEFT:  2.00D  GRAD.:    59.403 HEAT:  41.39422
 CYCLE:     2 TIME:   0.008 TIME LEFT:  2.00D  GRAD.:    49.839 HEAT:  40.77593
 CYCLE:     3 TIME:   0.008 TIME LEFT:  2.00D  GRAD.:    40.912 HEAT:  40.29712
 CYCLE:     4 TIME:   0.008 TIME LEFT:  2.00D  GRAD.:    25.046 HEAT:  39.96539
 CYCLE:     5 TIME:   0.008 TIME LEFT:  2.00D  GRAD.:    18.264 HEAT:  39.78048
 CYCLE:     6 TIME:   0.004 TIME LEFT:  2.00D  GRAD.:    32.116 HEAT:  39.73674
 CYCLE:     7 TIME:   0.004 TIME LEFT:  2.00D  GRAD.:    30.222 HEAT:  39.70132
 CYCLE:     8 TIME:   0.008 TIME LEFT:  2.00D  GRAD.:    30.990 HEAT:  39.66282
 CYCLE:     9 TIME:   0.004 TIME LEFT:  2.00D  GRAD.:    15.581 HEAT:  39.46233
 CYCLE:    10 TIME:   0.012 TIME LEFT:  2.00D  GRAD.:     5.981 HEAT:  39.40727
 CYCLE:    11 TIME:   0.008 TIME LEFT:  2.00D  GRAD.:     7.237 HEAT:  39.40085
 CYCLE:    12 TIME:   0.004 TIME LEFT:  2.00D  GRAD.:     5.554 HEAT:  39.39213
 CYCLE:    13 TIME:   0.004 TIME LEFT:  2.00D  GRAD.:     3.262 HEAT:  39.38465
 CYCLE:    14 TIME:   0.004 TIME LEFT:  2.00D  GRAD.:     5.769 HEAT:  39.38815
 CYCLE:    15 TIME:   0.004 TIME LEFT:  2.00D  GRAD.:     1.722 HEAT:  39.38145
 CYCLE:    16 TIME:   0.008 TIME LEFT:  2.00D  GRAD.:     2.403 HEAT:  39.38182
 CYCLE:    17 TIME:   0.004 TIME LEFT:  2.00D  GRAD.:     0.872 HEAT:  39.38035
 CYCLE:    18 TIME:   0.004 TIME LEFT:  2.00D  GRAD.:     1.270 HEAT:  39.38030
 CYCLE:    19 TIME:   0.008 TIME LEFT:  2.00D  GRAD.:     1.085 HEAT:  39.38012
 CYCLE:    20 TIME:   0.004 TIME LEFT:  2.00D  GRAD.:     0.609 HEAT:  39.37980
 CYCLE:    21 TIME:   0.004 TIME LEFT:  2.00D  GRAD.:     0.538 HEAT:  39.37968
 CYCLE:    22 TIME:   0.012 TIME LEFT:  2.00D  GRAD.:     0.545 HEAT:  39.37957
 CYCLE:    23 TIME:   0.004 TIME LEFT:  2.00D  GRAD.:     0.167 HEAT:  39.37948
 CYCLE:    24 TIME:   0.008 TIME LEFT:  2.00D  GRAD.:     0.143 HEAT:  39.37946
 CYCLE:    25 TIME:   0.004 TIME LEFT:  2.00D  GRAD.:     0.052 HEAT:  39.37946
 CYCLE:    26 TIME:   0.008 TIME LEFT:  2.00D  GRAD.:     0.066 HEAT:  39.37945
 CYCLE:    27 TIME:   0.004 TIME LEFT:  2.00D  GRAD.:     0.062 HEAT:  39.37944
 CYCLE:    28 TIME:   0.004 TIME LEFT:  2.00D  GRAD.:     0.058 HEAT:  39.37943
 CYCLE:    29 TIME:   0.008 TIME LEFT:  2.00D  GRAD.:     0.034 HEAT:  39.37943

     GRADIENT =  0.03379 IS LESS THAN CUTOFF =  0.05000



 -------------------------------------------------------------------------------
 pm3  precise nosym THREADS=1
 InChI=1S/C7H8/c1-7-5-3-2-4-6-7/h3-6H,1-2H2



     GEOMETRY OPTIMISED USING EIGENVECTOR FOLLOWING (EF).     
     SCF FIELD WAS ACHIEVED                                   


                              PM3 CALCULATION
                                                       MOPAC v23.1.2 MacOS
                                                       Tue Jun  3 16:28:19 2025




          FINAL HEAT OF FORMATION =         39.37943 KCAL/MOL =     164.76352 KJ/MOL


          COSMO AREA              =        138.16 SQUARE ANGSTROMS
          COSMO VOLUME            =        129.44 CUBIC ANGSTROMS

          GRADIENT NORM           =          0.03379          =       0.00873 PER ATOM
          IONIZATION POTENTIAL    =          8.678612 EV
          HOMO LUMO ENERGIES (EV) =         -8.679 -0.040
          NO. OF FILLED LEVELS    =         18
          MOLECULAR WEIGHT        =         92.1402         POINT GROUP:  C1  

          MOLECULAR DIMENSIONS (Angstroms)

            Atom       Atom       Distance
            H    15    H     9     5.65183
            H    13    H    10     4.72015
            H     9    H     8     1.74694


          SCF CALCULATIONS        =         34

          WALL-CLOCK TIME         =      0.188 SECONDS
          COMPUTATION TIME        =      0.086 SECONDS




   ATOM   CHEMICAL          X               Y               Z
  NUMBER   SYMBOL      (ANGSTROMS)     (ANGSTROMS)     (ANGSTROMS)

     1       C         -1.76960371  *   0.14416323  *   0.40556403  *
     2       C          1.05996297  *  -0.08635800  *  -0.24316193  *
     3       C         -0.89899418  *   1.32076498  *   0.15422342  *
     4       C         -1.06824522  *  -1.16041838  *   0.29743216  *
     5       C          0.40028351  *   1.21286003  *  -0.14371541  *
     6       C          0.23130693  *  -1.26430911  *  -0.00072526  *
     7       C          2.36120807  *  -0.19238110  *  -0.54193336  *
     8       H         -2.61913182  *   0.16086710  *  -0.30830393  *
     9       H         -2.21909042  *   0.23316995  *   1.41630175  *
    10       H         -1.38026901  *   2.30249618  *   0.22558187  *
    11       H         -1.67745793  *  -2.05324802  *   0.47691907  *
    12       H          1.01664740  *   2.10131784  *  -0.32413581  *
    13       H          0.72021018  *  -2.24284274  *  -0.07335017  *
    14       H          2.86856289  *  -1.14937000  *  -0.62011323  *
    15       H          2.99285583  *   0.67176372  *  -0.72530205  *

                             CARTESIAN COORDINATES

   1    C       -1.769603707     0.144163227     0.405564026
   2    C        1.059962972    -0.086358002    -0.243161934
   3    C       -0.898994177     1.320764983     0.154223418
   4    C       -1.068245218    -1.160418382     0.297432165
   5    C        0.400283513     1.212860033    -0.143715408
   6    C        0.231306931    -1.264309108    -0.000725257
   7    C        2.361208073    -0.192381104    -0.541933365
   8    H       -2.619131818     0.160867097    -0.308303926
   9    H       -2.219090425     0.233169954     1.416301755
  10    H       -1.380269005     2.302496175     0.225581869
  11    H       -1.677457929    -2.053248024     0.476919072
  12    H        1.016647400     2.101317843    -0.324135810
  13    H        0.720210182    -2.242842738    -0.073350175
  14    H        2.868562894    -1.149369999    -0.620113232
  15    H        2.992855829     0.671763718    -0.725302047


           Empirical Formula: C7 H8  =    15 atoms



      MOLECULAR POINT GROUP   :   C1  


                  EIGENVALUES  
 -39.58756 -32.30366 -30.00349 -25.50838 -21.09710 -20.52610 -17.49313 -16.53594
 -15.82167 -14.94800 -14.70552 -14.04903 -13.25701 -12.99381 -12.07588 -11.64599
 -10.39383  -8.67861  -0.03958   1.05651   2.52126   3.23178   3.35963   3.40866
   3.72270   3.73815   3.96204   4.25238   4.35168   4.37871   4.99868   5.22269
   5.38344   5.49510   6.25854   6.28410


              NET ATOMIC CHARGES AND DIPOLE CONTRIBUTIONS

  ATOM NO.   TYPE          CHARGE      No. of ELECS.   s-Pop       p-Pop       
    1          C          -0.027344        4.0273     1.13216     2.89518
    2          C          -0.043364        4.0434     1.16611     2.87725
    3          C          -0.132847        4.1328     1.19494     2.93790
    4          C          -0.132855        4.1329     1.19494     2.93791
    5          C          -0.103635        4.1036     1.17946     2.92418
    6          C          -0.103636        4.1036     1.17946     2.92418
    7          C          -0.152942        4.1529     1.18303     2.96991
    8          H           0.064834        0.9352     0.93517
    9          H           0.064816        0.9352     0.93518
   10          H           0.098237        0.9018     0.90176
   11          H           0.098227        0.9018     0.90177
   12          H           0.102369        0.8976     0.89763
   13          H           0.102378        0.8976     0.89762
   14          H           0.082879        0.9171     0.91712
   15          H           0.082884        0.9171     0.91712
 DIPOLE           X         Y         Z       TOTAL
 POINT-CHG.    -0.544     0.044     0.124     0.560
 HYBRID        -0.012     0.001     0.003     0.013
 SUM           -0.556     0.045     0.127     0.572


          ATOMIC ORBITAL ELECTRON POPULATIONS

     Atom    s        px        py        pz   
    1  C   1.13216   0.96794   0.92262   1.00462
    2  C   1.16611   0.94784   0.93239   0.99702
    3  C   1.19494   0.96010   0.97950   0.99830
    4  C   1.19494   0.96371   0.97521   0.99900
    5  C   1.17946   0.95586   0.95756   1.01076
    6  C   1.17946   0.94961   0.96502   1.00955
    7  C   1.18303   0.94981   1.01115   1.00896
    8  H   0.93517
    9  H   0.93518
   10  H   0.90176
   11  H   0.90177
   12  H   0.89763
   13  H   0.89762
   14  H   0.91712
   15  H   0.91712
 *******************************************************************************
 **                                                                           **
 **                              MOPAC v23.1.2                                **
 **                                                                           **
 *******************************************************************************
 **          Digital Object Identifier (DOI): 10.5281/zenodo.6511958          **
 **    Visit the DOI location for information on how to cite this program.    **
 *******************************************************************************

                              PM3 CALCULATION RESULTS

 *******************************************************************************
 *  CALCULATION DONE: (MAX THREADS = 1)              Tue Jun  3 16:28:19 2025  *
 *  PM3        - The PM3 Hamiltonian to be used
 *  OLDGEO     - PREVIOUS GEOMETRY TO BE USED
 *  PRECISE    - TIGHTER CRITERIA TO BE USED
 *  NOSYM      - POINT-GROUP SYMMETRY SET TO C1
 *  THREADS=1  - MULTI-THREADING NOT USED
 *  T=         - A TIME OF 172800.0 SECONDS REQUESTED
 *  DUMP=N     - RESTART FILE WRITTEN EVERY 7200.0 SECONDS REQUESTED
 *  THERMO     - THERMODYNAMIC QUANTITIES TO BE CALCULATED
 *******************************************************************************
oldgeo thermo nosym precise THREADS=1  pm3
 InChI=1S/C7H8/c1-7-5-3-2-4-6-7/h3-6H,1-2H2

   ATOM   CHEMICAL          X               Y               Z
  NUMBER   SYMBOL      (ANGSTROMS)     (ANGSTROMS)     (ANGSTROMS)

     1       C         -1.76960371  *   0.14416323  *   0.40556403  *
     2       C          1.05996297  *  -0.08635800  *  -0.24316193  *
     3       C         -0.89899418  *   1.32076498  *   0.15422342  *
     4       C         -1.06824522  *  -1.16041838  *   0.29743216  *
     5       C          0.40028351  *   1.21286003  *  -0.14371541  *
     6       C          0.23130693  *  -1.26430911  *  -0.00072526  *
     7       C          2.36120807  *  -0.19238110  *  -0.54193336  *
     8       H         -2.61913182  *   0.16086710  *  -0.30830393  *
     9       H         -2.21909042  *   0.23316995  *   1.41630175  *
    10       H         -1.38026901  *   2.30249618  *   0.22558187  *
    11       H         -1.67745793  *  -2.05324802  *   0.47691907  *
    12       H          1.01664740  *   2.10131784  *  -0.32413581  *
    13       H          0.72021018  *  -2.24284274  *  -0.07335017  *
    14       H          2.86856289  *  -1.14937000  *  -0.62011323  *
    15       H          2.99285583  *   0.67176372  *  -0.72530205  *



          CARTESIAN COORDINATES 

    NO.       ATOM           X           Y           Z

     1         C         -1.7696      0.1442      0.4056
     2         C          1.0600     -0.0864     -0.2432
     3         C         -0.8990      1.3208      0.1542
     4         C         -1.0682     -1.1604      0.2974
     5         C          0.4003      1.2129     -0.1437
     6         C          0.2313     -1.2643     -0.0007
     7         C          2.3612     -0.1924     -0.5419
     8         H         -2.6191      0.1609     -0.3083
     9         H         -2.2191      0.2332      1.4163
    10         H         -1.3803      2.3025      0.2256
    11         H         -1.6775     -2.0532      0.4769
    12         H          1.0166      2.1013     -0.3241
    13         H          0.7202     -2.2428     -0.0734
    14         H          2.8686     -1.1494     -0.6201
    15         H          2.9929      0.6718     -0.7253

  H: (PM3): J. J. P. STEWART, J. COMP. CHEM. 10, 209 (1989).
  C: (PM3): J. J. P. STEWART, J. COMP. CHEM. 10, 209 (1989).

           Empirical Formula: C7 H8  =    15 atoms



      MOLECULAR POINT GROUP   :   C1  


      RHF CALCULATION, NO. OF DOUBLY OCCUPIED LEVELS = 18



          HEAT OF FORMATION =      39.379427 KCALS/MOLE


          CARTESIAN COORDINATE DERIVATIVES

   NUMBER  ATOM         X            Y            Z

     1       C     -0.002754     0.001423    -0.000150
     2       C      0.003824    -0.001249    -0.001589
     3       C     -0.006271     0.005234     0.002643
     4       C      0.007092     0.005449     0.005258
     5       C     -0.007216    -0.005246    -0.002188
     6       C      0.005666     0.000611    -0.003853
     7       C      0.005394     0.002048     0.005028
     8       H     -0.001128    -0.003957    -0.003723
     9       H     -0.004088     0.000822    -0.003466
    10       H     -0.000335     0.005087     0.006106
    11       H      0.002215     0.001380     0.002145
    12       H     -0.000392    -0.004710    -0.002920
    13       H     -0.004351    -0.006037    -0.001984
    14       H     -0.000877     0.000611    -0.000000
    15       H      0.003219    -0.001468    -0.001307



          GRADIENT NORM =   0.02531

          MOLECULAR WEIGHT =   92.14



          ROTATIONAL CONSTANTS IN CM(-1)

          A =    0.17396266   B =    0.08821136   C =    0.05918190



           PRINCIPAL MOMENTS OF INERTIA IN UNITS OF 10**(-40)*GRAM-CM**2

          A =      160.9124   B =      317.3373   C =      472.9952


          ORIENTATION OF MOLECULE IN FORCE CALCULATION

    NO.       ATOM         X         Y         Z

     1          C      -1.8602   -0.0000   -0.0002
     2          C       1.0519   -0.0000   -0.0002
     3          C      -1.0514    1.2455   -0.0002
     4          C      -1.0514   -1.2455    0.0008
     5          C       0.2859    1.2435   -0.0003
     6          C       0.2860   -1.2435    0.0006
     7          C       2.3912    0.0000   -0.0006
     8          H      -2.5280   -0.0004   -0.8866
     9          H      -2.5292    0.0003    0.8853
    10          H      -1.6127    2.1866   -0.0000
    11          H      -1.6126   -2.1865    0.0015
    12          H       0.8547    2.1807   -0.0005
    13          H       0.8546   -2.1808    0.0011
    14          H       2.9773   -0.9142   -0.0004
    15          H       2.9774    0.9142   -0.0011


    FIRST DERIVATIVES WILL BE USED IN THE CALCULATION OF SECOND DERIVATIVES

          ESTIMATED TIME TO COMPLETE CALCULATION =        0.70 SECONDS

    FOR POINT-GROUP C1   THERE ARE   1 UNIQUE SYMMETRY FUNCTIONS.

 STEP:   1 TIME =     0.01 SECS, INTEGRAL =      0.01 TIME LEFT: 172799.98
 STEP:   2 TIME =     0.01 SECS, INTEGRAL =      0.02 TIME LEFT: 172799.97
 STEP:   3 TIME =     0.01 SECS, INTEGRAL =      0.04 TIME LEFT: 172799.96
 STEP:   4 TIME =     0.02 SECS, INTEGRAL =      0.05 TIME LEFT: 172799.95
 STEP:   5 TIME =     0.01 SECS, INTEGRAL =      0.06 TIME LEFT: 172799.93
 STEP:   6 TIME =     0.01 SECS, INTEGRAL =      0.07 TIME LEFT: 172799.92
 STEP:   7 TIME =     0.01 SECS, INTEGRAL =      0.09 TIME LEFT: 172799.91
 STEP:   8 TIME =     0.01 SECS, INTEGRAL =      0.10 TIME LEFT: 172799.90
 STEP:   9 TIME =     0.01 SECS, INTEGRAL =      0.11 TIME LEFT: 172799.89
 STEP:  10 TIME =     0.01 SECS, INTEGRAL =      0.12 TIME LEFT: 172799.88
 STEP:  11 TIME =     0.01 SECS, INTEGRAL =      0.13 TIME LEFT: 172799.87
 STEP:  12 TIME =     0.01 SECS, INTEGRAL =      0.14 TIME LEFT: 172799.86
 STEP:  13 TIME =     0.01 SECS, INTEGRAL =      0.15 TIME LEFT: 172799.84
 STEP:  14 TIME =     0.01 SECS, INTEGRAL =      0.16 TIME LEFT: 172799.83
 STEP:  15 TIME =     0.01 SECS, INTEGRAL =      0.18 TIME LEFT: 172799.82
 STEP:  16 TIME =     0.01 SECS, INTEGRAL =      0.18 TIME LEFT: 172799.81
 STEP:  17 TIME =     0.01 SECS, INTEGRAL =      0.20 TIME LEFT: 172799.80
 STEP:  18 TIME =     0.01 SECS, INTEGRAL =      0.21 TIME LEFT: 172799.79
 STEP:  19 TIME =     0.01 SECS, INTEGRAL =      0.22 TIME LEFT: 172799.78
 STEP:  20 TIME =     0.01 SECS, INTEGRAL =      0.23 TIME LEFT: 172799.77
 STEP:  21 TIME =     0.01 SECS, INTEGRAL =      0.24 TIME LEFT: 172799.75
 STEP:  22 TIME =     0.01 SECS, INTEGRAL =      0.25 TIME LEFT: 172799.74
 STEP:  23 TIME =     0.01 SECS, INTEGRAL =      0.27 TIME LEFT: 172799.73
 STEP:  24 TIME =     0.01 SECS, INTEGRAL =      0.27 TIME LEFT: 172799.72
 STEP:  25 TIME =     0.01 SECS, INTEGRAL =      0.28 TIME LEFT: 172799.71
 STEP:  26 TIME =     0.01 SECS, INTEGRAL =      0.29 TIME LEFT: 172799.70
 STEP:  27 TIME =     0.01 SECS, INTEGRAL =      0.30 TIME LEFT: 172799.70
 STEP:  28 TIME =     0.01 SECS, INTEGRAL =      0.31 TIME LEFT: 172799.69
 STEP:  29 TIME =     0.01 SECS, INTEGRAL =      0.32 TIME LEFT: 172799.68
 STEP:  30 TIME =     0.01 SECS, INTEGRAL =      0.33 TIME LEFT: 172799.67
 STEP:  31 TIME =     0.02 SECS, INTEGRAL =      0.34 TIME LEFT: 172799.65
 STEP:  32 TIME =     0.01 SECS, INTEGRAL =      0.36 TIME LEFT: 172799.64
 STEP:  33 TIME =     0.01 SECS, INTEGRAL =      0.37 TIME LEFT: 172799.63
 STEP:  34 TIME =     0.01 SECS, INTEGRAL =      0.38 TIME LEFT: 172799.62
 STEP:  35 TIME =     0.01 SECS, INTEGRAL =      0.39 TIME LEFT: 172799.61
 STEP:  36 TIME =     0.01 SECS, INTEGRAL =      0.40 TIME LEFT: 172799.59
 STEP:  37 TIME =     0.01 SECS, INTEGRAL =      0.41 TIME LEFT: 172799.59
 STEP:  38 TIME =     0.01 SECS, INTEGRAL =      0.42 TIME LEFT: 172799.58
 STEP:  39 TIME =     0.01 SECS, INTEGRAL =      0.43 TIME LEFT: 172799.57
 STEP:  40 TIME =     0.01 SECS, INTEGRAL =      0.44 TIME LEFT: 172799.55
 STEP:  41 TIME =     0.01 SECS, INTEGRAL =      0.45 TIME LEFT: 172799.55
 STEP:  42 TIME =     0.01 SECS, INTEGRAL =      0.46 TIME LEFT: 172799.54
 STEP:  43 TIME =     0.01 SECS, INTEGRAL =      0.47 TIME LEFT: 172799.52
 STEP:  44 TIME =     0.01 SECS, INTEGRAL =      0.48 TIME LEFT: 172799.51
 STEP:  45 TIME =     0.01 SECS, INTEGRAL =      0.50 TIME LEFT: 172799.50

(To convert to Hartree/Bohr^2, multiply by (10^(-21) x N x a0^2)/(4.184 x 627.51) =  0.0642)


           FORCE MATRIX IN MILLIDYNES/ANGSTROM


                  C  1       C  2       C  3       C  4       C  5       C  6
 ------------------------------------------------------------------------------
     C    1  15.100691
     C    2   0.205406  19.203159
     C    3   5.024729   1.058969  18.118770
     C    4   5.024702   1.059127   0.734207  18.119129
     C    5   0.847727   5.395694  10.418581   0.061615  18.561874
     C    6   0.847599   5.395935   0.061577  10.418732   0.721181  18.561861
     C    7   0.032231  10.213223   0.112985   0.112992   1.031195   1.031247
     H    8   4.374589   0.016021   0.418378   0.418358   0.038257   0.038258
     H    9   4.375091   0.016012   0.418424   0.418428   0.038298   0.038298
     H   10   0.424356   0.126967   4.829395   0.047003   0.441702   0.006090
     H   11   0.424357   0.126975   0.047004   4.829534   0.006090   0.441703
     H   12   0.126002   0.443990   0.441803   0.003536   4.807915   0.041964
     H   13   0.126059   0.444006   0.003537   0.441768   0.041949   4.807755
     H   14   0.002543   0.472068   0.009765   0.007083   0.124010   0.089325
     H   15   0.002543   0.472067   0.007082   0.009766   0.089324   0.124012


                  C  7       H  8       H  9       H 10       H 11       H 12
 ------------------------------------------------------------------------------
     C    7  17.793603
     H    8   0.004579   4.962814
     H    9   0.004576   0.566042   4.963334
     H   10   0.009716   0.027568   0.027633   5.204170
     H   11   0.009717   0.027589   0.027635   0.006786   5.204291
     H   12   0.039874   0.016374   0.016364   0.068847   0.001153   5.181897
     H   13   0.039851   0.016409   0.016398   0.001149   0.068933   0.006176
     H   14   5.095231   0.001163   0.001161   0.009335   0.005955   0.002088
     H   15   5.095242   0.001163   0.001161   0.005955   0.009338   0.026442


                  H 13       H 14       H 15
 ------------------------------------------
     H   13   5.181769
     H   14   0.026442   5.483561
     H   15   0.002106   0.410500   5.483578


          HEAT OF FORMATION =      39.379427 KCALS/MOLE

          ZERO POINT ENERGY      79.036 KCAL/MOL


           NORMAL COORDINATE ANALYSIS (Total motion = 1 Angstrom)


   Root No.       1         2         3         4         5         6         7         8

                 1 A       2 A       3 A       4 A       5 A       6 A       7 A       8 A   

                  68.8     279.2     354.8     399.0     503.8     561.3     603.6     620.2
  
           1   -0.0000   -0.0000   -0.0000    0.0000    0.0890   -0.0001    0.0000   -0.0000
           2    0.0000    0.0000    0.0000    0.0218   -0.0000    0.0000   -0.0425    0.0000
           3    0.0592    0.0221    0.0000   -0.0000    0.0000    0.0080    0.0000   -0.0000
           4    0.0000    0.0000    0.0000   -0.0000   -0.0730    0.0001   -0.0000    0.0000
           5   -0.0000    0.0000   -0.0000   -0.0513    0.0000    0.0000    0.0365   -0.0000
           6   -0.0121    0.0513   -0.0001    0.0000    0.0001    0.0740   -0.0000   -0.0000
           7    0.0000    0.0000    0.0000    0.0222    0.0178   -0.0000    0.0777   -0.0001
           8    0.0000   -0.0000   -0.0000    0.0032    0.0510   -0.0000   -0.0749    0.0001
           9   -0.0127   -0.0451   -0.0519    0.0000   -0.0000    0.0142    0.0000    0.0109
          10    0.0000    0.0000   -0.0000   -0.0222    0.0178   -0.0000   -0.0777    0.0001
          11   -0.0000   -0.0000    0.0000    0.0032   -0.0510    0.0000   -0.0749    0.0000
          12   -0.0128   -0.0450    0.0519   -0.0000    0.0000    0.0143    0.0000   -0.0110
          13   -0.0000    0.0000    0.0000    0.0178    0.0107   -0.0000    0.0758   -0.0001
          14   -0.0000    0.0000   -0.0000   -0.0419    0.0526   -0.0000    0.0630   -0.0000
          15   -0.0476    0.0287    0.0514   -0.0000   -0.0001   -0.0192   -0.0000   -0.0140
          16   -0.0000    0.0000   -0.0000   -0.0178    0.0107   -0.0000   -0.0758    0.0001
          17   -0.0000    0.0000   -0.0001   -0.0419   -0.0526    0.0000    0.0630   -0.0000
          18   -0.0476    0.0286   -0.0515    0.0001   -0.0000   -0.0192   -0.0000    0.0140
          19    0.0000   -0.0000    0.0000   -0.0000   -0.0804    0.0001   -0.0000    0.0000
          20    0.0000   -0.0000    0.0001    0.0797   -0.0000   -0.0000    0.0241   -0.0000
          21    0.0607   -0.0295    0.0000   -0.0000    0.0000   -0.0102   -0.0000   -0.0000
          22   -0.0809   -0.1045   -0.0000    0.0000    0.0937    0.0994   -0.0000   -0.0001
          23    0.0001    0.0000   -0.0569    0.0370   -0.0000   -0.0001    0.0169    0.0228
          24    0.1204    0.1025    0.0001   -0.0000   -0.0029   -0.0704   -0.0000    0.0000
          25    0.0807    0.1044    0.0000    0.0000    0.0934   -0.0995    0.0000    0.0001
          26    0.0000    0.0001    0.0569    0.0369   -0.0000    0.0000    0.0170   -0.0228
          27    0.1205    0.1026    0.0000   -0.0000    0.0027   -0.0706   -0.0000    0.0000
          28    0.0000   -0.0000    0.0000    0.0526   -0.0238    0.0000    0.0439   -0.0000
          29    0.0000   -0.0000    0.0000    0.0209    0.0253   -0.0000   -0.0942    0.0001
          30   -0.0348   -0.1304   -0.1314    0.0001   -0.0002   -0.0561    0.0000   -0.0164
          31    0.0000   -0.0000   -0.0000   -0.0526   -0.0238    0.0000   -0.0439    0.0000
          32   -0.0000   -0.0001    0.0001    0.0209   -0.0253   -0.0000   -0.0942    0.0001
          33   -0.0349   -0.1303    0.1316   -0.0001   -0.0002   -0.0559    0.0001    0.0164
          34   -0.0000    0.0000    0.0000    0.0386    0.0552   -0.0001    0.0411   -0.0000
          35   -0.0000    0.0000   -0.0000   -0.0532    0.0252   -0.0000    0.0835   -0.0001
          36   -0.1009    0.0299    0.1228   -0.0001   -0.0003   -0.1787   -0.0002   -0.1091
          37   -0.0000    0.0000   -0.0000   -0.0386    0.0552   -0.0001   -0.0411    0.0000
          38   -0.0001    0.0000   -0.0001   -0.0532   -0.0252   -0.0001    0.0835    0.0000
          39   -0.1007    0.0297   -0.1226    0.0001   -0.0003   -0.1786    0.0001    0.1092
          40    0.0000   -0.0000    0.0000    0.1169   -0.0820    0.0000    0.0035   -0.0001
          41    0.0000   -0.0000    0.0001    0.1577   -0.0004   -0.0000    0.0277   -0.0001
          42    0.0929   -0.0683   -0.0853   -0.0000   -0.0001   -0.0640   -0.0006   -0.3266
          43    0.0000   -0.0000   -0.0000   -0.1169   -0.0820    0.0000   -0.0035    0.0001
          44    0.0000   -0.0000    0.0001    0.1577    0.0004   -0.0000    0.0277    0.0001
          45    0.0929   -0.0682    0.0855   -0.0001   -0.0001   -0.0638    0.0006    0.3267


   Root No.       9        10        11        12        13        14        15        16

                 9 A      10 A      11 A      12 A      13 A      14 A      15 A      16 A   

                 779.0     785.7     853.1     903.9     943.3     972.6     986.8     995.3
  
           1   -0.0000   -0.0000   -0.0540   -0.0001   -0.0000   -0.0000    0.0112   -0.0001
           2   -0.0000    0.0000   -0.0000    0.0000   -0.0078   -0.0000    0.0000    0.0000
           3   -0.0377   -0.0001   -0.0000    0.0520    0.0000    0.0001   -0.0000    0.0249
           4   -0.0000   -0.0000   -0.0432   -0.0000    0.0000   -0.0000   -0.0162    0.0000
           5    0.0000   -0.0000    0.0000    0.0000   -0.0124   -0.0000    0.0000    0.0000
           6    0.0540    0.0002   -0.0001    0.0226    0.0000    0.0000    0.0000    0.0175
           7    0.0000   -0.0000    0.0453    0.0000   -0.0069   -0.0000    0.0054    0.0000
           8   -0.0000    0.0000   -0.0720   -0.0000    0.0097    0.0000    0.0179    0.0001
           9   -0.0046   -0.0236    0.0001   -0.0193    0.0000   -0.0257    0.0000   -0.0283
          10    0.0000    0.0000    0.0453    0.0000    0.0069    0.0000    0.0054    0.0000
          11    0.0000    0.0000    0.0720    0.0000    0.0097    0.0000   -0.0179   -0.0001
          12   -0.0048    0.0236    0.0000   -0.0195   -0.0000    0.0255    0.0000   -0.0284
          13    0.0000   -0.0000    0.0394    0.0000    0.0015    0.0000   -0.0044    0.0000
          14    0.0000   -0.0000    0.0106   -0.0000    0.0252    0.0000   -0.0716    0.0000
          15   -0.0237   -0.0279    0.0001   -0.0319   -0.0000    0.0355    0.0000    0.0116
          16    0.0000    0.0000    0.0394    0.0000   -0.0015   -0.0000   -0.0044    0.0000
          17   -0.0000    0.0000   -0.0106   -0.0000    0.0252   -0.0000    0.0716   -0.0000
          18   -0.0239    0.0276    0.0001   -0.0318   -0.0000   -0.0355   -0.0000    0.0117
          19   -0.0001   -0.0000   -0.0675   -0.0000    0.0000   -0.0000   -0.0292   -0.0000
          20    0.0000   -0.0000   -0.0000    0.0000   -0.0651    0.0000   -0.0000   -0.0000
          21    0.0027    0.0000    0.0000    0.0089    0.0000   -0.0000    0.0001   -0.0509
          22   -0.1202   -0.0003   -0.0655    0.1251   -0.0000    0.0003    0.0198    0.0550
          23    0.0002   -0.0462   -0.0000    0.0002   -0.0410   -0.0949   -0.0000    0.0001
          24    0.0569    0.0002    0.0066   -0.0458    0.0000   -0.0001   -0.0035   -0.0179
          25    0.1200    0.0003   -0.0655   -0.1251   -0.0000   -0.0003    0.0199   -0.0552
          26   -0.0002    0.0461   -0.0000   -0.0002   -0.0411    0.0945   -0.0000   -0.0001
          27    0.0570    0.0001   -0.0067   -0.0460    0.0000   -0.0001    0.0035   -0.0180
          28    0.0001    0.0000    0.0857    0.0001   -0.0487    0.0001    0.1295    0.0002
          29   -0.0001    0.0000   -0.0501    0.0000   -0.0144    0.0000    0.0891    0.0002
          30    0.2170    0.1869   -0.0003    0.0267    0.0000    0.1534    0.0000    0.1062
          31    0.0000   -0.0000    0.0857    0.0001    0.0487   -0.0000    0.1295    0.0002
          32    0.0002   -0.0001    0.0501    0.0000   -0.0144   -0.0001   -0.0891   -0.0001
          33    0.2187   -0.1854   -0.0003    0.0274    0.0000   -0.1528    0.0001    0.1065
          34    0.0000    0.0000    0.0379    0.0001   -0.0157    0.0000    0.0895    0.0001
          35    0.0000    0.0000    0.0119    0.0000    0.0362   -0.0000   -0.1292   -0.0001
          36    0.0119    0.1563   -0.0003    0.1892   -0.0000   -0.1750   -0.0001   -0.0435
          37    0.0000   -0.0000    0.0379    0.0001    0.0156   -0.0000    0.0895    0.0001
          38   -0.0000   -0.0001   -0.0119    0.0001    0.0362    0.0001    0.1292    0.0000
          39    0.0133   -0.1560   -0.0003    0.1889   -0.0000    0.1754   -0.0002   -0.0440
          40   -0.0001   -0.0000   -0.0863   -0.0001    0.2664   -0.0000   -0.0459    0.0001
          41   -0.0000   -0.0000   -0.0092   -0.0000    0.1117   -0.0000   -0.0089    0.0001
          42   -0.0606   -0.0603    0.0002   -0.0576   -0.0001    0.0159   -0.0002    0.2053
          43   -0.0001    0.0000   -0.0863   -0.0001   -0.2664    0.0000   -0.0459    0.0001
          44   -0.0000    0.0000    0.0092   -0.0000    0.1117   -0.0000    0.0089    0.0001
          45   -0.0612    0.0597    0.0002   -0.0576    0.0000   -0.0159   -0.0002    0.2053


   Root No.      17        18        19        20        21        22        23        24

                17 A      18 A      19 A      20 A      21 A      22 A      23 A      24 A   

                1008.8    1025.1    1049.9    1059.4    1147.8    1161.8    1228.4    1297.9
  
           1    0.0734   -0.0001    0.0000    0.0000   -0.0000   -0.0065   -0.0000    0.0044
           2   -0.0000   -0.0000    0.0271    0.0002   -0.0002   -0.0000    0.0243    0.0000
           3    0.0000   -0.0255   -0.0000   -0.0000   -0.0000    0.0000   -0.0000   -0.0000
           4   -0.0035    0.0000   -0.0000    0.0000    0.0000   -0.0043    0.0000   -0.0147
           5   -0.0000    0.0000    0.0113    0.0001    0.0153    0.0000   -0.0232    0.0000
           6    0.0001    0.0307   -0.0000    0.0000   -0.0000    0.0000    0.0000    0.0000
           7   -0.0017    0.0000   -0.0028   -0.0000    0.0037   -0.0045    0.0151   -0.0118
           8   -0.0486    0.0001   -0.0282   -0.0002   -0.0042   -0.0024    0.0113   -0.0238
           9   -0.0000    0.0334   -0.0002    0.0399   -0.0000   -0.0000   -0.0000    0.0000
          10   -0.0017    0.0000    0.0028    0.0000   -0.0037   -0.0045   -0.0152   -0.0118
          11    0.0486   -0.0000   -0.0282   -0.0002   -0.0042    0.0024    0.0113    0.0238
          12   -0.0000    0.0334    0.0002   -0.0398    0.0000   -0.0000   -0.0000   -0.0000
          13   -0.0179    0.0000   -0.0173   -0.0001   -0.0026    0.0058    0.0153   -0.0159
          14   -0.0337    0.0000   -0.0087   -0.0001   -0.0061   -0.0016   -0.0109    0.0189
          15   -0.0000   -0.0304    0.0001   -0.0128    0.0000   -0.0000   -0.0000   -0.0000
          16   -0.0179    0.0000    0.0173    0.0001    0.0026    0.0058   -0.0153   -0.0159
          17    0.0337   -0.0000   -0.0087   -0.0001   -0.0061    0.0016   -0.0109   -0.0189
          18   -0.0001   -0.0304   -0.0001    0.0128    0.0000   -0.0000    0.0000    0.0000
          19   -0.0128   -0.0000   -0.0000    0.0000    0.0000    0.0025    0.0000    0.0006
          20   -0.0000   -0.0000   -0.0119   -0.0001   -0.0057   -0.0000    0.0086    0.0000
          21   -0.0001   -0.0340    0.0000   -0.0000    0.0000   -0.0000   -0.0000    0.0000
          22    0.1054   -0.0558    0.0000   -0.0000    0.0000   -0.0210    0.0000    0.0912
          23   -0.0000   -0.0000    0.2306   -0.3445   -0.1072   -0.0000   -0.0818   -0.0000
          24   -0.0222    0.0176   -0.0001    0.0001    0.0000    0.0073    0.0000   -0.0559
          25    0.1054    0.0556   -0.0000    0.0000    0.0000   -0.0211    0.0000    0.0911
          26   -0.0000    0.0001    0.2280    0.3471   -0.1076   -0.0000   -0.0818    0.0000
          27    0.0224    0.0176   -0.0001   -0.0001    0.0000   -0.0074    0.0000    0.0561
          28   -0.0887    0.0001    0.0213    0.0003    0.2011   -0.1709   -0.1122    0.0907
          29   -0.1017    0.0001   -0.0117    0.0000    0.1110   -0.1012   -0.0632    0.0355
          30    0.0000   -0.1071    0.0004   -0.0708   -0.0000    0.0000    0.0000   -0.0000
          31   -0.0887    0.0001   -0.0214   -0.0003   -0.2011   -0.1710    0.1121    0.0907
          32    0.1017   -0.0002   -0.0117    0.0001    0.1109    0.1012   -0.0632   -0.0355
          33   -0.0001   -0.1074   -0.0004    0.0707   -0.0001   -0.0000    0.0000    0.0000
          34   -0.0956    0.0001   -0.1279   -0.0009   -0.1090    0.1996   -0.1633    0.0653
          35    0.0090   -0.0000    0.0559    0.0004    0.0585   -0.1181    0.0951   -0.0300
          36    0.0001    0.1029   -0.0002    0.0244    0.0000   -0.0000    0.0000   -0.0000
          37   -0.0956    0.0002    0.1279    0.0009    0.1090    0.1996    0.1633    0.0653
          38   -0.0090    0.0001    0.0558    0.0004    0.0585    0.1181    0.0951    0.0300
          39    0.0002    0.1034    0.0001   -0.0243   -0.0000   -0.0001   -0.0001   -0.0000
          40   -0.0284    0.0001    0.0326    0.0002    0.0158    0.0262   -0.0321    0.1401
          41   -0.0085    0.0001    0.0091    0.0001    0.0044    0.0134   -0.0134    0.0828
          42    0.0005    0.1223    0.0000   -0.0063   -0.0000   -0.0000    0.0000   -0.0001
          43   -0.0284    0.0001   -0.0326   -0.0002   -0.0158    0.0262    0.0321    0.1401
          44    0.0085    0.0000    0.0091    0.0001    0.0044   -0.0134   -0.0134   -0.0828
          45    0.0005    0.1222   -0.0000    0.0063    0.0000    0.0000   -0.0000   -0.0000


   Root No.      25        26        27        28        29        30        31        32

                25 A      26 A      27 A      28 A      29 A      30 A      31 A      32 A   

                1349.7    1389.0    1413.2    1520.2    1840.1    1859.8    1890.5    2928.3
  
           1   -0.0304    0.0437    0.0000    0.0000    0.0183    0.0000   -0.0187    0.0000
           2    0.0000   -0.0000    0.1073   -0.0756    0.0000   -0.0300    0.0000   -0.0000
           3   -0.0000    0.0000   -0.0000    0.0000    0.0000    0.0000   -0.0000   -0.0609
           4    0.0192    0.0117    0.0000   -0.0000    0.1460    0.0001    0.1238   -0.0000
           5   -0.0000   -0.0000    0.0640    0.1455    0.0000   -0.0366    0.0000    0.0000
           6   -0.0000   -0.0000   -0.0000   -0.0001   -0.0000    0.0000   -0.0000    0.0002
           7   -0.0083   -0.0174    0.0069    0.0382   -0.0813    0.1368    0.0912   -0.0000
           8   -0.0029   -0.0232   -0.0408    0.0473   -0.0094    0.0227    0.0142   -0.0000
           9    0.0000   -0.0000    0.0000   -0.0000    0.0000   -0.0000   -0.0000   -0.0000
          10   -0.0083   -0.0174   -0.0069   -0.0382   -0.0812   -0.1368    0.0912   -0.0000
          11    0.0029    0.0232   -0.0408    0.0473    0.0094    0.0228   -0.0142    0.0000
          12   -0.0000   -0.0000    0.0000   -0.0000   -0.0000   -0.0000    0.0000   -0.0000
          13   -0.0019   -0.0192   -0.0161    0.0211    0.0612   -0.1397   -0.1048    0.0000
          14    0.0130    0.0214   -0.0177   -0.0743    0.0023    0.0272    0.0231   -0.0000
          15   -0.0000   -0.0000    0.0000    0.0000   -0.0000    0.0000    0.0000   -0.0003
          16   -0.0019   -0.0192    0.0161   -0.0212    0.0611    0.1397   -0.1048    0.0000
          17   -0.0130   -0.0214   -0.0177   -0.0743   -0.0023    0.0272   -0.0231    0.0000
          18    0.0000    0.0000    0.0000    0.0000   -0.0000   -0.0000    0.0000   -0.0003
          19    0.0199    0.0233    0.0000    0.0000   -0.1287   -0.0001   -0.0774    0.0000
          20   -0.0000    0.0000   -0.0118   -0.0182   -0.0000   -0.0031   -0.0000   -0.0000
          21   -0.0000   -0.0000    0.0000    0.0000    0.0000    0.0000    0.0000   -0.0000
          22    0.1596   -0.0968   -0.0000   -0.0000    0.0088    0.0000   -0.0112    0.2866
          23   -0.0000    0.0001   -0.1305    0.0486    0.0000   -0.0263    0.0000    0.0002
          24   -0.1233    0.0913    0.0001   -0.0000    0.0038    0.0000   -0.0002    0.3689
          25    0.1594   -0.0967   -0.0000    0.0000    0.0088    0.0000   -0.0113   -0.2866
          26    0.0001   -0.0000   -0.1306    0.0487    0.0000   -0.0263    0.0000    0.0001
          27    0.1235   -0.0914    0.0000   -0.0000   -0.0037    0.0000    0.0002    0.3677
          28    0.0103    0.0762   -0.0297   -0.0687   -0.0008    0.0190    0.0028    0.0000
          29    0.0092    0.0307   -0.0661   -0.0179    0.0546   -0.0734   -0.0548   -0.0000
          30   -0.0000   -0.0000   -0.0000    0.0000   -0.0000    0.0000   -0.0000   -0.0016
          31    0.0103    0.0762    0.0298    0.0687   -0.0008   -0.0190    0.0028    0.0000
          32   -0.0091   -0.0306   -0.0661   -0.0179   -0.0546   -0.0734    0.0548    0.0000
          33    0.0000    0.0000    0.0001    0.0000    0.0000    0.0000   -0.0000   -0.0017
          34    0.0469    0.0725    0.0684   -0.0394    0.0328   -0.0169    0.0156    0.0000
          35   -0.0142   -0.0327   -0.0713   -0.0406    0.0368   -0.0722   -0.0650    0.0000
          36   -0.0000   -0.0000   -0.0000    0.0000   -0.0000    0.0000   -0.0000   -0.0008
          37    0.0469    0.0725   -0.0684    0.0394    0.0328    0.0169    0.0156    0.0000
          38    0.0142    0.0327   -0.0713   -0.0407   -0.0367   -0.0722    0.0650   -0.0000
          39   -0.0000   -0.0000    0.0001    0.0000    0.0000    0.0000   -0.0000   -0.0008
          40   -0.1474   -0.0850    0.0386    0.0613   -0.0124   -0.0014   -0.0106    0.0000
          41   -0.1015   -0.0669    0.0146    0.0246    0.0962   -0.0078    0.0566   -0.0000
          42    0.0001    0.0001   -0.0000   -0.0000   -0.0000    0.0000   -0.0000   -0.0000
          43   -0.1474   -0.0850   -0.0386   -0.0613   -0.0124    0.0014   -0.0106    0.0000
          44    0.1015    0.0669    0.0147    0.0246   -0.0962   -0.0079   -0.0566    0.0000
          45    0.0000    0.0000    0.0000    0.0000    0.0000    0.0000    0.0000   -0.0000


   Root No.      33        34        35        36        37        38        39

                33 A      34 A      35 A      36 A      37 A      38 A      39 A   

                3007.2    3042.9    3044.3    3063.0    3065.8    3140.2    3142.8
  
           1    0.0386    0.0000   -0.0014    0.0000   -0.0032   -0.0001    0.0000
           2    0.0000    0.0002    0.0000    0.0000   -0.0000   -0.0000   -0.0000
           3   -0.0000    0.0000    0.0000   -0.0000    0.0000   -0.0000    0.0000
           4    0.0003    0.0000   -0.0002   -0.0000    0.0009   -0.0059    0.0000
           5    0.0000    0.0001    0.0000    0.0003    0.0000   -0.0000   -0.0006
           6   -0.0000   -0.0000    0.0000   -0.0000   -0.0000    0.0000    0.0000
           7   -0.0018   -0.0074   -0.0072    0.0146   -0.0137    0.0004    0.0001
           8    0.0039    0.0134    0.0132   -0.0192    0.0183   -0.0001    0.0000
           9    0.0000    0.0000    0.0000   -0.0000    0.0000   -0.0000   -0.0000
          10   -0.0018    0.0075   -0.0070   -0.0145   -0.0138    0.0004   -0.0001
          11   -0.0039    0.0136   -0.0130   -0.0192   -0.0184    0.0001    0.0000
          12    0.0000   -0.0000    0.0000    0.0000    0.0000   -0.0000    0.0000
          13   -0.0002   -0.0121   -0.0118   -0.0112    0.0105   -0.0007   -0.0006
          14    0.0001   -0.0193   -0.0192   -0.0135    0.0128   -0.0005    0.0002
          15   -0.0000    0.0000    0.0000    0.0000   -0.0000    0.0000    0.0000
          16   -0.0002    0.0123   -0.0116    0.0111    0.0105   -0.0007    0.0006
          17   -0.0001   -0.0196    0.0189   -0.0134   -0.0128    0.0005    0.0002
          18   -0.0000    0.0000   -0.0000    0.0000    0.0000   -0.0000   -0.0000
          19   -0.0000    0.0000   -0.0002   -0.0000    0.0000    0.0462   -0.0000
          20   -0.0000   -0.0003   -0.0000   -0.0001    0.0000   -0.0001   -0.0649
          21    0.0000    0.0000    0.0000    0.0000    0.0000   -0.0000    0.0000
          22   -0.2308   -0.0001    0.0102   -0.0000    0.0167    0.0004   -0.0000
          23   -0.0001    0.0019    0.0000   -0.0024    0.0000    0.0000    0.0000
          24   -0.3559   -0.0001    0.0152   -0.0000    0.0249    0.0006   -0.0000
          25   -0.2318   -0.0001    0.0103   -0.0000    0.0168    0.0004   -0.0000
          26    0.0001    0.0019    0.0000   -0.0024   -0.0000   -0.0000    0.0000
          27    0.3562    0.0001   -0.0152    0.0000   -0.0249   -0.0006    0.0000
          28    0.0263    0.0938    0.0906   -0.1373    0.1275   -0.0007   -0.0001
          29   -0.0385   -0.1624   -0.1570    0.2314   -0.2146    0.0011    0.0002
          30   -0.0000   -0.0000   -0.0000    0.0000   -0.0000    0.0000   -0.0000
          31    0.0263   -0.0950    0.0889    0.1370    0.1281   -0.0007    0.0001
          32    0.0385   -0.1645    0.1541    0.2309    0.2157   -0.0011    0.0002
          33   -0.0000    0.0001   -0.0001   -0.0002   -0.0002    0.0000   -0.0000
          34   -0.0024    0.1366    0.1334    0.0974   -0.0905    0.0048   -0.0017
          35   -0.0030    0.2304    0.2247    0.1600   -0.1484    0.0067    0.0002
          36    0.0000   -0.0000   -0.0000   -0.0000    0.0000   -0.0000    0.0000
          37   -0.0024   -0.1388    0.1315   -0.0967   -0.0906    0.0048    0.0017
          38    0.0030    0.2343   -0.2216    0.1589    0.1486   -0.0067    0.0002
          39   -0.0000   -0.0001    0.0001   -0.0001   -0.0001    0.0000   -0.0000
          40   -0.0005   -0.0006    0.0029   -0.0003   -0.0027   -0.2397   -0.2569
          41    0.0008   -0.0001   -0.0033   -0.0003    0.0034    0.3960    0.3864
          42   -0.0000    0.0000    0.0000    0.0000   -0.0000   -0.0001   -0.0001
          43   -0.0005    0.0006    0.0029    0.0003   -0.0027   -0.2392    0.2574
          44   -0.0008   -0.0002    0.0033   -0.0003   -0.0034   -0.3952    0.3872
          45    0.0000   -0.0000   -0.0000    0.0000    0.0000    0.0002   -0.0002


           MASS-WEIGHTED COORDINATE ANALYSIS (NORMAL COORDINATES)


   Root No.       1         2         3         4         5         6         7         8

                 1 A       2 A       3 A       4 A       5 A       6 A       7 A       8 A   

                  68.8     279.2     354.8     399.0     503.8     561.3     603.6     620.2
  
           1   -0.0002   -0.0001   -0.0000    0.0000    0.4776   -0.0005    0.0000   -0.0000
           2    0.0002    0.0001    0.0000    0.1454   -0.0000    0.0000   -0.1904    0.0002
           3    0.4287    0.1689    0.0001   -0.0001    0.0002    0.0635    0.0001   -0.0001
           4    0.0000    0.0001    0.0000   -0.0000   -0.3914    0.0007   -0.0000    0.0000
           5   -0.0000    0.0001   -0.0002   -0.3417    0.0000    0.0002    0.1632   -0.0002
           6   -0.0878    0.3928   -0.0005    0.0001    0.0006    0.5880   -0.0001   -0.0001
           7    0.0000    0.0000    0.0001    0.1480    0.0957   -0.0002    0.3477   -0.0004
           8    0.0000   -0.0000   -0.0000    0.0211    0.2739   -0.0003   -0.3353    0.0004
           9   -0.0922   -0.3450   -0.3882    0.0002   -0.0000    0.1130    0.0001    0.0761
          10    0.0000    0.0000   -0.0001   -0.1479    0.0957   -0.0002   -0.3477    0.0004
          11   -0.0001   -0.0002    0.0003    0.0211   -0.2739    0.0004   -0.3353    0.0003
          12   -0.0925   -0.3447    0.3883   -0.0002    0.0002    0.1134    0.0001   -0.0762
          13   -0.0000    0.0001    0.0001    0.1185    0.0574   -0.0001    0.3395   -0.0004
          14   -0.0001    0.0001   -0.0001   -0.2787    0.2824   -0.0003    0.2822   -0.0003
          15   -0.3449    0.2195    0.3847   -0.0003   -0.0003   -0.1521   -0.0002   -0.0973
          16   -0.0000    0.0001   -0.0001   -0.1185    0.0574   -0.0001   -0.3395    0.0004
          17   -0.0002    0.0001   -0.0004   -0.2788   -0.2824    0.0002    0.2822   -0.0003
          18   -0.3446    0.2192   -0.3851    0.0005   -0.0001   -0.1528   -0.0000    0.0975
          19    0.0002   -0.0001    0.0000   -0.0000   -0.4311    0.0005   -0.0000    0.0000
          20    0.0002   -0.0001    0.0004    0.5305   -0.0000   -0.0000    0.1078   -0.0001
          21    0.4391   -0.2256    0.0003   -0.0002    0.0000   -0.0811   -0.0000   -0.0000
          22   -0.1696   -0.2317   -0.0001    0.0000    0.1457    0.2288   -0.0000   -0.0001
          23    0.0001    0.0000   -0.1232    0.0713   -0.0000   -0.0001    0.0220    0.0459
          24    0.2524    0.2272    0.0001   -0.0000   -0.0046   -0.1620   -0.0000    0.0001
          25    0.1693    0.2314    0.0001    0.0000    0.1451   -0.2289    0.0000    0.0001
          26    0.0001    0.0001    0.1231    0.0712   -0.0000    0.0000    0.0221   -0.0459
          27    0.2527    0.2275    0.0000   -0.0000    0.0042   -0.1623   -0.0000    0.0001
          28    0.0000   -0.0000    0.0000    0.1015   -0.0370    0.0000    0.0570   -0.0001
          29    0.0000   -0.0000    0.0000    0.0402    0.0393   -0.0000   -0.1222    0.0001
          30   -0.0730   -0.2891   -0.2846    0.0001   -0.0003   -0.1291    0.0000   -0.0330
          31    0.0000   -0.0000   -0.0000   -0.1015   -0.0370    0.0000   -0.0570    0.0001
          32   -0.0001   -0.0002    0.0002    0.0402   -0.0393   -0.0001   -0.1222    0.0002
          33   -0.0733   -0.2889    0.2849   -0.0002   -0.0002   -0.1287    0.0001    0.0331
          34   -0.0000    0.0000    0.0001    0.0745    0.0858   -0.0002    0.0533   -0.0001
          35   -0.0000    0.0000   -0.0000   -0.1026    0.0392   -0.0001    0.1083   -0.0001
          36   -0.2115    0.0663    0.2660   -0.0002   -0.0005   -0.4111   -0.0002   -0.2199
          37   -0.0000    0.0000   -0.0001   -0.0745    0.0858   -0.0002   -0.0533    0.0001
          38   -0.0001    0.0000   -0.0002   -0.1026   -0.0392   -0.0002    0.1083    0.0000
          39   -0.2112    0.0659   -0.2656    0.0003   -0.0005   -0.4108    0.0002    0.2200
          40    0.0001   -0.0001    0.0001    0.2254   -0.1275    0.0001    0.0045   -0.0002
          41    0.0001   -0.0001    0.0001    0.3040   -0.0006   -0.0001    0.0359   -0.0003
          42    0.1949   -0.1514   -0.1848   -0.0000   -0.0001   -0.1472   -0.0007   -0.6581
          43    0.0001   -0.0001   -0.0001   -0.2254   -0.1275    0.0001   -0.0045    0.0002
          44    0.0001   -0.0001    0.0003    0.3040    0.0006   -0.0001    0.0359    0.0002
          45    0.1947   -0.1513    0.1852   -0.0002   -0.0001   -0.1467    0.0007    0.6582


   Root No.       9        10        11        12        13        14        15        16

                 9 A      10 A      11 A      12 A      13 A      14 A      15 A      16 A   

                 779.0     785.7     853.1     903.9     943.3     972.6     986.8     995.3
  
           1   -0.0002   -0.0000   -0.3065   -0.0005   -0.0000   -0.0000    0.0771   -0.0008
           2   -0.0001    0.0000   -0.0000    0.0002   -0.0537   -0.0001    0.0000    0.0001
           3   -0.2884   -0.0009   -0.0001    0.4148    0.0000    0.0011   -0.0002    0.2016
           4   -0.0002   -0.0000   -0.2452   -0.0002    0.0000   -0.0000   -0.1119    0.0000
           5    0.0002   -0.0000    0.0000    0.0001   -0.0859   -0.0000    0.0000    0.0001
           6    0.4131    0.0020   -0.0004    0.1805    0.0000    0.0000    0.0000    0.1417
           7    0.0002   -0.0000    0.2572    0.0002   -0.0477   -0.0000    0.0371    0.0000
           8   -0.0004    0.0000   -0.4085   -0.0003    0.0671    0.0002    0.1234    0.0005
           9   -0.0350   -0.2029    0.0003   -0.1540    0.0000   -0.2138    0.0000   -0.2295
          10    0.0002    0.0000    0.2572    0.0002    0.0477    0.0000    0.0371    0.0000
          11    0.0003    0.0002    0.4085    0.0002    0.0672    0.0002   -0.1234   -0.0007
          12   -0.0367    0.2026    0.0000   -0.1552   -0.0001    0.2120    0.0000   -0.2299
          13    0.0002   -0.0000    0.2236    0.0002    0.0101    0.0001   -0.0306    0.0002
          14    0.0002   -0.0001    0.0601   -0.0001    0.1738    0.0000   -0.4945    0.0001
          15   -0.1810   -0.2399    0.0003   -0.2544   -0.0000    0.2951    0.0002    0.0938
          16    0.0002    0.0000    0.2236    0.0002   -0.0101   -0.0001   -0.0306    0.0002
          17   -0.0003    0.0001   -0.0602   -0.0001    0.1737   -0.0001    0.4945   -0.0001
          18   -0.1830    0.2377    0.0004   -0.2535   -0.0001   -0.2950   -0.0002    0.0946
          19   -0.0004   -0.0000   -0.3831   -0.0004    0.0000   -0.0000   -0.2020   -0.0001
          20    0.0000   -0.0000   -0.0000    0.0000   -0.4494    0.0000   -0.0001   -0.0002
          21    0.0203    0.0001    0.0000    0.0712    0.0002   -0.0001    0.0004   -0.4121
          22   -0.2662   -0.0009   -0.1076    0.2889   -0.0000    0.0007    0.0396    0.1290
          23    0.0005   -0.1151   -0.0000    0.0004   -0.0820   -0.2285   -0.0000    0.0002
          24    0.1259    0.0005    0.0109   -0.1058    0.0000   -0.0002   -0.0070   -0.0419
          25    0.2658    0.0008   -0.1077   -0.2889   -0.0000   -0.0007    0.0398   -0.1294
          26   -0.0004    0.1149   -0.0000   -0.0006   -0.0821    0.2278   -0.0000   -0.0002
          27    0.1263    0.0004   -0.0111   -0.1062    0.0000   -0.0003    0.0071   -0.0422
          28    0.0001    0.0001    0.1409    0.0003   -0.0974    0.0001    0.2592    0.0004
          29   -0.0001    0.0000   -0.0824    0.0000   -0.0287    0.0001    0.1783    0.0004
          30    0.4806    0.4655   -0.0005    0.0616    0.0000    0.3695    0.0000    0.2491
          31    0.0001   -0.0001    0.1409    0.0003    0.0974   -0.0000    0.2592    0.0004
          32    0.0004   -0.0003    0.0824    0.0000   -0.0287   -0.0002   -0.1783   -0.0002
          33    0.4844   -0.4617   -0.0006    0.0634    0.0000   -0.3681    0.0002    0.2498
          34    0.0000    0.0000    0.0623    0.0002   -0.0313    0.0001    0.1791    0.0003
          35    0.0001    0.0000    0.0196    0.0000    0.0725   -0.0001   -0.2585   -0.0001
          36    0.0263    0.3894   -0.0005    0.4368   -0.0000   -0.4216   -0.0001   -0.1020
          37    0.0000   -0.0000    0.0623    0.0001    0.0313   -0.0000    0.1791    0.0003
          38   -0.0001   -0.0003   -0.0196    0.0003    0.0724    0.0002    0.2585    0.0001
          39    0.0295   -0.3887   -0.0005    0.4361   -0.0000    0.4225   -0.0004   -0.1031
          40   -0.0002   -0.0000   -0.1418   -0.0002    0.5327   -0.0000   -0.0918    0.0002
          41   -0.0001   -0.0000   -0.0152   -0.0001    0.2233   -0.0000   -0.0178    0.0002
          42   -0.1342   -0.1501    0.0003   -0.1331   -0.0002    0.0383   -0.0003    0.4815
          43   -0.0002    0.0000   -0.1418   -0.0002   -0.5326    0.0000   -0.0919    0.0002
          44   -0.0000    0.0001    0.0152   -0.0000    0.2233   -0.0000    0.0179    0.0002
          45   -0.1355    0.1488    0.0003   -0.1331    0.0001   -0.0383   -0.0003    0.4816


   Root No.      17        18        19        20        21        22        23        24

                17 A      18 A      19 A      20 A      21 A      22 A      23 A      24 A   

                1008.8    1025.1    1049.9    1059.4    1147.8    1161.8    1228.4    1297.9
  
           1    0.5204   -0.0005    0.0001    0.0000   -0.0000   -0.0513   -0.0000    0.0408
           2   -0.0000   -0.0001    0.2157    0.0012   -0.0017   -0.0000    0.2150    0.0000
           3    0.0003   -0.2186   -0.0000   -0.0001   -0.0000    0.0001   -0.0001   -0.0000
           4   -0.0250    0.0001   -0.0000    0.0000    0.0000   -0.0343    0.0000   -0.1360
           5   -0.0000    0.0001    0.0902    0.0005    0.1304    0.0000   -0.2053    0.0000
           6    0.0006    0.2627   -0.0001    0.0000   -0.0000    0.0001    0.0001    0.0000
           7   -0.0120    0.0000   -0.0221   -0.0001    0.0313   -0.0352    0.1343   -0.1092
           8   -0.3443    0.0005   -0.2250   -0.0011   -0.0358   -0.0189    0.1006   -0.2201
           9   -0.0000    0.2861   -0.0015    0.2546   -0.0001   -0.0000   -0.0000    0.0000
          10   -0.0120    0.0000    0.0221    0.0001   -0.0313   -0.0352   -0.1343   -0.1092
          11    0.3443   -0.0003   -0.2249   -0.0013   -0.0358    0.0188    0.1006    0.2201
          12   -0.0002    0.2865    0.0016   -0.2544    0.0001   -0.0000   -0.0001   -0.0001
          13   -0.1265    0.0001   -0.1381   -0.0008   -0.0217    0.0457    0.1358   -0.1468
          14   -0.2391    0.0001   -0.0697   -0.0004   -0.0515   -0.0124   -0.0966    0.1744
          15   -0.0002   -0.2600    0.0006   -0.0816    0.0000   -0.0000   -0.0000   -0.0000
          16   -0.1266    0.0001    0.1381    0.0008    0.0217    0.0458   -0.1358   -0.1468
          17    0.2391   -0.0003   -0.0696   -0.0004   -0.0515    0.0124   -0.0966   -0.1744
          18   -0.0004   -0.2607   -0.0005    0.0815    0.0000   -0.0000    0.0001    0.0001
          19   -0.0907   -0.0001   -0.0000    0.0000    0.0000    0.0197    0.0000    0.0058
          20   -0.0000   -0.0001   -0.0945   -0.0005   -0.0489   -0.0000    0.0765    0.0000
          21   -0.0009   -0.2910    0.0001   -0.0000    0.0000   -0.0000   -0.0000    0.0000
          22    0.2164   -0.1385    0.0000   -0.0000    0.0000   -0.0481    0.0000    0.2444
          23   -0.0001   -0.0000    0.5323   -0.6373   -0.2642   -0.0001   -0.2100   -0.0000
          24   -0.0456    0.0437   -0.0002    0.0003    0.0001    0.0168    0.0001   -0.1499
          25    0.2164    0.1379   -0.0000    0.0000    0.0000   -0.0481    0.0000    0.2442
          26   -0.0000    0.0002    0.5262    0.6422   -0.2652   -0.0000   -0.2102    0.0001
          27    0.0459    0.0438   -0.0002   -0.0002    0.0001   -0.0168    0.0001    0.1503
          28   -0.1822    0.0003    0.0493    0.0005    0.4956   -0.3905   -0.2880    0.2431
          29   -0.2088    0.0003   -0.0270    0.0000    0.2734   -0.2312   -0.1623    0.0952
          30    0.0001   -0.2659    0.0009   -0.1310   -0.0001    0.0001    0.0000   -0.0000
          31   -0.1821    0.0003   -0.0494   -0.0005   -0.4955   -0.3907    0.2880    0.2431
          32    0.2088   -0.0005   -0.0269    0.0001    0.2734    0.2313   -0.1623   -0.0952
          33   -0.0001   -0.2666   -0.0008    0.1308   -0.0001   -0.0001    0.0001    0.0000
          34   -0.1962    0.0003   -0.2952   -0.0017   -0.2687    0.4561   -0.4193    0.1750
          35    0.0185   -0.0001    0.1289    0.0007    0.1442   -0.2700    0.2442   -0.0803
          36    0.0003    0.2554   -0.0004    0.0451    0.0000   -0.0000    0.0000   -0.0000
          37   -0.1963    0.0004    0.2952    0.0017    0.2685    0.4561    0.4194    0.1750
          38   -0.0185    0.0003    0.1289    0.0007    0.1441    0.2700    0.2442    0.0803
          39    0.0003    0.2565    0.0003   -0.0450   -0.0001   -0.0002   -0.0002   -0.0001
          40   -0.0584    0.0001    0.0754    0.0004    0.0390    0.0598   -0.0824    0.3754
          41   -0.0174    0.0001    0.0211    0.0001    0.0108    0.0307   -0.0344    0.2219
          42    0.0011    0.3035    0.0000   -0.0116   -0.0000   -0.0000    0.0000   -0.0002
          43   -0.0584    0.0001   -0.0754   -0.0004   -0.0390    0.0598    0.0824    0.3754
          44    0.0174    0.0001    0.0211    0.0001    0.0108   -0.0307   -0.0344   -0.2219
          45    0.0010    0.3034   -0.0001    0.0116    0.0000    0.0000   -0.0000   -0.0000


   Root No.      25        26        27        28        29        30        31        32

                25 A      26 A      27 A      28 A      29 A      30 A      31 A      32 A   

                1349.7    1389.0    1413.2    1520.2    1840.1    1859.8    1890.5    2928.3
  
           1   -0.2493    0.3828    0.0001    0.0000    0.0736    0.0000   -0.0741    0.0000
           2    0.0000   -0.0001    0.6659   -0.3413    0.0000   -0.1039    0.0000   -0.0001
           3   -0.0002    0.0002   -0.0002    0.0001    0.0000    0.0000   -0.0000   -0.3035
           4    0.1577    0.1021    0.0000   -0.0000    0.5882    0.0003    0.4912   -0.0000
           5   -0.0000   -0.0001    0.3968    0.6568    0.0001   -0.1270    0.0000    0.0000
           6   -0.0001   -0.0000   -0.0001   -0.0002   -0.0002    0.0000   -0.0002    0.0008
           7   -0.0682   -0.1523    0.0430    0.1727   -0.3277    0.4741    0.3616   -0.0000
           8   -0.0239   -0.2029   -0.2529    0.2134   -0.0380    0.0788    0.0561   -0.0000
           9    0.0000   -0.0000    0.0000   -0.0000    0.0000   -0.0000   -0.0000   -0.0002
          10   -0.0682   -0.1522   -0.0430   -0.1727   -0.3274   -0.4742    0.3618   -0.0000
          11    0.0239    0.2029   -0.2528    0.2134    0.0379    0.0789   -0.0562    0.0000
          12   -0.0000   -0.0001    0.0002   -0.0001   -0.0000   -0.0000    0.0000   -0.0002
          13   -0.0155   -0.1678   -0.1001    0.0955    0.2465   -0.4842   -0.4156    0.0000
          14    0.1064    0.1875   -0.1099   -0.3356    0.0091    0.0943    0.0916   -0.0000
          15   -0.0000   -0.0000    0.0000    0.0001   -0.0000    0.0000    0.0000   -0.0014
          16   -0.0155   -0.1678    0.1001   -0.0955    0.2462    0.4843   -0.4157    0.0000
          17   -0.1064   -0.1874   -0.1100   -0.3356   -0.0092    0.0942   -0.0916    0.0000
          18    0.0001    0.0001    0.0000    0.0002   -0.0000   -0.0001    0.0001   -0.0014
          19    0.1635    0.2038    0.0001    0.0000   -0.5187   -0.0002   -0.3069    0.0000
          20   -0.0000    0.0000   -0.0733   -0.0823   -0.0000   -0.0108   -0.0000   -0.0000
          21   -0.0001   -0.0001    0.0000    0.0000    0.0002    0.0000    0.0001   -0.0000
          22    0.3797   -0.2454   -0.0000   -0.0000    0.0103    0.0000   -0.0129    0.4137
          23   -0.0001    0.0001   -0.2345    0.0636    0.0000   -0.0264    0.0000    0.0002
          24   -0.2934    0.2315    0.0002   -0.0000    0.0044    0.0000   -0.0002    0.5326
          25    0.3793   -0.2451   -0.0001    0.0000    0.0103    0.0000   -0.0129   -0.4137
          26    0.0001   -0.0000   -0.2347    0.0637    0.0000   -0.0264    0.0000    0.0002
          27    0.2939   -0.2319    0.0000   -0.0000   -0.0044    0.0000    0.0002    0.5309
          28    0.0245    0.1932   -0.0534   -0.0898   -0.0010    0.0190    0.0032    0.0000
          29    0.0218    0.0778   -0.1188   -0.0233    0.0638   -0.0737   -0.0629   -0.0000
          30   -0.0000   -0.0000   -0.0000    0.0000   -0.0000    0.0000   -0.0000   -0.0024
          31    0.0244    0.1932    0.0535    0.0898   -0.0009   -0.0190    0.0032    0.0000
          32   -0.0218   -0.0777   -0.1188   -0.0233   -0.0637   -0.0737    0.0629    0.0000
          33    0.0000    0.0000    0.0001    0.0000    0.0000    0.0001   -0.0000   -0.0024
          34    0.1117    0.1838    0.1229   -0.0515    0.0383   -0.0170    0.0179    0.0000
          35   -0.0337   -0.0829   -0.1281   -0.0532    0.0429   -0.0725   -0.0746    0.0000
          36   -0.0000   -0.0000   -0.0000    0.0000   -0.0000    0.0000   -0.0000   -0.0012
          37    0.1116    0.1838   -0.1228    0.0515    0.0383    0.0170    0.0179    0.0000
          38    0.0337    0.0830   -0.1281   -0.0532   -0.0429   -0.0725    0.0747   -0.0000
          39   -0.0000   -0.0001    0.0001    0.0000    0.0000    0.0000   -0.0001   -0.0012
          40   -0.3508   -0.2156    0.0693    0.0801   -0.0145   -0.0014   -0.0122    0.0000
          41   -0.2415   -0.1696    0.0263    0.0321    0.1123   -0.0078    0.0650   -0.0000
          42    0.0002    0.0001   -0.0000   -0.0000   -0.0000    0.0000   -0.0000   -0.0000
          43   -0.3508   -0.2156   -0.0694   -0.0802   -0.0145    0.0014   -0.0122    0.0000
          44    0.2416    0.1696    0.0264    0.0322   -0.1123   -0.0079   -0.0650    0.0000
          45    0.0000    0.0000    0.0000    0.0000    0.0000    0.0000    0.0000   -0.0000


   Root No.      33        34        35        36        37        38        39

                33 A      34 A      35 A      36 A      37 A      38 A      39 A   

                3007.2    3042.9    3044.3    3063.0    3065.8    3140.2    3142.8
  
           1    0.2152    0.0001   -0.0106    0.0000   -0.0239   -0.0006    0.0000
           2    0.0000    0.0012    0.0000    0.0000   -0.0000   -0.0000   -0.0000
           3   -0.0001    0.0000    0.0000   -0.0000    0.0000   -0.0000    0.0000
           4    0.0016    0.0000   -0.0014   -0.0000    0.0070   -0.0304    0.0000
           5    0.0000    0.0006    0.0000    0.0020    0.0000   -0.0000   -0.0031
           6   -0.0000   -0.0000    0.0000   -0.0000   -0.0000    0.0000    0.0000
           7   -0.0099   -0.0529   -0.0532    0.1038   -0.1040    0.0019    0.0006
           8    0.0218    0.0956    0.0979   -0.1369    0.1387   -0.0006    0.0001
           9    0.0000    0.0000    0.0000   -0.0000    0.0000   -0.0000   -0.0000
          10   -0.0099    0.0536   -0.0521   -0.1035   -0.1045    0.0019   -0.0006
          11   -0.0218    0.0968   -0.0961   -0.1366   -0.1393    0.0006    0.0001
          12    0.0000   -0.0001    0.0001    0.0001    0.0001   -0.0000    0.0000
          13   -0.0011   -0.0858   -0.0874   -0.0794    0.0798   -0.0038   -0.0031
          14    0.0006   -0.1371   -0.1420   -0.0958    0.0974   -0.0025    0.0012
          15   -0.0000    0.0000    0.0000    0.0000   -0.0000    0.0000    0.0000
          16   -0.0011    0.0872   -0.0862    0.0789    0.0799   -0.0038    0.0031
          17   -0.0006   -0.1395    0.1401   -0.0951   -0.0975    0.0025    0.0012
          18   -0.0000    0.0001   -0.0001    0.0001    0.0001   -0.0000   -0.0000
          19   -0.0002    0.0000   -0.0018   -0.0000    0.0003    0.2368   -0.0002
          20   -0.0000   -0.0020   -0.0000   -0.0010    0.0000   -0.0003   -0.3228
          21    0.0000    0.0000    0.0000    0.0000    0.0000   -0.0001    0.0001
          22   -0.3729   -0.0001    0.0220   -0.0000    0.0367    0.0006   -0.0000
          23   -0.0002    0.0039    0.0000   -0.0050    0.0000    0.0000    0.0000
          24   -0.5750   -0.0002    0.0326   -0.0001    0.0547    0.0008   -0.0000
          25   -0.3744   -0.0001    0.0221   -0.0001    0.0369    0.0006   -0.0000
          26    0.0002    0.0039    0.0000   -0.0050   -0.0000   -0.0000    0.0000
          27    0.5755    0.0002   -0.0327    0.0001   -0.0547   -0.0008    0.0000
          28    0.0425    0.1933    0.1945   -0.2831    0.2803   -0.0010   -0.0002
          29   -0.0623   -0.3348   -0.3369    0.4770   -0.4720    0.0016    0.0003
          30   -0.0000   -0.0000   -0.0000    0.0000   -0.0000    0.0000   -0.0000
          31    0.0425   -0.1958    0.1909    0.2825    0.2817   -0.0010    0.0002
          32    0.0622   -0.3391    0.3306    0.4760    0.4744   -0.0016    0.0004
          33   -0.0000    0.0003   -0.0002   -0.0004   -0.0004    0.0000   -0.0000
          34   -0.0039    0.2815    0.2862    0.2008   -0.1990    0.0071   -0.0025
          35   -0.0049    0.4749    0.4822    0.3298   -0.3264    0.0099    0.0003
          36    0.0000   -0.0001   -0.0001   -0.0001    0.0001   -0.0000    0.0000
          37   -0.0039   -0.2862    0.2822   -0.1994   -0.1992    0.0071    0.0025
          38    0.0049    0.4829   -0.4756    0.3276    0.3267   -0.0099    0.0003
          39   -0.0000   -0.0003    0.0003   -0.0002   -0.0002    0.0000   -0.0000
          40   -0.0008   -0.0013    0.0062   -0.0005   -0.0059   -0.3559   -0.3701
          41    0.0013   -0.0002   -0.0071   -0.0007    0.0075    0.5879    0.5567
          42   -0.0000    0.0000    0.0000    0.0000   -0.0000   -0.0001   -0.0001
          43   -0.0008    0.0012    0.0063    0.0006   -0.0059   -0.3551    0.3709
          44   -0.0013   -0.0003    0.0071   -0.0007   -0.0075   -0.5867    0.5579
          45    0.0000   -0.0000   -0.0000    0.0000    0.0000    0.0004   -0.0003


          DESCRIPTION OF VIBRATIONS


 VIBRATION          1    1A           ATOM PAIR      ENERGY CONTRIBUTION    RADIAL
 FREQUENCY            68.80         C  1 -- C  4         +19.9% (671.2%)      0.0%
 TRANSITION DIPOLE   0.0729         C  1 -- C  3         +19.9% (671.1%)      0.0%
 TRAVEL (Ang.)       0.8969         C  1 -- H  9         +17.4% (628.0%)     98.6%
 REDUCED MASS        1.2182         C  1 -- H  8         +17.4% (627.9%)     98.6%
 EFFECTIVE MASS    397.3471
 FORCE CONSTANT      0.0034

 VIBRATION          2    2A           ATOM PAIR      ENERGY CONTRIBUTION    RADIAL
 FREQUENCY           279.19         C  1 -- H  8         +14.0% (121.1%)     15.1%
 TRANSITION DIPOLE   0.0587         C  1 -- H  9         +14.0% (121.1%)     15.1%
 TRAVEL (Ang.)       0.5638         C  2 -- C  7         +11.3% (108.8%)      0.0%
 REDUCED MASS        0.7597         C  1 -- C  3         +10.9% (106.9%)      0.0%
 EFFECTIVE MASS     22.8236         C  1 -- C  4         +10.9% (106.9%)      0.0%
 FORCE CONSTANT      0.0349

 VIBRATION          3    3A           ATOM PAIR      ENERGY CONTRIBUTION    RADIAL
 FREQUENCY           354.78         C  4 -- C  6         +21.6% (106.0%)      0.0%
 TRANSITION DIPOLE   0.0006         C  3 -- C  5         +21.6% (105.9%)      0.0%
 TRAVEL (Ang.)       0.4159         C  1 -- C  3          +7.7% ( 63.3%)      0.0%
 REDUCED MASS        1.0989         C  1 -- C  4          +7.7% ( 63.3%)      0.0%
 EFFECTIVE MASS     17.1575
 FORCE CONSTANT      0.0815

 VIBRATION          4    4A           ATOM PAIR      ENERGY CONTRIBUTION    RADIAL
 FREQUENCY           398.96         C  2 -- C  7         +25.4% (196.4%)      0.0%
 TRANSITION DIPOLE   0.0030         C  7 -- H 15         +12.9% (139.6%)     95.5%
 TRAVEL (Ang.)       0.3504         C  7 -- H 14         +12.9% (139.6%)     95.5%
 REDUCED MASS        1.3765         C  2 -- C  5          +7.5% (106.9%)      0.4%
 EFFECTIVE MASS     27.9974
 FORCE CONSTANT      0.1291

 VIBRATION          5    5A           ATOM PAIR      ENERGY CONTRIBUTION    RADIAL
 FREQUENCY           503.85         C  2 -- C  6         +11.5% (129.3%)      0.0%
 TRANSITION DIPOLE   0.0079         C  2 -- C  5         +11.5% (129.3%)      0.0%
 TRAVEL (Ang.)       0.2840         C  7 -- H 14          +9.6% (118.1%)     29.3%
 REDUCED MASS        1.6589         C  7 -- H 15          +9.6% (118.1%)     29.3%
 EFFECTIVE MASS     20.4771
 FORCE CONSTANT      0.2481

 VIBRATION          6    6A           ATOM PAIR      ENERGY CONTRIBUTION    RADIAL
 FREQUENCY           561.27         C  2 -- C  6         +18.0% ( 70.2%)      0.0%
 TRANSITION DIPOLE   0.5818         C  2 -- C  5         +18.0% ( 70.2%)      0.0%
 TRAVEL (Ang.)       0.2807         C  2 -- C  7         +15.6% ( 65.3%)      0.0%
 REDUCED MASS        1.5253         C  1 -- H  8         +10.5% ( 53.6%)      1.7%
 EFFECTIVE MASS      7.5852         C  1 -- H  9         +10.5% ( 53.6%)      1.8%
 FORCE CONSTANT      0.2831

 VIBRATION          7    7A           ATOM PAIR      ENERGY CONTRIBUTION    RADIAL
 FREQUENCY           603.62         C  3 -- C  5         +12.4% (114.0%)      0.0%
 TRANSITION DIPOLE   0.0253         C  4 -- C  6         +12.4% (114.0%)      0.0%
 TRAVEL (Ang.)       0.2230         C  1 -- C  4         +11.3% (108.8%)      3.2%
 REDUCED MASS        2.2471         C  1 -- C  3         +11.3% (108.8%)      3.2%
 EFFECTIVE MASS     20.3939
 FORCE CONSTANT      0.4824

 VIBRATION          8    8A           ATOM PAIR      ENERGY CONTRIBUTION    RADIAL
 FREQUENCY           620.17         C  7 -- H 15         +43.4% ( 78.5%)      0.0%
 TRANSITION DIPOLE   0.0001         C  7 -- H 14         +43.4% ( 78.5%)      0.0%
 TRAVEL (Ang.)       0.5308         C  6 -- H 13          +3.3% ( 21.5%)      0.0%
 REDUCED MASS        0.3859         C  5 -- H 12          +3.2% ( 21.5%)      0.0%
 EFFECTIVE MASS      1.3757
 FORCE CONSTANT      0.0874

 VIBRATION          9    9A           ATOM PAIR      ENERGY CONTRIBUTION    RADIAL
 FREQUENCY           779.00         C  1 -- H  9         +15.2% ( 53.1%)     12.0%
 TRANSITION DIPOLE   0.3637         C  1 -- H  8         +15.2% ( 53.1%)     12.0%
 TRAVEL (Ang.)       0.3848         C  4 -- H 11         +13.2% ( 49.4%)      0.0%
 REDUCED MASS        0.5844         C  3 -- H 10         +13.0% ( 49.0%)      0.0%
 EFFECTIVE MASS      4.7784
 FORCE CONSTANT      0.2090

 VIBRATION         10   10A           ATOM PAIR      ENERGY CONTRIBUTION    RADIAL
 FREQUENCY           785.67         C  3 -- H 10         +22.8% ( 56.7%)      0.0%
 TRANSITION DIPOLE   0.0015         C  4 -- H 11         +22.5% ( 56.3%)      0.0%
 TRAVEL (Ang.)       0.5752         C  5 -- H 12         +18.8% ( 51.5%)      0.0%
 REDUCED MASS        0.2594         C  6 -- H 13         +18.7% ( 51.4%)      0.0%
 EFFECTIVE MASS      2.2890
 FORCE CONSTANT      0.0943

 VIBRATION         11   11A           ATOM PAIR      ENERGY CONTRIBUTION    RADIAL
 FREQUENCY           853.09         C  1 -- C  4         +12.8% ( 81.9%)      0.3%
 TRANSITION DIPOLE   0.0673         C  1 -- C  3         +12.8% ( 81.9%)      0.3%
 TRAVEL (Ang.)       0.2105         C  4 -- C  6          +8.7% ( 67.4%)      0.5%
 REDUCED MASS        1.7842         C  3 -- C  5          +8.7% ( 67.4%)      0.5%
 EFFECTIVE MASS     14.8936
 FORCE CONSTANT      0.7650

 VIBRATION         12   12A           ATOM PAIR      ENERGY CONTRIBUTION    RADIAL
 FREQUENCY           903.88         C  1 -- H  8         +16.4% ( 55.3%)     16.5%
 TRANSITION DIPOLE   0.3898         C  1 -- H  9         +16.4% ( 55.3%)     16.5%
 TRAVEL (Ang.)       0.3605         C  1 -- C  4         +14.0% ( 51.1%)      0.0%
 REDUCED MASS        0.5741         C  1 -- C  3         +14.0% ( 51.1%)      0.0%
 EFFECTIVE MASS      4.9951         C  5 -- H 12         +13.1% ( 49.5%)      0.0%
 FORCE CONSTANT      0.2763         C  6 -- H 13         +13.1% ( 49.4%)      0.0%

 VIBRATION         13   13A           ATOM PAIR      ENERGY CONTRIBUTION    RADIAL
 FREQUENCY           943.27         C  7 -- H 14         +33.3% ( 86.1%)     10.6%
 TRANSITION DIPOLE   0.0230         C  7 -- H 15         +33.3% ( 86.1%)     10.6%
 TRAVEL (Ang.)       0.3112         C  2 -- C  7         +13.1% ( 54.0%)      0.0%
 REDUCED MASS        0.7383         C  2 -- C  5          +3.6% ( 28.5%)     69.0%
 EFFECTIVE MASS      5.1682
 FORCE CONSTANT      0.3871

 VIBRATION         14   14A           ATOM PAIR      ENERGY CONTRIBUTION    RADIAL
 FREQUENCY           972.63         C  6 -- H 13         +20.3% ( 46.9%)      0.0%
 TRANSITION DIPOLE   0.0011         C  5 -- H 12         +20.2% ( 46.8%)      0.0%
 TRAVEL (Ang.)       0.4529         C  3 -- H 10         +14.0% ( 39.0%)      0.0%
 REDUCED MASS        0.3380         C  4 -- H 11         +13.9% ( 38.8%)      0.0%
 EFFECTIVE MASS      3.0730
 FORCE CONSTANT      0.1884

 VIBRATION         15   15A           ATOM PAIR      ENERGY CONTRIBUTION    RADIAL
 FREQUENCY           986.81         C  2 -- C  6         +14.7% ( 64.5%)     85.6%
 TRANSITION DIPOLE   0.0605         C  2 -- C  5         +14.7% ( 64.5%)     85.6%
 TRAVEL (Ang.)       0.2123         C  4 -- C  6         +14.7% ( 64.5%)      1.2%
 REDUCED MASS        1.5161         C  3 -- C  5         +14.7% ( 64.5%)      1.2%
 EFFECTIVE MASS     10.0018         C  6 -- H 13         +11.0% ( 55.9%)     96.8%
 FORCE CONSTANT      0.8698         C  5 -- H 12         +11.0% ( 55.9%)     96.8%

 VIBRATION         16   16A           ATOM PAIR      ENERGY CONTRIBUTION    RADIAL
 FREQUENCY           995.34         C  7 -- H 15         +24.4% ( 53.9%)      0.0%
 TRANSITION DIPOLE   0.6578         C  7 -- H 14         +24.4% ( 53.9%)      0.0%
 TRAVEL (Ang.)       0.3488         C  4 -- H 11          +7.6% ( 30.1%)      0.0%
 REDUCED MASS        0.5569         C  3 -- H 10          +7.6% ( 30.0%)      0.0%
 EFFECTIVE MASS      3.8706
 FORCE CONSTANT      0.3251

 VIBRATION         17   17A           ATOM PAIR      ENERGY CONTRIBUTION    RADIAL
 FREQUENCY          1008.83         C  1 -- C  4         +19.0% ( 76.2%)     83.3%
 TRANSITION DIPOLE   0.2168         C  1 -- C  3         +19.0% ( 76.2%)     83.3%
 TRAVEL (Ang.)       0.2210         C  1 -- H  8          +9.3% ( 53.3%)     51.0%
 REDUCED MASS        1.3686         C  1 -- H  9          +9.3% ( 53.3%)     51.1%
 EFFECTIVE MASS     10.8902
 FORCE CONSTANT      0.8207

 VIBRATION         18   18A           ATOM PAIR      ENERGY CONTRIBUTION    RADIAL
 FREQUENCY          1025.11         C  7 -- H 14          +9.2% ( 34.4%)      0.0%
 TRANSITION DIPOLE   0.3647         C  7 -- H 15          +9.2% ( 34.4%)      0.0%
 TRAVEL (Ang.)       0.3704         C  4 -- H 11          +8.6% ( 33.2%)      0.0%
 REDUCED MASS        0.4794         C  3 -- H 10          +8.6% ( 33.2%)      0.0%
 EFFECTIVE MASS      5.6460
 FORCE CONSTANT      0.2968

 VIBRATION         19   19A           ATOM PAIR      ENERGY CONTRIBUTION    RADIAL
 FREQUENCY          1049.87         C  1 -- H  8         +17.3% ( 53.2%)      0.0%
 TRANSITION DIPOLE   0.0193         C  1 -- H  9         +16.9% ( 52.6%)      0.0%
 TRAVEL (Ang.)       0.4753         C  1 -- C  3         +10.3% ( 41.0%)     74.8%
 REDUCED MASS        0.2842         C  1 -- C  4         +10.3% ( 41.0%)     74.8%
 EFFECTIVE MASS      4.2820
 FORCE CONSTANT      0.1846

 VIBRATION         20   20A           ATOM PAIR      ENERGY CONTRIBUTION    RADIAL
 FREQUENCY          1059.39         C  1 -- H  9         +40.5% ( 64.0%)      0.0%
 TRANSITION DIPOLE   0.0001         C  1 -- H  8         +39.9% ( 63.6%)      0.0%
 TRAVEL (Ang.)       0.3803         C  3 -- H 10          +4.6% ( 21.6%)      0.0%
 REDUCED MASS        0.4401         C  4 -- H 11          +4.6% ( 21.6%)      0.0%
 EFFECTIVE MASS      2.0290
 FORCE CONSTANT      0.2910

 VIBRATION         21   21A           ATOM PAIR      ENERGY CONTRIBUTION    RADIAL
 FREQUENCY          1147.80         C  3 -- H 10         +30.0% ( 56.0%)      0.2%
 TRANSITION DIPOLE   0.0125         C  4 -- H 11         +30.0% ( 56.0%)      0.2%
 TRAVEL (Ang.)       0.4968         C  5 -- H 12          +9.2% ( 31.1%)      1.6%
 REDUCED MASS        0.2380         C  6 -- H 13          +9.2% ( 31.1%)      1.6%
 EFFECTIVE MASS      1.4566
 FORCE CONSTANT      0.1847

 VIBRATION         22   22A           ATOM PAIR      ENERGY CONTRIBUTION    RADIAL
 FREQUENCY          1161.77         C  6 -- H 13         +27.5% ( 51.8%)      0.0%
 TRANSITION DIPOLE   0.0110         C  5 -- H 12         +27.5% ( 51.8%)      0.0%
 TRAVEL (Ang.)       0.4867         C  4 -- H 11         +19.6% ( 43.8%)      0.0%
 REDUCED MASS        0.2450         C  3 -- H 10         +19.6% ( 43.8%)      0.0%
 EFFECTIVE MASS      1.2130
 FORCE CONSTANT      0.1948

 VIBRATION         23   23A           ATOM PAIR      ENERGY CONTRIBUTION    RADIAL
 FREQUENCY          1228.42         C  6 -- H 13         +19.8% ( 52.3%)      0.0%
 TRANSITION DIPOLE   0.0043         C  5 -- H 12         +19.8% ( 52.3%)      0.0%
 TRAVEL (Ang.)       0.4940         C  3 -- H 10         +10.8% ( 38.6%)      0.0%
 REDUCED MASS        0.2250         C  4 -- H 11         +10.8% ( 38.6%)      0.0%
 EFFECTIVE MASS      2.4007
 FORCE CONSTANT      0.2000

 VIBRATION         24   24A           ATOM PAIR      ENERGY CONTRIBUTION    RADIAL
 FREQUENCY          1297.90         C  7 -- H 15         +10.9% ( 36.8%)      0.1%
 TRANSITION DIPOLE   0.1078         C  7 -- H 14         +10.9% ( 36.8%)      0.1%
 TRAVEL (Ang.)       0.4512         C  3 -- H 10          +9.4% ( 34.2%)      3.7%
 REDUCED MASS        0.2552         C  4 -- H 11          +9.4% ( 34.2%)      3.7%
 EFFECTIVE MASS      3.4154
 FORCE CONSTANT      0.2532

 VIBRATION         25   25A           ATOM PAIR      ENERGY CONTRIBUTION    RADIAL
 FREQUENCY          1349.68         C  1 -- H  9         +19.9% ( 44.7%)      4.3%
 TRANSITION DIPOLE   0.0372         C  1 -- H  8         +19.9% ( 44.7%)      4.3%
 TRAVEL (Ang.)       0.4564         C  7 -- H 15         +16.4% ( 40.7%)      1.7%
 REDUCED MASS        0.2399         C  7 -- H 14         +16.4% ( 40.7%)      1.7%
 EFFECTIVE MASS      2.3322
 FORCE CONSTANT      0.2575

 VIBRATION         26   26A           ATOM PAIR      ENERGY CONTRIBUTION    RADIAL
 FREQUENCY          1388.96         C  1 -- C  4         +11.3% ( 43.2%)     65.1%
 TRANSITION DIPOLE   0.1321         C  1 -- C  3         +11.3% ( 43.2%)     65.0%
 TRAVEL (Ang.)       0.3055         C  1 -- H  8         +10.5% ( 41.7%)      8.3%
 REDUCED MASS        0.5203         C  1 -- H  9         +10.5% ( 41.7%)      8.3%
 EFFECTIVE MASS      5.6658
 FORCE CONSTANT      0.5914

 VIBRATION         27   27A           ATOM PAIR      ENERGY CONTRIBUTION    RADIAL
 FREQUENCY          1413.16         C  1 -- C  3         +18.4% ( 65.2%)     66.0%
 TRANSITION DIPOLE   0.0561         C  1 -- C  4         +18.4% ( 65.2%)     66.0%
 TRAVEL (Ang.)       0.1309         C  1 -- H  9         +16.1% ( 61.0%)      0.0%
 REDUCED MASS        2.7837         C  1 -- H  8         +16.1% ( 61.0%)      0.0%
 EFFECTIVE MASS      9.4540
 FORCE CONSTANT      3.2753

 VIBRATION         28   28A           ATOM PAIR      ENERGY CONTRIBUTION    RADIAL
 FREQUENCY          1520.16         C  2 -- C  6         +21.5% ( 69.7%)     80.6%
 TRANSITION DIPOLE   0.0316         C  2 -- C  5         +21.5% ( 69.7%)     80.6%
 TRAVEL (Ang.)       0.1239         C  2 -- C  7         +12.9% ( 54.1%)      0.0%
 REDUCED MASS        2.8912         C  1 -- C  3          +7.3% ( 40.7%)     92.7%
 EFFECTIVE MASS     11.5259
 FORCE CONSTANT      3.9364

 VIBRATION         29   29A           ATOM PAIR      ENERGY CONTRIBUTION    RADIAL
 FREQUENCY          1840.07         C  2 -- C  7         +30.0% ( 80.9%)    100.0%
 TRANSITION DIPOLE   0.3004         C  2 -- C  5         +11.2% ( 49.5%)     29.9%
 TRAVEL (Ang.)       0.1169         C  2 -- C  6         +11.2% ( 49.5%)     30.0%
 REDUCED MASS        2.6804         C  3 -- C  5          +8.1% ( 42.0%)     99.3%
 EFFECTIVE MASS     11.8965
 FORCE CONSTANT      5.3472

 VIBRATION         30   30A           ATOM PAIR      ENERGY CONTRIBUTION    RADIAL
 FREQUENCY          1859.80         C  4 -- C  6         +21.9% ( 69.5%)    100.0%
 TRANSITION DIPOLE   0.0148         C  3 -- C  5         +21.9% ( 69.5%)    100.0%
 TRAVEL (Ang.)       0.1157         C  2 -- C  5          +7.7% ( 41.3%)     69.0%
 REDUCED MASS        2.7095         C  2 -- C  6          +7.7% ( 41.3%)     69.0%
 EFFECTIVE MASS     11.9202
 FORCE CONSTANT      5.5216

 VIBRATION         31   31A           ATOM PAIR      ENERGY CONTRIBUTION    RADIAL
 FREQUENCY          1890.52         C  2 -- C  7         +14.9% ( 57.2%)    100.0%
 TRANSITION DIPOLE   0.7291         C  4 -- C  6         +14.0% ( 55.5%)     99.8%
 TRAVEL (Ang.)       0.1327         C  3 -- C  5         +14.0% ( 55.5%)     99.8%
 REDUCED MASS        2.0257         C  2 -- C  6         +13.5% ( 54.5%)     36.9%
 EFFECTIVE MASS     11.8444         C  2 -- C  5         +13.5% ( 54.5%)     36.9%
 FORCE CONSTANT      4.2656

 VIBRATION         32   32A           ATOM PAIR      ENERGY CONTRIBUTION    RADIAL
 FREQUENCY          2928.35         C  1 -- H  8         +49.0% ( 72.6%)     96.6%
 TRANSITION DIPOLE   0.0608         C  1 -- H  9         +48.8% ( 72.5%)     96.6%
 TRAVEL (Ang.)       0.2110         C  1 -- C  4          +1.1% ( 10.8%)      0.0%
 REDUCED MASS        0.5173         C  1 -- C  3          +1.1% ( 10.8%)      0.0%
 EFFECTIVE MASS      1.5334
 FORCE CONSTANT      2.6136

 VIBRATION         33   33A           ATOM PAIR      ENERGY CONTRIBUTION    RADIAL
 FREQUENCY          3007.22         C  1 -- H  9         +48.8% ( 68.9%)     97.8%
 TRANSITION DIPOLE   0.1418         C  1 -- H  8         +48.6% ( 68.7%)     97.7%
 TRAVEL (Ang.)       0.2179         C  1 -- C  3          +0.7% (  8.1%)     21.3%
 REDUCED MASS        0.4722         C  1 -- C  4          +0.7% (  8.1%)     21.3%
 EFFECTIVE MASS      1.2821
 FORCE CONSTANT      2.5158

 VIBRATION         34   34A           ATOM PAIR      ENERGY CONTRIBUTION    RADIAL
 FREQUENCY          3042.90         C  6 -- H 13         +33.3% ( 58.6%)    100.0%
 TRANSITION DIPOLE   0.0646         C  5 -- H 12         +32.2% ( 57.7%)    100.0%
 TRAVEL (Ang.)       0.2917         C  4 -- H 11         +16.2% ( 40.9%)    100.0%
 REDUCED MASS        0.2604         C  3 -- H 10         +15.8% ( 40.3%)    100.0%
 EFFECTIVE MASS      1.4572
 FORCE CONSTANT      1.4205

 VIBRATION         35   35A           ATOM PAIR      ENERGY CONTRIBUTION    RADIAL
 FREQUENCY          3044.27         C  5 -- H 12         +33.3% ( 58.6%)    100.0%
 TRANSITION DIPOLE   0.3960         C  6 -- H 13         +32.4% ( 57.8%)    100.0%
 TRAVEL (Ang.)       0.2918         C  3 -- H 10         +16.0% ( 40.6%)    100.0%
 REDUCED MASS        0.2601         C  4 -- H 11         +15.4% ( 39.9%)    100.0%
 EFFECTIVE MASS      1.4773
 FORCE CONSTANT      1.4202

 VIBRATION         36   36A           ATOM PAIR      ENERGY CONTRIBUTION    RADIAL
 FREQUENCY          3063.00         C  3 -- H 10         +32.6% ( 57.9%)     99.9%
 TRANSITION DIPOLE   0.4113         C  4 -- H 11         +32.4% ( 57.8%)     99.9%
 TRAVEL (Ang.)       0.2906         C  5 -- H 12         +15.8% ( 40.4%)     99.9%
 REDUCED MASS        0.2608         C  6 -- H 13         +15.6% ( 40.1%)     99.9%
 EFFECTIVE MASS      1.5691
 FORCE CONSTANT      1.4415

 VIBRATION         37   37A           ATOM PAIR      ENERGY CONTRIBUTION    RADIAL
 FREQUENCY          3065.84         C  4 -- H 11         +32.3% ( 57.7%)     99.9%
 TRANSITION DIPOLE   0.1283         C  3 -- H 10         +32.0% ( 57.4%)     99.9%
 TRAVEL (Ang.)       0.2931         C  6 -- H 13         +15.6% ( 40.1%)     99.9%
 REDUCED MASS        0.2561         C  5 -- H 12         +15.6% ( 40.0%)     99.9%
 EFFECTIVE MASS      1.5997
 FORCE CONSTANT      1.4181

 VIBRATION         38   38A           ATOM PAIR      ENERGY CONTRIBUTION    RADIAL
 FREQUENCY          3140.23         C  7 -- H 14         +49.3% ( 70.2%)     95.3%
 TRANSITION DIPOLE   0.4015         C  7 -- H 15         +49.1% ( 70.0%)     95.2%
 TRAVEL (Ang.)       0.2103         C  2 -- C  7          +1.4% ( 12.0%)    100.0%
 REDUCED MASS        0.4856
 EFFECTIVE MASS      1.3775
 FORCE CONSTANT      2.8212

 VIBRATION         39   39A           ATOM PAIR      ENERGY CONTRIBUTION    RADIAL
 FREQUENCY          3142.83         C  7 -- H 15         +49.4% ( 72.1%)     97.1%
 TRANSITION DIPOLE   0.1861         C  7 -- H 14         +49.3% ( 71.9%)     97.1%
 TRAVEL (Ang.)       0.2003         C  2 -- C  7          +1.3% ( 11.7%)      0.0%
 REDUCED MASS        0.5347
 EFFECTIVE MASS      1.6064
 FORCE CONSTANT      3.1119

      SYMMETRY NUMBER FOR POINT-GROUP C1  =  1


          SYSTEM IS A GROUND STATE



 InChI=1S/C7H8/c1-7-5-3-2-4-6-7/h3-6H,1-2H2


          MOLECULE IS NOT LINEAR

          THERE ARE 39 GENUINE VIBRATIONS IN THIS SYSTEM
          THIS THERMODYNAMICS CALCULATION IS LIMITED TO
          MOLECULES WHICH HAVE NO INTERNAL ROTATIONS




                    CALCULATED THERMODYNAMIC PROPERTIES
                                          *
   TEMP. (K)   PARTITION FUNCTION   H.O.F.    ENTHALPY  HEAT CAPACITY ENTROPY
                                   KCAL/MOL   CAL/MOLE    CAL/K/MOL  CAL/K/MOL


 298.00  VIB.     0.1043D+02                  2064.9940    17.7614    11.5890
         ROT.     0.1753D+06                   888.2803     2.9808    26.9750
         INT.     0.1829D+07                  2953.2743    20.7422    38.5640
         TRA.     0.8551D+27                  1480.4672     4.9680    39.4718
         TOT.                       39.379    4433.7415    25.7102    78.0358

 200.00  VIB.     0.3711D+01                   742.3974     9.4030     6.3180
         ROT.     0.9639D+05                   596.1613     2.9808    25.7863
         INT.     0.3578D+06                  1338.5587    12.3838    32.1044
         TRA.     0.4701D+27                   993.6021     4.9680    37.4906
         TOT.                       37.278    2332.1608    17.3519    69.5950

 210.00  VIB.     0.4080D+01                   840.3560    10.1925     6.7958
         ROT.     0.1037D+06                   625.9693     2.9808    25.9318
         INT.     0.4231D+06                  1466.3254    13.1733    32.7276
         TRA.     0.5058D+27                  1043.2822     4.9680    37.7330
         TOT.                       37.455    2509.6076    18.1413    70.4606

 220.00  VIB.     0.4496D+01                   946.3199    11.0037     7.2886
         ROT.     0.1112D+06                   655.7774     2.9808    26.0704
         INT.     0.5000D+06                  1602.0973    13.9845    33.3591
         TRA.     0.5424D+27                  1092.9623     4.9680    37.9641
         TOT.                       37.641    2695.0596    18.9525    71.3232

 230.00  VIB.     0.4967D+01                  1060.4923    11.8338     7.7960
         ROT.     0.1189D+06                   685.5855     2.9808    26.2029
         INT.     0.5905D+06                  1746.0777    14.8146    33.9989
         TRA.     0.5798D+27                  1142.6424     4.9680    38.1850
         TOT.                       37.834    2888.7202    19.7826    72.1839

 240.00  VIB.     0.5501D+01                  1183.0487    12.6800     8.3175
         ROT.     0.1267D+06                   715.3935     2.9808    26.3298
         INT.     0.6971D+06                  1898.4422    15.6608    34.6473
         TRA.     0.6180D+27                  1192.3226     4.9680    38.3964
         TOT.                       38.036    3090.7648    20.6288    73.0437

 250.00  VIB.     0.6108D+01                  1314.1360    13.5395     8.8525
         ROT.     0.1347D+06                   745.2016     2.9808    26.4515
         INT.     0.8228D+06                  2059.3376    16.5203    35.3040
         TRA.     0.6570D+27                  1242.0027     4.9680    38.5992
         TOT.                       38.247    3301.3403    21.4883    73.9032

 260.00  VIB.     0.6798D+01                  1453.8723    14.4093     9.4004
         ROT.     0.1429D+06                   775.0097     2.9808    26.5684
         INT.     0.9712D+06                  2228.8819    17.3901    35.9688
         TRA.     0.6968D+27                  1291.6828     4.9680    38.7941
         TOT.                       38.466    3520.5647    22.3581    74.7629

 270.00  VIB.     0.7584D+01                  1602.3469    15.2867     9.9607
         ROT.     0.1512D+06                   804.8177     2.9808    26.6809
         INT.     0.1147D+07                  2407.1647    18.2675    36.6416
         TRA.     0.7374D+27                  1341.3629     4.9680    38.9816
         TOT.                       38.694    3748.5275    23.2355    75.6231

 280.00  VIB.     0.8480D+01                  1759.6221    16.1690    10.5325
         ROT.     0.1597D+06                   834.6258     2.9808    26.7893
         INT.     0.1354D+07                  2594.2479    19.1498    37.3218
         TRA.     0.7788D+27                  1391.0430     4.9680    39.1622
         TOT.                       38.931    3985.2909    24.1178    76.4841

 290.00  VIB.     0.9505D+01                  1925.7338    17.0536    11.1154
         ROT.     0.1683D+06                   864.4339     2.9808    26.8939
         INT.     0.1600D+07                  2790.1677    20.0344    38.0092
         TRA.     0.8209D+27                  1440.7231     4.9680    39.3366
         TOT.                       39.177    4230.8908    25.0024    77.3458

 300.00  VIB.     0.1068D+02                  2100.6936    17.9382    11.7084
         ROT.     0.1771D+06                   894.2419     2.9808    26.9949
         INT.     0.1891D+07                  2994.9355    20.9190    38.7034
         TRA.     0.8637D+27                  1490.4032     4.9680    39.5050
         TOT.                       39.431    4485.3387    25.8870    78.2084

 310.00  VIB.     0.1202D+02                  2284.4904    18.8206    12.3110
         ROT.     0.1860D+06                   924.0500     2.9808    27.0927
         INT.     0.2236D+07                  3208.5403    21.8014    39.4037
         TRA.     0.9072D+27                  1540.0833     4.9680    39.6679
         TOT.                       39.694    4748.6236    26.7695    79.0716

 320.00  VIB.     0.1356D+02                  2477.0926    19.6990    12.9224
         ROT.     0.1951D+06                   953.8580     2.9808    27.1873
         INT.     0.2646D+07                  3430.9507    22.6798    40.1097
         TRA.     0.9515D+27                  1589.7634     4.9680    39.8256
         TOT.                       39.966    5020.7141    27.6478    79.9354

 330.00  VIB.     0.1534D+02                  2678.4504    20.5715    13.5420
         ROT.     0.2043D+06                   983.6661     2.9808    27.2790
         INT.     0.3133D+07                  3662.1165    23.5523    40.8210
         TRA.     0.9964D+27                  1639.4435     4.9680    39.9785
         TOT.                       40.247    5301.5600    28.5203    80.7995

 340.00  VIB.     0.1737D+02                  2888.4971    21.4365    14.1689
         ROT.     0.2137D+06                  1013.4742     2.9808    27.3680
         INT.     0.3712D+07                  3901.9713    24.4173    41.5370
         TRA.     0.1042D+28                  1689.1236     4.9680    40.1268
         TOT.                       40.537    5591.0949    29.3854    81.6638

 350.00  VIB.     0.1972D+02                  3107.1520    22.2929    14.8027
         ROT.     0.2232D+06                  1043.2822     2.9808    27.4544
         INT.     0.4401D+07                  4150.4342    25.2737    42.2571
         TRA.     0.1088D+28                  1738.8037     4.9680    40.2708
         TOT.                       40.835    5889.2379    30.2417    82.5280

 360.00  VIB.     0.2243D+02                  3334.3215    23.1393    15.4426
         ROT.     0.2328D+06                  1073.0903     2.9808    27.5384
         INT.     0.5220D+07                  4407.4118    26.1201    42.9810
         TRA.     0.1135D+28                  1788.4838     4.9680    40.4108
         TOT.                       41.142    6195.8956    31.0881    83.3918

 370.00  VIB.     0.2555D+02                  3569.9015    23.9748    16.0880
         ROT.     0.2426D+06                  1102.8984     2.9808    27.6201
         INT.     0.6197D+07                  4672.7999    26.9556    43.7081
         TRA.     0.1183D+28                  1838.1639     4.9680    40.5469
         TOT.                       41.457    6510.9639    31.9236    84.2550

 380.00  VIB.     0.2915D+02                  3813.7791    24.7987    16.7384
         ROT.     0.2525D+06                  1132.7064     2.9808    27.6996
         INT.     0.7360D+07                  4946.4855    27.7795    44.4379
         TRA.     0.1231D+28                  1887.8440     4.9680    40.6794
         TOT.                       41.780    6834.3295    32.7475    85.1173

 390.00  VIB.     0.3333D+02                  4065.8334    25.6101    17.3930
         ROT.     0.2625D+06                  1162.5145     2.9808    27.7770
         INT.     0.8747D+07                  5228.3479    28.5909    45.1700
         TRA.     0.1280D+28                  1937.5242     4.9680    40.8084
         TOT.                       42.112    7165.8721    33.5589    85.9785

 400.00  VIB.     0.3815D+02                  4325.9381    26.4086    18.0515
         ROT.     0.2726D+06                  1192.3226     2.9808    27.8525
         INT.     0.1040D+08                  5518.2607    29.3894    45.9040
         TRA.     0.1330D+28                  1987.2043     4.9680    40.9342
         TOT.                       42.451    7505.4649    34.3575    86.8382

   *: NOTE: HEATS OF FORMATION ARE RELATIVE TO THE
            ELEMENTS IN THEIR STANDARD STATE AT 298K
              (=  Standard Enthalpy of Formation).

            Hvib:  Zero-point energy is not included.
                   frequencies of less than zero cm-1 are not included.
            Hrot = (3/2)RT
            Htra = (3/2)RT + pV = (5/2)RT

            Heat capacity is Cp, not Cv

          For more information, see: HTTP://OpenMOPAC.net/Manual/thermochemistry.html


           FORCE CONSTANT IN CARTESIAN COORDINATES (Millidynes/A)

    ATOM   CHEMICAL       X               Y               Z
   NUMBER   SYMBOL  FORCE CONSTANT  FORCE CONSTANT  FORCE CONSTANT

      1       C        9.009030        9.428182        7.614305
      2       C       15.830305       10.594563        2.432680
      3       C       15.159335        9.631147        2.365396
      4       C       15.159769        9.631160        2.365345
      5       C       15.393790       10.134137        2.206999
      6       C       15.393531       10.134484        2.207094
      7       C       15.088286        9.238677        1.898086
      8       H        2.053138        0.662689        3.442207
      9       H        2.058817        0.662969        3.437021
     10       H        1.891040        4.011786        0.346495
     11       H        1.891115        4.011827        0.346446
     12       H        1.925180        3.971211        0.344532
     13       H        1.924875        3.971358        0.345025
     14       H        2.074907        4.062546        0.324911
     15       H        2.075084        4.062406        0.324893

 **********************
 *                    *
 * JOB ENDED NORMALLY *
 *                    *
 **********************



 TOTAL JOB TIME:             0.98 SECONDS

 == MOPAC DONE ==
