 *******************************************************************************
 **                                                                           **
 **                              MOPAC v23.1.2                                **
 **                                                                           **
 *******************************************************************************
 **          Digital Object Identifier (DOI): 10.5281/zenodo.6511958          **
 **    Visit the DOI location for information on how to cite this program.    **
 *******************************************************************************

                              PM3 CALCULATION RESULTS

 *******************************************************************************
 *  CALCULATION DONE: (MAX THREADS = 1)              Tue Jun  3 16:30:57 2025  *
 *  PM3        - The PM3 Hamiltonian to be used
 *  PRECISE    - TIGHTER CRITERIA TO BE USED
 *  NOSYM      - POINT-GROUP SYMMETRY SET TO C1
 *  THREADS=1  - MULTI-THREADING NOT USED
 *  T=         - A TIME OF 172800.0 SECONDS REQUESTED
 *  DUMP=N     - RESTART FILE WRITTEN EVERY 7200.0 SECONDS REQUESTED
 *******************************************************************************
pm3  precise nosym THREADS=1
 InChI=1S/C6H8/c1-2-4-6-5-3-1/h1-2,5-6H,3-4H2

   ATOM   CHEMICAL          X               Y               Z
  NUMBER   SYMBOL      (ANGSTROMS)     (ANGSTROMS)     (ANGSTROMS)

     1       C         -1.43380000  *   0.25600000  *   0.11080000  *
     2       C          1.40970000  *  -0.30360000  *   0.23300000  *
     3       C         -0.41620000  *   1.36420000  *   0.00010000  *
     4       C          0.89970000  *   1.10520000  *   0.05660000  *
     5       C         -0.87780000  *  -1.06190000  *  -0.36880000  *
     6       C          0.43810000  *  -1.32090000  *  -0.31220000  *
     7       H         -1.74010000  *   0.15270000  *   1.17300000  *
     8       H         -2.32920000  *   0.51790000  *  -0.49120000  *
     9       H          2.38400000  *  -0.40970000  *  -0.28870000  *
    10       H          1.56530000  *  -0.49780000  *   1.31500000  *
    11       H         -0.75690000  *   2.39130000  *  -0.08710000  *
    12       H          1.60960000  *   1.92550000  *   0.01450000  *
    13       H         -1.55940000  *  -1.82650000  *  -0.72840000  *
    14       H          0.80710000  *  -2.29230000  *  -0.62680000  *



          CARTESIAN COORDINATES 

    NO.       ATOM           X           Y           Z

     1         C         -1.4338      0.2560      0.1108
     2         C          1.4097     -0.3036      0.2330
     3         C         -0.4162      1.3642      0.0001
     4         C          0.8997      1.1052      0.0566
     5         C         -0.8778     -1.0619     -0.3688
     6         C          0.4381     -1.3209     -0.3122
     7         H         -1.7401      0.1527      1.1730
     8         H         -2.3292      0.5179     -0.4912
     9         H          2.3840     -0.4097     -0.2887
    10         H          1.5653     -0.4978      1.3150
    11         H         -0.7569      2.3913     -0.0871
    12         H          1.6096      1.9255      0.0145
    13         H         -1.5594     -1.8265     -0.7284
    14         H          0.8071     -2.2923     -0.6268

  H: (PM3): J. J. P. STEWART, J. COMP. CHEM. 10, 209 (1989).
  C: (PM3): J. J. P. STEWART, J. COMP. CHEM. 10, 209 (1989).

           Empirical Formula: C6 H8  =    14 atoms



      MOLECULAR POINT GROUP   :   C1  


      RHF CALCULATION, NO. OF DOUBLY OCCUPIED LEVELS = 16


          Geometry optimization using EF

          DIAGONAL MATRIX USED AS START HESSIAN

 CYCLE:     1 TIME:   0.004 TIME LEFT:  2.00D  GRAD.:    59.772 HEAT:  22.21448
 CYCLE:     2 TIME:   0.008 TIME LEFT:  2.00D  GRAD.:    36.564 HEAT:  21.32308
 CYCLE:     3 TIME:   0.004 TIME LEFT:  2.00D  GRAD.:    30.026 HEAT:  20.95583
 CYCLE:     4 TIME:   0.008 TIME LEFT:  2.00D  GRAD.:    15.461 HEAT:  20.78726
 CYCLE:     5 TIME:   0.004 TIME LEFT:  2.00D  GRAD.:    20.961 HEAT:  20.78462
 CYCLE:     6 TIME:   0.004 TIME LEFT:  2.00D  GRAD.:    19.134 HEAT:  20.67748
 CYCLE:     7 TIME:   0.004 TIME LEFT:  2.00D  GRAD.:    23.272 HEAT:  20.65239
 CYCLE:     8 TIME:   0.004 TIME LEFT:  2.00D  GRAD.:    19.638 HEAT:  20.57946
 CYCLE:     9 TIME:   0.004 TIME LEFT:  2.00D  GRAD.:     8.192 HEAT:  20.48292
 CYCLE:    10 TIME:   0.008 TIME LEFT:  2.00D  GRAD.:     7.865 HEAT:  20.46588
 CYCLE:    11 TIME:   0.004 TIME LEFT:  2.00D  GRAD.:     5.394 HEAT:  20.44397
 CYCLE:    12 TIME:   0.004 TIME LEFT:  2.00D  GRAD.:     5.680 HEAT:  20.42390
 CYCLE:    13 TIME:   0.004 TIME LEFT:  2.00D  GRAD.:     7.275 HEAT:  20.40848
 CYCLE:    14 TIME:   0.004 TIME LEFT:  2.00D  GRAD.:     6.956 HEAT:  20.38724
 CYCLE:    15 TIME:   0.004 TIME LEFT:  2.00D  GRAD.:    10.929 HEAT:  20.37431
 CYCLE:    16 TIME:   0.008 TIME LEFT:  2.00D  GRAD.:     5.305 HEAT:  20.33054
 CYCLE:    17 TIME:   0.004 TIME LEFT:  2.00D  GRAD.:     7.705 HEAT:  20.27515
 CYCLE:    18 TIME:   0.004 TIME LEFT:  2.00D  GRAD.:     9.466 HEAT:  20.20739
 CYCLE:    19 TIME:   0.004 TIME LEFT:  2.00D  GRAD.:     9.555 HEAT:  20.12021
 CYCLE:    20 TIME:   0.008 TIME LEFT:  2.00D  GRAD.:     7.719 HEAT:  19.95192
 CYCLE:    21 TIME:   0.004 TIME LEFT:  2.00D  GRAD.:     9.271 HEAT:  19.77886
 CYCLE:    22 TIME:   0.004 TIME LEFT:  2.00D  GRAD.:    10.298 HEAT:  19.63637
 CYCLE:    23 TIME:   0.004 TIME LEFT:  2.00D  GRAD.:    10.206 HEAT:  19.58934
 CYCLE:    24 TIME:   0.004 TIME LEFT:  2.00D  GRAD.:     6.993 HEAT:  19.53595
 CYCLE:    25 TIME:   0.004 TIME LEFT:  2.00D  GRAD.:     5.966 HEAT:  19.51230
 CYCLE:    26 TIME:   0.004 TIME LEFT:  2.00D  GRAD.:     3.675 HEAT:  19.48071
 CYCLE:    27 TIME:   0.004 TIME LEFT:  2.00D  GRAD.:     3.608 HEAT:  19.43721
 CYCLE:    28 TIME:   0.004 TIME LEFT:  2.00D  GRAD.:     4.148 HEAT:  19.41538
 CYCLE:    29 TIME:   0.008 TIME LEFT:  2.00D  GRAD.:     2.730 HEAT:  19.40286
 CYCLE:    30 TIME:   0.004 TIME LEFT:  2.00D  GRAD.:     2.252 HEAT:  19.38500
 CYCLE:    31 TIME:   0.004 TIME LEFT:  2.00D  GRAD.:     3.170 HEAT:  19.37272
 CYCLE:    32 TIME:   0.004 TIME LEFT:  2.00D  GRAD.:     2.624 HEAT:  19.36900
 CYCLE:    33 TIME:   0.004 TIME LEFT:  2.00D  GRAD.:     1.230 HEAT:  19.36343
 CYCLE:    34 TIME:   0.004 TIME LEFT:  2.00D  GRAD.:     0.917 HEAT:  19.36116
 CYCLE:    35 TIME:   0.008 TIME LEFT:  2.00D  GRAD.:     0.819 HEAT:  19.35982
 CYCLE:    36 TIME:   0.004 TIME LEFT:  2.00D  GRAD.:     0.532 HEAT:  19.35903
 CYCLE:    37 TIME:   0.004 TIME LEFT:  2.00D  GRAD.:     0.307 HEAT:  19.35865
 CYCLE:    38 TIME:   0.004 TIME LEFT:  2.00D  GRAD.:     0.173 HEAT:  19.35854
 CYCLE:    39 TIME:   0.004 TIME LEFT:  2.00D  GRAD.:     0.120 HEAT:  19.35849
 CYCLE:    40 TIME:   0.008 TIME LEFT:  2.00D  GRAD.:     0.104 HEAT:  19.35847
 CYCLE:    41 TIME:   0.004 TIME LEFT:  2.00D  GRAD.:     0.068 HEAT:  19.35845
 CYCLE:    42 TIME:   0.004 TIME LEFT:  2.00D  GRAD.:     0.077 HEAT:  19.35845
 CYCLE:    43 TIME:   0.004 TIME LEFT:  2.00D  GRAD.:     0.036 HEAT:  19.35844

     GRADIENT =  0.03592 IS LESS THAN CUTOFF =  0.05000



 -------------------------------------------------------------------------------
 pm3  precise nosym THREADS=1
 InChI=1S/C6H8/c1-2-4-6-5-3-1/h1-2,5-6H,3-4H2



     GEOMETRY OPTIMISED USING EIGENVECTOR FOLLOWING (EF).     
     SCF FIELD WAS ACHIEVED                                   


                              PM3 CALCULATION
                                                       MOPAC v23.1.2 MacOS
                                                       Tue Jun  3 16:30:57 2025




          FINAL HEAT OF FORMATION =         19.35844 KCAL/MOL =      80.99572 KJ/MOL


          COSMO AREA              =        123.15 SQUARE ANGSTROMS
          COSMO VOLUME            =        111.94 CUBIC ANGSTROMS

          GRADIENT NORM           =          0.03592          =       0.00960 PER ATOM
          IONIZATION POTENTIAL    =          9.190251 EV
          HOMO LUMO ENERGIES (EV) =         -9.190  1.080
          NO. OF FILLED LEVELS    =         16
          MOLECULAR WEIGHT        =         80.1292         POINT GROUP:  C1  

          MOLECULAR DIMENSIONS (Angstroms)

            Atom       Atom       Distance
            H    13    H    12     5.01461
            H    14    H    11     4.28599
            H     8    H    10     1.77269


          SCF CALCULATIONS        =         49

          WALL-CLOCK TIME         =      0.215 SECONDS
          COMPUTATION TIME        =      0.102 SECONDS




   ATOM   CHEMICAL          X               Y               Z
  NUMBER   SYMBOL      (ANGSTROMS)     (ANGSTROMS)     (ANGSTROMS)

     1       C         -1.44690744  *   0.28841068  *  -0.08594139  *
     2       C          1.45026654  *  -0.28179584  *   0.03836886  *
     3       C         -0.42155001  *   1.34163775  *   0.13185140  *
     4       C          0.88540874  *   1.08447068  *   0.18772853  *
     5       C         -0.88199691  *  -1.07774326  *  -0.23597829  *
     6       C          0.42494200  *  -1.33495280  *  -0.17986771  *
     7       H         -2.16269425  *   0.29569708  *   0.76160690  *
     8       H         -2.04007896  *   0.53866325  *  -0.98942868  *
     9       H          2.16654938  *  -0.28945749  *  -0.80877512  *
    10       H          2.04282315  *  -0.53184612  *   0.94230429  *
    11       H         -0.79960393  *   2.36358488  *   0.24696680  *
    12       H          1.61102534  *   1.88931919  *   0.34983349  *
    13       H         -1.60759802  *  -1.88246636  *  -0.39875962  *
    14       H          0.80290004  *  -2.35689885  *  -0.29521420  *

                             CARTESIAN COORDINATES

   1    C       -1.446907443     0.288410677    -0.085941388
   2    C        1.450266545    -0.281795837     0.038368859
   3    C       -0.421550006     1.341637752     0.131851403
   4    C        0.885408743     1.084470681     0.187728531
   5    C       -0.881996912    -1.077743264    -0.235978285
   6    C        0.424942000    -1.334952798    -0.179867706
   7    H       -2.162694253     0.295697081     0.761606898
   8    H       -2.040078957     0.538663245    -0.989428684
   9    H        2.166549376    -0.289457490    -0.808775123
  10    H        2.042823145    -0.531846122     0.942304289
  11    H       -0.799603933     2.363584884     0.246966801
  12    H        1.611025340     1.889319194     0.349833493
  13    H       -1.607598015    -1.882466358    -0.398759618
  14    H        0.802900036    -2.356898846    -0.295214196


           Empirical Formula: C6 H8  =    14 atoms



      MOLECULAR POINT GROUP   :   C1  


                  EIGENVALUES  
 -39.44223 -30.50862 -29.83962 -22.75805 -20.58639 -17.84909 -15.87734 -15.57043
 -15.24718 -14.54229 -13.94169 -13.54006 -12.64940 -11.59322 -10.39086  -9.19025
   1.08016   1.16116   3.39434   3.51429   3.53058   3.82285   3.86862   4.11183
   4.38902   4.50103   4.63319   4.70125   5.35096   5.37135   5.97119   6.20312


              NET ATOMIC CHARGES AND DIPOLE CONTRIBUTIONS

  ATOM NO.   TYPE          CHARGE      No. of ELECS.   s-Pop       p-Pop       
    1          C          -0.020134        4.0201     1.13121     2.88892
    2          C          -0.020121        4.0201     1.13121     2.88891
    3          C          -0.146779        4.1468     1.19292     2.95386
    4          C          -0.146778        4.1468     1.19293     2.95385
    5          C          -0.146787        4.1468     1.19292     2.95386
    6          C          -0.146782        4.1468     1.19292     2.95386
    7          H           0.059458        0.9405     0.94054
    8          H           0.059442        0.9406     0.94056
    9          H           0.059447        0.9406     0.94055
   10          H           0.059455        0.9405     0.94054
   11          H           0.097389        0.9026     0.90261
   12          H           0.097401        0.9026     0.90260
   13          H           0.097399        0.9026     0.90260
   14          H           0.097389        0.9026     0.90261
 DIPOLE           X         Y         Z       TOTAL
 POINT-CHG.     0.000     0.000     0.000     0.000
 HYBRID        -0.000    -0.000    -0.000     0.000
 SUM           -0.000    -0.000     0.000     0.000


          ATOMIC ORBITAL ELECTRON POPULATIONS

     Atom    s        px        py        pz   
    1  C   1.13121   0.96220   0.92332   1.00340
    2  C   1.13121   0.96220   0.92331   1.00340
    3  C   1.19292   0.95493   0.98363   1.01529
    4  C   1.19293   0.96395   0.97430   1.01560
    5  C   1.19292   0.96396   0.97431   1.01560
    6  C   1.19292   0.95494   0.98363   1.01529
    7  H   0.94054
    8  H   0.94056
    9  H   0.94055
   10  H   0.94054
   11  H   0.90261
   12  H   0.90260
   13  H   0.90260
   14  H   0.90261
 *******************************************************************************
 **                                                                           **
 **                              MOPAC v23.1.2                                **
 **                                                                           **
 *******************************************************************************
 **          Digital Object Identifier (DOI): 10.5281/zenodo.6511958          **
 **    Visit the DOI location for information on how to cite this program.    **
 *******************************************************************************

                              PM3 CALCULATION RESULTS

 *******************************************************************************
 *  CALCULATION DONE: (MAX THREADS = 1)              Tue Jun  3 16:30:57 2025  *
 *  PM3        - The PM3 Hamiltonian to be used
 *  OLDGEO     - PREVIOUS GEOMETRY TO BE USED
 *  PRECISE    - TIGHTER CRITERIA TO BE USED
 *  NOSYM      - POINT-GROUP SYMMETRY SET TO C1
 *  THREADS=1  - MULTI-THREADING NOT USED
 *  T=         - A TIME OF 172800.0 SECONDS REQUESTED
 *  DUMP=N     - RESTART FILE WRITTEN EVERY 7200.0 SECONDS REQUESTED
 *  THERMO     - THERMODYNAMIC QUANTITIES TO BE CALCULATED
 *******************************************************************************
oldgeo thermo nosym precise THREADS=1  pm3
 InChI=1S/C6H8/c1-2-4-6-5-3-1/h1-2,5-6H,3-4H2

   ATOM   CHEMICAL          X               Y               Z
  NUMBER   SYMBOL      (ANGSTROMS)     (ANGSTROMS)     (ANGSTROMS)

     1       C         -1.44690744  *   0.28841068  *  -0.08594139  *
     2       C          1.45026654  *  -0.28179584  *   0.03836886  *
     3       C         -0.42155001  *   1.34163775  *   0.13185140  *
     4       C          0.88540874  *   1.08447068  *   0.18772853  *
     5       C         -0.88199691  *  -1.07774326  *  -0.23597829  *
     6       C          0.42494200  *  -1.33495280  *  -0.17986771  *
     7       H         -2.16269425  *   0.29569708  *   0.76160690  *
     8       H         -2.04007896  *   0.53866325  *  -0.98942868  *
     9       H          2.16654938  *  -0.28945749  *  -0.80877512  *
    10       H          2.04282315  *  -0.53184612  *   0.94230429  *
    11       H         -0.79960393  *   2.36358488  *   0.24696680  *
    12       H          1.61102534  *   1.88931919  *   0.34983349  *
    13       H         -1.60759802  *  -1.88246636  *  -0.39875962  *
    14       H          0.80290004  *  -2.35689885  *  -0.29521420  *



          CARTESIAN COORDINATES 

    NO.       ATOM           X           Y           Z

     1         C         -1.4469      0.2884     -0.0859
     2         C          1.4503     -0.2818      0.0384
     3         C         -0.4216      1.3416      0.1319
     4         C          0.8854      1.0845      0.1877
     5         C         -0.8820     -1.0777     -0.2360
     6         C          0.4249     -1.3350     -0.1799
     7         H         -2.1627      0.2957      0.7616
     8         H         -2.0401      0.5387     -0.9894
     9         H          2.1665     -0.2895     -0.8088
    10         H          2.0428     -0.5318      0.9423
    11         H         -0.7996      2.3636      0.2470
    12         H          1.6110      1.8893      0.3498
    13         H         -1.6076     -1.8825     -0.3988
    14         H          0.8029     -2.3569     -0.2952

  H: (PM3): J. J. P. STEWART, J. COMP. CHEM. 10, 209 (1989).
  C: (PM3): J. J. P. STEWART, J. COMP. CHEM. 10, 209 (1989).

           Empirical Formula: C6 H8  =    14 atoms



      MOLECULAR POINT GROUP   :   C1  


      RHF CALCULATION, NO. OF DOUBLY OCCUPIED LEVELS = 16



          HEAT OF FORMATION =      19.358441 KCALS/MOLE


          CARTESIAN COORDINATE DERIVATIVES

   NUMBER  ATOM         X            Y            Z

     1       C      0.000156    -0.004102     0.011376
     2       C     -0.000061    -0.003291     0.013340
     3       C      0.014683     0.000716     0.002266
     4       C      0.008151     0.001864    -0.006106
     5       C     -0.004404     0.003149     0.002644
     6       C      0.001198     0.003201    -0.005554
     7       H     -0.004474    -0.006659    -0.011894
     8       H     -0.000781    -0.002161     0.003702
     9       H      0.005620    -0.003499    -0.001210
    10       H     -0.003487     0.005564    -0.005368
    11       H     -0.004692    -0.004052     0.004796
    12       H      0.001704     0.010872    -0.005205
    13       H     -0.004753    -0.005659    -0.003690
    14       H     -0.008860     0.004056     0.000904



          GRADIENT NORM =   0.03818

          MOLECULAR WEIGHT =   80.13



          ROTATIONAL CONSTANTS IN CM(-1)

          A =    0.17398335   B =    0.16589651   C =    0.08771911



           PRINCIPAL MOMENTS OF INERTIA IN UNITS OF 10**(-40)*GRAM-CM**2

          A =      160.8933   B =      168.7362   C =      319.1180


          ORIENTATION OF MOLECULE IN FORCE CALCULATION

    NO.       ATOM         X         Y         Z

     1          C      -1.4777   -0.0000    0.0002
     2          C       1.4777   -0.0000    0.0002
     3          C      -0.6666    1.2451    0.0002
     4          C       0.6666    1.2451   -0.0000
     5          C      -0.6666   -1.2451   -0.0003
     6          C       0.6666   -1.2451   -0.0003
     7          H      -2.1451   -0.0002    0.8863
     8          H      -2.1455    0.0002   -0.8857
     9          H       2.1457    0.0000   -0.8855
    10          H       2.1448   -0.0000    0.8866
    11          H      -1.2295    2.1851    0.0003
    12          H       1.2295    2.1852   -0.0003
    13          H      -1.2295   -2.1851   -0.0007
    14          H       1.2294   -2.1851   -0.0006


    FIRST DERIVATIVES WILL BE USED IN THE CALCULATION OF SECOND DERIVATIVES

          ESTIMATED TIME TO COMPLETE CALCULATION =        0.66 SECONDS

    FOR POINT-GROUP C1   THERE ARE   1 UNIQUE SYMMETRY FUNCTIONS.

 STEP:   1 TIME =     0.01 SECS, INTEGRAL =      0.01 TIME LEFT: 172799.98
 STEP:   2 TIME =     0.01 SECS, INTEGRAL =      0.02 TIME LEFT: 172799.98
 STEP:   3 TIME =     0.01 SECS, INTEGRAL =      0.03 TIME LEFT: 172799.97
 STEP:   4 TIME =     0.01 SECS, INTEGRAL =      0.04 TIME LEFT: 172799.96
 STEP:   5 TIME =     0.01 SECS, INTEGRAL =      0.04 TIME LEFT: 172799.95
 STEP:   6 TIME =     0.01 SECS, INTEGRAL =      0.05 TIME LEFT: 172799.95
 STEP:   7 TIME =     0.01 SECS, INTEGRAL =      0.06 TIME LEFT: 172799.94
 STEP:   8 TIME =     0.01 SECS, INTEGRAL =      0.07 TIME LEFT: 172799.93
 STEP:   9 TIME =     0.01 SECS, INTEGRAL =      0.08 TIME LEFT: 172799.92
 STEP:  10 TIME =     0.01 SECS, INTEGRAL =      0.09 TIME LEFT: 172799.91
 STEP:  11 TIME =     0.01 SECS, INTEGRAL =      0.09 TIME LEFT: 172799.90
 STEP:  12 TIME =     0.01 SECS, INTEGRAL =      0.10 TIME LEFT: 172799.89
 STEP:  13 TIME =     0.01 SECS, INTEGRAL =      0.11 TIME LEFT: 172799.89
 STEP:  14 TIME =     0.01 SECS, INTEGRAL =      0.12 TIME LEFT: 172799.88
 STEP:  15 TIME =     0.01 SECS, INTEGRAL =      0.12 TIME LEFT: 172799.87
 STEP:  16 TIME =     0.01 SECS, INTEGRAL =      0.13 TIME LEFT: 172799.86
 STEP:  17 TIME =     0.01 SECS, INTEGRAL =      0.14 TIME LEFT: 172799.86
 STEP:  18 TIME =     0.01 SECS, INTEGRAL =      0.15 TIME LEFT: 172799.84
 STEP:  19 TIME =     0.01 SECS, INTEGRAL =      0.16 TIME LEFT: 172799.84
 STEP:  20 TIME =     0.01 SECS, INTEGRAL =      0.17 TIME LEFT: 172799.82
 STEP:  21 TIME =     0.01 SECS, INTEGRAL =      0.18 TIME LEFT: 172799.81
 STEP:  22 TIME =     0.01 SECS, INTEGRAL =      0.19 TIME LEFT: 172799.80
 STEP:  23 TIME =     0.01 SECS, INTEGRAL =      0.20 TIME LEFT: 172799.80
 STEP:  24 TIME =     0.01 SECS, INTEGRAL =      0.21 TIME LEFT: 172799.79
 STEP:  25 TIME =     0.01 SECS, INTEGRAL =      0.22 TIME LEFT: 172799.78
 STEP:  26 TIME =     0.01 SECS, INTEGRAL =      0.23 TIME LEFT: 172799.77
 STEP:  27 TIME =     0.01 SECS, INTEGRAL =      0.24 TIME LEFT: 172799.76
 STEP:  28 TIME =     0.01 SECS, INTEGRAL =      0.25 TIME LEFT: 172799.75
 STEP:  29 TIME =     0.01 SECS, INTEGRAL =      0.25 TIME LEFT: 172799.74
 STEP:  30 TIME =     0.01 SECS, INTEGRAL =      0.26 TIME LEFT: 172799.73
 STEP:  31 TIME =     0.01 SECS, INTEGRAL =      0.27 TIME LEFT: 172799.73
 STEP:  32 TIME =     0.01 SECS, INTEGRAL =      0.28 TIME LEFT: 172799.72
 STEP:  33 TIME =     0.01 SECS, INTEGRAL =      0.29 TIME LEFT: 172799.71
 STEP:  34 TIME =     0.01 SECS, INTEGRAL =      0.29 TIME LEFT: 172799.70
 STEP:  35 TIME =     0.01 SECS, INTEGRAL =      0.30 TIME LEFT: 172799.70
 STEP:  36 TIME =     0.01 SECS, INTEGRAL =      0.31 TIME LEFT: 172799.68
 STEP:  37 TIME =     0.01 SECS, INTEGRAL =      0.32 TIME LEFT: 172799.67
 STEP:  38 TIME =     0.01 SECS, INTEGRAL =      0.33 TIME LEFT: 172799.66
 STEP:  39 TIME =     0.01 SECS, INTEGRAL =      0.34 TIME LEFT: 172799.65
 STEP:  40 TIME =     0.01 SECS, INTEGRAL =      0.35 TIME LEFT: 172799.64
 STEP:  41 TIME =     0.01 SECS, INTEGRAL =      0.36 TIME LEFT: 172799.64
 STEP:  42 TIME =     0.01 SECS, INTEGRAL =      0.37 TIME LEFT: 172799.62

(To convert to Hartree/Bohr^2, multiply by (10^(-21) x N x a0^2)/(4.184 x 627.51) =  0.0642)


           FORCE MATRIX IN MILLIDYNES/ANGSTROM


                  C  1       C  2       C  3       C  4       C  5       C  6
 ------------------------------------------------------------------------------
     C    1  15.126160
     C    2   0.206802  15.125980
     C    3   5.023171   0.845011  18.268990
     C    4   0.844860   5.023453  10.722903  18.268735
     C    5   5.023959   0.844887   0.735661   0.053051  18.269152
     C    6   0.845030   5.023422   0.053086   0.735641  10.722983  18.269235
     H    7   4.388004   0.014145   0.421707   0.038047   0.421672   0.038047
     H    8   4.387707   0.014152   0.421663   0.038055   0.421667   0.038061
     H    9   0.014137   4.387700   0.038070   0.421701   0.038065   0.421671
     H   10   0.014144   4.387912   0.038036   0.421639   0.038039   0.421675
     H   11   0.425497   0.128054   4.824504   0.445389   0.046227   0.003552
     H   12   0.128058   0.425497   0.445378   4.824210   0.003551   0.046224
     H   13   0.425502   0.128056   0.046224   0.003552   4.824250   0.445391
     H   14   0.128053   0.425496   0.003552   0.046225   0.445374   4.824759


                  H  7       H  8       H  9       H 10       H 11       H 12
 ------------------------------------------------------------------------------
     H    7   4.972879
     H    8   0.566683   4.972528
     H    9   0.002642   0.002395   4.972488
     H   10   0.002397   0.002645   0.566575   4.972676
     H   11   0.027631   0.027662   0.016726   0.016736   5.201806
     H   12   0.016734   0.016733   0.027653   0.027622   0.071530   5.201529
     H   13   0.027634   0.027663   0.016727   0.016733   0.006866   0.001000
     H   14   0.016735   0.016733   0.027668   0.027616   0.000999   0.006865


                  H 13       H 14
 ------------------------------
     H   13   5.201569
     H   14   0.071532   5.202056


          HEAT OF FORMATION =      19.358441 KCALS/MOLE

          ZERO POINT ENERGY      75.331 KCAL/MOL


           NORMAL COORDINATE ANALYSIS (Total motion = 1 Angstrom)


   Root No.       1         2         3         4         5         6         7         8

                 1 A       2 A       3 A       4 A       5 A       6 A       7 A       8 A   

                  75.8     361.8     362.1     539.4     590.0     675.1     770.8     855.1
  
           1    0.0000   -0.0000    0.0000    0.0856   -0.0000   -0.0000   -0.0000   -0.0000
           2   -0.0000   -0.0000   -0.0000   -0.0000   -0.0507    0.0000    0.0000   -0.0000
           3    0.0440    0.0124   -0.0007   -0.0000   -0.0000   -0.0176   -0.0000    0.0377
           4   -0.0000    0.0000   -0.0000   -0.0856    0.0000    0.0000   -0.0000   -0.0000
           5   -0.0000    0.0000    0.0000    0.0000    0.0507   -0.0000   -0.0000    0.0000
           6    0.0440   -0.0124    0.0007   -0.0000    0.0000   -0.0176   -0.0000   -0.0377
           7    0.0000   -0.0000    0.0000    0.0029    0.0760   -0.0000   -0.0000    0.0000
           8    0.0000   -0.0000   -0.0000    0.0606   -0.0791   -0.0000   -0.0000   -0.0000
           9   -0.0244   -0.0323    0.0567   -0.0000   -0.0000   -0.0066   -0.0236   -0.0005
          10    0.0000   -0.0000   -0.0000   -0.0029    0.0760   -0.0000   -0.0000    0.0000
          11   -0.0000   -0.0000   -0.0000    0.0606    0.0791   -0.0000   -0.0000    0.0000
          12   -0.0244    0.0323   -0.0567    0.0000   -0.0000   -0.0066   -0.0236    0.0005
          13    0.0000   -0.0000    0.0000    0.0029   -0.0760    0.0000    0.0000    0.0000
          14    0.0000    0.0000    0.0000   -0.0606   -0.0791    0.0000   -0.0000    0.0000
          15   -0.0244   -0.0365   -0.0527   -0.0000   -0.0000   -0.0066    0.0236   -0.0005
          16    0.0000   -0.0000    0.0000   -0.0029   -0.0760    0.0000    0.0000    0.0000
          17    0.0000   -0.0000   -0.0000   -0.0606    0.0791    0.0000   -0.0000   -0.0000
          18   -0.0244    0.0365    0.0527   -0.0000    0.0000   -0.0066    0.0236    0.0005
          19    0.0782    0.0937   -0.0053    0.0905    0.0000    0.0890    0.0000   -0.1013
          20   -0.0000   -0.0023   -0.0603    0.0000    0.0052   -0.0000    0.0472    0.0000
          21    0.1033    0.0851   -0.0049    0.0031    0.0000    0.0527    0.0000   -0.0416
          22   -0.0782   -0.0937    0.0053    0.0903   -0.0000   -0.0890   -0.0000    0.1012
          23   -0.0000    0.0022    0.0603   -0.0000    0.0053   -0.0000   -0.0471    0.0000
          24    0.1033    0.0851   -0.0048   -0.0030    0.0000    0.0527   -0.0000   -0.0416
          25    0.0782   -0.0937    0.0053   -0.0904    0.0000    0.0890    0.0000    0.1012
          26   -0.0000   -0.0023   -0.0603    0.0000   -0.0053   -0.0000   -0.0471    0.0000
          27    0.1033   -0.0851    0.0048   -0.0030    0.0000    0.0527    0.0000    0.0417
          28   -0.0783    0.0938   -0.0053   -0.0905   -0.0000   -0.0890   -0.0000   -0.1014
          29   -0.0000    0.0023    0.0603   -0.0000   -0.0052   -0.0000    0.0472    0.0000
          30    0.1032   -0.0850    0.0048    0.0031    0.0000    0.0526    0.0000    0.0416
          31   -0.0000   -0.0000    0.0000   -0.0476    0.0299    0.0000    0.0000   -0.0000
          32    0.0000    0.0000   -0.0000    0.0296   -0.1055   -0.0000   -0.0000   -0.0001
          33   -0.0740   -0.0777    0.1389    0.0001    0.0001    0.1311    0.1792   -0.1211
          34    0.0000    0.0000   -0.0000    0.0476    0.0299    0.0000    0.0000    0.0000
          35   -0.0000    0.0000   -0.0000    0.0296    0.1055    0.0000    0.0000    0.0001
          36   -0.0740    0.0777   -0.1389    0.0002    0.0001    0.1311    0.1793    0.1211
          37   -0.0000    0.0000    0.0000   -0.0476   -0.0299    0.0000    0.0000    0.0000
          38    0.0000    0.0000    0.0001   -0.0296   -0.1055   -0.0000    0.0001    0.0001
          39   -0.0740   -0.0878   -0.1295    0.0001   -0.0000    0.1312   -0.1792   -0.1211
          40    0.0000   -0.0000    0.0000    0.0476   -0.0299   -0.0000   -0.0000    0.0000
          41    0.0000   -0.0000   -0.0000   -0.0296    0.1055   -0.0001    0.0001   -0.0001
          42   -0.0740    0.0878    0.1295    0.0001    0.0001    0.1311   -0.1792    0.1212


   Root No.       9        10        11        12        13        14        15        16

                 9 A      10 A      11 A      12 A      13 A      14 A      15 A      16 A   

                 906.8     939.8     967.8     991.7    1007.1    1026.7    1030.2    1053.9
  
           1    0.0605    0.0000    0.0000   -0.0345    0.0000    0.0622   -0.0001   -0.0000
           2    0.0000   -0.0000    0.0000   -0.0000    0.0221    0.0000    0.0000    0.0000
           3    0.0001    0.0418    0.0000   -0.0000    0.0000   -0.0001   -0.0307    0.0000
           4    0.0605   -0.0000   -0.0000   -0.0345   -0.0000   -0.0622    0.0001   -0.0000
           5   -0.0000   -0.0000    0.0000   -0.0000    0.0221   -0.0000    0.0000    0.0000
           6   -0.0000    0.0418   -0.0000    0.0000    0.0000    0.0000    0.0307   -0.0000
           7   -0.0346    0.0000    0.0000    0.0101    0.0085    0.0117   -0.0000   -0.0000
           8    0.0605   -0.0000   -0.0000    0.0242   -0.0240   -0.0539    0.0001   -0.0000
           9   -0.0000   -0.0262    0.0247    0.0000   -0.0000    0.0001    0.0395   -0.0164
          10   -0.0346    0.0000   -0.0000    0.0101   -0.0085   -0.0117    0.0000   -0.0000
          11   -0.0605    0.0000   -0.0000   -0.0242   -0.0240   -0.0539    0.0001   -0.0000
          12   -0.0000   -0.0262   -0.0247   -0.0000    0.0000   -0.0001   -0.0395   -0.0164
          13   -0.0346    0.0000   -0.0000    0.0101   -0.0085    0.0117   -0.0000    0.0000
          14   -0.0605    0.0000    0.0000   -0.0242   -0.0240    0.0539   -0.0001   -0.0000
          15   -0.0000   -0.0262   -0.0247    0.0000   -0.0000    0.0001    0.0395    0.0164
          16   -0.0346    0.0000   -0.0000    0.0101    0.0085   -0.0117    0.0000    0.0000
          17    0.0605    0.0000   -0.0000    0.0242   -0.0240    0.0539   -0.0001   -0.0000
          18   -0.0000   -0.0262    0.0247   -0.0000   -0.0000   -0.0001   -0.0395    0.0164
          19    0.0779   -0.0984   -0.0000   -0.0453   -0.0000    0.0946    0.0681   -0.0000
          20   -0.0000    0.0000   -0.0725   -0.0001    0.1410   -0.0000   -0.0001   -0.2052
          21    0.0099   -0.0349   -0.0000   -0.0089    0.0000    0.0215    0.0220   -0.0001
          22    0.0784    0.0983    0.0000   -0.0454    0.0000    0.0942   -0.0683    0.0000
          23   -0.0000   -0.0000    0.0725   -0.0001    0.1409   -0.0001    0.0001    0.2055
          24   -0.0100   -0.0349    0.0000    0.0089    0.0000   -0.0214    0.0220    0.0000
          25    0.0783   -0.0984    0.0000   -0.0454   -0.0000   -0.0945   -0.0680    0.0000
          26   -0.0000   -0.0000   -0.0724   -0.0001    0.1409   -0.0001    0.0000    0.2051
          27    0.0100   -0.0350   -0.0000   -0.0089    0.0000   -0.0215   -0.0220    0.0000
          28    0.0780    0.0984   -0.0000   -0.0453   -0.0000   -0.0942    0.0684   -0.0000
          29    0.0000   -0.0000    0.0726   -0.0000    0.1410   -0.0001   -0.0000   -0.2054
          30   -0.0099   -0.0349    0.0000    0.0089    0.0000    0.0213   -0.0220   -0.0000
          31   -0.0265    0.0000    0.0000    0.1299    0.0713   -0.0034   -0.0001    0.0000
          32    0.0662   -0.0000    0.0000    0.0940    0.0136   -0.0669    0.0000    0.0000
          33   -0.0001    0.0985   -0.1527   -0.0001    0.0000   -0.0004   -0.1235    0.0283
          34   -0.0265    0.0000    0.0000    0.1299   -0.0712    0.0033   -0.0001   -0.0001
          35   -0.0662    0.0000    0.0000   -0.0940    0.0135   -0.0668    0.0002    0.0001
          36    0.0003    0.0985    0.1527    0.0001   -0.0001    0.0003    0.1235    0.0282
          37   -0.0265   -0.0000   -0.0001    0.1299   -0.0712   -0.0033   -0.0001   -0.0000
          38   -0.0662   -0.0000   -0.0000   -0.0940    0.0135    0.0668    0.0000    0.0000
          39   -0.0002    0.0985    0.1527   -0.0001   -0.0000   -0.0004   -0.1235   -0.0283
          40   -0.0265    0.0000   -0.0000    0.1299    0.0713    0.0033   -0.0001    0.0001
          41    0.0662   -0.0000    0.0000    0.0940    0.0136    0.0668   -0.0002    0.0001
          42    0.0003    0.0985   -0.1527    0.0001    0.0001    0.0003    0.1234   -0.0283


   Root No.      17        18        19        20        21        22        23        24

                17 A      18 A      19 A      20 A      21 A      22 A      23 A      24 A   

                1074.4    1093.1    1156.9    1160.6    1227.1    1318.2    1363.5    1397.9
  
           1    0.0000    0.0000    0.0000    0.0085    0.0000   -0.0010    0.0384    0.0415
           2   -0.0000   -0.0135   -0.0031    0.0000    0.0211    0.0000    0.0000    0.0015
           3    0.0000   -0.0000   -0.0000    0.0000    0.0000   -0.0000   -0.0000   -0.0000
           4   -0.0000   -0.0000   -0.0000   -0.0085    0.0000   -0.0010   -0.0385    0.0415
           5    0.0000    0.0135   -0.0031    0.0000   -0.0211    0.0000    0.0000    0.0015
           6   -0.0000    0.0000    0.0000    0.0000    0.0000   -0.0000   -0.0000    0.0000
           7    0.0000    0.0088   -0.0011    0.0062    0.0161   -0.0157    0.0035   -0.0193
           8    0.0000    0.0093    0.0012   -0.0016    0.0122   -0.0219   -0.0054   -0.0220
           9   -0.0253    0.0000    0.0000   -0.0000   -0.0000    0.0000   -0.0000    0.0000
          10    0.0000    0.0088    0.0012   -0.0062    0.0161   -0.0157   -0.0035   -0.0197
          11   -0.0000   -0.0093    0.0012   -0.0016   -0.0122    0.0219   -0.0054    0.0211
          12    0.0253   -0.0000   -0.0000    0.0000   -0.0000   -0.0000    0.0000   -0.0000
          13   -0.0000   -0.0088    0.0012    0.0062   -0.0161   -0.0157    0.0035   -0.0197
          14    0.0000    0.0093    0.0012    0.0016    0.0122    0.0219    0.0054    0.0211
          15    0.0252   -0.0000    0.0000   -0.0000    0.0000    0.0000    0.0000    0.0000
          16   -0.0000   -0.0088   -0.0012   -0.0062   -0.0161   -0.0157   -0.0035   -0.0193
          17   -0.0000   -0.0093    0.0012    0.0016   -0.0122   -0.0219    0.0054   -0.0220
          18   -0.0253    0.0000    0.0000   -0.0000   -0.0000   -0.0000    0.0000   -0.0000
          19   -0.0000    0.0000    0.0000    0.0253    0.0000    0.1126   -0.1625   -0.0874
          20   -0.1858   -0.1423    0.0848   -0.0001   -0.0777   -0.0000    0.0000   -0.0019
          21   -0.0001   -0.0000    0.0000    0.0088   -0.0000    0.0735   -0.1305   -0.0839
          22    0.0000    0.0000    0.0000    0.0254    0.0000    0.1125   -0.1625   -0.0874
          23    0.1850   -0.1428    0.0849   -0.0001   -0.0777    0.0000   -0.0000   -0.0020
          24    0.0000   -0.0000    0.0000   -0.0088   -0.0000   -0.0735    0.1306    0.0839
          25   -0.0000   -0.0000   -0.0000   -0.0254    0.0000    0.1126    0.1625   -0.0873
          26   -0.1851    0.1431    0.0849   -0.0002    0.0777   -0.0000   -0.0000   -0.0019
          27   -0.0000    0.0000   -0.0000   -0.0088    0.0000    0.0736    0.1306   -0.0838
          28   -0.0000   -0.0000   -0.0000   -0.0253    0.0000    0.1126    0.1626   -0.0874
          29    0.1858    0.1421    0.0847   -0.0002    0.0777   -0.0000    0.0000   -0.0019
          30    0.0000    0.0000    0.0000    0.0088    0.0000   -0.0735   -0.1305    0.0838
          31    0.0002    0.0749   -0.1401    0.1854   -0.1230    0.0809    0.0159    0.0715
          32    0.0001    0.0459   -0.0808    0.1046   -0.0699    0.0348    0.0002    0.0309
          33    0.0393   -0.0000    0.0000   -0.0000    0.0000   -0.0000   -0.0000   -0.0000
          34    0.0002    0.0749    0.1401   -0.1853   -0.1231    0.0809   -0.0160    0.0731
          35   -0.0001   -0.0459   -0.0808    0.1045    0.0700   -0.0348    0.0003   -0.0331
          36   -0.0393    0.0000   -0.0000    0.0000    0.0000   -0.0000   -0.0000   -0.0000
          37   -0.0001   -0.0749    0.1405    0.1849    0.1231    0.0809    0.0159    0.0731
          38    0.0001    0.0459   -0.0810   -0.1043   -0.0700   -0.0348   -0.0002   -0.0331
          39   -0.0393    0.0000   -0.0000   -0.0000   -0.0000   -0.0000   -0.0000   -0.0000
          40   -0.0002   -0.0749   -0.1405   -0.1850    0.1230    0.0809   -0.0160    0.0715
          41   -0.0002   -0.0459   -0.0810   -0.1043    0.0699    0.0347   -0.0003    0.0309
          42    0.0393   -0.0000   -0.0000   -0.0000    0.0000    0.0000   -0.0000    0.0000


   Root No.      25        26        27        28        29        30        31        32

                25 A      26 A      27 A      28 A      29 A      30 A      31 A      32 A   

                1398.4    1476.8    1873.1    1892.5    2931.0    2931.4    3009.0    3009.8
  
           1   -0.0012   -0.0000    0.0000    0.0285   -0.0000   -0.0000    0.0185    0.0202
           2    0.0806    0.0973    0.0286   -0.0000    0.0000    0.0000    0.0000    0.0000
           3    0.0000    0.0000    0.0000   -0.0000   -0.0299   -0.0311   -0.0000   -0.0000
           4   -0.0012   -0.0000   -0.0000   -0.0285    0.0000   -0.0000   -0.0200    0.0188
           5    0.0806   -0.0973    0.0286   -0.0000    0.0000   -0.0000    0.0000   -0.0000
           6    0.0000   -0.0000    0.0000   -0.0000   -0.0309    0.0302   -0.0000    0.0000
           7    0.0096   -0.0246   -0.1333   -0.1344    0.0000    0.0000   -0.0009   -0.0011
           8   -0.0256   -0.0529   -0.0225   -0.0193   -0.0000   -0.0000    0.0019    0.0022
           9   -0.0000    0.0000    0.0000    0.0000   -0.0001    0.0001    0.0000    0.0000
          10   -0.0085   -0.0246    0.1333    0.1344   -0.0000    0.0000    0.0009   -0.0011
          11   -0.0269    0.0529   -0.0225   -0.0193   -0.0000    0.0000    0.0021   -0.0020
          12    0.0000   -0.0000   -0.0000   -0.0000   -0.0001   -0.0001   -0.0000    0.0000
          13   -0.0085    0.0246    0.1332   -0.1346    0.0000    0.0000   -0.0009   -0.0011
          14   -0.0269   -0.0530   -0.0225    0.0194    0.0000    0.0000   -0.0019   -0.0022
          15   -0.0000   -0.0000   -0.0000    0.0000   -0.0001    0.0001   -0.0000   -0.0000
          16    0.0096    0.0247   -0.1332    0.1346   -0.0000    0.0000    0.0009   -0.0011
          17   -0.0256    0.0529   -0.0225    0.0194    0.0000   -0.0000   -0.0021    0.0020
          18   -0.0000    0.0000   -0.0000    0.0000   -0.0001   -0.0001   -0.0000    0.0000
          19    0.0025    0.0000    0.0000    0.0157   -0.1409   -0.1455   -0.1112   -0.1208
          20   -0.1070   -0.0867    0.0263   -0.0000   -0.0000   -0.0000   -0.0000   -0.0000
          21    0.0024   -0.0000    0.0000   -0.0031    0.1814    0.1876    0.1714    0.1862
          22    0.0025    0.0000    0.0000    0.0157    0.1412    0.1458   -0.1111   -0.1207
          23   -0.1070   -0.0867    0.0263   -0.0000   -0.0000   -0.0000    0.0000    0.0000
          24   -0.0024   -0.0000    0.0000    0.0031    0.1816    0.1878   -0.1712   -0.1859
          25    0.0025    0.0000   -0.0000   -0.0157   -0.1455    0.1415    0.1198   -0.1121
          26   -0.1071    0.0867    0.0264   -0.0000   -0.0000    0.0000    0.0000   -0.0000
          27    0.0024    0.0000    0.0000    0.0031    0.1871   -0.1822   -0.1845    0.1725
          28    0.0025    0.0000   -0.0000   -0.0157    0.1452   -0.1412    0.1198   -0.1121
          29   -0.1070    0.0867    0.0263   -0.0000   -0.0000    0.0000   -0.0000    0.0000
          30   -0.0024   -0.0000    0.0000   -0.0031    0.1870   -0.1821    0.1847   -0.1728
          31   -0.0460    0.0560   -0.0185   -0.0056   -0.0000   -0.0000    0.0143    0.0139
          32   -0.0615   -0.0054    0.0719    0.0837    0.0000    0.0000   -0.0207   -0.0208
          33    0.0000   -0.0000    0.0000   -0.0000   -0.0013   -0.0005   -0.0000   -0.0000
          34    0.0419    0.0560    0.0185    0.0055    0.0000   -0.0000   -0.0153    0.0128
          35   -0.0596    0.0054    0.0719    0.0837    0.0000   -0.0000   -0.0222    0.0192
          36    0.0000   -0.0000   -0.0000   -0.0000   -0.0013    0.0005    0.0000   -0.0000
          37    0.0419   -0.0560    0.0185   -0.0056   -0.0000   -0.0000    0.0143    0.0139
          38   -0.0596   -0.0054    0.0719   -0.0837   -0.0000   -0.0000    0.0208    0.0208
          39   -0.0000   -0.0000    0.0000   -0.0000   -0.0013   -0.0005    0.0000    0.0000
          40   -0.0460   -0.0560   -0.0185    0.0056    0.0000   -0.0000   -0.0152    0.0127
          41   -0.0615    0.0054    0.0718   -0.0837   -0.0000    0.0000    0.0221   -0.0191
          42   -0.0000    0.0000    0.0000   -0.0000   -0.0013    0.0005    0.0000   -0.0000


   Root No.      33        34        35        36

                33 A      34 A      35 A      36 A   

                3045.9    3047.5    3065.3    3068.4
  
           1   -0.0000   -0.0021    0.0000   -0.0028
           2    0.0002   -0.0000    0.0000    0.0000
           3    0.0000    0.0000    0.0000    0.0000
           4   -0.0000   -0.0021   -0.0000    0.0028
           5   -0.0002    0.0000    0.0000   -0.0000
           6   -0.0000   -0.0000   -0.0000    0.0000
           7   -0.0099   -0.0087    0.0130   -0.0117
           8    0.0165    0.0148   -0.0164    0.0148
           9    0.0000    0.0000   -0.0000    0.0000
          10   -0.0099   -0.0088   -0.0130    0.0116
          11   -0.0166   -0.0149   -0.0163    0.0148
          12    0.0000    0.0000    0.0000   -0.0000
          13    0.0097   -0.0090   -0.0128   -0.0118
          14    0.0162   -0.0153   -0.0160   -0.0150
          15    0.0000   -0.0000   -0.0000   -0.0000
          16    0.0096   -0.0089    0.0128    0.0119
          17   -0.0160    0.0152   -0.0162   -0.0151
          18   -0.0000    0.0000   -0.0000   -0.0000
          19    0.0001    0.0136   -0.0002    0.0144
          20    0.0023   -0.0000   -0.0020   -0.0000
          21   -0.0002   -0.0203    0.0002   -0.0214
          22    0.0001    0.0136   -0.0002    0.0144
          23    0.0023   -0.0000   -0.0020   -0.0000
          24    0.0002    0.0203   -0.0002    0.0214
          25    0.0003    0.0136    0.0001   -0.0144
          26   -0.0023    0.0000   -0.0020   -0.0000
          27   -0.0004   -0.0202   -0.0001    0.0214
          28    0.0003    0.0136    0.0001   -0.0144
          29   -0.0023    0.0000   -0.0020   -0.0000
          30    0.0004    0.0202    0.0001   -0.0214
          31    0.1165    0.1026   -0.1178    0.1041
          32   -0.1998   -0.1760    0.1969   -0.1740
          33   -0.0000   -0.0000    0.0000   -0.0000
          34    0.1169    0.1031    0.1172   -0.1037
          35    0.2005    0.1769    0.1960   -0.1733
          36   -0.0001   -0.0000   -0.0001    0.0000
          37   -0.1140    0.1061    0.1153    0.1051
          38   -0.1955    0.1821    0.1928    0.1756
          39   -0.0001    0.0001    0.0001    0.0001
          40   -0.1132    0.1053   -0.1162   -0.1058
          41    0.1942   -0.1806    0.1944    0.1768
          42    0.0001   -0.0001    0.0001    0.0001


           MASS-WEIGHTED COORDINATE ANALYSIS (NORMAL COORDINATES)


   Root No.       1         2         3         4         5         6         7         8

                 1 A       2 A       3 A       4 A       5 A       6 A       7 A       8 A   

                  75.8     361.8     362.1     539.4     590.0     675.1     770.8     855.1
  
           1    0.0001   -0.0000    0.0000    0.4701   -0.0000   -0.0003   -0.0000   -0.0003
           2   -0.0001   -0.0000   -0.0000   -0.0000   -0.2117    0.0001    0.0000   -0.0001
           3    0.3753    0.1101   -0.0051   -0.0001   -0.0001   -0.1750   -0.0000    0.3473
           4   -0.0001    0.0001   -0.0000   -0.4701    0.0000    0.0002   -0.0000   -0.0003
           5   -0.0001    0.0000    0.0000    0.0000    0.2117   -0.0000   -0.0000    0.0000
           6    0.3753   -0.1102    0.0051   -0.0002    0.0000   -0.1749   -0.0000   -0.3472
           7    0.0000   -0.0001    0.0000    0.0162    0.3175   -0.0000   -0.0000    0.0002
           8    0.0000   -0.0000   -0.0000    0.3325   -0.3304   -0.0001   -0.0000   -0.0004
           9   -0.2086   -0.2865    0.4081   -0.0000   -0.0000   -0.0655   -0.2010   -0.0048
          10    0.0000   -0.0000   -0.0001   -0.0161    0.3175   -0.0000   -0.0000    0.0002
          11   -0.0000   -0.0000   -0.0000    0.3326    0.3304   -0.0002   -0.0000    0.0004
          12   -0.2086    0.2865   -0.4080    0.0001   -0.0001   -0.0656   -0.2011    0.0047
          13    0.0000   -0.0000    0.0000    0.0161   -0.3175    0.0001    0.0000    0.0002
          14    0.0001    0.0001    0.0001   -0.3326   -0.3304    0.0003   -0.0000    0.0004
          15   -0.2086   -0.3229   -0.3799   -0.0001   -0.0001   -0.0656    0.2011   -0.0047
          16    0.0000   -0.0000    0.0000   -0.0162   -0.3175    0.0001    0.0000    0.0002
          17    0.0001   -0.0001   -0.0001   -0.3325    0.3304    0.0001   -0.0001   -0.0004
          18   -0.2086    0.3229    0.3799   -0.0000    0.0001   -0.0656    0.2011    0.0047
          19    0.1934    0.2405   -0.0111    0.1439    0.0000    0.2557    0.0000   -0.2703
          20   -0.0001   -0.0059   -0.1259    0.0000    0.0063   -0.0001    0.1165    0.0001
          21    0.2553    0.2182   -0.0101    0.0049    0.0000    0.1514    0.0000   -0.1110
          22   -0.1933   -0.2404    0.0111    0.1437   -0.0001   -0.2559   -0.0000    0.2700
          23   -0.0000    0.0058    0.1258   -0.0000    0.0064   -0.0000   -0.1165    0.0000
          24    0.2554    0.2183   -0.0101   -0.0048    0.0000    0.1515   -0.0000   -0.1111
          25    0.1932   -0.2403    0.0111   -0.1437    0.0000    0.2558    0.0000    0.2699
          26   -0.0000   -0.0058   -0.1258    0.0000   -0.0064   -0.0000   -0.1164    0.0000
          27    0.2554   -0.2184    0.0101   -0.0048    0.0000    0.1515    0.0000    0.1111
          28   -0.1935    0.2406   -0.0111   -0.1439   -0.0000   -0.2558   -0.0001   -0.2704
          29   -0.0000    0.0058    0.1259   -0.0000   -0.0063   -0.0000    0.1166    0.0000
          30    0.2552   -0.2181    0.0101    0.0049    0.0000    0.1513    0.0000    0.1109
          31   -0.0000   -0.0000    0.0000   -0.0756    0.0361    0.0001    0.0001   -0.0000
          32    0.0000    0.0000   -0.0000    0.0471   -0.1276   -0.0000   -0.0000   -0.0001
          33   -0.1830   -0.1994    0.2898    0.0002    0.0001    0.3769    0.4427   -0.3230
          34    0.0000    0.0000   -0.0001    0.0756    0.0361    0.0000    0.0001    0.0000
          35   -0.0000    0.0000   -0.0000    0.0471    0.1276    0.0000    0.0001    0.0002
          36   -0.1830    0.1995   -0.2899    0.0002    0.0001    0.3768    0.4428    0.3231
          37   -0.0000    0.0000    0.0000   -0.0756   -0.0361    0.0000    0.0000    0.0000
          38    0.0001    0.0001    0.0001   -0.0471   -0.1276   -0.0001    0.0002    0.0003
          39   -0.1830   -0.2253   -0.2702    0.0001   -0.0000    0.3770   -0.4427   -0.3230
          40    0.0000   -0.0000    0.0000    0.0756   -0.0361   -0.0000   -0.0000    0.0000
          41    0.0001   -0.0001   -0.0001   -0.0471    0.1276   -0.0002    0.0001   -0.0003
          42   -0.1830    0.2254    0.2702    0.0002    0.0001    0.3769   -0.4427    0.3232


   Root No.       9        10        11        12        13        14        15        16

                 9 A      10 A      11 A      12 A      13 A      14 A      15 A      16 A   

                 906.8     939.8     967.8     991.7    1007.1    1026.7    1030.2    1053.9
  
           1    0.3461    0.0001    0.0001   -0.2865    0.0000    0.3969   -0.0007   -0.0000
           2    0.0000   -0.0001    0.0000   -0.0001    0.2015    0.0000    0.0001    0.0002
           3    0.0004    0.3643    0.0001   -0.0000    0.0000   -0.0007   -0.2505    0.0001
           4    0.3461   -0.0004   -0.0000   -0.2866   -0.0002   -0.3968    0.0009   -0.0000
           5   -0.0000   -0.0000    0.0001   -0.0001    0.2016   -0.0001    0.0000    0.0001
           6   -0.0002    0.3643   -0.0000    0.0000    0.0000    0.0003    0.2505   -0.0000
           7   -0.1978    0.0001    0.0001    0.0843    0.0780    0.0749   -0.0001   -0.0000
           8    0.3463   -0.0002   -0.0001    0.2013   -0.2191   -0.3440    0.0005   -0.0002
           9   -0.0001   -0.2287    0.2254    0.0003   -0.0001    0.0007    0.3231   -0.1321
          10   -0.1978    0.0000   -0.0001    0.0843   -0.0780   -0.0749    0.0001   -0.0001
          11   -0.3463    0.0000   -0.0002   -0.2012   -0.2193   -0.3439    0.0008   -0.0000
          12   -0.0001   -0.2287   -0.2254   -0.0002    0.0003   -0.0005   -0.3232   -0.1319
          13   -0.1978    0.0001   -0.0000    0.0843   -0.0780    0.0750   -0.0002    0.0000
          14   -0.3463    0.0003    0.0001   -0.2011   -0.2190    0.3441   -0.0007   -0.0002
          15   -0.0002   -0.2287   -0.2255    0.0001   -0.0001    0.0009    0.3232    0.1319
          16   -0.1978    0.0001   -0.0000    0.0843    0.0780   -0.0749    0.0001    0.0001
          17    0.3463    0.0001   -0.0002    0.2013   -0.2189    0.3441   -0.0008   -0.0000
          18   -0.0000   -0.2287    0.2254   -0.0001   -0.0003   -0.0005   -0.3231    0.1320
          19    0.1292   -0.2484   -0.0000   -0.1091   -0.0000    0.1749    0.1612   -0.0001
          20   -0.0000    0.0001   -0.1915   -0.0001    0.3728   -0.0001   -0.0001   -0.4775
          21    0.0163   -0.0881   -0.0001   -0.0214    0.0001    0.0397    0.0520   -0.0001
          22    0.1299    0.2483    0.0001   -0.1092    0.0000    0.1740   -0.1617    0.0001
          23   -0.0000   -0.0000    0.1915   -0.0002    0.3724   -0.0001    0.0002    0.4782
          24   -0.0167   -0.0882    0.0000    0.0215    0.0001   -0.0395    0.0522    0.0001
          25    0.1298   -0.2485    0.0000   -0.1093   -0.0001   -0.1747   -0.1610    0.0000
          26   -0.0000   -0.0000   -0.1911   -0.0002    0.3725   -0.0001    0.0000    0.4774
          27    0.0167   -0.0883   -0.0000   -0.0215    0.0000   -0.0398   -0.0520    0.0000
          28    0.1293    0.2484   -0.0000   -0.1091   -0.0001   -0.1742    0.1619   -0.0000
          29    0.0000   -0.0000    0.1918   -0.0001    0.3728   -0.0002   -0.0000   -0.4780
          30   -0.0164   -0.0880    0.0000    0.0213    0.0000    0.0394   -0.0521   -0.0000
          31   -0.0440    0.0000    0.0000    0.3127    0.1885   -0.0063   -0.0002    0.0001
          32    0.1098   -0.0001    0.0000    0.2262    0.0359   -0.1236    0.0001    0.0000
          33   -0.0002    0.2488   -0.4032   -0.0003    0.0001   -0.0006   -0.2923    0.0659
          34   -0.0440    0.0001    0.0000    0.3128   -0.1882    0.0061   -0.0002   -0.0003
          35   -0.1098    0.0000    0.0000   -0.2262    0.0357   -0.1235    0.0005    0.0002
          36    0.0006    0.2487    0.4031    0.0003   -0.0002    0.0005    0.2923    0.0657
          37   -0.0440   -0.0000   -0.0002    0.3128   -0.1882   -0.0061   -0.0002   -0.0001
          38   -0.1098   -0.0000   -0.0001   -0.2262    0.0358    0.1235    0.0000    0.0000
          39   -0.0003    0.2488    0.4032   -0.0003   -0.0000   -0.0007   -0.2923   -0.0658
          40   -0.0440    0.0001   -0.0000    0.3127    0.1885    0.0061   -0.0002    0.0003
          41    0.1098   -0.0001    0.0001    0.2262    0.0360    0.1235   -0.0005    0.0002
          42    0.0005    0.2487   -0.4031    0.0003    0.0002    0.0006    0.2922   -0.0658


   Root No.      17        18        19        20        21        22        23        24

                17 A      18 A      19 A      20 A      21 A      22 A      23 A      24 A   

                1074.4    1093.1    1156.9    1160.6    1227.1    1318.2    1363.5    1397.9
  
           1    0.0000    0.0000    0.0001    0.0675    0.0000   -0.0093    0.2881    0.3529
           2   -0.0003   -0.1326   -0.0290    0.0000    0.1985    0.0001    0.0000    0.0125
           3    0.0001   -0.0000   -0.0000    0.0000    0.0001   -0.0000   -0.0001   -0.0001
           4   -0.0000   -0.0001   -0.0001   -0.0675    0.0000   -0.0094   -0.2884    0.3528
           5    0.0002    0.1326   -0.0291    0.0001   -0.1985    0.0001    0.0000    0.0124
           6   -0.0000    0.0001    0.0000    0.0001    0.0000   -0.0000   -0.0001    0.0001
           7    0.0001    0.0866   -0.0108    0.0492    0.1517   -0.1462    0.0261   -0.1643
           8    0.0003    0.0909    0.0114   -0.0127    0.1151   -0.2037   -0.0404   -0.1872
           9   -0.2089    0.0003    0.0000   -0.0000   -0.0000    0.0000   -0.0000    0.0000
          10    0.0002    0.0866    0.0109   -0.0492    0.1516   -0.1462   -0.0259   -0.1671
          11   -0.0002   -0.0909    0.0113   -0.0126   -0.1151    0.2036   -0.0406    0.1790
          12    0.2090   -0.0004   -0.0000    0.0000   -0.0000   -0.0000    0.0000   -0.0000
          13   -0.0001   -0.0866    0.0110    0.0492   -0.1517   -0.1462    0.0261   -0.1670
          14    0.0002    0.0909    0.0114    0.0126    0.1151    0.2036    0.0404    0.1790
          15    0.2089   -0.0002    0.0000   -0.0000    0.0001    0.0001    0.0000    0.0001
          16   -0.0002   -0.0866   -0.0109   -0.0491   -0.1517   -0.1462   -0.0259   -0.1643
          17   -0.0001   -0.0908    0.0115    0.0126   -0.1151   -0.2036    0.0406   -0.1870
          18   -0.2089    0.0004    0.0000   -0.0000   -0.0001   -0.0001    0.0000   -0.0001
          19   -0.0000    0.0000    0.0000    0.0586    0.0000    0.3030   -0.3530   -0.2151
          20   -0.4452   -0.4036    0.2317   -0.0002   -0.2120   -0.0000    0.0000   -0.0048
          21   -0.0001   -0.0001    0.0001    0.0203   -0.0000    0.1977   -0.2834   -0.2064
          22    0.0000    0.0000    0.0000    0.0586    0.0001    0.3029   -0.3529   -0.2151
          23    0.4434   -0.4050    0.2319   -0.0002   -0.2120    0.0000   -0.0001   -0.0049
          24    0.0001   -0.0001    0.0000   -0.0203   -0.0001   -0.1978    0.2836    0.2065
          25   -0.0000   -0.0000   -0.0001   -0.0586    0.0000    0.3030    0.3528   -0.2148
          26   -0.4435    0.4057    0.2320   -0.0003    0.2120   -0.0001   -0.0000   -0.0048
          27   -0.0000    0.0000   -0.0000   -0.0203    0.0000    0.1980    0.2837   -0.2064
          28   -0.0000   -0.0000   -0.0001   -0.0586    0.0000    0.3031    0.3531   -0.2150
          29    0.4454    0.4028    0.2314   -0.0004    0.2119   -0.0000    0.0000   -0.0048
          30    0.0000    0.0000    0.0000    0.0203    0.0000   -0.1977   -0.2834    0.2061
          31    0.0004    0.2124   -0.3826    0.4284   -0.3356    0.2178    0.0344    0.1760
          32    0.0003    0.1301   -0.2207    0.2417   -0.1908    0.0936    0.0005    0.0761
          33    0.0943   -0.0001    0.0000   -0.0000    0.0001   -0.0000   -0.0000   -0.0000
          34    0.0005    0.2124    0.3826   -0.4283   -0.3358    0.2178   -0.0346    0.1799
          35   -0.0003   -0.1301   -0.2206    0.2416    0.1909   -0.0936    0.0006   -0.0815
          36   -0.0943    0.0001   -0.0000    0.0000    0.0000   -0.0000   -0.0000   -0.0000
          37   -0.0003   -0.2123    0.3837    0.4273    0.3358    0.2178    0.0344    0.1799
          38    0.0003    0.1301   -0.2213   -0.2410   -0.1909   -0.0936   -0.0005   -0.0815
          39   -0.0942    0.0001   -0.0001   -0.0001   -0.0001   -0.0000   -0.0000   -0.0000
          40   -0.0005   -0.2125   -0.3837   -0.4275    0.3356    0.2177   -0.0346    0.1759
          41   -0.0004   -0.1301   -0.2212   -0.2411    0.1908    0.0935   -0.0006    0.0760
          42    0.0942   -0.0001   -0.0001   -0.0001    0.0001    0.0000   -0.0000    0.0000


   Root No.      25        26        27        28        29        30        31        32

                25 A      26 A      27 A      28 A      29 A      30 A      31 A      32 A   

                1398.4    1476.8    1873.1    1892.5    2931.0    2931.4    3009.0    3009.8
  
           1   -0.0081   -0.0001    0.0000    0.1020   -0.0001   -0.0002    0.1458    0.1582
           2    0.5457    0.5117    0.1031   -0.0001    0.0001    0.0001    0.0000    0.0000
           3    0.0001    0.0001    0.0000   -0.0000   -0.2111   -0.2186   -0.0002   -0.0002
           4   -0.0080   -0.0000   -0.0000   -0.1020    0.0002   -0.0002   -0.1572    0.1469
           5    0.5458   -0.5116    0.1031   -0.0000    0.0000   -0.0000    0.0000   -0.0000
           6    0.0000   -0.0000    0.0000   -0.0000   -0.2176    0.2121   -0.0002    0.0002
           7    0.0652   -0.1296   -0.4811   -0.4816    0.0000    0.0000   -0.0068   -0.0089
           8   -0.1734   -0.2784   -0.0813   -0.0693   -0.0000   -0.0000    0.0153    0.0170
           9   -0.0000    0.0000    0.0001    0.0001   -0.0011    0.0009    0.0000    0.0000
          10   -0.0576   -0.1296    0.4811    0.4816   -0.0000    0.0000    0.0075   -0.0083
          11   -0.1819    0.2784   -0.0813   -0.0693   -0.0000    0.0000    0.0165   -0.0158
          12    0.0000   -0.0000   -0.0001   -0.0001   -0.0010   -0.0009   -0.0000    0.0000
          13   -0.0576    0.1296    0.4807   -0.4820    0.0000    0.0000   -0.0068   -0.0089
          14   -0.1819   -0.2785   -0.0813    0.0693    0.0000    0.0000   -0.0153   -0.0170
          15   -0.0001   -0.0001   -0.0000    0.0000   -0.0011    0.0009   -0.0000   -0.0000
          16    0.0652    0.1297   -0.4807    0.4820   -0.0000    0.0000    0.0074   -0.0083
          17   -0.1735    0.2784   -0.0813    0.0693    0.0000   -0.0000   -0.0165    0.0158
          18   -0.0001    0.0001   -0.0000    0.0000   -0.0010   -0.0009   -0.0000    0.0000
          19    0.0049    0.0000    0.0000    0.0163   -0.2877   -0.2961   -0.2538   -0.2738
          20   -0.2099   -0.1321    0.0275   -0.0000   -0.0001   -0.0001   -0.0001   -0.0001
          21    0.0046   -0.0000    0.0000   -0.0032    0.3702    0.3817    0.3912    0.4219
          22    0.0049    0.0000    0.0000    0.0163    0.2882    0.2966   -0.2535   -0.2735
          23   -0.2099   -0.1321    0.0275   -0.0000   -0.0001   -0.0001    0.0001    0.0001
          24   -0.0047   -0.0001    0.0000    0.0032    0.3707    0.3821   -0.3906   -0.4212
          25    0.0048    0.0000   -0.0000   -0.0163   -0.2971    0.2878    0.2734   -0.2540
          26   -0.2100    0.1321    0.0275   -0.0000   -0.0000    0.0000    0.0000   -0.0000
          27    0.0047    0.0000    0.0000    0.0032    0.3819   -0.3706   -0.4210    0.3909
          28    0.0048    0.0000   -0.0000   -0.0163    0.2965   -0.2872    0.2733   -0.2539
          29   -0.2099    0.1320    0.0275   -0.0000   -0.0000    0.0000   -0.0000    0.0000
          30   -0.0047   -0.0000    0.0000   -0.0032    0.3818   -0.3705    0.4216   -0.3915
          31   -0.0903    0.0853   -0.0193   -0.0058   -0.0000   -0.0000    0.0326    0.0315
          32   -0.1205   -0.0083    0.0752    0.0868    0.0000    0.0000   -0.0472   -0.0471
          33    0.0000   -0.0000    0.0000   -0.0000   -0.0026   -0.0010   -0.0000   -0.0000
          34    0.0822    0.0853    0.0193    0.0057    0.0000   -0.0000   -0.0349    0.0289
          35   -0.1169    0.0083    0.0752    0.0868    0.0000   -0.0000   -0.0507    0.0435
          36    0.0000   -0.0000   -0.0000   -0.0000   -0.0026    0.0009    0.0000   -0.0000
          37    0.0822   -0.0854    0.0193   -0.0058   -0.0000   -0.0000    0.0327    0.0315
          38   -0.1170   -0.0083    0.0751   -0.0869   -0.0000   -0.0000    0.0474    0.0472
          39   -0.0001   -0.0000    0.0000   -0.0000   -0.0026   -0.0010    0.0000    0.0000
          40   -0.0903   -0.0853   -0.0193    0.0058    0.0000   -0.0000   -0.0348    0.0289
          41   -0.1205    0.0083    0.0751   -0.0869   -0.0000    0.0000    0.0504   -0.0434
          42   -0.0001    0.0000    0.0000   -0.0000   -0.0026    0.0009    0.0000   -0.0000


   Root No.      33        34        35        36

                33 A      34 A      35 A      36 A   

                3045.9    3047.5    3065.3    3068.4
  
           1   -0.0001   -0.0166    0.0002   -0.0222
           2    0.0013   -0.0000    0.0001    0.0000
           3    0.0000    0.0000    0.0000    0.0000
           4   -0.0003   -0.0165   -0.0001    0.0222
           5   -0.0013    0.0000    0.0001   -0.0000
           6   -0.0000   -0.0000   -0.0000    0.0000
           7   -0.0716   -0.0692    0.0943   -0.0934
           8    0.1198    0.1178   -0.1186    0.1185
           9    0.0000    0.0000   -0.0000    0.0000
          10   -0.0720   -0.0696   -0.0939    0.0932
          11   -0.1203   -0.1184   -0.1180    0.1181
          12    0.0000    0.0000    0.0000   -0.0000
          13    0.0702   -0.0717   -0.0924   -0.0944
          14    0.1172   -0.1218   -0.1160   -0.1196
          15    0.0001   -0.0001   -0.0001   -0.0001
          16    0.0696   -0.0709    0.0930    0.0949
          17   -0.1164    0.1208   -0.1170   -0.1204
          18   -0.0000    0.0000   -0.0000   -0.0000
          19    0.0003    0.0314   -0.0003    0.0333
          20    0.0048   -0.0001   -0.0042   -0.0000
          21   -0.0004   -0.0468    0.0005   -0.0496
          22    0.0003    0.0314   -0.0003    0.0333
          23    0.0048   -0.0001   -0.0042   -0.0000
          24    0.0004    0.0467   -0.0005    0.0496
          25    0.0006    0.0313    0.0002   -0.0333
          26   -0.0048    0.0001   -0.0043   -0.0000
          27   -0.0009   -0.0465   -0.0003    0.0496
          28    0.0006    0.0312    0.0002   -0.0333
          29   -0.0047    0.0000   -0.0042   -0.0000
          30    0.0009    0.0466    0.0003   -0.0496
          31    0.2448    0.2362   -0.2472    0.2412
          32   -0.4200   -0.4053    0.4133   -0.4032
          33   -0.0000   -0.0000    0.0001   -0.0000
          34    0.2457    0.2375    0.2459   -0.2403
          35    0.4214    0.4074    0.4113   -0.4016
          36   -0.0001   -0.0001   -0.0001    0.0001
          37   -0.2395    0.2444    0.2420    0.2435
          38   -0.4109    0.4192    0.4047    0.4070
          39   -0.0002    0.0002    0.0002    0.0002
          40   -0.2379    0.2424   -0.2440   -0.2451
          41    0.4082   -0.4159    0.4081    0.4098
          42    0.0001   -0.0002    0.0001    0.0001


          DESCRIPTION OF VIBRATIONS


 VIBRATION          1    1A           ATOM PAIR      ENERGY CONTRIBUTION    RADIAL
 FREQUENCY            75.76         C  1 -- C  5         +12.6% (578.3%)      0.0%
 TRANSITION DIPOLE   0.0811         C  2 -- C  4         +12.6% (578.3%)      0.0%
 TRAVEL (Ang.)       0.0000         C  1 -- C  3         +12.6% (578.3%)      0.0%
 REDUCED MASS        0.6144         C  2 -- C  6         +12.6% (578.3%)      0.0%
 EFFECTIVE MASS    440.5655         C  1 -- H  7         +11.2% (545.2%)     86.9%
 FORCE CONSTANT      0.0021         C  1 -- H  8         +11.2% (545.2%)     86.9%
                            C  2 -- H  9         +11.2% (545.2%)     87.0%
                            C  2 -- H 10         +11.2% (545.1%)     86.9%

 VIBRATION          2    2A           ATOM PAIR      ENERGY CONTRIBUTION    RADIAL
 FREQUENCY           361.83         C  1 -- H  8         +12.1% ( 91.5%)      4.9%
 TRANSITION DIPOLE   0.0001         C  1 -- H  7         +12.1% ( 91.5%)      4.9%
 TRAVEL (Ang.)       0.6233         C  2 -- H 10         +12.1% ( 91.5%)      4.9%
 REDUCED MASS        0.4798         C  2 -- H  9         +12.1% ( 91.5%)      4.9%
 EFFECTIVE MASS     15.0156         C  5 -- C  6         +11.1% ( 87.7%)      0.0%
 FORCE CONSTANT      0.0370

 VIBRATION          3    3A           ATOM PAIR      ENERGY CONTRIBUTION    RADIAL
 FREQUENCY           362.07         C  3 -- C  4         +23.0% (110.7%)      0.0%
 TRANSITION DIPOLE   0.0000         C  5 -- C  6         +19.9% (103.1%)      0.0%
 TRAVEL (Ang.)       0.3952         C  1 -- C  3          +8.0% ( 65.5%)      0.0%
 REDUCED MASS        1.1923         C  2 -- C  4          +8.0% ( 65.4%)      0.0%
 EFFECTIVE MASS     17.6952
 FORCE CONSTANT      0.0921

 VIBRATION          4    4A           ATOM PAIR      ENERGY CONTRIBUTION    RADIAL
 FREQUENCY           539.38         C  1 -- C  5         +10.8% (110.8%)      0.3%
 TRANSITION DIPOLE   0.0004         C  2 -- C  4         +10.8% (110.8%)      0.3%
 TRAVEL (Ang.)       0.2661         C  1 -- C  3         +10.8% (110.8%)      0.3%
 REDUCED MASS        1.7657         C  2 -- C  6         +10.8% (110.8%)      0.3%
 EFFECTIVE MASS     20.6788
 FORCE CONSTANT      0.3027

 VIBRATION          5    5A           ATOM PAIR      ENERGY CONTRIBUTION    RADIAL
 FREQUENCY           590.00         C  5 -- C  6         +12.8% (117.8%)      0.0%
 TRANSITION DIPOLE   0.0002         C  3 -- C  4         +12.8% (117.8%)      0.0%
 TRAVEL (Ang.)       0.2296         C  2 -- C  6         +10.3% (105.7%)      4.7%
 REDUCED MASS        2.1673         C  1 -- C  3         +10.3% (105.7%)      4.7%
 EFFECTIVE MASS     20.7968         C  1 -- C  5         +10.3% (105.7%)      4.7%
 FORCE CONSTANT      0.4445         C  2 -- C  4         +10.3% (105.7%)      4.7%

 VIBRATION          6    6A           ATOM PAIR      ENERGY CONTRIBUTION    RADIAL
 FREQUENCY           675.08         C  1 -- H  7         +12.4% ( 53.5%)      6.6%
 TRANSITION DIPOLE   0.5946         C  2 -- H 10         +12.4% ( 53.4%)      6.6%
 TRAVEL (Ang.)       0.8564         C  1 -- H  8         +12.4% ( 53.4%)      6.6%
 REDUCED MASS        0.1362         C  2 -- H  9         +12.4% ( 53.4%)      6.6%
 EFFECTIVE MASS      2.1348
 FORCE CONSTANT      0.0366

 VIBRATION          7    7A           ATOM PAIR      ENERGY CONTRIBUTION    RADIAL
 FREQUENCY           770.81         C  4 -- H 12         +20.9% ( 55.5%)      0.0%
 TRANSITION DIPOLE   0.0002         C  3 -- H 11         +20.9% ( 55.5%)      0.0%
 TRAVEL (Ang.)       0.6113         C  6 -- H 14         +20.9% ( 55.5%)      0.0%
 REDUCED MASS        0.2341         C  5 -- H 13         +20.9% ( 55.5%)      0.0%
 EFFECTIVE MASS      2.0962
 FORCE CONSTANT      0.0820

 VIBRATION          8    8A           ATOM PAIR      ENERGY CONTRIBUTION    RADIAL
 FREQUENCY           855.11         C  1 -- H  8         +12.8% ( 52.5%)     14.6%
 TRANSITION DIPOLE   0.0001         C  2 -- H  9         +12.8% ( 52.5%)     14.6%
 TRAVEL (Ang.)       0.4320         C  1 -- H  7         +12.8% ( 52.5%)     14.7%
 REDUCED MASS        0.4225         C  2 -- H 10         +12.8% ( 52.5%)     14.7%
 EFFECTIVE MASS      4.4425
 FORCE CONSTANT      0.1820

 VIBRATION          9    9A           ATOM PAIR      ENERGY CONTRIBUTION    RADIAL
 FREQUENCY           906.77         C  5 -- C  6         +12.1% ( 72.4%)      0.0%
 TRANSITION DIPOLE   0.0755         C  3 -- C  4         +12.1% ( 72.4%)      0.0%
 TRAVEL (Ang.)       0.2182         C  1 -- C  3         +11.0% ( 69.1%)      0.0%
 REDUCED MASS        1.5621         C  2 -- C  6         +11.0% ( 69.1%)      0.0%
 EFFECTIVE MASS     14.8237         C  1 -- C  5         +11.0% ( 69.1%)      0.0%
 FORCE CONSTANT      0.7568         C  2 -- C  4         +11.0% ( 69.1%)      0.0%

 VIBRATION         10   10A           ATOM PAIR      ENERGY CONTRIBUTION    RADIAL
 FREQUENCY           939.81         C  2 -- H 10         +10.0% ( 46.5%)     16.8%
 TRANSITION DIPOLE   0.6009         C  2 -- H  9         +10.0% ( 46.5%)     16.9%
 TRAVEL (Ang.)       0.3489         C  1 -- H  7         +10.0% ( 46.5%)     16.8%
 REDUCED MASS        0.5893         C  1 -- H  8         +10.0% ( 46.5%)     16.9%
 EFFECTIVE MASS      6.1614
 FORCE CONSTANT      0.3067

 VIBRATION         11   11A           ATOM PAIR      ENERGY CONTRIBUTION    RADIAL
 FREQUENCY           967.83         C  5 -- H 13         +16.8% ( 42.4%)      0.0%
 TRANSITION DIPOLE   0.0000         C  6 -- H 14         +16.8% ( 42.4%)      0.0%
 TRAVEL (Ang.)       0.5434         C  3 -- H 11         +16.8% ( 42.4%)      0.0%
 REDUCED MASS        0.2359         C  4 -- H 12         +16.7% ( 42.4%)      0.0%
 EFFECTIVE MASS      2.6350
 FORCE CONSTANT      0.1302

 VIBRATION         12   12A           ATOM PAIR      ENERGY CONTRIBUTION    RADIAL
 FREQUENCY           991.65         C  2 -- C  6          +9.3% ( 46.8%)     77.4%
 TRANSITION DIPOLE   0.1683         C  1 -- C  3          +9.3% ( 46.8%)     77.4%
 TRAVEL (Ang.)       0.4341         C  2 -- C  4          +9.3% ( 46.8%)     77.3%
 REDUCED MASS        0.3608         C  1 -- C  5          +9.3% ( 46.8%)     77.3%
 EFFECTIVE MASS      6.6840
 FORCE CONSTANT      0.2091

 VIBRATION         13   13A           ATOM PAIR      ENERGY CONTRIBUTION    RADIAL
 FREQUENCY          1007.07         C  2 -- C  4          +8.4% ( 41.3%)     52.5%
 TRANSITION DIPOLE   0.0005         C  1 -- C  3          +8.4% ( 41.3%)     52.5%
 TRAVEL (Ang.)       0.5042         C  1 -- C  5          +8.4% ( 41.3%)     52.5%
 REDUCED MASS        0.2633         C  2 -- C  6          +8.4% ( 41.3%)     52.4%
 EFFECTIVE MASS      5.8516
 FORCE CONSTANT      0.1574

 VIBRATION         14   14A           ATOM PAIR      ENERGY CONTRIBUTION    RADIAL
 FREQUENCY          1026.71         C  1 -- C  5         +12.2% ( 63.0%)     97.0%
 TRANSITION DIPOLE   0.0003         C  2 -- C  6         +12.2% ( 63.0%)     97.0%
 TRAVEL (Ang.)       0.2215         C  1 -- C  3         +12.2% ( 63.0%)     97.0%
 REDUCED MASS        1.3391         C  2 -- C  4         +12.2% ( 63.0%)     97.0%
 EFFECTIVE MASS     12.8645
 FORCE CONSTANT      0.8317

 VIBRATION         15   15A           ATOM PAIR      ENERGY CONTRIBUTION    RADIAL
 FREQUENCY          1030.19         C  4 -- H 12          +8.8% ( 36.7%)      0.0%
 TRANSITION DIPOLE   0.0001         C  3 -- H 11          +8.8% ( 36.7%)      0.0%
 TRAVEL (Ang.)       0.3170         C  5 -- H 13          +8.8% ( 36.7%)      0.0%
 REDUCED MASS        0.6512         C  6 -- H 14          +8.8% ( 36.7%)      0.0%
 EFFECTIVE MASS      6.3511
 FORCE CONSTANT      0.4072

 VIBRATION         16   16A           ATOM PAIR      ENERGY CONTRIBUTION    RADIAL
 FREQUENCY          1053.90         C  1 -- H  8         +23.0% ( 48.2%)      0.0%
 TRANSITION DIPOLE   0.0001         C  2 -- H 10         +23.0% ( 48.2%)      0.0%
 TRAVEL (Ang.)       0.5336         C  1 -- H  7         +23.0% ( 48.1%)      0.0%
 REDUCED MASS        0.2247         C  2 -- H  9         +22.9% ( 48.1%)      0.0%
 EFFECTIVE MASS      1.4182
 FORCE CONSTANT      0.1470

 VIBRATION         17   17A           ATOM PAIR      ENERGY CONTRIBUTION    RADIAL
 FREQUENCY          1074.41         C  2 -- H 10         +19.3% ( 44.0%)      0.0%
 TRANSITION DIPOLE   0.0000         C  1 -- H  7         +19.3% ( 44.0%)      0.0%
 TRAVEL (Ang.)       0.5020         C  2 -- H  9         +19.1% ( 43.9%)      0.0%
 REDUCED MASS        0.2491         C  1 -- H  8         +19.1% ( 43.9%)      0.0%
 EFFECTIVE MASS      2.3048
 FORCE CONSTANT      0.1694

 VIBRATION         18   18A           ATOM PAIR      ENERGY CONTRIBUTION    RADIAL
 FREQUENCY          1093.11         C  2 -- H  9         +12.6% ( 38.5%)      0.0%
 TRANSITION DIPOLE   0.0000         C  1 -- H  8         +12.6% ( 38.5%)      0.0%
 TRAVEL (Ang.)       0.6579         C  1 -- H  7         +12.5% ( 38.3%)      0.0%
 REDUCED MASS        0.1425         C  2 -- H 10         +12.5% ( 38.3%)      0.0%
 EFFECTIVE MASS      2.4625
 FORCE CONSTANT      0.1003

 VIBRATION         19   19A           ATOM PAIR      ENERGY CONTRIBUTION    RADIAL
 FREQUENCY          1156.92         C  5 -- H 13         +19.7% ( 43.5%)      0.0%
 TRANSITION DIPOLE   0.0175         C  6 -- H 14         +19.7% ( 43.5%)      0.0%
 TRAVEL (Ang.)       0.5927         C  3 -- H 11         +19.6% ( 43.4%)      0.0%
 REDUCED MASS        0.1659         C  4 -- H 12         +19.6% ( 43.4%)      0.0%
 EFFECTIVE MASS      1.0459
 FORCE CONSTANT      0.1309

 VIBRATION         20   20A           ATOM PAIR      ENERGY CONTRIBUTION    RADIAL
 FREQUENCY          1160.56         C  3 -- H 11         +23.1% ( 47.8%)      0.3%
 TRANSITION DIPOLE   0.0000         C  4 -- H 12         +23.1% ( 47.8%)      0.3%
 TRAVEL (Ang.)       0.4966         C  6 -- H 14         +23.0% ( 47.7%)      0.3%
 REDUCED MASS        0.2356         C  5 -- H 13         +23.0% ( 47.6%)      0.3%
 EFFECTIVE MASS      1.3045
 FORCE CONSTANT      0.1870

 VIBRATION         21   21A           ATOM PAIR      ENERGY CONTRIBUTION    RADIAL
 FREQUENCY          1227.10         C  5 -- H 13         +13.8% ( 44.9%)      0.0%
 TRANSITION DIPOLE   0.0000         C  4 -- H 12         +13.8% ( 44.8%)      0.0%
 TRAVEL (Ang.)       0.5265         C  6 -- H 14         +13.8% ( 44.8%)      0.0%
 REDUCED MASS        0.1982         C  3 -- H 11         +13.8% ( 44.8%)      0.0%
 EFFECTIVE MASS      2.4351
 FORCE CONSTANT      0.1758

 VIBRATION         22   22A           ATOM PAIR      ENERGY CONTRIBUTION    RADIAL
 FREQUENCY          1318.16         C  4 -- H 12          +9.6% ( 33.8%)      2.1%
 TRANSITION DIPOLE   0.0592         C  3 -- H 11          +9.6% ( 33.8%)      2.1%
 TRAVEL (Ang.)       0.4340         C  5 -- H 13          +9.6% ( 33.8%)      2.1%
 REDUCED MASS        0.2716         C  6 -- H 14          +9.6% ( 33.8%)      2.1%
 EFFECTIVE MASS      3.3649
 FORCE CONSTANT      0.2780

 VIBRATION         23   23A           ATOM PAIR      ENERGY CONTRIBUTION    RADIAL
 FREQUENCY          1363.51         C  2 -- H  9         +18.9% ( 44.6%)      5.2%
 TRANSITION DIPOLE   0.0000         C  2 -- H 10         +18.9% ( 44.5%)      5.2%
 TRAVEL (Ang.)       0.3840         C  1 -- H  8         +18.9% ( 44.5%)      5.2%
 REDUCED MASS        0.3355         C  1 -- H  7         +18.9% ( 44.5%)      5.2%
 EFFECTIVE MASS      2.6768
 FORCE CONSTANT      0.3675

 VIBRATION         24   24A           ATOM PAIR      ENERGY CONTRIBUTION    RADIAL
 FREQUENCY          1397.93         C  1 -- C  3          +9.8% ( 41.3%)     65.8%
 TRANSITION DIPOLE   0.1090         C  2 -- C  6          +9.8% ( 41.2%)     65.7%
 TRAVEL (Ang.)       0.2860         C  1 -- C  5          +9.5% ( 40.7%)     60.1%
 REDUCED MASS        0.5896         C  2 -- C  4          +9.5% ( 40.7%)     60.2%
 EFFECTIVE MASS      6.1374
 FORCE CONSTANT      0.6788

 VIBRATION         25   25A           ATOM PAIR      ENERGY CONTRIBUTION    RADIAL
 FREQUENCY          1398.37         C  2 -- C  4         +11.7% ( 52.5%)     63.8%
 TRANSITION DIPOLE   0.0122         C  1 -- C  5         +11.7% ( 52.5%)     63.8%
 TRAVEL (Ang.)       0.1480         C  2 -- C  6         +11.5% ( 52.1%)     60.6%
 REDUCED MASS        2.2021         C  1 -- C  3         +11.5% ( 52.1%)     60.6%
 EFFECTIVE MASS      8.8051         C  2 -- H  9         +11.2% ( 51.2%)      0.0%
 FORCE CONSTANT      2.5371         C  2 -- H 10         +11.1% ( 51.2%)      0.0%
                            C  1 -- H  8         +11.1% ( 51.2%)      0.0%
                            C  1 -- H  7         +11.1% ( 51.2%)      0.0%

 VIBRATION         26   26A           ATOM PAIR      ENERGY CONTRIBUTION    RADIAL
 FREQUENCY          1476.77         C  1 -- C  5         +12.4% ( 55.4%)     83.8%
 TRANSITION DIPOLE   0.0001         C  2 -- C  6         +12.4% ( 55.4%)     83.8%
 TRAVEL (Ang.)       0.1484         C  1 -- C  3         +12.4% ( 55.4%)     83.7%
 REDUCED MASS        2.0747         C  2 -- C  4         +12.4% ( 55.4%)     83.8%
 EFFECTIVE MASS     10.8689
 FORCE CONSTANT      2.6658

 VIBRATION         27   27A           ATOM PAIR      ENERGY CONTRIBUTION    RADIAL
 FREQUENCY          1873.11         C  3 -- C  4         +22.2% ( 69.7%)    100.0%
 TRANSITION DIPOLE   0.1356         C  5 -- C  6         +22.2% ( 69.7%)    100.0%
 TRAVEL (Ang.)       0.1150         C  1 -- C  3          +7.2% ( 39.8%)     65.5%
 REDUCED MASS        2.7222         C  2 -- C  4          +7.2% ( 39.8%)     65.5%
 EFFECTIVE MASS     11.8897
 FORCE CONSTANT      5.6272

 VIBRATION         28   28A           ATOM PAIR      ENERGY CONTRIBUTION    RADIAL
 FREQUENCY          1892.49         C  5 -- C  6         +22.2% ( 69.1%)    100.0%
 TRANSITION DIPOLE   0.0001         C  3 -- C  4         +22.2% ( 69.0%)    100.0%
 TRAVEL (Ang.)       0.1149         C  1 -- C  5          +7.2% ( 39.4%)     41.1%
 REDUCED MASS        2.7003         C  2 -- C  6          +7.2% ( 39.4%)     41.1%
 EFFECTIVE MASS     11.8516
 FORCE CONSTANT      5.6981

 VIBRATION         29   29A           ATOM PAIR      ENERGY CONTRIBUTION    RADIAL
 FREQUENCY          2931.04         C  2 -- H  9         +25.2% ( 52.1%)     96.6%
 TRANSITION DIPOLE   0.0336         C  2 -- H 10         +25.2% ( 52.1%)     96.6%
 TRAVEL (Ang.)       0.2982         C  1 -- H  8         +23.8% ( 50.6%)     96.6%
 REDUCED MASS        0.2587         C  1 -- H  7         +23.7% ( 50.5%)     96.6%
 EFFECTIVE MASS      1.5303
 FORCE CONSTANT      1.3096

 VIBRATION         30   30A           ATOM PAIR      ENERGY CONTRIBUTION    RADIAL
 FREQUENCY          2931.43         C  1 -- H  8         +25.2% ( 52.1%)     96.5%
 TRANSITION DIPOLE   0.0005         C  1 -- H  7         +25.2% ( 52.0%)     96.5%
 TRAVEL (Ang.)       0.2978         C  2 -- H  9         +23.7% ( 50.5%)     96.5%
 REDUCED MASS        0.2593         C  2 -- H 10         +23.7% ( 50.5%)     96.5%
 EFFECTIVE MASS      1.5395
 FORCE CONSTANT      1.3129

 VIBRATION         31   31A           ATOM PAIR      ENERGY CONTRIBUTION    RADIAL
 FREQUENCY          3008.98         C  2 -- H 10         +26.1% ( 50.4%)     97.8%
 TRANSITION DIPOLE   0.0040         C  2 -- H  9         +26.0% ( 50.3%)     97.7%
 TRAVEL (Ang.)       0.3081         C  1 -- H  7         +22.5% ( 46.8%)     97.8%
 REDUCED MASS        0.2361         C  1 -- H  8         +22.4% ( 46.7%)     97.7%
 EFFECTIVE MASS      1.2793
 FORCE CONSTANT      1.2593

 VIBRATION         32   32A           ATOM PAIR      ENERGY CONTRIBUTION    RADIAL
 FREQUENCY          3009.76         C  1 -- H  7         +26.2% ( 50.4%)     97.7%
 TRANSITION DIPOLE   0.1055         C  1 -- H  8         +26.1% ( 50.4%)     97.7%
 TRAVEL (Ang.)       0.3074         C  2 -- H 10         +22.5% ( 46.8%)     97.7%
 REDUCED MASS        0.2371         C  2 -- H  9         +22.5% ( 46.8%)     97.7%
 EFFECTIVE MASS      1.2867
 FORCE CONSTANT      1.2655

 VIBRATION         33   33A           ATOM PAIR      ENERGY CONTRIBUTION    RADIAL
 FREQUENCY          3045.89         C  4 -- H 12         +25.2% ( 50.9%)    100.0%
 TRANSITION DIPOLE   0.0054         C  3 -- H 11         +25.0% ( 50.7%)    100.0%
 TRAVEL (Ang.)       0.3085         C  5 -- H 13         +23.9% ( 49.6%)    100.0%
 REDUCED MASS        0.2326         C  6 -- H 14         +23.6% ( 49.3%)    100.0%
 EFFECTIVE MASS      1.4466
 FORCE CONSTANT      1.2714

 VIBRATION         34   34A           ATOM PAIR      ENERGY CONTRIBUTION    RADIAL
 FREQUENCY          3047.55         C  5 -- H 13         +25.0% ( 50.7%)    100.0%
 TRANSITION DIPOLE   0.3971         C  6 -- H 14         +24.6% ( 50.3%)    100.0%
 TRAVEL (Ang.)       0.3125         C  4 -- H 12         +23.6% ( 49.2%)    100.0%
 REDUCED MASS        0.2266         C  3 -- H 11         +23.3% ( 49.0%)    100.0%
 EFFECTIVE MASS      1.4636
 FORCE CONSTANT      1.2400

 VIBRATION         35   35A           ATOM PAIR      ENERGY CONTRIBUTION    RADIAL
 FREQUENCY          3065.26         C  3 -- H 11         +24.6% ( 50.3%)     99.9%
 TRANSITION DIPOLE   0.3865         C  4 -- H 12         +24.3% ( 50.1%)     99.9%
 TRAVEL (Ang.)       0.3073         C  6 -- H 14         +23.9% ( 49.7%)     99.9%
 REDUCED MASS        0.2330         C  5 -- H 13         +23.6% ( 49.3%)     99.9%
 EFFECTIVE MASS      1.5731
 FORCE CONSTANT      1.2899

 VIBRATION         36   36A           ATOM PAIR      ENERGY CONTRIBUTION    RADIAL
 FREQUENCY          3068.36         C  6 -- H 14         +24.2% ( 49.9%)     99.9%
 TRANSITION DIPOLE   0.0029         C  5 -- H 13         +23.9% ( 49.6%)     99.9%
 TRAVEL (Ang.)       0.3116         C  3 -- H 11         +23.5% ( 49.1%)     99.9%
 REDUCED MASS        0.2264         C  4 -- H 12         +23.3% ( 48.9%)     99.9%
 EFFECTIVE MASS      1.6042
 FORCE CONSTANT      1.2557

      SYMMETRY NUMBER FOR POINT-GROUP C1  =  1


          SYSTEM IS A GROUND STATE



 InChI=1S/C6H8/c1-2-4-6-5-3-1/h1-2,5-6H,3-4H2


          MOLECULE IS NOT LINEAR

          THERE ARE 36 GENUINE VIBRATIONS IN THIS SYSTEM
          THIS THERMODYNAMICS CALCULATION IS LIMITED TO
          MOLECULES WHICH HAVE NO INTERNAL ROTATIONS




                    CALCULATED THERMODYNAMIC PROPERTIES
                                          *
   TEMP. (K)   PARTITION FUNCTION   H.O.F.    ENTHALPY  HEAT CAPACITY ENTROPY
                                   KCAL/MOL   CAL/MOLE    CAL/K/MOL  CAL/K/MOL


 298.00  VIB.     0.6545D+01                  1613.4661    14.3723     9.1476
         ROT.     0.1050D+06                   888.2803     2.9808    25.9563
         INT.     0.6872D+06                  2501.7464    17.3531    35.1039
         TRA.     0.6934D+27                  1480.4672     4.9680    39.0554
         TOT.                       19.358    3982.2136    22.3211    74.1593

 200.00  VIB.     0.2940D+01                   574.9806     7.1128     5.0181
         ROT.     0.5773D+05                   596.1613     2.9808    24.7676
         INT.     0.1697D+06                  1171.1418    10.0936    29.7857
         TRA.     0.3813D+27                   993.6021     4.9680    37.0743
         TOT.                       17.541    2164.7440    15.0616    66.8600

 210.00  VIB.     0.3164D+01                   649.3023     7.7566     5.3806
         ROT.     0.6211D+05                   625.9693     2.9808    24.9131
         INT.     0.1965D+06                  1275.2717    10.7374    30.2937
         TRA.     0.4102D+27                  1043.2822     4.9680    37.3167
         TOT.                       17.695    2318.5539    15.7054    67.6104

 220.00  VIB.     0.3410D+01                   730.2109     8.4298     5.7569
         ROT.     0.6660D+05                   655.7774     2.9808    25.0517
         INT.     0.2271D+06                  1385.9883    11.4106    30.8086
         TRA.     0.4399D+27                  1092.9623     4.9680    37.5478
         TOT.                       17.855    2478.9506    16.3786    68.3564

 230.00  VIB.     0.3682D+01                   817.9875     9.1298     6.1469
         ROT.     0.7120D+05                   685.5855     2.9808    25.1842
         INT.     0.2622D+06                  1503.5730    12.1106    31.3312
         TRA.     0.4702D+27                  1142.6424     4.9680    37.7686
         TOT.                       18.022    2646.2155    17.0786    69.0998

 240.00  VIB.     0.3984D+01                   912.8873     9.8539     6.5507
         ROT.     0.7589D+05                   715.3935     2.9808    25.3111
         INT.     0.3024D+06                  1628.2809    12.8347    31.8618
         TRA.     0.5012D+27                  1192.3226     4.9680    37.9801
         TOT.                       18.197    2820.6034    17.8027    69.8419

 250.00  VIB.     0.4319D+01                  1015.1361    10.5991     6.9680
         ROT.     0.8068D+05                   745.2016     2.9808    25.4328
         INT.     0.3485D+06                  1760.3377    13.5799    32.4008
         TRA.     0.5328D+27                  1242.0027     4.9680    38.1829
         TOT.                       18.379    3002.3404    18.5479    70.5837

 260.00  VIB.     0.4692D+01                  1124.9293    11.3623     7.3985
         ROT.     0.8557D+05                   775.0097     2.9808    25.5497
         INT.     0.4015D+06                  1899.9390    14.3431    32.9482
         TRA.     0.5651D+27                  1291.6828     4.9680    38.3777
         TOT.                       18.568    3191.6217    19.3111    71.3259

 270.00  VIB.     0.5107D+01                  1242.4311    12.1403     7.8419
         ROT.     0.9055D+05                   804.8177     2.9808    25.6622
         INT.     0.4624D+06                  2047.2489    15.1211    33.5041
         TRA.     0.5980D+27                  1341.3629     4.9680    38.5652
         TOT.                       18.765    3388.6117    20.0891    72.0693

 280.00  VIB.     0.5570D+01                  1367.7749    12.9302     8.2977
         ROT.     0.9563D+05                   834.6258     2.9808    25.7706
         INT.     0.5327D+06                  2202.4006    15.9110    34.0682
         TRA.     0.6316D+27                  1391.0430     4.9680    38.7459
         TOT.                       18.970    3593.4436    20.8790    72.8141

 290.00  VIB.     0.6087D+01                  1501.0637    13.7288     8.7653
         ROT.     0.1008D+06                   864.4339     2.9808    25.8752
         INT.     0.6136D+06                  2365.4975    16.7097    34.6405
         TRA.     0.6657D+27                  1440.7231     4.9680    38.9202
         TOT.                       19.182    3806.2206    21.6777    73.5607

 300.00  VIB.     0.6666D+01                  1642.3720    14.5336     9.2443
         ROT.     0.1061D+06                   894.2419     2.9808    25.9762
         INT.     0.7070D+06                  2536.6139    17.5144    35.2205
         TRA.     0.7004D+27                  1490.4032     4.9680    39.0887
         TOT.                       19.403    4027.0171    22.4824    74.3092

 310.00  VIB.     0.7314D+01                  1791.7473    15.3418     9.7340
         ROT.     0.1114D+06                   924.0500     2.9808    26.0740
         INT.     0.8148D+06                  2715.7973    18.3226    35.8080
         TRA.     0.7357D+27                  1540.0833     4.9680    39.2516
         TOT.                       19.632    4255.8806    23.2906    75.0596

 320.00  VIB.     0.8042D+01                  1949.2120    16.1511    10.2339
         ROT.     0.1168D+06                   953.8580     2.9808    26.1686
         INT.     0.9396D+06                  2903.0701    19.1319    36.4025
         TRA.     0.7716D+27                  1589.7634     4.9680    39.4093
         TOT.                       19.869    4492.8335    24.0999    75.8118

 330.00  VIB.     0.8859D+01                  2114.7655    16.9593    10.7432
         ROT.     0.1224D+06                   983.6661     2.9808    26.2603
         INT.     0.1084D+07                  3098.4317    19.9401    37.0036
         TRA.     0.8081D+27                  1639.4435     4.9680    39.5622
         TOT.                       20.114    4737.8752    24.9081    76.5657

 340.00  VIB.     0.9777D+01                  2288.3868    17.7643    11.2615
         ROT.     0.1280D+06                  1013.4742     2.9808    26.3493
         INT.     0.1251D+07                  3301.8609    20.7451    37.6108
         TRA.     0.8451D+27                  1689.1236     4.9680    39.7105
         TOT.                       20.367    4990.9846    25.7131    77.3213

 350.00  VIB.     0.1081D+02                  2470.0360    18.5646    11.7880
         ROT.     0.1336D+06                  1043.2822     2.9808    26.4357
         INT.     0.1445D+07                  3513.3182    21.5454    38.2237
         TRA.     0.8827D+27                  1738.8037     4.9680    39.8545
         TOT.                       20.628    5252.1220    26.5134    78.0782

 360.00  VIB.     0.1198D+02                  2659.6573    19.3585    12.3221
         ROT.     0.1394D+06                  1073.0903     2.9808    26.5197
         INT.     0.1670D+07                  3732.7476    22.3393    38.8418
         TRA.     0.9207D+27                  1788.4838     4.9680    39.9944
         TOT.                       20.897    5521.2314    27.3073    78.8363

 370.00  VIB.     0.1329D+02                  2857.1805    20.1448    12.8633
         ROT.     0.1453D+06                  1102.8984     2.9808    26.6014
         INT.     0.1931D+07                  3960.0789    23.1256    39.4646
         TRA.     0.9594D+27                  1838.1639     4.9680    40.1306
         TOT.                       21.174    5798.2428    28.0936    79.5952

 380.00  VIB.     0.1478D+02                  3062.5231    20.9222    13.4108
         ROT.     0.1512D+06                  1132.7064     2.9808    26.6809
         INT.     0.2234D+07                  4195.2296    23.9030    40.0917
         TRA.     0.9985D+27                  1887.8440     4.9680    40.2630
         TOT.                       21.459    6083.0736    28.8710    80.3548

 390.00  VIB.     0.1645D+02                  3275.5924    21.6899    13.9643
         ROT.     0.1572D+06                  1162.5145     2.9808    26.7583
         INT.     0.2587D+07                  4438.1069    24.6707    40.7225
         TRA.     0.1038D+28                  1937.5242     4.9680    40.3921
         TOT.                       21.752    6375.6311    29.6388    81.1146

 400.00  VIB.     0.1835D+02                  3496.2869    22.4471    14.5230
         ROT.     0.1633D+06                  1192.3226     2.9808    26.8338
         INT.     0.2997D+07                  4688.6094    25.4279    41.3567
         TRA.     0.1078D+28                  1987.2043     4.9680    40.5179
         TOT.                       22.052    6675.8137    30.3959    81.8746

   *: NOTE: HEATS OF FORMATION ARE RELATIVE TO THE
            ELEMENTS IN THEIR STANDARD STATE AT 298K
              (=  Standard Enthalpy of Formation).

            Hvib:  Zero-point energy is not included.
                   frequencies of less than zero cm-1 are not included.
            Hrot = (3/2)RT
            Htra = (3/2)RT + pV = (5/2)RT

            Heat capacity is Cp, not Cv

          For more information, see: HTTP://OpenMOPAC.net/Manual/thermochemistry.html


           FORCE CONSTANT IN CARTESIAN COORDINATES (Millidynes/A)

    ATOM   CHEMICAL       X               Y               Z
   NUMBER   SYMBOL  FORCE CONSTANT  FORCE CONSTANT  FORCE CONSTANT

      1       C        9.038382        9.404804        7.658853
      2       C        9.038169        9.404612        7.658985
      3       C       15.366566        9.591074        2.357302
      4       C       15.366067        9.591390        2.357298
      5       C       15.366427        9.591629        2.357248
      6       C       15.366492        9.591687        2.357208
      7       H        2.060444        0.670356        3.450110
      8       H        2.061837        0.670422        3.448371
      9       H        2.062991        0.670513        3.447163
     10       H        2.059127        0.670267        3.451215
     11       H        1.897584        4.003650        0.348256
     12       H        1.897238        4.003765        0.348224
     13       H        1.897366        4.003654        0.348216
     14       H        1.897290        4.004181        0.348214

 **********************
 *                    *
 * JOB ENDED NORMALLY *
 *                    *
 **********************



 TOTAL JOB TIME:             0.90 SECONDS

 == MOPAC DONE ==
