 *******************************************************************************
 **                                                                           **
 **                              MOPAC v23.1.2                                **
 **                                                                           **
 *******************************************************************************
 **          Digital Object Identifier (DOI): 10.5281/zenodo.6511958          **
 **    Visit the DOI location for information on how to cite this program.    **
 *******************************************************************************

                              PM3 CALCULATION RESULTS

 *******************************************************************************
 *  CALCULATION DONE: (MAX THREADS = 1)              Tue Jun  3 16:28:48 2025  *
 *  PM3        - The PM3 Hamiltonian to be used
 *  PRECISE    - TIGHTER CRITERIA TO BE USED
 *  NOSYM      - POINT-GROUP SYMMETRY SET TO C1
 *  THREADS=1  - MULTI-THREADING NOT USED
 *  T=         - A TIME OF 172800.0 SECONDS REQUESTED
 *  DUMP=N     - RESTART FILE WRITTEN EVERY 7200.0 SECONDS REQUESTED
 *******************************************************************************
pm3  precise nosym THREADS=1
 InChI=1S/C6H8/c1-6-4-2-3-5-6/h2,4H,1,3,5H2

   ATOM   CHEMICAL          X               Y               Z
  NUMBER   SYMBOL      (ANGSTROMS)     (ANGSTROMS)     (ANGSTROMS)

     1       C          0.06100000  *  -1.02330000  *  -0.40330000  *
     2       C         -1.36820000  *  -0.74850000  *   0.08950000  *
     3       C          0.77140000  *   0.25270000  *  -0.11440000  *
     4       C         -1.32990000  *   0.65470000  *   0.60920000  *
     5       C         -0.13640000  *   1.20290000  *   0.49160000  *
     6       C          2.05460000  *   0.48750000  *  -0.37490000  *
     7       H          0.52280000  *  -1.86180000  *   0.16190000  *
     8       H          0.07220000  *  -1.23610000  *  -1.49430000  *
     9       H         -1.64870000  *  -1.44800000  *   0.90590000  *
    10       H         -2.09790000  *  -0.82430000  *  -0.74490000  *
    11       H         -2.18220000  *   1.16770000  *   1.03500000  *
    12       H          0.11180000  *   2.20920000  *   0.80430000  *
    13       H          2.66980000  *  -0.27730000  *  -0.83120000  *
    14       H          2.49990000  *   1.44470000  *  -0.13440000  *



          CARTESIAN COORDINATES 

    NO.       ATOM           X           Y           Z

     1         C          0.0610     -1.0233     -0.4033
     2         C         -1.3682     -0.7485      0.0895
     3         C          0.7714      0.2527     -0.1144
     4         C         -1.3299      0.6547      0.6092
     5         C         -0.1364      1.2029      0.4916
     6         C          2.0546      0.4875     -0.3749
     7         H          0.5228     -1.8618      0.1619
     8         H          0.0722     -1.2361     -1.4943
     9         H         -1.6487     -1.4480      0.9059
    10         H         -2.0979     -0.8243     -0.7449
    11         H         -2.1822      1.1677      1.0350
    12         H          0.1118      2.2092      0.8043
    13         H          2.6698     -0.2773     -0.8312
    14         H          2.4999      1.4447     -0.1344

  H: (PM3): J. J. P. STEWART, J. COMP. CHEM. 10, 209 (1989).
  C: (PM3): J. J. P. STEWART, J. COMP. CHEM. 10, 209 (1989).

           Empirical Formula: C6 H8  =    14 atoms



      MOLECULAR POINT GROUP   :   C1  


      RHF CALCULATION, NO. OF DOUBLY OCCUPIED LEVELS = 16


          Geometry optimization using EF

          DIAGONAL MATRIX USED AS START HESSIAN

 CYCLE:     1 TIME:   0.004 TIME LEFT:  2.00D  GRAD.:    66.897 HEAT:  26.44579
 CYCLE:     2 TIME:   0.008 TIME LEFT:  2.00D  GRAD.:    46.537 HEAT:  25.71806
 CYCLE:     3 TIME:   0.004 TIME LEFT:  2.00D  GRAD.:    21.232 HEAT:  25.04901
 CYCLE:     4 TIME:   0.004 TIME LEFT:  2.00D  GRAD.:    25.820 HEAT:  24.57198
 CYCLE:     5 TIME:   0.008 TIME LEFT:  2.00D  GRAD.:    26.377 HEAT:  24.30186
 CYCLE:     6 TIME:   0.004 TIME LEFT:  2.00D  GRAD.:    27.583 HEAT:  24.21276
 CYCLE:     7 TIME:   0.004 TIME LEFT:  2.00D  GRAD.:    16.147 HEAT:  24.00225
 CYCLE:     8 TIME:   0.008 TIME LEFT:  2.00D  GRAD.:    14.207 HEAT:  23.95848
 CYCLE:     9 TIME:   0.004 TIME LEFT:  2.00D  GRAD.:    15.479 HEAT:  23.94919
 CYCLE:    10 TIME:   0.004 TIME LEFT:  2.00D  GRAD.:    10.939 HEAT:  23.89838
 CYCLE:    11 TIME:   0.004 TIME LEFT:  2.00D  GRAD.:     4.536 HEAT:  23.86771
 CYCLE:    12 TIME:   0.008 TIME LEFT:  2.00D  GRAD.:     5.460 HEAT:  23.86280
 CYCLE:    13 TIME:   0.004 TIME LEFT:  2.00D  GRAD.:     6.057 HEAT:  23.86036
 CYCLE:    14 TIME:   0.004 TIME LEFT:  2.00D  GRAD.:     3.824 HEAT:  23.85625
 CYCLE:    15 TIME:   0.004 TIME LEFT:  2.00D  GRAD.:     2.984 HEAT:  23.85441
 CYCLE:    16 TIME:   0.004 TIME LEFT:  2.00D  GRAD.:     2.003 HEAT:  23.85243
 CYCLE:    17 TIME:   0.004 TIME LEFT:  2.00D  GRAD.:     2.537 HEAT:  23.85278
 CYCLE:    18 TIME:   0.004 TIME LEFT:  2.00D  GRAD.:     1.158 HEAT:  23.85137
 CYCLE:    19 TIME:   0.004 TIME LEFT:  2.00D  GRAD.:     0.906 HEAT:  23.85104
 CYCLE:    20 TIME:   0.004 TIME LEFT:  2.00D  GRAD.:     1.074 HEAT:  23.85102
 CYCLE:    21 TIME:   0.004 TIME LEFT:  2.00D  GRAD.:     0.377 HEAT:  23.85067
 CYCLE:    22 TIME:   0.008 TIME LEFT:  2.00D  GRAD.:     0.221 HEAT:  23.85057
 CYCLE:    23 TIME:   0.004 TIME LEFT:  2.00D  GRAD.:     0.254 HEAT:  23.85045
 CYCLE:    24 TIME:   0.004 TIME LEFT:  2.00D  GRAD.:     0.109 HEAT:  23.85040
 CYCLE:    25 TIME:   0.004 TIME LEFT:  2.00D  GRAD.:     0.068 HEAT:  23.85039
 CYCLE:    26 TIME:   0.004 TIME LEFT:  2.00D  GRAD.:     0.079 HEAT:  23.85038
 CYCLE:    27 TIME:   0.004 TIME LEFT:  2.00D  GRAD.:     0.085 HEAT:  23.85037
 CYCLE:    28 TIME:   0.004 TIME LEFT:  2.00D  GRAD.:     0.058 HEAT:  23.85036
 CYCLE:    29 TIME:   0.004 TIME LEFT:  2.00D  GRAD.:     0.041 HEAT:  23.85036

     GRADIENT =  0.04099 IS LESS THAN CUTOFF =  0.05000



 -------------------------------------------------------------------------------
 pm3  precise nosym THREADS=1
 InChI=1S/C6H8/c1-6-4-2-3-5-6/h2,4H,1,3,5H2



     GEOMETRY OPTIMISED USING EIGENVECTOR FOLLOWING (EF).     
     SCF FIELD WAS ACHIEVED                                   


                              PM3 CALCULATION
                                                       MOPAC v23.1.2 MacOS
                                                       Tue Jun  3 16:28:48 2025




          FINAL HEAT OF FORMATION =         23.85036 KCAL/MOL =      99.78989 KJ/MOL


          COSMO AREA              =        128.19 SQUARE ANGSTROMS
          COSMO VOLUME            =        117.47 CUBIC ANGSTROMS

          GRADIENT NORM           =          0.04099          =       0.01095 PER ATOM
          IONIZATION POTENTIAL    =          9.029738 EV
          HOMO LUMO ENERGIES (EV) =         -9.030  0.314
          NO. OF FILLED LEVELS    =         16
          MOLECULAR WEIGHT        =         80.1292         POINT GROUP:  C1  

          MOLECULAR DIMENSIONS (Angstroms)

            Atom       Atom       Distance
            H    13    H    11     5.49004
            H    12    H    10     4.03474
            H     8    H     9     1.77082


          SCF CALCULATIONS        =         36

          WALL-CLOCK TIME         =      0.148 SECONDS
          COMPUTATION TIME        =      0.072 SECONDS




   ATOM   CHEMICAL          X               Y               Z
  NUMBER   SYMBOL      (ANGSTROMS)     (ANGSTROMS)     (ANGSTROMS)

     1       C          0.04985964  *  -1.01312085  *  -0.39682299  *
     2       C         -1.38519090  *  -0.74903364  *   0.09431071  *
     3       C          0.79805491  *   0.26141398  *  -0.11854306  *
     4       C         -1.35782726  *   0.65403683  *   0.61654917  *
     5       C         -0.14073999  *   1.20823715  *   0.49455460  *
     6       C          2.08149059  *   0.49089763  *  -0.38056146  *
     7       H          0.51473340  *  -1.86672184  *   0.12883611  *
     8       H          0.07785886  *  -1.26040532  *  -1.47345172  *
     9       H         -1.69156523  *  -1.45709375  *   0.88578004  *
    10       H         -2.12876424  *  -0.85201396  *  -0.71691181  *
    11       H         -2.24785031  *   1.12213637  *   1.03534647  *
    12       H          0.15828243  *   2.21292453  *   0.79245137  *
    13       H          2.72637338  *  -0.25310051  *  -0.83719056  *
    14       H          2.56228885  *   1.43713221  *  -0.15324949  *

                             CARTESIAN COORDINATES

   1    C        0.049859637    -1.013120853    -0.396822991
   2    C       -1.385190898    -0.749033644     0.094310714
   3    C        0.798054912     0.261413978    -0.118543060
   4    C       -1.357827262     0.654036834     0.616549173
   5    C       -0.140739988     1.208237150     0.494554596
   6    C        2.081490587     0.490897632    -0.380561456
   7    H        0.514733403    -1.866721837     0.128836114
   8    H        0.077858865    -1.260405323    -1.473451718
   9    H       -1.691565227    -1.457093747     0.885780042
  10    H       -2.128764243    -0.852013959    -0.716911809
  11    H       -2.247850307     1.122136370     1.035346467
  12    H        0.158282426     2.212924527     0.792451370
  13    H        2.726373375    -0.253100511    -0.837190561
  14    H        2.562288854     1.437132213    -0.153249492


           Empirical Formula: C6 H8  =    14 atoms



      MOLECULAR POINT GROUP   :   C1  


                  EIGENVALUES  
 -39.85943 -30.82653 -28.17567 -23.53173 -19.66136 -18.35905 -17.11227 -15.88067
 -14.74375 -14.11353 -13.09619 -12.94669 -12.62758 -12.13644 -11.29537  -9.02974
   0.31423   2.02777   3.26811   3.42266   3.62797   3.86879   3.99328   4.00968
   4.08931   4.22209   4.72157   4.83991   4.96254   5.65549   5.88340   6.20415


              NET ATOMIC CHARGES AND DIPOLE CONTRIBUTIONS

  ATOM NO.   TYPE          CHARGE      No. of ELECS.   s-Pop       p-Pop       
    1          C          -0.060616        4.0606     1.15297     2.90764
    2          C          -0.069352        4.0694     1.15522     2.91414
    3          C          -0.086226        4.0862     1.19251     2.89372
    4          C          -0.136968        4.1370     1.20461     2.93236
    5          C          -0.115138        4.1151     1.18851     2.92663
    6          C          -0.161297        4.1613     1.17624     2.98505
    7          H           0.059321        0.9407     0.94068
    8          H           0.059326        0.9407     0.94067
    9          H           0.058249        0.9418     0.94175
   10          H           0.058233        0.9418     0.94177
   11          H           0.110911        0.8891     0.88909
   12          H           0.114770        0.8852     0.88523
   13          H           0.083607        0.9164     0.91639
   14          H           0.085180        0.9148     0.91482
 DIPOLE           X         Y         Z       TOTAL
 POINT-CHG.    -0.392    -0.276     0.003     0.479
 HYBRID         0.009     0.005    -0.000     0.011
 SUM           -0.383    -0.270     0.002     0.469


          ATOMIC ORBITAL ELECTRON POPULATIONS

     Atom    s        px        py        pz   
    1  C   1.15297   0.94602   0.95598   1.00564
    2  C   1.15522   0.96337   0.95255   0.99821
    3  C   1.19251   0.95338   0.95387   0.98647
    4  C   1.20461   0.97418   0.96634   0.99185
    5  C   1.18851   0.94658   0.97706   1.00299
    6  C   1.17624   0.95032   1.01255   1.02219
    7  H   0.94068
    8  H   0.94067
    9  H   0.94175
   10  H   0.94177
   11  H   0.88909
   12  H   0.88523
   13  H   0.91639
   14  H   0.91482
 *******************************************************************************
 **                                                                           **
 **                              MOPAC v23.1.2                                **
 **                                                                           **
 *******************************************************************************
 **          Digital Object Identifier (DOI): 10.5281/zenodo.6511958          **
 **    Visit the DOI location for information on how to cite this program.    **
 *******************************************************************************

                              PM3 CALCULATION RESULTS

 *******************************************************************************
 *  CALCULATION DONE: (MAX THREADS = 1)              Tue Jun  3 16:28:48 2025  *
 *  PM3        - The PM3 Hamiltonian to be used
 *  OLDGEO     - PREVIOUS GEOMETRY TO BE USED
 *  PRECISE    - TIGHTER CRITERIA TO BE USED
 *  NOSYM      - POINT-GROUP SYMMETRY SET TO C1
 *  THREADS=1  - MULTI-THREADING NOT USED
 *  T=         - A TIME OF 172800.0 SECONDS REQUESTED
 *  DUMP=N     - RESTART FILE WRITTEN EVERY 7200.0 SECONDS REQUESTED
 *  THERMO     - THERMODYNAMIC QUANTITIES TO BE CALCULATED
 *******************************************************************************
oldgeo thermo nosym precise THREADS=1  pm3
 InChI=1S/C6H8/c1-6-4-2-3-5-6/h2,4H,1,3,5H2

   ATOM   CHEMICAL          X               Y               Z
  NUMBER   SYMBOL      (ANGSTROMS)     (ANGSTROMS)     (ANGSTROMS)

     1       C          0.04985964  *  -1.01312085  *  -0.39682299  *
     2       C         -1.38519090  *  -0.74903364  *   0.09431071  *
     3       C          0.79805491  *   0.26141398  *  -0.11854306  *
     4       C         -1.35782726  *   0.65403683  *   0.61654917  *
     5       C         -0.14073999  *   1.20823715  *   0.49455460  *
     6       C          2.08149059  *   0.49089763  *  -0.38056146  *
     7       H          0.51473340  *  -1.86672184  *   0.12883611  *
     8       H          0.07785886  *  -1.26040532  *  -1.47345172  *
     9       H         -1.69156523  *  -1.45709375  *   0.88578004  *
    10       H         -2.12876424  *  -0.85201396  *  -0.71691181  *
    11       H         -2.24785031  *   1.12213637  *   1.03534647  *
    12       H          0.15828243  *   2.21292453  *   0.79245137  *
    13       H          2.72637338  *  -0.25310051  *  -0.83719056  *
    14       H          2.56228885  *   1.43713221  *  -0.15324949  *



          CARTESIAN COORDINATES 

    NO.       ATOM           X           Y           Z

     1         C          0.0499     -1.0131     -0.3968
     2         C         -1.3852     -0.7490      0.0943
     3         C          0.7981      0.2614     -0.1185
     4         C         -1.3578      0.6540      0.6165
     5         C         -0.1407      1.2082      0.4946
     6         C          2.0815      0.4909     -0.3806
     7         H          0.5147     -1.8667      0.1288
     8         H          0.0779     -1.2604     -1.4735
     9         H         -1.6916     -1.4571      0.8858
    10         H         -2.1288     -0.8520     -0.7169
    11         H         -2.2479      1.1221      1.0353
    12         H          0.1583      2.2129      0.7925
    13         H          2.7264     -0.2531     -0.8372
    14         H          2.5623      1.4371     -0.1532

  H: (PM3): J. J. P. STEWART, J. COMP. CHEM. 10, 209 (1989).
  C: (PM3): J. J. P. STEWART, J. COMP. CHEM. 10, 209 (1989).

           Empirical Formula: C6 H8  =    14 atoms



      MOLECULAR POINT GROUP   :   C1  


      RHF CALCULATION, NO. OF DOUBLY OCCUPIED LEVELS = 16



          HEAT OF FORMATION =      23.850356 KCALS/MOLE


          CARTESIAN COORDINATE DERIVATIVES

   NUMBER  ATOM         X            Y            Z

     1       C      0.014217    -0.004416     0.005507
     2       C     -0.005186     0.005125    -0.003246
     3       C      0.007038     0.001197     0.005730
     4       C      0.009745     0.001778    -0.000139
     5       C      0.005651    -0.000088    -0.004545
     6       C      0.001506     0.000127     0.004241
     7       H     -0.009247     0.002997    -0.003015
     8       H     -0.004588     0.000363     0.001831
     9       H     -0.007415    -0.004364    -0.008207
    10       H     -0.008772     0.007045    -0.002082
    11       H      0.005349     0.003662     0.008568
    12       H      0.009223    -0.000571     0.003543
    13       H     -0.003491    -0.000952     0.003881
    14       H     -0.014031    -0.011905    -0.012066



          GRADIENT NORM =   0.04119

          MOLECULAR WEIGHT =   80.13



          ROTATIONAL CONSTANTS IN CM(-1)

          A =    0.24457904   B =    0.11686127   C =    0.08148611



           PRINCIPAL MOMENTS OF INERTIA IN UNITS OF 10**(-40)*GRAM-CM**2

          A =      114.4528   B =      239.5383   C =      343.5279


          ORIENTATION OF MOLECULE IN FORCE CALCULATION

    NO.       ATOM         X         Y         Z

     1          C      -0.3742   -1.1533   -0.0002
     2          C       1.1654   -1.1533   -0.0002
     3          C      -0.7642    0.2992   -0.0002
     4          C       1.5472    0.2946    0.0009
     5          C       0.4689    1.0950    0.0008
     6          C      -2.0047    0.7784   -0.0011
     7          H      -0.7862   -1.6728   -0.8841
     8          H      -0.7861   -1.6727    0.8839
     9          H       1.5820   -1.6689   -0.8846
    10          H       1.5820   -1.6702    0.8834
    11          H       2.5906    0.6073    0.0018
    12          H       0.4575    2.1847    0.0015
    13          H      -2.8791    0.1355   -0.0017
    14          H      -2.2180    1.8427   -0.0014


    FIRST DERIVATIVES WILL BE USED IN THE CALCULATION OF SECOND DERIVATIVES

          ESTIMATED TIME TO COMPLETE CALCULATION =        0.66 SECONDS

    FOR POINT-GROUP C1   THERE ARE   1 UNIQUE SYMMETRY FUNCTIONS.

 STEP:   1 TIME =     0.01 SECS, INTEGRAL =      0.01 TIME LEFT: 172799.99
 STEP:   2 TIME =     0.01 SECS, INTEGRAL =      0.02 TIME LEFT: 172799.98
 STEP:   3 TIME =     0.01 SECS, INTEGRAL =      0.02 TIME LEFT: 172799.97
 STEP:   4 TIME =     0.01 SECS, INTEGRAL =      0.03 TIME LEFT: 172799.96
 STEP:   5 TIME =     0.01 SECS, INTEGRAL =      0.04 TIME LEFT: 172799.96
 STEP:   6 TIME =     0.01 SECS, INTEGRAL =      0.05 TIME LEFT: 172799.95
 STEP:   7 TIME =     0.01 SECS, INTEGRAL =      0.05 TIME LEFT: 172799.94
 STEP:   8 TIME =     0.01 SECS, INTEGRAL =      0.06 TIME LEFT: 172799.93
 STEP:   9 TIME =     0.01 SECS, INTEGRAL =      0.07 TIME LEFT: 172799.93
 STEP:  10 TIME =     0.01 SECS, INTEGRAL =      0.08 TIME LEFT: 172799.92
 STEP:  11 TIME =     0.01 SECS, INTEGRAL =      0.09 TIME LEFT: 172799.91
 STEP:  12 TIME =     0.01 SECS, INTEGRAL =      0.10 TIME LEFT: 172799.90
 STEP:  13 TIME =     0.01 SECS, INTEGRAL =      0.11 TIME LEFT: 172799.89
 STEP:  14 TIME =     0.01 SECS, INTEGRAL =      0.11 TIME LEFT: 172799.88
 STEP:  15 TIME =     0.01 SECS, INTEGRAL =      0.12 TIME LEFT: 172799.88
 STEP:  16 TIME =     0.01 SECS, INTEGRAL =      0.13 TIME LEFT: 172799.86
 STEP:  17 TIME =     0.01 SECS, INTEGRAL =      0.14 TIME LEFT: 172799.86
 STEP:  18 TIME =     0.01 SECS, INTEGRAL =      0.15 TIME LEFT: 172799.84
 STEP:  19 TIME =     0.01 SECS, INTEGRAL =      0.16 TIME LEFT: 172799.84
 STEP:  20 TIME =     0.01 SECS, INTEGRAL =      0.17 TIME LEFT: 172799.83
 STEP:  21 TIME =     0.01 SECS, INTEGRAL =      0.18 TIME LEFT: 172799.82
 STEP:  22 TIME =     0.01 SECS, INTEGRAL =      0.19 TIME LEFT: 172799.81
 STEP:  23 TIME =     0.01 SECS, INTEGRAL =      0.20 TIME LEFT: 172799.80
 STEP:  24 TIME =     0.01 SECS, INTEGRAL =      0.21 TIME LEFT: 172799.79
 STEP:  25 TIME =     0.01 SECS, INTEGRAL =      0.21 TIME LEFT: 172799.78
 STEP:  26 TIME =     0.01 SECS, INTEGRAL =      0.22 TIME LEFT: 172799.77
 STEP:  27 TIME =     0.01 SECS, INTEGRAL =      0.23 TIME LEFT: 172799.77
 STEP:  28 TIME =     0.01 SECS, INTEGRAL =      0.24 TIME LEFT: 172799.76
 STEP:  29 TIME =     0.01 SECS, INTEGRAL =      0.25 TIME LEFT: 172799.75
 STEP:  30 TIME =     0.01 SECS, INTEGRAL =      0.25 TIME LEFT: 172799.74
 STEP:  31 TIME =     0.01 SECS, INTEGRAL =      0.26 TIME LEFT: 172799.73
 STEP:  32 TIME =     0.01 SECS, INTEGRAL =      0.27 TIME LEFT: 172799.72
 STEP:  33 TIME =     0.01 SECS, INTEGRAL =      0.28 TIME LEFT: 172799.71
 STEP:  34 TIME =     0.01 SECS, INTEGRAL =      0.29 TIME LEFT: 172799.71
 STEP:  35 TIME =     0.01 SECS, INTEGRAL =      0.30 TIME LEFT: 172799.70
 STEP:  36 TIME =     0.01 SECS, INTEGRAL =      0.30 TIME LEFT: 172799.69
 STEP:  37 TIME =     0.01 SECS, INTEGRAL =      0.31 TIME LEFT: 172799.68
 STEP:  38 TIME =     0.01 SECS, INTEGRAL =      0.32 TIME LEFT: 172799.68
 STEP:  39 TIME =     0.01 SECS, INTEGRAL =      0.33 TIME LEFT: 172799.66
 STEP:  40 TIME =     0.01 SECS, INTEGRAL =      0.34 TIME LEFT: 172799.66
 STEP:  41 TIME =     0.01 SECS, INTEGRAL =      0.35 TIME LEFT: 172799.65
 STEP:  42 TIME =     0.01 SECS, INTEGRAL =      0.36 TIME LEFT: 172799.64

(To convert to Hartree/Bohr^2, multiply by (10^(-21) x N x a0^2)/(4.184 x 627.51) =  0.0642)


           FORCE MATRIX IN MILLIDYNES/ANGSTROM


                  C  1       C  2       C  3       C  4       C  5       C  6
 ------------------------------------------------------------------------------
     C    1  14.545156
     C    2   3.674395  14.622706
     C    3   4.409566   0.834813  19.373468
     C    4   0.896912   4.638814   1.443546  18.182672
     C    5   0.891282   1.172877   5.157698  10.248597  18.582582
     C    6   0.691400   0.059066  10.724527   0.105088   0.910979  17.993048
     H    7   4.545277   0.439259   0.434846   0.028321   0.028793   0.020519
     H    8   4.545219   0.439286   0.434824   0.028265   0.028756   0.020520
     H    9   0.435758   4.529295   0.032141   0.429951   0.038801   0.004985
     H   10   0.435738   4.529906   0.032215   0.429972   0.038829   0.004997
     H   11   0.042978   0.412081   0.117760   5.030277   0.446016   0.009864
     H   12   0.040251   0.117137   0.432513   0.446502   5.017431   0.013981
     H   13   0.086269   0.006695   0.477556   0.010574   0.131042   5.114738
     H   14   0.122407   0.006873   0.476781   0.009153   0.093575   5.111124


                  H  7       H  8       H  9       H 10       H 11       H 12
 ------------------------------------------------------------------------------
     H    7   5.146815
     H    8   0.569185   5.146742
     H    9   0.030059   0.026646   5.136332
     H   10   0.026601   0.030058   0.570834   5.136925
     H   11   0.003637   0.003628   0.013860   0.013895   5.423270
     H   12   0.002811   0.002805   0.016199   0.016194   0.047157   5.411111
     H   13   0.011102   0.011110   0.001212   0.001210   0.009002   0.002369
     H   14   0.013156   0.013174   0.002134   0.002131   0.005591   0.009694


                  H 13       H 14
 ------------------------------
     H   13   5.491189
     H   14   0.406747   5.488714


          HEAT OF FORMATION =      23.850356 KCALS/MOLE

          ZERO POINT ENERGY      75.572 KCAL/MOL


           NORMAL COORDINATE ANALYSIS (Total motion = 1 Angstrom)


   Root No.       1         2         3         4         5         6         7         8

                 1 A       2 A       3 A       4 A       5 A       6 A       7 A       8 A   

                 112.1     291.1     363.8     518.9     618.5     631.5     766.8     773.5
  
           1   -0.0000    0.0000    0.0153   -0.0000    0.0000   -0.0497   -0.0555   -0.0003
           2   -0.0000    0.0000   -0.0404   -0.0000    0.0000   -0.0472   -0.0043   -0.0000
           3    0.0539    0.0096    0.0000   -0.0002   -0.0012   -0.0000    0.0000   -0.0011
           4   -0.0000    0.0000    0.0234   -0.0000    0.0001   -0.0688   -0.0249   -0.0001
           5    0.0000    0.0000    0.0073    0.0000   -0.0000    0.0317    0.0805    0.0005
           6   -0.0488   -0.0214    0.0000   -0.0069   -0.0046    0.0000    0.0005   -0.0284
           7   -0.0000    0.0000   -0.0198   -0.0000   -0.0000    0.0615   -0.0331   -0.0002
           8   -0.0000    0.0000   -0.0485   -0.0000    0.0000   -0.0361   -0.0286   -0.0002
           9    0.0183   -0.0461   -0.0000    0.0816   -0.0209   -0.0001   -0.0005    0.0315
          10   -0.0000   -0.0000   -0.0158   -0.0000    0.0000   -0.0155    0.1213    0.0007
          11   -0.0000   -0.0000    0.0168    0.0000   -0.0000    0.0370    0.0342    0.0002
          12   -0.0032    0.0641    0.0000    0.0220   -0.0116   -0.0000    0.0003   -0.0152
          13   -0.0000    0.0000   -0.0393    0.0000   -0.0000    0.0039    0.0380    0.0002
          14   -0.0000    0.0000   -0.0203    0.0000   -0.0001    0.0503   -0.0819   -0.0004
          15    0.0385   -0.0460   -0.0000   -0.0341    0.0175    0.0001    0.0004   -0.0304
          16    0.0000   -0.0000    0.0237    0.0001   -0.0001    0.0802   -0.0342   -0.0002
          17   -0.0000   -0.0000    0.0649   -0.0000    0.0000   -0.0338   -0.0057   -0.0000
          18   -0.0513    0.0268    0.0000   -0.0150    0.0004    0.0001   -0.0000    0.0014
          19   -0.0629   -0.0254    0.0353    0.0196    0.0064   -0.0687   -0.0320   -0.0587
          20   -0.0467   -0.0539   -0.0553    0.1224    0.0153   -0.0431   -0.0314    0.0083
          21    0.1112    0.0540   -0.0001   -0.0844   -0.0139    0.0042    0.0036    0.0227
          22    0.0629    0.0254    0.0353   -0.0196   -0.0063   -0.0688   -0.0341    0.0583
          23    0.0467    0.0540   -0.0551   -0.1225   -0.0153   -0.0429   -0.0313   -0.0087
          24    0.1112    0.0540    0.0002   -0.0844   -0.0139   -0.0042   -0.0045    0.0226
          25   -0.0614   -0.0233    0.0395   -0.0173    0.0055   -0.0632   -0.0576    0.0475
          26    0.0494    0.0849    0.0207    0.0597   -0.0383    0.0449    0.0747   -0.1163
          27   -0.1070   -0.0833   -0.0001   -0.0519    0.0215   -0.0037   -0.0086    0.0669
          28    0.0614    0.0233    0.0396    0.0173   -0.0054   -0.0632   -0.0560   -0.0482
          29   -0.0493   -0.0848    0.0207   -0.0596    0.0382    0.0450    0.0710    0.1170
          30   -0.1071   -0.0834    0.0000   -0.0520    0.0216    0.0038    0.0064    0.0672
          31    0.0000   -0.0001   -0.0266   -0.0000   -0.0000   -0.0013    0.1235    0.0005
          32   -0.0000   -0.0001    0.0520   -0.0000   -0.0000   -0.0139    0.0313    0.0000
          33   -0.0074    0.1742    0.0000    0.0215    0.0373    0.0000   -0.0042    0.2874
          34   -0.0000    0.0001   -0.0783    0.0001   -0.0000   -0.0597   -0.0156   -0.0001
          35   -0.0000    0.0000   -0.0202    0.0001   -0.0001    0.0495   -0.0831   -0.0005
          36    0.0758   -0.0842   -0.0001   -0.1672    0.1568    0.0004   -0.0014    0.1054
          37    0.0001   -0.0001   -0.0612    0.0000   -0.0003    0.0810   -0.0658   -0.0003
          38   -0.0000   -0.0001    0.1837    0.0000    0.0000   -0.0320    0.0352    0.0002
          39   -0.0829    0.1015    0.0000    0.0214    0.3251    0.0006    0.0010   -0.0785
          40    0.0001   -0.0001    0.1647    0.0002    0.0001    0.1062   -0.0006    0.0001
          41   -0.0000   -0.0000    0.0954   -0.0000   -0.0000   -0.0301    0.0019    0.0000
          42   -0.0822    0.0227    0.0001   -0.1681   -0.2929   -0.0001   -0.0000    0.0083


   Root No.       9        10        11        12        13        14        15        16

                 9 A      10 A      11 A      12 A      13 A      14 A      15 A      16 A   

                 822.1     917.5     948.9     958.9     990.9    1013.9    1050.4    1076.0
  
           1    0.0000    0.0158   -0.0000    0.0098    0.0000    0.0000   -0.0523   -0.0000
           2   -0.0000    0.0446    0.0000   -0.0456   -0.0000    0.0000   -0.0270    0.0001
           3    0.0332    0.0000   -0.0258   -0.0000   -0.0162   -0.0230   -0.0001   -0.0213
           4    0.0000   -0.0090    0.0000   -0.0149   -0.0000   -0.0000    0.0441   -0.0000
           5   -0.0000   -0.0042   -0.0000    0.0170   -0.0000   -0.0000   -0.0221    0.0002
           6    0.0227    0.0000    0.0214    0.0000    0.0179    0.0267    0.0000   -0.0103
           7    0.0000    0.0003   -0.0000   -0.0131   -0.0000   -0.0000    0.0033   -0.0000
           8    0.0000   -0.0109   -0.0000    0.0109    0.0000   -0.0000    0.0116   -0.0000
           9   -0.0153   -0.0000    0.0201    0.0000   -0.0026    0.0330    0.0000    0.0309
          10   -0.0000   -0.0001   -0.0000   -0.0074    0.0000    0.0000    0.0028   -0.0002
          11   -0.0000   -0.0030    0.0000   -0.0110    0.0000    0.0000    0.0102   -0.0002
          12   -0.0216   -0.0000    0.0072    0.0000   -0.0364   -0.0339    0.0000    0.0287
          13   -0.0000    0.0063   -0.0000    0.0308   -0.0000   -0.0000    0.0123   -0.0001
          14    0.0000    0.0148   -0.0000    0.0387    0.0000    0.0000    0.0148   -0.0002
          15   -0.0201    0.0000   -0.0387   -0.0000    0.0295    0.0046    0.0000   -0.0188
          16   -0.0000   -0.0157    0.0000   -0.0319   -0.0000    0.0000   -0.0108    0.0001
          17    0.0000   -0.0621    0.0000    0.0014   -0.0000    0.0000   -0.0107   -0.0000
          18   -0.0021   -0.0000    0.0205   -0.0000    0.0291   -0.0447   -0.0000   -0.0153
          19    0.0980   -0.0065   -0.0216    0.0683    0.0746   -0.0069   -0.1192    0.1042
          20    0.0864    0.0732   -0.0746   -0.1084   -0.0941   -0.0701    0.0110   -0.1229
          21   -0.0680   -0.0061    0.0307    0.0081    0.0045    0.0236    0.0086    0.0017
          22   -0.0980   -0.0065    0.0215    0.0684   -0.0746    0.0069   -0.1189   -0.1044
          23   -0.0864    0.0732    0.0747   -0.1083    0.0941    0.0701    0.0110    0.1235
          24   -0.0680    0.0061    0.0307   -0.0081    0.0045    0.0236   -0.0085    0.0018
          25   -0.0997   -0.0389    0.0489    0.0330   -0.0535    0.0437    0.0883   -0.1351
          26    0.0477   -0.0303    0.0981    0.0575    0.0259    0.1085    0.0081   -0.1149
          27   -0.0562    0.0007   -0.0141   -0.0022   -0.0248   -0.0176    0.0045   -0.0080
          28    0.0997   -0.0389   -0.0489    0.0329    0.0535   -0.0437    0.0886    0.1360
          29   -0.0477   -0.0304   -0.0982    0.0575   -0.0259   -0.1085    0.0082    0.1165
          30   -0.0563   -0.0008   -0.0143    0.0023   -0.0248   -0.0178   -0.0046   -0.0076
          31   -0.0001    0.0095    0.0000    0.0346   -0.0001   -0.0001   -0.0477   -0.0001
          32   -0.0000   -0.0355    0.0001   -0.1448   -0.0001   -0.0001    0.1823   -0.0003
          33    0.0831   -0.0001   -0.0819   -0.0002    0.1428    0.1017    0.0001   -0.0557
          34   -0.0000    0.0163   -0.0002    0.1662    0.0001    0.0000    0.1343    0.0006
          35   -0.0001    0.0150   -0.0001    0.0402    0.0001    0.0000    0.0172   -0.0002
          36    0.1652    0.0001    0.1943    0.0003   -0.1198   -0.0084    0.0001    0.0425
          37    0.0000   -0.1883    0.0002   -0.0766    0.0001   -0.0001   -0.0484    0.0002
          38   -0.0000    0.1806   -0.0001    0.0603    0.0000   -0.0000    0.0401   -0.0002
          39   -0.0284   -0.0001   -0.0983   -0.0001   -0.0993    0.1816   -0.0000    0.0551
          40   -0.0001    0.2826    0.0001   -0.0088    0.0001   -0.0002    0.0304    0.0002
          41    0.0000    0.0016   -0.0000    0.0088   -0.0000    0.0000   -0.0014   -0.0000
          42    0.0657    0.0002   -0.1036   -0.0001   -0.1373    0.1574    0.0000    0.0418


   Root No.      17        18        19        20        21        22        23        24

                17 A      18 A      19 A      20 A      21 A      22 A      23 A      24 A   

                1078.7    1094.2    1109.1    1222.2    1266.0    1326.3    1352.7    1391.5
  
           1   -0.0083    0.0000    0.0195    0.0166    0.0536    0.0304   -0.0239   -0.0235
           2    0.0248    0.0001    0.0064   -0.0107   -0.0296   -0.0233    0.0168   -0.0305
           3    0.0002   -0.0434   -0.0000    0.0000    0.0000    0.0000    0.0000   -0.0000
           4    0.0009   -0.0000   -0.0260    0.0187   -0.0424   -0.0368   -0.0372    0.0249
           5    0.0385    0.0000    0.0131    0.0088   -0.0124   -0.0323   -0.0299    0.0302
           6    0.0001    0.0478    0.0000    0.0000   -0.0000   -0.0000   -0.0000    0.0000
           7    0.0041    0.0000    0.0001   -0.0126    0.0080   -0.0249   -0.0041   -0.0159
           8   -0.0052   -0.0000   -0.0011   -0.0332   -0.0061    0.0192   -0.0271   -0.0230
           9   -0.0002   -0.0039   -0.0000   -0.0000    0.0000   -0.0000   -0.0000   -0.0000
          10   -0.0328   -0.0000   -0.0085    0.0012    0.0057    0.0209    0.0145   -0.0099
          11   -0.0381   -0.0000   -0.0027    0.0300   -0.0046    0.0227    0.0310   -0.0350
          12   -0.0002   -0.0035   -0.0000    0.0000   -0.0000    0.0000    0.0000   -0.0000
          13   -0.0150   -0.0000   -0.0070   -0.0209    0.0144    0.0010   -0.0062    0.0351
          14   -0.0367   -0.0000   -0.0172    0.0046   -0.0004    0.0010    0.0035    0.0257
          15    0.0001    0.0021   -0.0000   -0.0000    0.0000    0.0000   -0.0000    0.0000
          16    0.0207    0.0000    0.0093    0.0035   -0.0047   -0.0331    0.0119   -0.0140
          17   -0.0075   -0.0000   -0.0011    0.0109    0.0048    0.0121    0.0003    0.0090
          18    0.0001    0.0005    0.0000    0.0000   -0.0000   -0.0000    0.0000   -0.0000
          19   -0.0198   -0.2255    0.0765   -0.0949   -0.0788   -0.0302    0.1207    0.0895
          20    0.0608    0.0620   -0.0410    0.0883    0.1117    0.0329    0.0571    0.1418
          21   -0.0123    0.0259    0.0003   -0.0057   -0.0190   -0.0047   -0.0800   -0.1342
          22   -0.0188    0.2255    0.0769   -0.0948   -0.0788   -0.0302    0.1207    0.0896
          23    0.0594   -0.0618   -0.0412    0.0882    0.1116    0.0329    0.0571    0.1417
          24    0.0123    0.0259   -0.0003    0.0057    0.0190    0.0047    0.0800    0.1342
          25    0.1040   -0.1980   -0.0997   -0.0603    0.0085    0.0582    0.1412   -0.0603
          26    0.1581   -0.0311   -0.0384   -0.0685    0.0876    0.0373   -0.0345   -0.0184
          27   -0.0181   -0.0277   -0.0040    0.0069   -0.0300    0.0033    0.0759   -0.0105
          28    0.1021    0.1982   -0.0995   -0.0603    0.0085    0.0582    0.1412   -0.0603
          29    0.1567    0.0315   -0.0384   -0.0685    0.0875    0.0373   -0.0344   -0.0184
          30    0.0184   -0.0276    0.0039   -0.0070    0.0301   -0.0032   -0.0760    0.0105
          31   -0.0252    0.0001   -0.0799    0.0554   -0.0260    0.0231    0.0263   -0.0355
          32   -0.0668   -0.0004    0.2274   -0.1465    0.0981    0.0207   -0.0045    0.0499
          33    0.0003    0.0145    0.0001   -0.0001    0.0001    0.0000    0.0000    0.0000
          34    0.1236   -0.0003    0.2309    0.1860   -0.0332    0.0038    0.0703   -0.0604
          35   -0.0391   -0.0000   -0.0167    0.0060   -0.0012    0.0027    0.0044    0.0264
          36   -0.0002   -0.0008    0.0001    0.0001   -0.0000   -0.0000    0.0000   -0.0000
          37    0.0451    0.0000    0.0249    0.0288   -0.0778    0.1498   -0.0144    0.0371
          38   -0.0373   -0.0000   -0.0204   -0.0249    0.0962   -0.2228    0.0330   -0.0599
          39   -0.0003    0.0012    0.0000    0.0000   -0.0001    0.0001   -0.0000    0.0000
          40    0.0506    0.0000    0.0201   -0.0379   -0.1348    0.2734   -0.0683    0.0389
          41   -0.0041   -0.0000   -0.0003    0.0016   -0.0164    0.0660   -0.0152    0.0180
          42   -0.0002   -0.0067   -0.0000   -0.0000   -0.0001    0.0002   -0.0001    0.0000


   Root No.      25        26        27        28        29        30        31        32

                25 A      26 A      27 A      28 A      29 A      30 A      31 A      32 A   

                1404.0    1424.5    1805.2    1910.8    2974.4    2989.2    3056.8    3061.2
  
           1    0.0191   -0.0168    0.0026   -0.0175    0.0000    0.0000   -0.0093   -0.0174
           2   -0.0389   -0.0464    0.0095    0.0275   -0.0000    0.0000   -0.0110   -0.0224
           3   -0.0000   -0.0000    0.0000   -0.0000    0.0271   -0.0344   -0.0000   -0.0000
           4   -0.0199    0.0138    0.0079   -0.0045    0.0000    0.0000   -0.0182    0.0082
           5    0.0673   -0.0208   -0.0167    0.0070    0.0000    0.0000    0.0224   -0.0110
           6    0.0000   -0.0000   -0.0000    0.0000   -0.0344   -0.0269   -0.0000    0.0000
           7    0.0185    0.0321    0.0021    0.2597    0.0000   -0.0000    0.0004   -0.0000
           8    0.0486    0.0751   -0.0053   -0.0909   -0.0000    0.0000   -0.0004   -0.0004
           9    0.0000    0.0000    0.0000    0.0002    0.0000   -0.0001    0.0000   -0.0000
          10   -0.0108    0.0041   -0.1766   -0.0082    0.0000    0.0000    0.0010   -0.0008
          11   -0.0185    0.0329    0.1604   -0.0034   -0.0000   -0.0000    0.0008   -0.0003
          12   -0.0000    0.0000    0.0000   -0.0000   -0.0000   -0.0001    0.0000   -0.0000
          13   -0.0082   -0.0452    0.2023   -0.0391   -0.0000   -0.0000    0.0002    0.0000
          14   -0.0253   -0.0372   -0.1218   -0.0118    0.0000    0.0000    0.0002   -0.0004
          15   -0.0000   -0.0000    0.0000   -0.0000   -0.0001   -0.0002   -0.0000   -0.0000
          16   -0.0022    0.0061   -0.0189   -0.1911   -0.0000    0.0000   -0.0001   -0.0000
          17   -0.0078   -0.0156    0.0027    0.0733    0.0000   -0.0000    0.0000    0.0000
          18   -0.0000    0.0000   -0.0000   -0.0001    0.0000   -0.0001   -0.0000    0.0000
          19   -0.0502    0.0881    0.0052    0.0232   -0.0763    0.1017    0.0518    0.1069
          20    0.0277    0.0612   -0.0008   -0.0109   -0.0992    0.1254    0.0664    0.1335
          21   -0.0051   -0.0966    0.0059    0.0009   -0.1637    0.2065    0.1291    0.2613
          22   -0.0501    0.0880    0.0052    0.0231    0.0763   -0.1017    0.0518    0.1068
          23    0.0277    0.0613   -0.0008   -0.0109    0.0992   -0.1254    0.0663    0.1335
          24    0.0051    0.0966   -0.0059   -0.0009   -0.1637    0.2066   -0.1291   -0.2613
          25    0.0997   -0.0740   -0.0190   -0.0005   -0.0994   -0.0817    0.1079   -0.0534
          26   -0.1777    0.0452   -0.0316    0.0013    0.1256    0.0981   -0.1337    0.0645
          27    0.1735   -0.0694    0.0019    0.0073    0.2080    0.1622   -0.2630    0.1278
          28    0.0996   -0.0741   -0.0190   -0.0005    0.0992    0.0815    0.1082   -0.0535
          29   -0.1774    0.0451   -0.0317    0.0014   -0.1256   -0.0981   -0.1345    0.0649
          30   -0.1738    0.0695   -0.0019   -0.0073    0.2073    0.1616    0.2634   -0.1279
          31   -0.0193    0.0373   -0.1424   -0.0133   -0.0000   -0.0000   -0.0104    0.0126
          32    0.0021   -0.0765   -0.1052   -0.0081   -0.0000    0.0000   -0.0017    0.0034
          33   -0.0000   -0.0000   -0.0001   -0.0000   -0.0007   -0.0006   -0.0000    0.0000
          34   -0.0402    0.0278   -0.0545    0.0369    0.0000    0.0000    0.0004    0.0000
          35   -0.0280   -0.0377   -0.1670   -0.0171    0.0000    0.0000   -0.0058    0.0109
          36   -0.0000   -0.0000   -0.0001    0.0000   -0.0003   -0.0004   -0.0000    0.0000
          37   -0.0238   -0.0436   -0.0129   -0.0861   -0.0000    0.0000   -0.0006   -0.0007
          38    0.0232    0.0545   -0.0134   -0.1273   -0.0000    0.0000   -0.0006   -0.0010
          39   -0.0000   -0.0000   -0.0000   -0.0001   -0.0003    0.0002   -0.0000   -0.0000
          40    0.0264    0.0200    0.0065    0.0255   -0.0000    0.0000    0.0001   -0.0001
          41   -0.0008   -0.0109    0.0089    0.1515    0.0000   -0.0000    0.0001    0.0007
          42    0.0000    0.0000    0.0000    0.0000    0.0004   -0.0004    0.0000    0.0000


   Root No.      33        34        35        36

                33 A      34 A      35 A      36 A   

                3116.5    3135.0    3142.7    3147.5
  
           1   -0.0000    0.0010   -0.0001   -0.0004
           2    0.0002    0.0013    0.0001    0.0002
           3    0.0000    0.0000   -0.0000   -0.0000
           4    0.0001   -0.0012    0.0001   -0.0000
           5    0.0001    0.0018   -0.0002    0.0001
           6    0.0000   -0.0000    0.0000    0.0000
           7   -0.0000    0.0012   -0.0060    0.0006
           8    0.0002    0.0000    0.0022   -0.0008
           9    0.0000    0.0000   -0.0000    0.0000
          10    0.0331   -0.0410    0.0025   -0.0003
          11    0.0104   -0.0074    0.0003    0.0000
          12    0.0000   -0.0000    0.0000   -0.0000
          13    0.0004    0.0047   -0.0005    0.0006
          14   -0.0416   -0.0360    0.0031   -0.0003
          15   -0.0000   -0.0000    0.0000    0.0000
          16    0.0005    0.0021    0.0389   -0.0285
          17   -0.0004   -0.0010   -0.0226   -0.0583
          18    0.0000    0.0000    0.0000   -0.0000
          19   -0.0004   -0.0027   -0.0003   -0.0001
          20   -0.0002   -0.0034   -0.0003    0.0005
          21   -0.0007   -0.0067   -0.0005    0.0005
          22   -0.0004   -0.0027   -0.0003   -0.0001
          23   -0.0002   -0.0034   -0.0003    0.0005
          24    0.0007    0.0067    0.0005   -0.0005
          25    0.0000    0.0043   -0.0002    0.0001
          26    0.0020   -0.0072    0.0004   -0.0002
          27    0.0021   -0.0123    0.0007   -0.0003
          28    0.0000    0.0043   -0.0002    0.0001
          29    0.0021   -0.0073    0.0004   -0.0002
          30   -0.0021    0.0123   -0.0007    0.0003
          31   -0.3971    0.4222   -0.0227    0.0025
          32   -0.1221    0.1271   -0.0068    0.0008
          33   -0.0003    0.0003   -0.0000    0.0000
          34   -0.0019   -0.0037    0.0007    0.0007
          35    0.4865    0.3742   -0.0318    0.0022
          36    0.0003    0.0002   -0.0000    0.0000
          37   -0.0047   -0.0207   -0.3083    0.4199
          38   -0.0035   -0.0160   -0.2424    0.3025
          39   -0.0000   -0.0000   -0.0002    0.0003
          40   -0.0019   -0.0053   -0.0857   -0.0883
          41    0.0069    0.0270    0.4847    0.3982
          42   -0.0000   -0.0000   -0.0001   -0.0001


           MASS-WEIGHTED COORDINATE ANALYSIS (NORMAL COORDINATES)


   Root No.       1         2         3         4         5         6         7         8

                 1 A       2 A       3 A       4 A       5 A       6 A       7 A       8 A   

                 112.1     291.1     363.8     518.9     618.5     631.5     766.8     773.5
  
           1   -0.0001    0.0001    0.1067   -0.0003    0.0003   -0.2799   -0.2722   -0.0026
           2   -0.0000    0.0001   -0.2821   -0.0003    0.0003   -0.2658   -0.0210   -0.0002
           3    0.4081    0.0732    0.0002   -0.0014   -0.0083   -0.0002    0.0002   -0.0092
           4   -0.0001    0.0000    0.1631   -0.0003    0.0005   -0.3875   -0.1223   -0.0011
           5    0.0002    0.0001    0.0513    0.0003   -0.0001    0.1784    0.3951    0.0038
           6   -0.3697   -0.1629    0.0000   -0.0509   -0.0328    0.0000    0.0024   -0.2284
           7   -0.0001    0.0002   -0.1378   -0.0001   -0.0003    0.3462   -0.1622   -0.0016
           8   -0.0000    0.0002   -0.3386   -0.0003    0.0003   -0.2034   -0.1405   -0.0014
           9    0.1383   -0.3516   -0.0003    0.6039   -0.1492   -0.0008   -0.0025    0.2538
          10   -0.0000   -0.0001   -0.1101   -0.0001    0.0002   -0.0870    0.5948    0.0055
          11   -0.0000   -0.0003    0.1172    0.0001   -0.0002    0.2084    0.1676    0.0017
          12   -0.0241    0.4883    0.0000    0.1630   -0.0827   -0.0002    0.0013   -0.1219
          13   -0.0001    0.0003   -0.2739    0.0001   -0.0001    0.0219    0.1864    0.0018
          14   -0.0001    0.0001   -0.1419    0.0003   -0.0004    0.2833   -0.4016   -0.0035
          15    0.2917   -0.3507   -0.0003   -0.2523    0.1254    0.0004    0.0020   -0.2444
          16    0.0003   -0.0003    0.1651    0.0005   -0.0006    0.4513   -0.1676   -0.0014
          17   -0.0000   -0.0002    0.4526   -0.0001    0.0002   -0.1902   -0.0277   -0.0003
          18   -0.3882    0.2042    0.0002   -0.1112    0.0028    0.0004   -0.0002    0.0110
          19   -0.1380   -0.0560    0.0713    0.0420    0.0133   -0.1121   -0.0454   -0.1369
          20   -0.1024   -0.1191   -0.1117    0.2625    0.0318   -0.0702   -0.0447    0.0194
          21    0.2438    0.1192   -0.0002   -0.1811   -0.0288    0.0068    0.0051    0.0529
          22    0.1380    0.0560    0.0714   -0.0421   -0.0130   -0.1122   -0.0484    0.1360
          23    0.1024    0.1192   -0.1114   -0.2628   -0.0317   -0.0700   -0.0445   -0.0202
          24    0.2438    0.1192    0.0005   -0.1811   -0.0288   -0.0069   -0.0063    0.0528
          25   -0.1347   -0.0515    0.0798   -0.0372    0.0115   -0.1031   -0.0819    0.1108
          26    0.1083    0.1874    0.0418    0.1281   -0.0794    0.0732    0.1062   -0.2711
          27   -0.2346   -0.1839   -0.0001   -0.1112    0.0446   -0.0060   -0.0122    0.1561
          28    0.1346    0.0515    0.0800    0.0371   -0.0112   -0.1030   -0.0796   -0.1123
          29   -0.1081   -0.1872    0.0418   -0.1277    0.0791    0.0734    0.1009    0.2728
          30   -0.2348   -0.1842    0.0001   -0.1114    0.0447    0.0062    0.0092    0.1567
          31    0.0000   -0.0002   -0.0537   -0.0000   -0.0000   -0.0020    0.1754    0.0012
          32   -0.0000   -0.0003    0.1052   -0.0000   -0.0000   -0.0227    0.0445    0.0000
          33   -0.0161    0.3846    0.0001    0.0461    0.0773    0.0000   -0.0059    0.6701
          34   -0.0001    0.0001   -0.1582    0.0001   -0.0001   -0.0973   -0.0222   -0.0003
          35   -0.0001    0.0001   -0.0408    0.0003   -0.0003    0.0808   -0.1181   -0.0012
          36    0.1662   -0.1858   -0.0002   -0.3586    0.3248    0.0006   -0.0020    0.2457
          37    0.0002   -0.0002   -0.1236    0.0001   -0.0006    0.1321   -0.0934   -0.0007
          38   -0.0000   -0.0001    0.3712    0.0000    0.0001   -0.0522    0.0501    0.0005
          39   -0.1817    0.2240    0.0000    0.0458    0.6734    0.0009    0.0014   -0.1829
          40    0.0001   -0.0002    0.3328    0.0005    0.0002    0.1732   -0.0008    0.0001
          41   -0.0000   -0.0001    0.1928   -0.0001   -0.0000   -0.0491    0.0027    0.0000
          42   -0.1803    0.0502    0.0003   -0.3605   -0.6068   -0.0002   -0.0000    0.0194


   Root No.       9        10        11        12        13        14        15        16

                 9 A      10 A      11 A      12 A      13 A      14 A      15 A      16 A   

                 822.1     917.5     948.9     958.9     990.9    1013.9    1050.4    1076.0
  
           1    0.0002    0.1095   -0.0000    0.0791    0.0001    0.0000   -0.4210   -0.0002
           2   -0.0001    0.3101    0.0002   -0.3695   -0.0001    0.0000   -0.2174    0.0012
           3    0.3004    0.0001   -0.2339   -0.0002   -0.1472   -0.1911   -0.0004   -0.1832
           4    0.0002   -0.0624    0.0000   -0.1204   -0.0000   -0.0001    0.3548   -0.0000
           5   -0.0004   -0.0295   -0.0002    0.1378   -0.0001   -0.0001   -0.1780    0.0018
           6    0.2052    0.0001    0.1941    0.0002    0.1628    0.2217    0.0001   -0.0891
           7    0.0001    0.0020   -0.0000   -0.1061   -0.0000   -0.0002    0.0267   -0.0000
           8    0.0002   -0.0755   -0.0001    0.0886    0.0000   -0.0001    0.0935   -0.0003
           9   -0.1386   -0.0000    0.1823    0.0000   -0.0237    0.2741    0.0001    0.2665
          10   -0.0003   -0.0009   -0.0001   -0.0597    0.0001    0.0001    0.0223   -0.0016
          11   -0.0001   -0.0208    0.0000   -0.0889    0.0002    0.0002    0.0825   -0.0019
          12   -0.1948   -0.0000    0.0650    0.0001   -0.3311   -0.2815    0.0001    0.2476
          13   -0.0000    0.0436   -0.0000    0.2495   -0.0001   -0.0000    0.0991   -0.0006
          14    0.0003    0.1028   -0.0000    0.3137    0.0000    0.0000    0.1189   -0.0016
          15   -0.1815    0.0000   -0.3505   -0.0001    0.2685    0.0383    0.0001   -0.1618
          16   -0.0000   -0.1090    0.0002   -0.2586   -0.0003    0.0003   -0.0870    0.0011
          17    0.0001   -0.4314    0.0001    0.0117   -0.0000    0.0000   -0.0863   -0.0003
          18   -0.0189   -0.0001    0.1860   -0.0001    0.2649   -0.3710   -0.0001   -0.1316
          19    0.2566   -0.0130   -0.0567    0.1602    0.1966   -0.0166   -0.2781    0.2604
          20    0.2261    0.1473   -0.1959   -0.2542   -0.2482   -0.1687    0.0256   -0.3069
          21   -0.1780   -0.0122    0.0805    0.0191    0.0118    0.0569    0.0200    0.0042
          22   -0.2565   -0.0132    0.0565    0.1604   -0.1966    0.0167   -0.2773   -0.2608
          23   -0.2261    0.1473    0.1962   -0.2539    0.2482    0.1687    0.0257    0.3086
          24   -0.1780    0.0122    0.0806   -0.0189    0.0118    0.0569   -0.0198    0.0045
          25   -0.2608   -0.0782    0.1285    0.0774   -0.1411    0.1051    0.2060   -0.3373
          26    0.1249   -0.0610    0.2578    0.1349    0.0683    0.2611    0.0190   -0.2869
          27   -0.1470    0.0015   -0.0371   -0.0052   -0.0653   -0.0424    0.0105   -0.0199
          28    0.2610   -0.0784   -0.1285    0.0772    0.1410   -0.1051    0.2068    0.3398
          29   -0.1248   -0.0613   -0.2579    0.1348   -0.0683   -0.2611    0.0191    0.2909
          30   -0.1472   -0.0016   -0.0375    0.0055   -0.0654   -0.0428   -0.0106   -0.0190
          31   -0.0003    0.0192    0.0001    0.0812   -0.0002   -0.0002   -0.1112   -0.0002
          32   -0.0001   -0.0715    0.0004   -0.3397   -0.0003   -0.0001    0.4254   -0.0008
          33    0.2175   -0.0001   -0.2153   -0.0004    0.3764    0.2447    0.0001   -0.1392
          34   -0.0001    0.0329   -0.0005    0.3897    0.0003    0.0001    0.3133    0.0015
          35   -0.0002    0.0303   -0.0004    0.0942    0.0002    0.0000    0.0401   -0.0006
          36    0.4324    0.0002    0.5104    0.0007   -0.3159   -0.0202    0.0002    0.1061
          37    0.0001   -0.3790    0.0004   -0.1796    0.0001   -0.0003   -0.1129    0.0005
          38   -0.0000    0.3635   -0.0002    0.1414    0.0000   -0.0000    0.0935   -0.0005
          39   -0.0744   -0.0003   -0.2583   -0.0003   -0.2617    0.4370   -0.0000    0.1376
          40   -0.0003    0.5687    0.0002   -0.0206    0.0003   -0.0004    0.0710    0.0006
          41    0.0000    0.0033   -0.0001    0.0206   -0.0000    0.0000   -0.0032   -0.0000
          42    0.1720    0.0004   -0.2721   -0.0001   -0.3620    0.3789    0.0001    0.1044


   Root No.      17        18        19        20        21        22        23        24

                17 A      18 A      19 A      20 A      21 A      22 A      23 A      24 A   

                1078.7    1094.2    1109.1    1222.2    1266.0    1326.3    1352.7    1391.5
  
           1   -0.0659    0.0002    0.1618    0.1459    0.4442    0.2100   -0.1964   -0.1801
           2    0.1974    0.0004    0.0535   -0.0938   -0.2454   -0.1607    0.1382   -0.2344
           3    0.0013   -0.3040   -0.0002    0.0000    0.0001    0.0001    0.0000   -0.0000
           4    0.0071   -0.0002   -0.2161    0.1641   -0.3520   -0.2541   -0.3057    0.1910
           5    0.3062    0.0001    0.1087    0.0769   -0.1025   -0.2232   -0.2454    0.2321
           6    0.0004    0.3349    0.0003    0.0001   -0.0002   -0.0002   -0.0002    0.0002
           7    0.0325    0.0000    0.0009   -0.1103    0.0662   -0.1718   -0.0335   -0.1221
           8   -0.0417   -0.0000   -0.0095   -0.2912   -0.0507    0.1328   -0.2222   -0.1763
           9   -0.0015   -0.0276   -0.0002   -0.0001    0.0001   -0.0001   -0.0001   -0.0001
          10   -0.2606   -0.0001   -0.0705    0.0103    0.0475    0.1444    0.1188   -0.0760
          11   -0.3029   -0.0002   -0.0221    0.2631   -0.0382    0.1566    0.2550   -0.2685
          12   -0.0017   -0.0245   -0.0000    0.0002   -0.0000    0.0001    0.0002   -0.0002
          13   -0.1189   -0.0001   -0.0581   -0.1833    0.1197    0.0071   -0.0513    0.2697
          14   -0.2915   -0.0003   -0.1433    0.0406   -0.0032    0.0070    0.0287    0.1972
          15    0.0007    0.0149   -0.0001   -0.0001    0.0001    0.0000   -0.0000    0.0002
          16    0.1646    0.0001    0.0772    0.0307   -0.0387   -0.2289    0.0975   -0.1073
          17   -0.0595   -0.0000   -0.0090    0.0959    0.0397    0.0833    0.0024    0.0688
          18    0.0008    0.0036    0.0001    0.0000   -0.0000   -0.0002    0.0001   -0.0001
          19   -0.0456   -0.4574    0.1844   -0.2410   -0.1893   -0.0604    0.2872    0.1991
          20    0.1399    0.1257   -0.0988    0.2242    0.2682    0.0659    0.1358    0.3153
          21   -0.0284    0.0525    0.0007   -0.0146   -0.0455   -0.0094   -0.1904   -0.2986
          22   -0.0434    0.4575    0.1852   -0.2408   -0.1894   -0.0604    0.2872    0.1992
          23    0.1367   -0.1253   -0.0992    0.2241    0.2682    0.0659    0.1359    0.3152
          24    0.0283    0.0525   -0.0007    0.0146    0.0455    0.0094    0.1904    0.2985
          25    0.2394   -0.4016   -0.2402   -0.1531    0.0205    0.1165    0.3359   -0.1342
          26    0.3642   -0.0631   -0.0925   -0.1740    0.2104    0.0747   -0.0821   -0.0408
          27   -0.0416   -0.0561   -0.0096    0.0176   -0.0720    0.0065    0.1806   -0.0233
          28    0.2351    0.4020   -0.2397   -0.1531    0.0203    0.1164    0.3360   -0.1342
          29    0.3608    0.0640   -0.0924   -0.1740    0.2103    0.0747   -0.0818   -0.0409
          30    0.0424   -0.0560    0.0094   -0.0178    0.0723   -0.0064   -0.1808    0.0233
          31   -0.0579    0.0002   -0.1926    0.1406   -0.0624    0.0462    0.0626   -0.0790
          32   -0.1538   -0.0009    0.5478   -0.3720    0.2356    0.0415   -0.0107    0.1111
          33    0.0007    0.0294    0.0002   -0.0002    0.0001    0.0001    0.0000    0.0000
          34    0.2846   -0.0005    0.5563    0.4725   -0.0798    0.0076    0.1674   -0.1344
          35   -0.0900   -0.0001   -0.0402    0.0153   -0.0030    0.0054    0.0104    0.0588
          36   -0.0005   -0.0017    0.0002    0.0002   -0.0000   -0.0000    0.0001   -0.0000
          37    0.1039    0.0001    0.0599    0.0731   -0.1869    0.2997   -0.0344    0.0825
          38   -0.0858   -0.0001   -0.0491   -0.0632    0.2312   -0.4458    0.0786   -0.1332
          39   -0.0007    0.0024    0.0000    0.0001   -0.0001    0.0003   -0.0000    0.0001
          40    0.1164    0.0001    0.0484   -0.0963   -0.3238    0.5470   -0.1624    0.0865
          41   -0.0095   -0.0000   -0.0007    0.0041   -0.0395    0.1321   -0.0362    0.0400
          42   -0.0005   -0.0136   -0.0000   -0.0001   -0.0003    0.0004   -0.0001    0.0001


   Root No.      25        26        27        28        29        30        31        32

                25 A      26 A      27 A      28 A      29 A      30 A      31 A      32 A   

                1404.0    1424.5    1805.2    1910.8    2974.4    2989.2    3056.8    3061.2
  
           1    0.1240   -0.1149    0.0075   -0.0495    0.0000    0.0000   -0.0629   -0.1193
           2   -0.2528   -0.3174    0.0274    0.0778   -0.0000    0.0000   -0.0747   -0.1534
           3   -0.0000   -0.0000    0.0000   -0.0000    0.1892   -0.2395   -0.0000   -0.0000
           4   -0.1292    0.0945    0.0228   -0.0127    0.0001    0.0001   -0.1238    0.0563
           5    0.4372   -0.1426   -0.0485    0.0198    0.0000    0.0000    0.1524   -0.0750
           6    0.0003   -0.0001   -0.0000    0.0000   -0.2399   -0.1877   -0.0002    0.0001
           7    0.1204    0.2198    0.0060    0.7353    0.0000   -0.0000    0.0026   -0.0000
           8    0.3159    0.5141   -0.0155   -0.2575   -0.0000    0.0000   -0.0029   -0.0025
           9    0.0001    0.0002    0.0000    0.0005    0.0003   -0.0004    0.0000   -0.0000
          10   -0.0703    0.0279   -0.5119   -0.0232    0.0000    0.0000    0.0066   -0.0053
          11   -0.1200    0.2254    0.4650   -0.0096   -0.0000   -0.0000    0.0054   -0.0023
          12   -0.0001    0.0001    0.0000   -0.0000   -0.0002   -0.0006    0.0000   -0.0000
          13   -0.0533   -0.3092    0.5865   -0.1109   -0.0000   -0.0000    0.0015    0.0002
          14   -0.1646   -0.2544   -0.3530   -0.0333    0.0000    0.0000    0.0015   -0.0027
          15   -0.0001   -0.0003    0.0001   -0.0001   -0.0006   -0.0016   -0.0000   -0.0000
          16   -0.0145    0.0420   -0.0549   -0.5411   -0.0000    0.0000   -0.0004   -0.0001
          17   -0.0506   -0.1068    0.0077    0.2075    0.0000   -0.0000    0.0002    0.0000
          18   -0.0000    0.0000   -0.0000   -0.0004    0.0003   -0.0005   -0.0000    0.0000
          19   -0.0944    0.1746    0.0044    0.0190   -0.1541    0.2055    0.1021    0.2120
          20    0.0521    0.1213   -0.0007   -0.0090   -0.2002    0.2533    0.1307    0.2650
          21   -0.0095   -0.1916    0.0050    0.0007   -0.3304    0.4170    0.2543    0.5186
          22   -0.0943    0.1745    0.0044    0.0190    0.1541   -0.2055    0.1020    0.2120
          23    0.0521    0.1214   -0.0007   -0.0089    0.2002   -0.2533    0.1306    0.2649
          24    0.0096    0.1916   -0.0050   -0.0007   -0.3305    0.4172   -0.2541   -0.5185
          25    0.1875   -0.1468   -0.0159   -0.0004   -0.2008   -0.1651    0.2124   -0.1059
          26   -0.3343    0.0896   -0.0265    0.0011    0.2535    0.1981   -0.2633    0.1281
          27    0.3264   -0.1376    0.0016    0.0060    0.4199    0.3275   -0.5179    0.2535
          28    0.1874   -0.1468   -0.0159   -0.0004    0.2004    0.1647    0.2130   -0.1062
          29   -0.3338    0.0894   -0.0266    0.0011   -0.2536   -0.1982   -0.2647    0.1288
          30   -0.3269    0.1378   -0.0016   -0.0060    0.4185    0.3263    0.5186   -0.2539
          31   -0.0364    0.0739   -0.1196   -0.0109   -0.0000   -0.0000   -0.0204    0.0249
          32    0.0040   -0.1516   -0.0883   -0.0066   -0.0000    0.0000   -0.0033    0.0068
          33   -0.0000   -0.0000   -0.0001   -0.0000   -0.0014   -0.0013   -0.0000    0.0000
          34   -0.0757    0.0550   -0.0457    0.0303    0.0000    0.0000    0.0008    0.0000
          35   -0.0527   -0.0748   -0.1402   -0.0141    0.0000    0.0000   -0.0114    0.0217
          36   -0.0001   -0.0000   -0.0001    0.0000   -0.0007   -0.0007   -0.0000    0.0000
          37   -0.0448   -0.0865   -0.0109   -0.0706   -0.0000    0.0000   -0.0011   -0.0014
          38    0.0436    0.1080   -0.0112   -0.1044   -0.0000    0.0000   -0.0012   -0.0020
          39   -0.0000   -0.0001   -0.0000   -0.0001   -0.0005    0.0004   -0.0000   -0.0000
          40    0.0496    0.0397    0.0055    0.0209   -0.0000    0.0000    0.0001   -0.0001
          41   -0.0015   -0.0216    0.0075    0.1243    0.0000   -0.0000    0.0002    0.0014
          42    0.0000    0.0000    0.0000    0.0000    0.0009   -0.0009    0.0000    0.0000


   Root No.      33        34        35        36

                33 A      34 A      35 A      36 A   

                3116.5    3135.0    3142.7    3147.5
  
           1   -0.0000    0.0055   -0.0003   -0.0020
           2    0.0010    0.0075    0.0003    0.0012
           3    0.0000    0.0000   -0.0000   -0.0000
           4    0.0004   -0.0069    0.0006   -0.0001
           5    0.0007    0.0101   -0.0008    0.0003
           6    0.0000   -0.0000    0.0000    0.0000
           7   -0.0000    0.0068   -0.0316    0.0028
           8    0.0009    0.0001    0.0117   -0.0039
           9    0.0000    0.0000   -0.0000    0.0000
          10    0.1713   -0.2316    0.0132   -0.0016
          11    0.0540   -0.0417    0.0014    0.0002
          12    0.0001   -0.0002    0.0000   -0.0000
          13    0.0023    0.0267   -0.0027    0.0030
          14   -0.2156   -0.2032    0.0164   -0.0016
          15   -0.0001   -0.0001    0.0000    0.0000
          16    0.0026    0.0118    0.2067   -0.1416
          17   -0.0023   -0.0057   -0.1198   -0.2893
          18    0.0000    0.0000    0.0002   -0.0001
          19   -0.0007   -0.0044   -0.0005   -0.0002
          20   -0.0003   -0.0056   -0.0004    0.0007
          21   -0.0010   -0.0110   -0.0007    0.0007
          22   -0.0007   -0.0044   -0.0005   -0.0002
          23   -0.0003   -0.0056   -0.0004    0.0007
          24    0.0010    0.0110    0.0007   -0.0007
          25    0.0001    0.0071   -0.0003    0.0002
          26    0.0031   -0.0118    0.0006   -0.0002
          27    0.0031   -0.0202    0.0010   -0.0004
          28    0.0001    0.0071   -0.0003    0.0002
          29    0.0031   -0.0119    0.0006   -0.0002
          30   -0.0031    0.0202   -0.0010    0.0004
          31   -0.5957    0.6913   -0.0349    0.0036
          32   -0.1832    0.2081   -0.0105    0.0011
          33   -0.0005    0.0006   -0.0000    0.0000
          34   -0.0029   -0.0060    0.0011    0.0010
          35    0.7298    0.6128   -0.0489    0.0032
          36    0.0004    0.0004   -0.0000    0.0000
          37   -0.0071   -0.0340   -0.4744    0.6033
          38   -0.0053   -0.0262   -0.3730    0.4346
          39   -0.0000   -0.0000   -0.0003    0.0004
          40   -0.0028   -0.0086   -0.1319   -0.1269
          41    0.0103    0.0442    0.7457    0.5721
          42   -0.0000   -0.0000   -0.0002   -0.0002


          DESCRIPTION OF VIBRATIONS


 VIBRATION          1    1A           ATOM PAIR      ENERGY CONTRIBUTION    RADIAL
 FREQUENCY           112.14         C  1 -- C  2         +25.1% (563.5%)      0.0%
 TRANSITION DIPOLE   0.0285         C  1 -- H  7         +11.7% (384.0%)     94.5%
 TRAVEL (Ang.)       0.7934         C  1 -- H  8         +11.7% (383.9%)     94.4%
 REDUCED MASS        0.9553         C  1 -- C  3         +11.3% (378.3%)      0.0%
 EFFECTIVE MASS    217.9865         C  2 -- H  9         +10.3% (360.1%)     91.1%
 FORCE CONSTANT      0.0071         C  2 -- H 10         +10.3% (360.0%)     91.1%

 VIBRATION          2    2A           ATOM PAIR      ENERGY CONTRIBUTION    RADIAL
 FREQUENCY           291.12         C  4 -- C  5         +19.9% (141.1%)      0.0%
 TRANSITION DIPOLE   0.0960         C  2 -- C  4         +15.8% (125.7%)      0.0%
 TRAVEL (Ang.)       0.4556         C  2 -- H 10         +10.1% (100.3%)     21.2%
 REDUCED MASS        1.1158         C  2 -- H  9         +10.1% (100.3%)     21.2%
 EFFECTIVE MASS     22.9428
 FORCE CONSTANT      0.0557

 VIBRATION          3    3A           ATOM PAIR      ENERGY CONTRIBUTION    RADIAL
 FREQUENCY           363.77         C  3 -- C  6         +24.1% (201.4%)      0.0%
 TRANSITION DIPOLE   0.0241         C  6 -- H 13         +12.5% (144.7%)     87.7%
 TRAVEL (Ang.)       0.4040         C  6 -- H 14         +12.2% (143.2%)     86.6%
 REDUCED MASS        1.1356         C  3 -- C  5          +8.0% (115.9%)      0.1%
 EFFECTIVE MASS     29.7421
 FORCE CONSTANT      0.0885

 VIBRATION          4    4A           ATOM PAIR      ENERGY CONTRIBUTION    RADIAL
 FREQUENCY           518.94         C  3 -- C  5         +21.2% ( 86.1%)      0.0%
 TRANSITION DIPOLE   0.3536         C  3 -- C  6         +16.3% ( 75.6%)      0.0%
 TRAVEL (Ang.)       0.2753         C  1 -- C  3         +14.0% ( 69.9%)      0.0%
 REDUCED MASS        1.7139         C  1 -- H  8         +12.2% ( 65.2%)      0.0%
 EFFECTIVE MASS      9.1400         C  1 -- H  7         +12.2% ( 65.2%)      0.0%
 FORCE CONSTANT      0.2719

 VIBRATION          5    5A           ATOM PAIR      ENERGY CONTRIBUTION    RADIAL
 FREQUENCY           618.52         C  6 -- H 13         +42.8% ( 80.4%)      0.0%
 TRANSITION DIPOLE   0.1501         C  6 -- H 14         +35.4% ( 73.1%)      0.0%
 TRAVEL (Ang.)       0.5466         C  5 -- H 12          +7.2% ( 33.0%)      0.0%
 REDUCED MASS        0.3649         C  3 -- C  5          +3.3% ( 22.2%)      0.0%
 EFFECTIVE MASS      1.6292
 FORCE CONSTANT      0.0822

 VIBRATION          6    6A           ATOM PAIR      ENERGY CONTRIBUTION    RADIAL
 FREQUENCY           631.46         C  1 -- C  3         +13.7% (116.7%)      2.6%
 TRANSITION DIPOLE   0.0455         C  3 -- C  5         +12.8% (113.0%)      0.0%
 TRAVEL (Ang.)       0.2449         C  6 -- H 13         +11.8% (108.5%)     25.4%
 REDUCED MASS        1.7798         C  6 -- H 14         +11.8% (108.2%)     38.3%
 EFFECTIVE MASS     16.6488
 FORCE CONSTANT      0.4181

 VIBRATION          7    7A           ATOM PAIR      ENERGY CONTRIBUTION    RADIAL
 FREQUENCY           766.82         C  2 -- C  4         +21.1% (119.6%)      0.2%
 TRANSITION DIPOLE   0.0580         C  4 -- C  5         +18.5% (112.2%)      0.0%
 TRAVEL (Ang.)       0.1815         C  4 -- H 11         +11.8% ( 89.5%)    100.0%
 REDUCED MASS        2.6686         C  3 -- C  5         +11.4% ( 88.1%)     12.1%
 EFFECTIVE MASS     16.3621
 FORCE CONSTANT      0.9245

 VIBRATION          8    8A           ATOM PAIR      ENERGY CONTRIBUTION    RADIAL
 FREQUENCY           773.48         C  4 -- H 11         +29.1% ( 72.7%)      0.0%
 TRANSITION DIPOLE   0.3785         C  2 -- H  9         +17.1% ( 55.8%)      8.0%
 TRAVEL (Ang.)       0.4908         C  2 -- H 10         +17.1% ( 55.7%)      8.4%
 REDUCED MASS        0.3618         C  5 -- H 12          +8.3% ( 38.9%)      0.0%
 EFFECTIVE MASS      3.0629
 FORCE CONSTANT      0.1275

 VIBRATION          9    9A           ATOM PAIR      ENERGY CONTRIBUTION    RADIAL
 FREQUENCY           822.11         C  1 -- H  8         +18.2% ( 64.0%)      9.4%
 TRANSITION DIPOLE   0.2894         C  1 -- H  7         +18.2% ( 64.0%)      9.5%
 TRAVEL (Ang.)       0.5626         C  2 -- H  9         +11.7% ( 51.2%)      7.5%
 REDUCED MASS        0.2591         C  2 -- H 10         +11.7% ( 51.2%)      7.6%
 EFFECTIVE MASS      3.5718         C  5 -- H 12         +11.1% ( 49.9%)      0.0%
 FORCE CONSTANT      0.1032

 VIBRATION         10   10A           ATOM PAIR      ENERGY CONTRIBUTION    RADIAL
 FREQUENCY           917.46         C  6 -- H 14         +27.9% ( 83.8%)     13.2%
 TRANSITION DIPOLE   0.0222         C  6 -- H 13         +27.7% ( 83.5%)      9.1%
 TRAVEL (Ang.)       0.3036         C  3 -- C  6         +11.8% ( 54.4%)      0.4%
 REDUCED MASS        0.7972         C  1 -- C  3          +8.3% ( 45.7%)     74.1%
 EFFECTIVE MASS      5.9019
 FORCE CONSTANT      0.3954

 VIBRATION         11   11A           ATOM PAIR      ENERGY CONTRIBUTION    RADIAL
 FREQUENCY           948.86         C  5 -- H 12         +22.4% ( 57.8%)      0.0%
 TRANSITION DIPOLE   0.0747         C  2 -- H 10          +9.4% ( 37.4%)      9.4%
 TRAVEL (Ang.)       0.4432         C  2 -- H  9          +9.4% ( 37.4%)      9.4%
 REDUCED MASS        0.3618         C  1 -- C  2          +9.1% ( 36.7%)      0.0%
 EFFECTIVE MASS      3.8081
 FORCE CONSTANT      0.1919

 VIBRATION         12   12A           ATOM PAIR      ENERGY CONTRIBUTION    RADIAL
 FREQUENCY           958.91         C  5 -- H 12         +11.9% ( 56.8%)     72.0%
 TRANSITION DIPOLE   0.0737         C  3 -- C  5         +11.9% ( 56.8%)    100.0%
 TRAVEL (Ang.)       0.3193         C  4 -- C  5         +10.9% ( 54.3%)      0.0%
 REDUCED MASS        0.6898         C  1 -- C  3         +10.7% ( 53.7%)     98.5%
 EFFECTIVE MASS      7.7727
 FORCE CONSTANT      0.3737

 VIBRATION         13   13A           ATOM PAIR      ENERGY CONTRIBUTION    RADIAL
 FREQUENCY           990.90         C  4 -- H 11         +15.5% ( 44.6%)      0.0%
 TRANSITION DIPOLE   0.2928         C  6 -- H 14         +11.6% ( 38.7%)      0.0%
 TRAVEL (Ang.)       0.4383         C  5 -- H 12         +10.5% ( 36.8%)      0.0%
 REDUCED MASS        0.3543         C  1 -- H  8         +10.4% ( 36.6%)      5.6%
 EFFECTIVE MASS      3.6802         C  1 -- H  7         +10.4% ( 36.6%)      5.6%
 FORCE CONSTANT      0.2050

 VIBRATION         14   14A           ATOM PAIR      ENERGY CONTRIBUTION    RADIAL
 FREQUENCY          1013.93         C  6 -- H 13         +17.0% ( 48.1%)      0.0%
 TRANSITION DIPOLE   0.5727         C  6 -- H 14         +14.2% ( 43.9%)      0.0%
 TRAVEL (Ang.)       0.3675         C  2 -- H 10          +9.5% ( 35.9%)     11.2%
 REDUCED MASS        0.4923         C  2 -- H  9          +9.5% ( 35.9%)     11.2%
 EFFECTIVE MASS      4.4542
 FORCE CONSTANT      0.2982

 VIBRATION         15   15A           ATOM PAIR      ENERGY CONTRIBUTION    RADIAL
 FREQUENCY          1050.39         C  1 -- C  2         +23.5% ( 74.1%)     99.7%
 TRANSITION DIPOLE   0.0580         C  1 -- C  3         +12.1% ( 53.0%)     11.4%
 TRAVEL (Ang.)       0.2560         C  1 -- H  7         +10.8% ( 50.2%)     42.3%
 REDUCED MASS        0.9794         C  1 -- H  8         +10.8% ( 50.1%)     42.0%
 EFFECTIVE MASS      7.1842
 FORCE CONSTANT      0.6367

 VIBRATION         16   16A           ATOM PAIR      ENERGY CONTRIBUTION    RADIAL
 FREQUENCY          1075.99         C  2 -- H 10         +17.9% ( 44.7%)      1.2%
 TRANSITION DIPOLE   0.0877         C  2 -- H  9         +17.6% ( 44.4%)      1.1%
 TRAVEL (Ang.)       0.4858         C  1 -- H  8         +16.4% ( 42.8%)      5.4%
 REDUCED MASS        0.2655         C  1 -- H  7         +16.4% ( 42.7%)      5.3%
 EFFECTIVE MASS      2.9588
 FORCE CONSTANT      0.1811

 VIBRATION         17   17A           ATOM PAIR      ENERGY CONTRIBUTION    RADIAL
 FREQUENCY          1078.68         C  2 -- C  4         +19.9% ( 64.3%)     97.6%
 TRANSITION DIPOLE   0.1287         C  4 -- C  5         +14.6% ( 55.0%)     56.6%
 TRAVEL (Ang.)       0.3110         C  2 -- H  9         +10.6% ( 47.0%)     15.0%
 REDUCED MASS        0.6463         C  2 -- H 10         +10.5% ( 46.6%)     15.6%
 EFFECTIVE MASS      7.0439
 FORCE CONSTANT      0.4431

 VIBRATION         18   18A           ATOM PAIR      ENERGY CONTRIBUTION    RADIAL
 FREQUENCY          1094.24         C  1 -- H  7         +19.5% ( 54.7%)      8.5%
 TRANSITION DIPOLE   0.0099         C  1 -- H  8         +19.5% ( 54.6%)      8.6%
 TRAVEL (Ang.)       0.3851         C  2 -- H 10         +16.7% ( 50.6%)     11.4%
 REDUCED MASS        0.4156         C  2 -- H  9         +16.7% ( 50.5%)     11.5%
 EFFECTIVE MASS      3.3949         C  1 -- C  2         +14.7% ( 47.4%)      0.0%
 FORCE CONSTANT      0.2932

 VIBRATION         19   19A           ATOM PAIR      ENERGY CONTRIBUTION    RADIAL
 FREQUENCY          1109.08         C  5 -- H 12         +26.2% ( 58.1%)      2.4%
 TRANSITION DIPOLE   0.0212         C  4 -- H 11         +25.9% ( 57.7%)      0.6%
 TRAVEL (Ang.)       0.4628         C  1 -- C  2          +8.8% ( 33.6%)     97.9%
 REDUCED MASS        0.2838         C  2 -- H  9          +7.5% ( 31.0%)     20.9%
 EFFECTIVE MASS      2.6779
 FORCE CONSTANT      0.2057

 VIBRATION         20   20A           ATOM PAIR      ENERGY CONTRIBUTION    RADIAL
 FREQUENCY          1222.22         C  5 -- H 12         +18.7% ( 50.7%)      0.2%
 TRANSITION DIPOLE   0.0283         C  4 -- H 11         +16.8% ( 48.0%)      0.8%
 TRAVEL (Ang.)       0.4178         C  1 -- H  7          +9.2% ( 35.6%)      0.0%
 REDUCED MASS        0.3161         C  1 -- H  8          +9.2% ( 35.6%)      0.0%
 EFFECTIVE MASS      3.0969
 FORCE CONSTANT      0.2782

 VIBRATION         21   21A           ATOM PAIR      ENERGY CONTRIBUTION    RADIAL
 FREQUENCY          1266.01         C  1 -- C  2         +19.9% ( 58.5%)     96.9%
 TRANSITION DIPOLE   0.0595         C  1 -- H  7         +17.4% ( 54.9%)      0.1%
 TRAVEL (Ang.)       0.2232         C  1 -- H  8         +17.4% ( 54.9%)      0.1%
 REDUCED MASS        1.0691         C  1 -- C  3          +9.2% ( 39.9%)     45.3%
 EFFECTIVE MASS      5.2466
 FORCE CONSTANT      1.0096

 VIBRATION         22   22A           ATOM PAIR      ENERGY CONTRIBUTION    RADIAL
 FREQUENCY          1326.34         C  6 -- H 14         +20.8% ( 55.6%)      1.8%
 TRANSITION DIPOLE   0.0811         C  6 -- H 13         +19.2% ( 53.4%)      2.3%
 TRAVEL (Ang.)       0.3203         C  2 -- C  4         +10.0% ( 38.5%)     72.5%
 REDUCED MASS        0.4956         C  1 -- C  2          +9.0% ( 36.5%)     98.2%
 EFFECTIVE MASS      4.4670
 FORCE CONSTANT      0.5136

 VIBRATION         23   23A           ATOM PAIR      ENERGY CONTRIBUTION    RADIAL
 FREQUENCY          1352.70         C  2 -- H 10         +16.0% ( 46.6%)      0.1%
 TRANSITION DIPOLE   0.0162         C  2 -- H  9         +16.0% ( 46.5%)      0.1%
 TRAVEL (Ang.)       0.3105         C  2 -- C  4         +15.4% ( 45.7%)     81.4%
 REDUCED MASS        0.5170         C  1 -- H  7          +9.9% ( 36.6%)      0.3%
 EFFECTIVE MASS      4.4796
 FORCE CONSTANT      0.5574

 VIBRATION         24   24A           ATOM PAIR      ENERGY CONTRIBUTION    RADIAL
 FREQUENCY          1391.49         C  1 -- H  8         +14.4% ( 46.7%)      4.8%
 TRANSITION DIPOLE   0.0501         C  1 -- H  7         +14.4% ( 46.7%)      4.8%
 TRAVEL (Ang.)       0.2973         C  3 -- C  5         +10.8% ( 40.4%)     96.5%
 REDUCED MASS        0.5482         C  2 -- C  4         +10.2% ( 39.3%)     94.7%
 EFFECTIVE MASS      5.5600
 FORCE CONSTANT      0.6254

 VIBRATION         25   25A           ATOM PAIR      ENERGY CONTRIBUTION    RADIAL
 FREQUENCY          1404.04         C  2 -- H  9         +20.1% ( 56.8%)      5.9%
 TRANSITION DIPOLE   0.0660         C  2 -- H 10         +20.1% ( 56.8%)      5.9%
 TRAVEL (Ang.)       0.2315         C  1 -- C  2         +13.4% ( 46.3%)     11.9%
 REDUCED MASS        0.8965         C  2 -- C  4         +11.7% ( 43.4%)     87.4%
 EFFECTIVE MASS      5.8945         C  1 -- C  3         +10.1% ( 40.2%)     93.6%
 FORCE CONSTANT      1.0413

 VIBRATION         26   26A           ATOM PAIR      ENERGY CONTRIBUTION    RADIAL
 FREQUENCY          1424.50         C  3 -- C  5         +23.5% ( 66.3%)     85.2%
 TRANSITION DIPOLE   0.1061         C  1 -- C  3         +18.6% ( 59.1%)     63.8%
 TRAVEL (Ang.)       0.1668         C  3 -- C  6         +11.3% ( 45.9%)      0.8%
 REDUCED MASS        1.7022         C  4 -- C  5          +8.1% ( 38.9%)      0.1%
 EFFECTIVE MASS      8.4755
 FORCE CONSTANT      2.0351

 VIBRATION         27   27A           ATOM PAIR      ENERGY CONTRIBUTION    RADIAL
 FREQUENCY          1805.17         C  4 -- C  5         +45.8% (100.4%)    100.0%
 TRANSITION DIPOLE   0.3917         C  2 -- C  4         +14.1% ( 55.6%)     23.6%
 TRAVEL (Ang.)       0.0833         C  3 -- C  5         +13.5% ( 54.6%)     20.6%
 REDUCED MASS        5.3850         C  4 -- H 11         +13.1% ( 53.7%)     10.2%
 EFFECTIVE MASS     11.9027         C  5 -- H 12         +12.9% ( 53.3%)     10.8%
 FORCE CONSTANT     10.3388

 VIBRATION         28   28A           ATOM PAIR      ENERGY CONTRIBUTION    RADIAL
 FREQUENCY          1910.77         C  3 -- C  6         +43.8% ( 98.5%)    100.0%
 TRANSITION DIPOLE   0.3684         C  3 -- C  5         +19.3% ( 65.3%)     45.3%
 TRAVEL (Ang.)       0.0781         C  1 -- C  3         +18.8% ( 64.6%)     38.2%
 REDUCED MASS        5.7846         C  6 -- H 14          +8.6% ( 43.6%)     11.4%
 EFFECTIVE MASS     11.8987
 FORCE CONSTANT     12.4434

 VIBRATION         29   29A           ATOM PAIR      ENERGY CONTRIBUTION    RADIAL
 FREQUENCY          2974.36         C  2 -- H  9         +30.2% ( 57.2%)     96.5%
 TRANSITION DIPOLE   0.0020         C  2 -- H 10         +30.1% ( 57.1%)     96.5%
 TRAVEL (Ang.)       0.2877         C  1 -- H  8         +18.7% ( 45.0%)     96.4%
 REDUCED MASS        0.2739         C  1 -- H  7         +18.7% ( 45.0%)     96.4%
 EFFECTIVE MASS      1.5534
 FORCE CONSTANT      1.4277

 VIBRATION         30   30A           ATOM PAIR      ENERGY CONTRIBUTION    RADIAL
 FREQUENCY          2989.23         C  1 -- H  8         +30.3% ( 56.9%)     96.7%
 TRANSITION DIPOLE   0.0752         C  1 -- H  7         +30.3% ( 56.9%)     96.7%
 TRAVEL (Ang.)       0.2872         C  2 -- H  9         +18.7% ( 44.7%)     96.8%
 REDUCED MASS        0.2735         C  2 -- H 10         +18.6% ( 44.6%)     96.8%
 EFFECTIVE MASS      1.5274
 FORCE CONSTANT      1.4397

 VIBRATION         31   31A           ATOM PAIR      ENERGY CONTRIBUTION    RADIAL
 FREQUENCY          3056.80         C  2 -- H 10         +39.8% ( 62.3%)     97.5%
 TRANSITION DIPOLE   0.0842         C  2 -- H  9         +39.6% ( 62.1%)     97.5%
 TRAVEL (Ang.)       0.2576         C  1 -- H  7          +9.6% ( 30.5%)     97.5%
 REDUCED MASS        0.3325         C  1 -- H  8          +9.6% ( 30.5%)     97.5%
 EFFECTIVE MASS      1.2852
 FORCE CONSTANT      1.8308

 VIBRATION         32   32A           ATOM PAIR      ENERGY CONTRIBUTION    RADIAL
 FREQUENCY          3061.16         C  1 -- H  7         +39.8% ( 62.2%)     97.6%
 TRANSITION DIPOLE   0.1277         C  1 -- H  8         +39.7% ( 62.2%)     97.6%
 TRAVEL (Ang.)       0.2574         C  2 -- H 10          +9.5% ( 30.4%)     97.6%
 REDUCED MASS        0.3324         C  2 -- H  9          +9.5% ( 30.4%)     97.6%
 EFFECTIVE MASS      1.2797
 FORCE CONSTANT      1.8354

 VIBRATION         33   33A           ATOM PAIR      ENERGY CONTRIBUTION    RADIAL
 FREQUENCY          3116.53         C  5 -- H 12         +56.3% ( 76.3%)    100.0%
 TRANSITION DIPOLE   0.3901         C  4 -- H 11         +41.0% ( 65.0%)    100.0%
 TRAVEL (Ang.)       0.2131         C  4 -- C  5          +1.2% ( 11.0%)      0.6%
 REDUCED MASS        0.4764         C  3 -- C  5          +0.9% (  9.6%)     28.4%
 EFFECTIVE MASS      1.4702
 FORCE CONSTANT      2.7263

 VIBRATION         34   34A           ATOM PAIR      ENERGY CONTRIBUTION    RADIAL
 FREQUENCY          3135.05         C  4 -- H 11         +55.2% ( 75.7%)     99.9%
 TRANSITION DIPOLE   0.3602         C  5 -- H 12         +39.9% ( 64.3%)     99.9%
 TRAVEL (Ang.)       0.2130         C  4 -- C  5          +2.5% ( 16.0%)     99.4%
 REDUCED MASS        0.4740         C  2 -- C  4          +1.1% ( 10.5%)     21.7%
 EFFECTIVE MASS      1.6483
 FORCE CONSTANT      2.7448

 VIBRATION         35   35A           ATOM PAIR      ENERGY CONTRIBUTION    RADIAL
 FREQUENCY          3142.70         C  6 -- H 14         +60.2% ( 77.6%)     97.0%
 TRANSITION DIPOLE   0.3605         C  6 -- H 13         +37.8% ( 61.5%)     92.5%
 TRAVEL (Ang.)       0.2063         C  3 -- C  6          +1.5% ( 12.3%)     98.2%
 REDUCED MASS        0.5043         C  5 -- H 12          +0.3% (  5.1%)     99.8%
 EFFECTIVE MASS      1.3905
 FORCE CONSTANT      2.9344

 VIBRATION         36   36A           ATOM PAIR      ENERGY CONTRIBUTION    RADIAL
 FREQUENCY          3147.46         C  6 -- H 13         +60.1% ( 79.4%)     98.1%
 TRANSITION DIPOLE   0.2012         C  6 -- H 14         +38.6% ( 63.7%)     95.5%
 TRAVEL (Ang.)       0.1963         C  3 -- C  6          +1.3% ( 11.7%)      1.0%
 REDUCED MASS        0.5561
 EFFECTIVE MASS      1.6035
 FORCE CONSTANT      3.2457

      SYMMETRY NUMBER FOR POINT-GROUP C1  =  1


          SYSTEM IS A GROUND STATE



 InChI=1S/C6H8/c1-6-4-2-3-5-6/h2,4H,1,3,5H2


          MOLECULE IS NOT LINEAR

          THERE ARE 36 GENUINE VIBRATIONS IN THIS SYSTEM
          THIS THERMODYNAMICS CALCULATION IS LIMITED TO
          MOLECULES WHICH HAVE NO INTERNAL ROTATIONS




                    CALCULATED THERMODYNAMIC PROPERTIES
                                          *
   TEMP. (K)   PARTITION FUNCTION   H.O.F.    ENTHALPY  HEAT CAPACITY ENTROPY
                                   KCAL/MOL   CAL/MOLE    CAL/K/MOL  CAL/K/MOL


 298.00  VIB.     0.5385D+01                  1665.5004    14.8877     8.9346
         ROT.     0.1095D+06                   888.2803     2.9808    26.0393
         INT.     0.5895D+06                  2553.7807    17.8685    34.9738
         TRA.     0.6934D+27                  1480.4672     4.9680    39.0554
         TOT.                       23.850    4034.2479    22.8365    74.0293

 200.00  VIB.     0.2371D+01                   579.6858     7.5306     4.6138
         ROT.     0.6019D+05                   596.1613     2.9808    24.8506
         INT.     0.1427D+06                  1175.8470    10.5114    29.4644
         TRA.     0.3813D+27                   993.6021     4.9680    37.0743
         TOT.                       21.986    2169.4492    15.4794    66.5387

 210.00  VIB.     0.2553D+01                   658.2839     8.1938     4.9971
         ROT.     0.6476D+05                   625.9693     2.9808    24.9960
         INT.     0.1653D+06                  1284.2532    11.1746    29.9932
         TRA.     0.4102D+27                  1043.2822     4.9680    37.3167
         TOT.                       22.144    2327.5354    16.1426    67.3099

 220.00  VIB.     0.2755D+01                   743.6515     8.8841     5.3942
         ROT.     0.6944D+05                   655.7774     2.9808    25.1347
         INT.     0.1913D+06                  1399.4289    11.8649    30.5288
         TRA.     0.4399D+27                  1092.9623     4.9680    37.5478
         TOT.                       22.308    2492.3912    16.8329    68.0766

 230.00  VIB.     0.2980D+01                   836.0474     9.5990     5.8048
         ROT.     0.7423D+05                   685.5855     2.9808    25.2672
         INT.     0.2212D+06                  1521.6329    12.5798    31.0719
         TRA.     0.4702D+27                  1142.6424     4.9680    37.7686
         TOT.                       22.480    2664.2753    17.5478    68.8406

 240.00  VIB.     0.3230D+01                   935.7039    10.3357     6.2288
         ROT.     0.7913D+05                   715.3935     2.9808    25.3941
         INT.     0.2556D+06                  1651.0974    13.3165    31.6228
         TRA.     0.5012D+27                  1192.3226     4.9680    37.9801
         TOT.                       22.660    2843.4200    18.2845    69.6029

 250.00  VIB.     0.3509D+01                  1042.8246    11.0913     6.6660
         ROT.     0.8412D+05                   745.2016     2.9808    25.5157
         INT.     0.2952D+06                  1788.0262    14.0721    32.1817
         TRA.     0.5328D+27                  1242.0027     4.9680    38.1829
         TOT.                       22.846    3030.0288    19.0401    70.3646

 260.00  VIB.     0.3821D+01                  1157.5833    11.8628     7.1159
         ROT.     0.8922D+05                   775.0097     2.9808    25.6327
         INT.     0.3409D+06                  1932.5930    14.8436    32.7486
         TRA.     0.5651D+27                  1291.6828     4.9680    38.3777
         TOT.                       23.040    3224.2758    19.8116    71.1263

 270.00  VIB.     0.4169D+01                  1280.1240    12.6472     7.5783
         ROT.     0.9442D+05                   804.8177     2.9808    25.7451
         INT.     0.3936D+06                  2084.9417    15.6280    33.3235
         TRA.     0.5980D+27                  1341.3629     4.9680    38.5652
         TOT.                       23.242    3426.3046    20.5960    71.8887

 280.00  VIB.     0.4559D+01                  1410.5607    13.4416     8.0526
         ROT.     0.9971D+05                   834.6258     2.9808    25.8536
         INT.     0.4546D+06                  2245.1864    16.4224    33.9062
         TRA.     0.6316D+27                  1391.0430     4.9680    38.7459
         TOT.                       23.452    3636.2294    21.3904    72.6521

 290.00  VIB.     0.4997D+01                  1548.9790    14.2431     8.5383
         ROT.     0.1051D+06                   864.4339     2.9808    25.9582
         INT.     0.5251D+06                  2413.4128    17.2239    34.4964
         TRA.     0.6657D+27                  1440.7231     4.9680    38.9202
         TOT.                       23.670    3854.1359    22.1919    73.4166

 300.00  VIB.     0.5488D+01                  1695.4372    15.0491     9.0347
         ROT.     0.1106D+06                   894.2419     2.9808    26.0592
         INT.     0.6068D+06                  2589.6791    18.0299    35.0939
         TRA.     0.7004D+27                  1490.4032     4.9680    39.0887
         TOT.                       23.896    4080.0823    22.9979    74.1826

 310.00  VIB.     0.6040D+01                  1849.9682    15.8572     9.5413
         ROT.     0.1162D+06                   924.0500     2.9808    26.1569
         INT.     0.7015D+06                  2774.0182    18.8380    35.6983
         TRA.     0.7357D+27                  1540.0833     4.9680    39.2516
         TOT.                       24.130    4314.1015    23.8060    74.9498

 320.00  VIB.     0.6661D+01                  2012.5812    16.6652    10.0575
         ROT.     0.1218D+06                   953.8580     2.9808    26.2516
         INT.     0.8114D+06                  2966.4393    19.6460    36.3091
         TRA.     0.7716D+27                  1589.7634     4.9680    39.4093
         TOT.                       24.372    4556.2027    24.6140    75.7184

 330.00  VIB.     0.7361D+01                  2183.2640    17.4709    10.5827
         ROT.     0.1276D+06                   983.6661     2.9808    26.3433
         INT.     0.9390D+06                  3166.9301    20.4517    36.9260
         TRA.     0.8081D+27                  1639.4435     4.9680    39.5622
         TOT.                       24.622    4806.3736    25.4197    76.4882

 340.00  VIB.     0.8150D+01                  2361.9849    18.2725    11.1162
         ROT.     0.1334D+06                  1013.4742     2.9808    26.4323
         INT.     0.1087D+07                  3375.4591    21.2533    37.5485
         TRA.     0.8451D+27                  1689.1236     4.9680    39.7105
         TOT.                       24.881    5064.5827    26.2213    77.2589

 350.00  VIB.     0.9041D+01                  2548.6951    19.0685    11.6573
         ROT.     0.1393D+06                  1043.2822     2.9808    26.5187
         INT.     0.1260D+07                  3591.9773    22.0493    38.1760
         TRA.     0.8827D+27                  1738.8037     4.9680    39.8545
         TOT.                       25.147    5330.7810    27.0173    78.0305

 360.00  VIB.     0.1005D+02                  2743.3303    19.8573    12.2056
         ROT.     0.1454D+06                  1073.0903     2.9808    26.6027
         INT.     0.1461D+07                  3816.4206    22.8381    38.8083
         TRA.     0.9207D+27                  1788.4838     4.9680    39.9944
         TOT.                       25.421    5604.9044    27.8061    78.8027

 370.00  VIB.     0.1119D+02                  2945.8132    20.6378    12.7603
         ROT.     0.1515D+06                  1102.8984     2.9808    26.6843
         INT.     0.1694D+07                  4048.7115    23.6186    39.4447
         TRA.     0.9594D+27                  1838.1639     4.9680    40.1306
         TOT.                       25.703    5886.8755    28.5866    79.5752

 380.00  VIB.     0.1248D+02                  3156.0549    21.4089    13.3210
         ROT.     0.1576D+06                  1132.7064     2.9808    26.7638
         INT.     0.1967D+07                  4288.7613    24.3897    40.0848
         TRA.     0.9985D+27                  1887.8440     4.9680    40.2630
         TOT.                       25.993    6176.6053    29.3577    80.3478

 390.00  VIB.     0.1394D+02                  3373.9570    22.1697    13.8869
         ROT.     0.1639D+06                  1162.5145     2.9808    26.8413
         INT.     0.2285D+07                  4536.4715    25.1505    40.7282
         TRA.     0.1038D+28                  1937.5242     4.9680    40.3921
         TOT.                       26.290    6473.9956    30.1186    81.1203

 400.00  VIB.     0.1560D+02                  3599.4130    22.9196    14.4577
         ROT.     0.1703D+06                  1192.3226     2.9808    26.9167
         INT.     0.2656D+07                  4791.7355    25.9004    41.3744
         TRA.     0.1078D+28                  1987.2043     4.9680    40.5179
         TOT.                       26.595    6778.9398    30.8684    81.8923

   *: NOTE: HEATS OF FORMATION ARE RELATIVE TO THE
            ELEMENTS IN THEIR STANDARD STATE AT 298K
              (=  Standard Enthalpy of Formation).

            Hvib:  Zero-point energy is not included.
                   frequencies of less than zero cm-1 are not included.
            Hrot = (3/2)RT
            Htra = (3/2)RT + pV = (5/2)RT

            Heat capacity is Cp, not Cv

          For more information, see: HTTP://OpenMOPAC.net/Manual/thermochemistry.html


           FORCE CONSTANT IN CARTESIAN COORDINATES (Millidynes/A)

    ATOM   CHEMICAL       X               Y               Z
   NUMBER   SYMBOL  FORCE CONSTANT  FORCE CONSTANT  FORCE CONSTANT

      1       C        7.932458        8.994532        8.142987
      2       C        7.825756        9.252003        8.088342
      3       C       16.258944        9.604506        2.547385
      4       C       14.584500       10.244929        2.331701
      5       C       12.118553       13.468248        2.166552
      6       C       14.581737        9.943080        1.913472
      7       H        1.278075        1.562325        3.569895
      8       H        1.277832        1.562116        3.570216
      9       H        1.289167        1.541499        3.563150
     10       H        1.289357        1.546462        3.558576
     11       H        4.972124        1.103286        0.345326
     12       H        0.706208        5.353354        0.348257
     13       H        3.747416        2.362385        0.325218
     14       H        0.852980        5.259891        0.328313

 **********************
 *                    *
 * JOB ENDED NORMALLY *
 *                    *
 **********************



 TOTAL JOB TIME:             0.74 SECONDS

 == MOPAC DONE ==
